[2021-03-09 19:51:06,256] {scheduler_job.py:182} INFO - Started process (PID=36) to work on /home/airflow/.local/lib/python3.6/site-packages/airflow/example_dags/example_branch_python_dop_operator_3.py
[2021-03-09 19:51:06,258] {scheduler_job.py:629} INFO - Processing file /home/airflow/.local/lib/python3.6/site-packages/airflow/example_dags/example_branch_python_dop_operator_3.py for tasks to queue
[2021-03-09 19:51:06,259] {logging_mixin.py:104} INFO - [2021-03-09 19:51:06,259] {dagbag.py:448} INFO - Filling up the DagBag from /home/airflow/.local/lib/python3.6/site-packages/airflow/example_dags/example_branch_python_dop_operator_3.py
[2021-03-09 19:51:06,287] {scheduler_job.py:639} INFO - DAG(s) dict_keys(['example_branch_dop_operator_v3']) retrieved from /home/airflow/.local/lib/python3.6/site-packages/airflow/example_dags/example_branch_python_dop_operator_3.py
[2021-03-09 19:51:06,327] {logging_mixin.py:104} INFO - [2021-03-09 19:51:06,327] {dag.py:1818} INFO - Sync 1 DAGs
[2021-03-09 19:51:06,346] {logging_mixin.py:104} INFO - [2021-03-09 19:51:06,345] {dag.py:1837} INFO - Creating ORM DAG for example_branch_dop_operator_v3
[2021-03-09 19:51:06,386] {logging_mixin.py:104} INFO - [2021-03-09 19:51:06,386] {dag.py:2273} INFO - Setting next_dagrun for example_branch_dop_operator_v3 to 2021-03-07 00:00:00+00:00
[2021-03-09 19:51:06,412] {scheduler_job.py:190} INFO - Processing /home/airflow/.local/lib/python3.6/site-packages/airflow/example_dags/example_branch_python_dop_operator_3.py took 0.162 seconds
[2021-03-09 19:51:36,518] {scheduler_job.py:182} INFO - Started process (PID=63) to work on /home/airflow/.local/lib/python3.6/site-packages/airflow/example_dags/example_branch_python_dop_operator_3.py
[2021-03-09 19:51:36,519] {scheduler_job.py:629} INFO - Processing file /home/airflow/.local/lib/python3.6/site-packages/airflow/example_dags/example_branch_python_dop_operator_3.py for tasks to queue
[2021-03-09 19:51:36,520] {logging_mixin.py:104} INFO - [2021-03-09 19:51:36,520] {dagbag.py:448} INFO - Filling up the DagBag from /home/airflow/.local/lib/python3.6/site-packages/airflow/example_dags/example_branch_python_dop_operator_3.py
[2021-03-09 19:51:36,538] {scheduler_job.py:639} INFO - DAG(s) dict_keys(['example_branch_dop_operator_v3']) retrieved from /home/airflow/.local/lib/python3.6/site-packages/airflow/example_dags/example_branch_python_dop_operator_3.py
[2021-03-09 19:51:36,563] {logging_mixin.py:104} INFO - [2021-03-09 19:51:36,562] {dag.py:1818} INFO - Sync 1 DAGs
[2021-03-09 19:51:36,599] {logging_mixin.py:104} INFO - [2021-03-09 19:51:36,599] {dag.py:2273} INFO - Setting next_dagrun for example_branch_dop_operator_v3 to 2021-03-07 00:00:00+00:00
[2021-03-09 19:51:36,608] {scheduler_job.py:190} INFO - Processing /home/airflow/.local/lib/python3.6/site-packages/airflow/example_dags/example_branch_python_dop_operator_3.py took 0.094 seconds
[2021-03-09 19:52:07,452] {scheduler_job.py:182} INFO - Started process (PID=92) to work on /home/airflow/.local/lib/python3.6/site-packages/airflow/example_dags/example_branch_python_dop_operator_3.py
[2021-03-09 19:52:07,454] {scheduler_job.py:629} INFO - Processing file /home/airflow/.local/lib/python3.6/site-packages/airflow/example_dags/example_branch_python_dop_operator_3.py for tasks to queue
[2021-03-09 19:52:07,455] {logging_mixin.py:104} INFO - [2021-03-09 19:52:07,455] {dagbag.py:448} INFO - Filling up the DagBag from /home/airflow/.local/lib/python3.6/site-packages/airflow/example_dags/example_branch_python_dop_operator_3.py
[2021-03-09 19:52:07,473] {scheduler_job.py:639} INFO - DAG(s) dict_keys(['example_branch_dop_operator_v3']) retrieved from /home/airflow/.local/lib/python3.6/site-packages/airflow/example_dags/example_branch_python_dop_operator_3.py
[2021-03-09 19:52:07,500] {logging_mixin.py:104} INFO - [2021-03-09 19:52:07,500] {dag.py:1818} INFO - Sync 1 DAGs
[2021-03-09 19:52:07,541] {logging_mixin.py:104} INFO - [2021-03-09 19:52:07,541] {dag.py:2273} INFO - Setting next_dagrun for example_branch_dop_operator_v3 to 2021-03-07 00:00:00+00:00
[2021-03-09 19:52:07,554] {scheduler_job.py:190} INFO - Processing /home/airflow/.local/lib/python3.6/site-packages/airflow/example_dags/example_branch_python_dop_operator_3.py took 0.107 seconds
[2021-03-09 19:52:38,243] {scheduler_job.py:182} INFO - Started process (PID=120) to work on /home/airflow/.local/lib/python3.6/site-packages/airflow/example_dags/example_branch_python_dop_operator_3.py
[2021-03-09 19:52:38,245] {scheduler_job.py:629} INFO - Processing file /home/airflow/.local/lib/python3.6/site-packages/airflow/example_dags/example_branch_python_dop_operator_3.py for tasks to queue
[2021-03-09 19:52:38,246] {logging_mixin.py:104} INFO - [2021-03-09 19:52:38,246] {dagbag.py:448} INFO - Filling up the DagBag from /home/airflow/.local/lib/python3.6/site-packages/airflow/example_dags/example_branch_python_dop_operator_3.py
[2021-03-09 19:52:38,264] {scheduler_job.py:639} INFO - DAG(s) dict_keys(['example_branch_dop_operator_v3']) retrieved from /home/airflow/.local/lib/python3.6/site-packages/airflow/example_dags/example_branch_python_dop_operator_3.py
[2021-03-09 19:52:38,292] {logging_mixin.py:104} INFO - [2021-03-09 19:52:38,292] {dag.py:1818} INFO - Sync 1 DAGs
[2021-03-09 19:52:38,330] {logging_mixin.py:104} INFO - [2021-03-09 19:52:38,330] {dag.py:2273} INFO - Setting next_dagrun for example_branch_dop_operator_v3 to 2021-03-07 00:00:00+00:00
[2021-03-09 19:52:38,340] {scheduler_job.py:190} INFO - Processing /home/airflow/.local/lib/python3.6/site-packages/airflow/example_dags/example_branch_python_dop_operator_3.py took 0.102 seconds
[2021-03-09 19:53:08,786] {scheduler_job.py:182} INFO - Started process (PID=148) to work on /home/airflow/.local/lib/python3.6/site-packages/airflow/example_dags/example_branch_python_dop_operator_3.py
[2021-03-09 19:53:08,788] {scheduler_job.py:629} INFO - Processing file /home/airflow/.local/lib/python3.6/site-packages/airflow/example_dags/example_branch_python_dop_operator_3.py for tasks to queue
[2021-03-09 19:53:08,789] {logging_mixin.py:104} INFO - [2021-03-09 19:53:08,789] {dagbag.py:448} INFO - Filling up the DagBag from /home/airflow/.local/lib/python3.6/site-packages/airflow/example_dags/example_branch_python_dop_operator_3.py
[2021-03-09 19:53:08,810] {scheduler_job.py:639} INFO - DAG(s) dict_keys(['example_branch_dop_operator_v3']) retrieved from /home/airflow/.local/lib/python3.6/site-packages/airflow/example_dags/example_branch_python_dop_operator_3.py
[2021-03-09 19:53:08,834] {logging_mixin.py:104} INFO - [2021-03-09 19:53:08,834] {dag.py:1818} INFO - Sync 1 DAGs
[2021-03-09 19:53:08,876] {logging_mixin.py:104} INFO - [2021-03-09 19:53:08,876] {dag.py:2273} INFO - Setting next_dagrun for example_branch_dop_operator_v3 to 2021-03-07 00:00:00+00:00
[2021-03-09 19:53:08,887] {scheduler_job.py:190} INFO - Processing /home/airflow/.local/lib/python3.6/site-packages/airflow/example_dags/example_branch_python_dop_operator_3.py took 0.105 seconds
[2021-03-09 19:53:39,472] {scheduler_job.py:182} INFO - Started process (PID=176) to work on /home/airflow/.local/lib/python3.6/site-packages/airflow/example_dags/example_branch_python_dop_operator_3.py
[2021-03-09 19:53:39,476] {scheduler_job.py:629} INFO - Processing file /home/airflow/.local/lib/python3.6/site-packages/airflow/example_dags/example_branch_python_dop_operator_3.py for tasks to queue
[2021-03-09 19:53:39,477] {logging_mixin.py:104} INFO - [2021-03-09 19:53:39,477] {dagbag.py:448} INFO - Filling up the DagBag from /home/airflow/.local/lib/python3.6/site-packages/airflow/example_dags/example_branch_python_dop_operator_3.py
[2021-03-09 19:53:39,497] {scheduler_job.py:639} INFO - DAG(s) dict_keys(['example_branch_dop_operator_v3']) retrieved from /home/airflow/.local/lib/python3.6/site-packages/airflow/example_dags/example_branch_python_dop_operator_3.py
[2021-03-09 19:53:39,524] {logging_mixin.py:104} INFO - [2021-03-09 19:53:39,524] {dag.py:1818} INFO - Sync 1 DAGs
[2021-03-09 19:53:39,564] {logging_mixin.py:104} INFO - [2021-03-09 19:53:39,564] {dag.py:2273} INFO - Setting next_dagrun for example_branch_dop_operator_v3 to 2021-03-07 00:00:00+00:00
[2021-03-09 19:53:39,574] {scheduler_job.py:190} INFO - Processing /home/airflow/.local/lib/python3.6/site-packages/airflow/example_dags/example_branch_python_dop_operator_3.py took 0.107 seconds
[2021-03-09 19:54:10,076] {scheduler_job.py:182} INFO - Started process (PID=204) to work on /home/airflow/.local/lib/python3.6/site-packages/airflow/example_dags/example_branch_python_dop_operator_3.py
[2021-03-09 19:54:10,077] {scheduler_job.py:629} INFO - Processing file /home/airflow/.local/lib/python3.6/site-packages/airflow/example_dags/example_branch_python_dop_operator_3.py for tasks to queue
[2021-03-09 19:54:10,078] {logging_mixin.py:104} INFO - [2021-03-09 19:54:10,078] {dagbag.py:448} INFO - Filling up the DagBag from /home/airflow/.local/lib/python3.6/site-packages/airflow/example_dags/example_branch_python_dop_operator_3.py
[2021-03-09 19:54:10,098] {scheduler_job.py:639} INFO - DAG(s) dict_keys(['example_branch_dop_operator_v3']) retrieved from /home/airflow/.local/lib/python3.6/site-packages/airflow/example_dags/example_branch_python_dop_operator_3.py
[2021-03-09 19:54:10,123] {logging_mixin.py:104} INFO - [2021-03-09 19:54:10,123] {dag.py:1818} INFO - Sync 1 DAGs
[2021-03-09 19:54:10,169] {logging_mixin.py:104} INFO - [2021-03-09 19:54:10,169] {dag.py:2273} INFO - Setting next_dagrun for example_branch_dop_operator_v3 to 2021-03-07 00:00:00+00:00
[2021-03-09 19:54:10,180] {scheduler_job.py:190} INFO - Processing /home/airflow/.local/lib/python3.6/site-packages/airflow/example_dags/example_branch_python_dop_operator_3.py took 0.108 seconds
[2021-03-09 19:54:40,746] {scheduler_job.py:182} INFO - Started process (PID=232) to work on /home/airflow/.local/lib/python3.6/site-packages/airflow/example_dags/example_branch_python_dop_operator_3.py
[2021-03-09 19:54:40,747] {scheduler_job.py:629} INFO - Processing file /home/airflow/.local/lib/python3.6/site-packages/airflow/example_dags/example_branch_python_dop_operator_3.py for tasks to queue
[2021-03-09 19:54:40,748] {logging_mixin.py:104} INFO - [2021-03-09 19:54:40,748] {dagbag.py:448} INFO - Filling up the DagBag from /home/airflow/.local/lib/python3.6/site-packages/airflow/example_dags/example_branch_python_dop_operator_3.py
[2021-03-09 19:54:40,765] {scheduler_job.py:639} INFO - DAG(s) dict_keys(['example_branch_dop_operator_v3']) retrieved from /home/airflow/.local/lib/python3.6/site-packages/airflow/example_dags/example_branch_python_dop_operator_3.py
[2021-03-09 19:54:40,788] {logging_mixin.py:104} INFO - [2021-03-09 19:54:40,788] {dag.py:1818} INFO - Sync 1 DAGs
[2021-03-09 19:54:40,830] {logging_mixin.py:104} INFO - [2021-03-09 19:54:40,830] {dag.py:2273} INFO - Setting next_dagrun for example_branch_dop_operator_v3 to 2021-03-07 00:00:00+00:00
[2021-03-09 19:54:40,840] {scheduler_job.py:190} INFO - Processing /home/airflow/.local/lib/python3.6/site-packages/airflow/example_dags/example_branch_python_dop_operator_3.py took 0.099 seconds
[2021-03-09 19:55:11,478] {scheduler_job.py:182} INFO - Started process (PID=260) to work on /home/airflow/.local/lib/python3.6/site-packages/airflow/example_dags/example_branch_python_dop_operator_3.py
[2021-03-09 19:55:11,479] {scheduler_job.py:629} INFO - Processing file /home/airflow/.local/lib/python3.6/site-packages/airflow/example_dags/example_branch_python_dop_operator_3.py for tasks to queue
[2021-03-09 19:55:11,480] {logging_mixin.py:104} INFO - [2021-03-09 19:55:11,480] {dagbag.py:448} INFO - Filling up the DagBag from /home/airflow/.local/lib/python3.6/site-packages/airflow/example_dags/example_branch_python_dop_operator_3.py
[2021-03-09 19:55:11,498] {scheduler_job.py:639} INFO - DAG(s) dict_keys(['example_branch_dop_operator_v3']) retrieved from /home/airflow/.local/lib/python3.6/site-packages/airflow/example_dags/example_branch_python_dop_operator_3.py
[2021-03-09 19:55:11,530] {logging_mixin.py:104} INFO - [2021-03-09 19:55:11,530] {dag.py:1818} INFO - Sync 1 DAGs
[2021-03-09 19:55:11,589] {logging_mixin.py:104} INFO - [2021-03-09 19:55:11,589] {dag.py:2273} INFO - Setting next_dagrun for example_branch_dop_operator_v3 to 2021-03-07 00:00:00+00:00
[2021-03-09 19:55:11,604] {scheduler_job.py:190} INFO - Processing /home/airflow/.local/lib/python3.6/site-packages/airflow/example_dags/example_branch_python_dop_operator_3.py took 0.131 seconds
[2021-03-09 19:57:55,620] {scheduler_job.py:182} INFO - Started process (PID=28) to work on /home/airflow/.local/lib/python3.6/site-packages/airflow/example_dags/example_branch_python_dop_operator_3.py
[2021-03-09 19:57:55,621] {scheduler_job.py:629} INFO - Processing file /home/airflow/.local/lib/python3.6/site-packages/airflow/example_dags/example_branch_python_dop_operator_3.py for tasks to queue
[2021-03-09 19:57:55,622] {logging_mixin.py:104} INFO - [2021-03-09 19:57:55,622] {dagbag.py:448} INFO - Filling up the DagBag from /home/airflow/.local/lib/python3.6/site-packages/airflow/example_dags/example_branch_python_dop_operator_3.py
[2021-03-09 19:57:55,645] {scheduler_job.py:639} INFO - DAG(s) dict_keys(['example_branch_dop_operator_v3']) retrieved from /home/airflow/.local/lib/python3.6/site-packages/airflow/example_dags/example_branch_python_dop_operator_3.py
[2021-03-09 19:57:55,681] {logging_mixin.py:104} INFO - [2021-03-09 19:57:55,681] {dag.py:1818} INFO - Sync 1 DAGs
[2021-03-09 19:57:55,698] {logging_mixin.py:104} INFO - [2021-03-09 19:57:55,697] {dag.py:1837} INFO - Creating ORM DAG for example_branch_dop_operator_v3
[2021-03-09 19:57:55,726] {logging_mixin.py:104} INFO - [2021-03-09 19:57:55,726] {dag.py:2273} INFO - Setting next_dagrun for example_branch_dop_operator_v3 to 2021-03-07 00:00:00+00:00
[2021-03-09 19:57:55,746] {scheduler_job.py:190} INFO - Processing /home/airflow/.local/lib/python3.6/site-packages/airflow/example_dags/example_branch_python_dop_operator_3.py took 0.131 seconds
[2021-03-09 19:58:26,340] {scheduler_job.py:182} INFO - Started process (PID=56) to work on /home/airflow/.local/lib/python3.6/site-packages/airflow/example_dags/example_branch_python_dop_operator_3.py
[2021-03-09 19:58:26,341] {scheduler_job.py:629} INFO - Processing file /home/airflow/.local/lib/python3.6/site-packages/airflow/example_dags/example_branch_python_dop_operator_3.py for tasks to queue
[2021-03-09 19:58:26,343] {logging_mixin.py:104} INFO - [2021-03-09 19:58:26,343] {dagbag.py:448} INFO - Filling up the DagBag from /home/airflow/.local/lib/python3.6/site-packages/airflow/example_dags/example_branch_python_dop_operator_3.py
[2021-03-09 19:58:26,362] {scheduler_job.py:639} INFO - DAG(s) dict_keys(['example_branch_dop_operator_v3']) retrieved from /home/airflow/.local/lib/python3.6/site-packages/airflow/example_dags/example_branch_python_dop_operator_3.py
[2021-03-09 19:58:26,394] {logging_mixin.py:104} INFO - [2021-03-09 19:58:26,394] {dag.py:1818} INFO - Sync 1 DAGs
[2021-03-09 19:58:26,434] {logging_mixin.py:104} INFO - [2021-03-09 19:58:26,434] {dag.py:2273} INFO - Setting next_dagrun for example_branch_dop_operator_v3 to 2021-03-07 00:00:00+00:00
[2021-03-09 19:58:26,447] {scheduler_job.py:190} INFO - Processing /home/airflow/.local/lib/python3.6/site-packages/airflow/example_dags/example_branch_python_dop_operator_3.py took 0.111 seconds
[2021-03-09 19:58:56,645] {scheduler_job.py:182} INFO - Started process (PID=84) to work on /home/airflow/.local/lib/python3.6/site-packages/airflow/example_dags/example_branch_python_dop_operator_3.py
[2021-03-09 19:58:56,647] {scheduler_job.py:629} INFO - Processing file /home/airflow/.local/lib/python3.6/site-packages/airflow/example_dags/example_branch_python_dop_operator_3.py for tasks to queue
[2021-03-09 19:58:56,648] {logging_mixin.py:104} INFO - [2021-03-09 19:58:56,648] {dagbag.py:448} INFO - Filling up the DagBag from /home/airflow/.local/lib/python3.6/site-packages/airflow/example_dags/example_branch_python_dop_operator_3.py
[2021-03-09 19:58:56,665] {scheduler_job.py:639} INFO - DAG(s) dict_keys(['example_branch_dop_operator_v3']) retrieved from /home/airflow/.local/lib/python3.6/site-packages/airflow/example_dags/example_branch_python_dop_operator_3.py
[2021-03-09 19:58:56,694] {logging_mixin.py:104} INFO - [2021-03-09 19:58:56,693] {dag.py:1818} INFO - Sync 1 DAGs
[2021-03-09 19:58:56,735] {logging_mixin.py:104} INFO - [2021-03-09 19:58:56,734] {dag.py:2273} INFO - Setting next_dagrun for example_branch_dop_operator_v3 to 2021-03-07 00:00:00+00:00
[2021-03-09 19:58:56,747] {scheduler_job.py:190} INFO - Processing /home/airflow/.local/lib/python3.6/site-packages/airflow/example_dags/example_branch_python_dop_operator_3.py took 0.107 seconds
[2021-03-09 19:59:27,091] {scheduler_job.py:182} INFO - Started process (PID=112) to work on /home/airflow/.local/lib/python3.6/site-packages/airflow/example_dags/example_branch_python_dop_operator_3.py
[2021-03-09 19:59:27,093] {scheduler_job.py:629} INFO - Processing file /home/airflow/.local/lib/python3.6/site-packages/airflow/example_dags/example_branch_python_dop_operator_3.py for tasks to queue
[2021-03-09 19:59:27,094] {logging_mixin.py:104} INFO - [2021-03-09 19:59:27,094] {dagbag.py:448} INFO - Filling up the DagBag from /home/airflow/.local/lib/python3.6/site-packages/airflow/example_dags/example_branch_python_dop_operator_3.py
[2021-03-09 19:59:27,116] {scheduler_job.py:639} INFO - DAG(s) dict_keys(['example_branch_dop_operator_v3']) retrieved from /home/airflow/.local/lib/python3.6/site-packages/airflow/example_dags/example_branch_python_dop_operator_3.py
[2021-03-09 19:59:27,149] {logging_mixin.py:104} INFO - [2021-03-09 19:59:27,148] {dag.py:1818} INFO - Sync 1 DAGs
[2021-03-09 19:59:27,195] {logging_mixin.py:104} INFO - [2021-03-09 19:59:27,195] {dag.py:2273} INFO - Setting next_dagrun for example_branch_dop_operator_v3 to 2021-03-07 00:00:00+00:00
[2021-03-09 19:59:27,207] {scheduler_job.py:190} INFO - Processing /home/airflow/.local/lib/python3.6/site-packages/airflow/example_dags/example_branch_python_dop_operator_3.py took 0.123 seconds
[2021-03-09 19:59:57,371] {scheduler_job.py:182} INFO - Started process (PID=140) to work on /home/airflow/.local/lib/python3.6/site-packages/airflow/example_dags/example_branch_python_dop_operator_3.py
[2021-03-09 19:59:57,373] {scheduler_job.py:629} INFO - Processing file /home/airflow/.local/lib/python3.6/site-packages/airflow/example_dags/example_branch_python_dop_operator_3.py for tasks to queue
[2021-03-09 19:59:57,374] {logging_mixin.py:104} INFO - [2021-03-09 19:59:57,374] {dagbag.py:448} INFO - Filling up the DagBag from /home/airflow/.local/lib/python3.6/site-packages/airflow/example_dags/example_branch_python_dop_operator_3.py
[2021-03-09 19:59:57,391] {scheduler_job.py:639} INFO - DAG(s) dict_keys(['example_branch_dop_operator_v3']) retrieved from /home/airflow/.local/lib/python3.6/site-packages/airflow/example_dags/example_branch_python_dop_operator_3.py
[2021-03-09 19:59:57,421] {logging_mixin.py:104} INFO - [2021-03-09 19:59:57,421] {dag.py:1818} INFO - Sync 1 DAGs
[2021-03-09 19:59:57,460] {logging_mixin.py:104} INFO - [2021-03-09 19:59:57,460] {dag.py:2273} INFO - Setting next_dagrun for example_branch_dop_operator_v3 to 2021-03-07 00:00:00+00:00
[2021-03-09 19:59:57,470] {scheduler_job.py:190} INFO - Processing /home/airflow/.local/lib/python3.6/site-packages/airflow/example_dags/example_branch_python_dop_operator_3.py took 0.103 seconds
[2021-03-09 20:00:27,951] {scheduler_job.py:182} INFO - Started process (PID=169) to work on /home/airflow/.local/lib/python3.6/site-packages/airflow/example_dags/example_branch_python_dop_operator_3.py
[2021-03-09 20:00:27,952] {scheduler_job.py:629} INFO - Processing file /home/airflow/.local/lib/python3.6/site-packages/airflow/example_dags/example_branch_python_dop_operator_3.py for tasks to queue
[2021-03-09 20:00:27,953] {logging_mixin.py:104} INFO - [2021-03-09 20:00:27,953] {dagbag.py:448} INFO - Filling up the DagBag from /home/airflow/.local/lib/python3.6/site-packages/airflow/example_dags/example_branch_python_dop_operator_3.py
[2021-03-09 20:00:27,968] {scheduler_job.py:639} INFO - DAG(s) dict_keys(['example_branch_dop_operator_v3']) retrieved from /home/airflow/.local/lib/python3.6/site-packages/airflow/example_dags/example_branch_python_dop_operator_3.py
[2021-03-09 20:00:27,990] {logging_mixin.py:104} INFO - [2021-03-09 20:00:27,989] {dag.py:1818} INFO - Sync 1 DAGs
[2021-03-09 20:00:28,026] {logging_mixin.py:104} INFO - [2021-03-09 20:00:28,025] {dag.py:2273} INFO - Setting next_dagrun for example_branch_dop_operator_v3 to 2021-03-07 00:00:00+00:00
[2021-03-09 20:00:28,035] {scheduler_job.py:190} INFO - Processing /home/airflow/.local/lib/python3.6/site-packages/airflow/example_dags/example_branch_python_dop_operator_3.py took 0.088 seconds
[2021-03-09 20:00:58,392] {scheduler_job.py:182} INFO - Started process (PID=197) to work on /home/airflow/.local/lib/python3.6/site-packages/airflow/example_dags/example_branch_python_dop_operator_3.py
[2021-03-09 20:00:58,394] {scheduler_job.py:629} INFO - Processing file /home/airflow/.local/lib/python3.6/site-packages/airflow/example_dags/example_branch_python_dop_operator_3.py for tasks to queue
[2021-03-09 20:00:58,396] {logging_mixin.py:104} INFO - [2021-03-09 20:00:58,395] {dagbag.py:448} INFO - Filling up the DagBag from /home/airflow/.local/lib/python3.6/site-packages/airflow/example_dags/example_branch_python_dop_operator_3.py
[2021-03-09 20:00:58,421] {scheduler_job.py:639} INFO - DAG(s) dict_keys(['example_branch_dop_operator_v3']) retrieved from /home/airflow/.local/lib/python3.6/site-packages/airflow/example_dags/example_branch_python_dop_operator_3.py
[2021-03-09 20:00:58,454] {logging_mixin.py:104} INFO - [2021-03-09 20:00:58,454] {dag.py:1818} INFO - Sync 1 DAGs
[2021-03-09 20:00:58,509] {logging_mixin.py:104} INFO - [2021-03-09 20:00:58,509] {dag.py:2273} INFO - Setting next_dagrun for example_branch_dop_operator_v3 to 2021-03-07 00:00:00+00:00
[2021-03-09 20:00:58,528] {scheduler_job.py:190} INFO - Processing /home/airflow/.local/lib/python3.6/site-packages/airflow/example_dags/example_branch_python_dop_operator_3.py took 0.140 seconds
[2021-03-09 20:01:28,907] {scheduler_job.py:182} INFO - Started process (PID=225) to work on /home/airflow/.local/lib/python3.6/site-packages/airflow/example_dags/example_branch_python_dop_operator_3.py
[2021-03-09 20:01:28,908] {scheduler_job.py:629} INFO - Processing file /home/airflow/.local/lib/python3.6/site-packages/airflow/example_dags/example_branch_python_dop_operator_3.py for tasks to queue
[2021-03-09 20:01:28,910] {logging_mixin.py:104} INFO - [2021-03-09 20:01:28,910] {dagbag.py:448} INFO - Filling up the DagBag from /home/airflow/.local/lib/python3.6/site-packages/airflow/example_dags/example_branch_python_dop_operator_3.py
[2021-03-09 20:01:28,933] {scheduler_job.py:639} INFO - DAG(s) dict_keys(['example_branch_dop_operator_v3']) retrieved from /home/airflow/.local/lib/python3.6/site-packages/airflow/example_dags/example_branch_python_dop_operator_3.py
[2021-03-09 20:01:28,958] {logging_mixin.py:104} INFO - [2021-03-09 20:01:28,958] {dag.py:1818} INFO - Sync 1 DAGs
[2021-03-09 20:01:28,995] {logging_mixin.py:104} INFO - [2021-03-09 20:01:28,995] {dag.py:2273} INFO - Setting next_dagrun for example_branch_dop_operator_v3 to 2021-03-07 00:00:00+00:00
[2021-03-09 20:01:29,005] {scheduler_job.py:190} INFO - Processing /home/airflow/.local/lib/python3.6/site-packages/airflow/example_dags/example_branch_python_dop_operator_3.py took 0.103 seconds
[2021-03-09 20:01:59,470] {scheduler_job.py:182} INFO - Started process (PID=253) to work on /home/airflow/.local/lib/python3.6/site-packages/airflow/example_dags/example_branch_python_dop_operator_3.py
[2021-03-09 20:01:59,471] {scheduler_job.py:629} INFO - Processing file /home/airflow/.local/lib/python3.6/site-packages/airflow/example_dags/example_branch_python_dop_operator_3.py for tasks to queue
[2021-03-09 20:01:59,472] {logging_mixin.py:104} INFO - [2021-03-09 20:01:59,472] {dagbag.py:448} INFO - Filling up the DagBag from /home/airflow/.local/lib/python3.6/site-packages/airflow/example_dags/example_branch_python_dop_operator_3.py
[2021-03-09 20:01:59,493] {scheduler_job.py:639} INFO - DAG(s) dict_keys(['example_branch_dop_operator_v3']) retrieved from /home/airflow/.local/lib/python3.6/site-packages/airflow/example_dags/example_branch_python_dop_operator_3.py
[2021-03-09 20:01:59,524] {logging_mixin.py:104} INFO - [2021-03-09 20:01:59,524] {dag.py:1818} INFO - Sync 1 DAGs
[2021-03-09 20:01:59,565] {logging_mixin.py:104} INFO - [2021-03-09 20:01:59,565] {dag.py:2273} INFO - Setting next_dagrun for example_branch_dop_operator_v3 to 2021-03-07 00:00:00+00:00
[2021-03-09 20:01:59,576] {scheduler_job.py:190} INFO - Processing /home/airflow/.local/lib/python3.6/site-packages/airflow/example_dags/example_branch_python_dop_operator_3.py took 0.110 seconds
[2021-03-09 20:02:30,351] {scheduler_job.py:182} INFO - Started process (PID=281) to work on /home/airflow/.local/lib/python3.6/site-packages/airflow/example_dags/example_branch_python_dop_operator_3.py
[2021-03-09 20:02:30,352] {scheduler_job.py:629} INFO - Processing file /home/airflow/.local/lib/python3.6/site-packages/airflow/example_dags/example_branch_python_dop_operator_3.py for tasks to queue
[2021-03-09 20:02:30,354] {logging_mixin.py:104} INFO - [2021-03-09 20:02:30,353] {dagbag.py:448} INFO - Filling up the DagBag from /home/airflow/.local/lib/python3.6/site-packages/airflow/example_dags/example_branch_python_dop_operator_3.py
[2021-03-09 20:02:30,375] {scheduler_job.py:639} INFO - DAG(s) dict_keys(['example_branch_dop_operator_v3']) retrieved from /home/airflow/.local/lib/python3.6/site-packages/airflow/example_dags/example_branch_python_dop_operator_3.py
[2021-03-09 20:02:30,405] {logging_mixin.py:104} INFO - [2021-03-09 20:02:30,405] {dag.py:1818} INFO - Sync 1 DAGs
[2021-03-09 20:02:30,441] {logging_mixin.py:104} INFO - [2021-03-09 20:02:30,441] {dag.py:2273} INFO - Setting next_dagrun for example_branch_dop_operator_v3 to 2021-03-07 00:00:00+00:00
[2021-03-09 20:02:30,453] {scheduler_job.py:190} INFO - Processing /home/airflow/.local/lib/python3.6/site-packages/airflow/example_dags/example_branch_python_dop_operator_3.py took 0.107 seconds
[2021-03-09 20:03:01,143] {scheduler_job.py:182} INFO - Started process (PID=309) to work on /home/airflow/.local/lib/python3.6/site-packages/airflow/example_dags/example_branch_python_dop_operator_3.py
[2021-03-09 20:03:01,145] {scheduler_job.py:629} INFO - Processing file /home/airflow/.local/lib/python3.6/site-packages/airflow/example_dags/example_branch_python_dop_operator_3.py for tasks to queue
[2021-03-09 20:03:01,146] {logging_mixin.py:104} INFO - [2021-03-09 20:03:01,146] {dagbag.py:448} INFO - Filling up the DagBag from /home/airflow/.local/lib/python3.6/site-packages/airflow/example_dags/example_branch_python_dop_operator_3.py
[2021-03-09 20:03:01,167] {scheduler_job.py:639} INFO - DAG(s) dict_keys(['example_branch_dop_operator_v3']) retrieved from /home/airflow/.local/lib/python3.6/site-packages/airflow/example_dags/example_branch_python_dop_operator_3.py
[2021-03-09 20:03:01,194] {logging_mixin.py:104} INFO - [2021-03-09 20:03:01,194] {dag.py:1818} INFO - Sync 1 DAGs
[2021-03-09 20:03:01,235] {logging_mixin.py:104} INFO - [2021-03-09 20:03:01,235] {dag.py:2273} INFO - Setting next_dagrun for example_branch_dop_operator_v3 to 2021-03-07 00:00:00+00:00
[2021-03-09 20:03:01,245] {scheduler_job.py:190} INFO - Processing /home/airflow/.local/lib/python3.6/site-packages/airflow/example_dags/example_branch_python_dop_operator_3.py took 0.106 seconds
[2021-03-09 20:03:31,645] {scheduler_job.py:182} INFO - Started process (PID=337) to work on /home/airflow/.local/lib/python3.6/site-packages/airflow/example_dags/example_branch_python_dop_operator_3.py
[2021-03-09 20:03:31,647] {scheduler_job.py:629} INFO - Processing file /home/airflow/.local/lib/python3.6/site-packages/airflow/example_dags/example_branch_python_dop_operator_3.py for tasks to queue
[2021-03-09 20:03:31,648] {logging_mixin.py:104} INFO - [2021-03-09 20:03:31,648] {dagbag.py:448} INFO - Filling up the DagBag from /home/airflow/.local/lib/python3.6/site-packages/airflow/example_dags/example_branch_python_dop_operator_3.py
[2021-03-09 20:03:31,666] {scheduler_job.py:639} INFO - DAG(s) dict_keys(['example_branch_dop_operator_v3']) retrieved from /home/airflow/.local/lib/python3.6/site-packages/airflow/example_dags/example_branch_python_dop_operator_3.py
[2021-03-09 20:03:31,695] {logging_mixin.py:104} INFO - [2021-03-09 20:03:31,695] {dag.py:1818} INFO - Sync 1 DAGs
[2021-03-09 20:03:31,732] {logging_mixin.py:104} INFO - [2021-03-09 20:03:31,732] {dag.py:2273} INFO - Setting next_dagrun for example_branch_dop_operator_v3 to 2021-03-07 00:00:00+00:00
[2021-03-09 20:03:31,742] {scheduler_job.py:190} INFO - Processing /home/airflow/.local/lib/python3.6/site-packages/airflow/example_dags/example_branch_python_dop_operator_3.py took 0.101 seconds
[2021-03-09 20:04:02,263] {scheduler_job.py:182} INFO - Started process (PID=365) to work on /home/airflow/.local/lib/python3.6/site-packages/airflow/example_dags/example_branch_python_dop_operator_3.py
[2021-03-09 20:04:02,265] {scheduler_job.py:629} INFO - Processing file /home/airflow/.local/lib/python3.6/site-packages/airflow/example_dags/example_branch_python_dop_operator_3.py for tasks to queue
[2021-03-09 20:04:02,266] {logging_mixin.py:104} INFO - [2021-03-09 20:04:02,266] {dagbag.py:448} INFO - Filling up the DagBag from /home/airflow/.local/lib/python3.6/site-packages/airflow/example_dags/example_branch_python_dop_operator_3.py
[2021-03-09 20:04:02,287] {scheduler_job.py:639} INFO - DAG(s) dict_keys(['example_branch_dop_operator_v3']) retrieved from /home/airflow/.local/lib/python3.6/site-packages/airflow/example_dags/example_branch_python_dop_operator_3.py
[2021-03-09 20:04:02,310] {logging_mixin.py:104} INFO - [2021-03-09 20:04:02,309] {dag.py:1818} INFO - Sync 1 DAGs
[2021-03-09 20:04:02,343] {logging_mixin.py:104} INFO - [2021-03-09 20:04:02,343] {dag.py:2273} INFO - Setting next_dagrun for example_branch_dop_operator_v3 to 2021-03-07 00:00:00+00:00
[2021-03-09 20:04:02,353] {scheduler_job.py:190} INFO - Processing /home/airflow/.local/lib/python3.6/site-packages/airflow/example_dags/example_branch_python_dop_operator_3.py took 0.095 seconds
[2021-03-09 20:04:32,789] {scheduler_job.py:182} INFO - Started process (PID=393) to work on /home/airflow/.local/lib/python3.6/site-packages/airflow/example_dags/example_branch_python_dop_operator_3.py
[2021-03-09 20:04:32,790] {scheduler_job.py:629} INFO - Processing file /home/airflow/.local/lib/python3.6/site-packages/airflow/example_dags/example_branch_python_dop_operator_3.py for tasks to queue
[2021-03-09 20:04:32,791] {logging_mixin.py:104} INFO - [2021-03-09 20:04:32,791] {dagbag.py:448} INFO - Filling up the DagBag from /home/airflow/.local/lib/python3.6/site-packages/airflow/example_dags/example_branch_python_dop_operator_3.py
[2021-03-09 20:04:32,812] {scheduler_job.py:639} INFO - DAG(s) dict_keys(['example_branch_dop_operator_v3']) retrieved from /home/airflow/.local/lib/python3.6/site-packages/airflow/example_dags/example_branch_python_dop_operator_3.py
[2021-03-09 20:04:32,837] {logging_mixin.py:104} INFO - [2021-03-09 20:04:32,837] {dag.py:1818} INFO - Sync 1 DAGs
[2021-03-09 20:04:32,877] {logging_mixin.py:104} INFO - [2021-03-09 20:04:32,877] {dag.py:2273} INFO - Setting next_dagrun for example_branch_dop_operator_v3 to 2021-03-07 00:00:00+00:00
[2021-03-09 20:04:32,888] {scheduler_job.py:190} INFO - Processing /home/airflow/.local/lib/python3.6/site-packages/airflow/example_dags/example_branch_python_dop_operator_3.py took 0.104 seconds
[2021-03-09 20:05:03,300] {scheduler_job.py:182} INFO - Started process (PID=421) to work on /home/airflow/.local/lib/python3.6/site-packages/airflow/example_dags/example_branch_python_dop_operator_3.py
[2021-03-09 20:05:03,302] {scheduler_job.py:629} INFO - Processing file /home/airflow/.local/lib/python3.6/site-packages/airflow/example_dags/example_branch_python_dop_operator_3.py for tasks to queue
[2021-03-09 20:05:03,303] {logging_mixin.py:104} INFO - [2021-03-09 20:05:03,303] {dagbag.py:448} INFO - Filling up the DagBag from /home/airflow/.local/lib/python3.6/site-packages/airflow/example_dags/example_branch_python_dop_operator_3.py
[2021-03-09 20:05:03,326] {scheduler_job.py:639} INFO - DAG(s) dict_keys(['example_branch_dop_operator_v3']) retrieved from /home/airflow/.local/lib/python3.6/site-packages/airflow/example_dags/example_branch_python_dop_operator_3.py
[2021-03-09 20:05:03,356] {logging_mixin.py:104} INFO - [2021-03-09 20:05:03,356] {dag.py:1818} INFO - Sync 1 DAGs
[2021-03-09 20:05:03,409] {logging_mixin.py:104} INFO - [2021-03-09 20:05:03,409] {dag.py:2273} INFO - Setting next_dagrun for example_branch_dop_operator_v3 to 2021-03-07 00:00:00+00:00
[2021-03-09 20:05:03,425] {scheduler_job.py:190} INFO - Processing /home/airflow/.local/lib/python3.6/site-packages/airflow/example_dags/example_branch_python_dop_operator_3.py took 0.129 seconds
[2021-03-09 20:05:33,476] {scheduler_job.py:182} INFO - Started process (PID=449) to work on /home/airflow/.local/lib/python3.6/site-packages/airflow/example_dags/example_branch_python_dop_operator_3.py
[2021-03-09 20:05:33,478] {scheduler_job.py:629} INFO - Processing file /home/airflow/.local/lib/python3.6/site-packages/airflow/example_dags/example_branch_python_dop_operator_3.py for tasks to queue
[2021-03-09 20:05:33,479] {logging_mixin.py:104} INFO - [2021-03-09 20:05:33,479] {dagbag.py:448} INFO - Filling up the DagBag from /home/airflow/.local/lib/python3.6/site-packages/airflow/example_dags/example_branch_python_dop_operator_3.py
[2021-03-09 20:05:33,497] {scheduler_job.py:639} INFO - DAG(s) dict_keys(['example_branch_dop_operator_v3']) retrieved from /home/airflow/.local/lib/python3.6/site-packages/airflow/example_dags/example_branch_python_dop_operator_3.py
[2021-03-09 20:05:33,520] {logging_mixin.py:104} INFO - [2021-03-09 20:05:33,520] {dag.py:1818} INFO - Sync 1 DAGs
[2021-03-09 20:05:33,555] {logging_mixin.py:104} INFO - [2021-03-09 20:05:33,555] {dag.py:2273} INFO - Setting next_dagrun for example_branch_dop_operator_v3 to 2021-03-07 00:00:00+00:00
[2021-03-09 20:05:33,566] {scheduler_job.py:190} INFO - Processing /home/airflow/.local/lib/python3.6/site-packages/airflow/example_dags/example_branch_python_dop_operator_3.py took 0.095 seconds
