[2021-03-09 19:51:08,205] {scheduler_job.py:182} INFO - Started process (PID=52) to work on /home/airflow/.local/lib/python3.6/site-packages/airflow/example_dags/example_xcomargs.py
[2021-03-09 19:51:08,214] {scheduler_job.py:629} INFO - Processing file /home/airflow/.local/lib/python3.6/site-packages/airflow/example_dags/example_xcomargs.py for tasks to queue
[2021-03-09 19:51:08,215] {logging_mixin.py:104} INFO - [2021-03-09 19:51:08,215] {dagbag.py:448} INFO - Filling up the DagBag from /home/airflow/.local/lib/python3.6/site-packages/airflow/example_dags/example_xcomargs.py
[2021-03-09 19:51:08,383] {scheduler_job.py:639} INFO - DAG(s) dict_keys(['example_xcom_args', 'example_xcom_args_with_operators']) retrieved from /home/airflow/.local/lib/python3.6/site-packages/airflow/example_dags/example_xcomargs.py
[2021-03-09 19:51:08,571] {logging_mixin.py:104} INFO - [2021-03-09 19:51:08,571] {dag.py:1818} INFO - Sync 2 DAGs
[2021-03-09 19:51:08,599] {logging_mixin.py:104} INFO - [2021-03-09 19:51:08,598] {dag.py:1837} INFO - Creating ORM DAG for example_xcom_args_with_operators
[2021-03-09 19:51:08,601] {logging_mixin.py:104} INFO - [2021-03-09 19:51:08,600] {dag.py:1837} INFO - Creating ORM DAG for example_xcom_args
[2021-03-09 19:51:08,632] {logging_mixin.py:104} INFO - [2021-03-09 19:51:08,632] {dag.py:2273} INFO - Setting next_dagrun for example_xcom_args to None
[2021-03-09 19:51:08,636] {logging_mixin.py:104} INFO - [2021-03-09 19:51:08,636] {dag.py:2273} INFO - Setting next_dagrun for example_xcom_args_with_operators to None
[2021-03-09 19:51:08,709] {scheduler_job.py:190} INFO - Processing /home/airflow/.local/lib/python3.6/site-packages/airflow/example_dags/example_xcomargs.py took 0.525 seconds
[2021-03-09 19:51:38,845] {scheduler_job.py:182} INFO - Started process (PID=81) to work on /home/airflow/.local/lib/python3.6/site-packages/airflow/example_dags/example_xcomargs.py
[2021-03-09 19:51:38,848] {scheduler_job.py:629} INFO - Processing file /home/airflow/.local/lib/python3.6/site-packages/airflow/example_dags/example_xcomargs.py for tasks to queue
[2021-03-09 19:51:38,849] {logging_mixin.py:104} INFO - [2021-03-09 19:51:38,848] {dagbag.py:448} INFO - Filling up the DagBag from /home/airflow/.local/lib/python3.6/site-packages/airflow/example_dags/example_xcomargs.py
[2021-03-09 19:51:38,870] {scheduler_job.py:639} INFO - DAG(s) dict_keys(['example_xcom_args', 'example_xcom_args_with_operators']) retrieved from /home/airflow/.local/lib/python3.6/site-packages/airflow/example_dags/example_xcomargs.py
[2021-03-09 19:51:38,905] {logging_mixin.py:104} INFO - [2021-03-09 19:51:38,905] {dag.py:1818} INFO - Sync 2 DAGs
[2021-03-09 19:51:38,921] {logging_mixin.py:104} INFO - [2021-03-09 19:51:38,921] {dag.py:2273} INFO - Setting next_dagrun for example_xcom_args to None
[2021-03-09 19:51:38,922] {logging_mixin.py:104} INFO - [2021-03-09 19:51:38,922] {dag.py:2273} INFO - Setting next_dagrun for example_xcom_args_with_operators to None
[2021-03-09 19:51:38,935] {scheduler_job.py:190} INFO - Processing /home/airflow/.local/lib/python3.6/site-packages/airflow/example_dags/example_xcomargs.py took 0.095 seconds
[2021-03-09 19:52:09,583] {scheduler_job.py:182} INFO - Started process (PID=108) to work on /home/airflow/.local/lib/python3.6/site-packages/airflow/example_dags/example_xcomargs.py
[2021-03-09 19:52:09,584] {scheduler_job.py:629} INFO - Processing file /home/airflow/.local/lib/python3.6/site-packages/airflow/example_dags/example_xcomargs.py for tasks to queue
[2021-03-09 19:52:09,586] {logging_mixin.py:104} INFO - [2021-03-09 19:52:09,585] {dagbag.py:448} INFO - Filling up the DagBag from /home/airflow/.local/lib/python3.6/site-packages/airflow/example_dags/example_xcomargs.py
[2021-03-09 19:52:09,609] {scheduler_job.py:639} INFO - DAG(s) dict_keys(['example_xcom_args', 'example_xcom_args_with_operators']) retrieved from /home/airflow/.local/lib/python3.6/site-packages/airflow/example_dags/example_xcomargs.py
[2021-03-09 19:52:09,654] {logging_mixin.py:104} INFO - [2021-03-09 19:52:09,653] {dag.py:1818} INFO - Sync 2 DAGs
[2021-03-09 19:52:09,692] {logging_mixin.py:104} INFO - [2021-03-09 19:52:09,692] {dag.py:2273} INFO - Setting next_dagrun for example_xcom_args to None
[2021-03-09 19:52:09,695] {logging_mixin.py:104} INFO - [2021-03-09 19:52:09,695] {dag.py:2273} INFO - Setting next_dagrun for example_xcom_args_with_operators to None
[2021-03-09 19:52:09,718] {scheduler_job.py:190} INFO - Processing /home/airflow/.local/lib/python3.6/site-packages/airflow/example_dags/example_xcomargs.py took 0.141 seconds
[2021-03-09 19:52:40,131] {scheduler_job.py:182} INFO - Started process (PID=136) to work on /home/airflow/.local/lib/python3.6/site-packages/airflow/example_dags/example_xcomargs.py
[2021-03-09 19:52:40,133] {scheduler_job.py:629} INFO - Processing file /home/airflow/.local/lib/python3.6/site-packages/airflow/example_dags/example_xcomargs.py for tasks to queue
[2021-03-09 19:52:40,134] {logging_mixin.py:104} INFO - [2021-03-09 19:52:40,134] {dagbag.py:448} INFO - Filling up the DagBag from /home/airflow/.local/lib/python3.6/site-packages/airflow/example_dags/example_xcomargs.py
[2021-03-09 19:52:40,156] {scheduler_job.py:639} INFO - DAG(s) dict_keys(['example_xcom_args', 'example_xcom_args_with_operators']) retrieved from /home/airflow/.local/lib/python3.6/site-packages/airflow/example_dags/example_xcomargs.py
[2021-03-09 19:52:40,196] {logging_mixin.py:104} INFO - [2021-03-09 19:52:40,196] {dag.py:1818} INFO - Sync 2 DAGs
[2021-03-09 19:52:40,219] {logging_mixin.py:104} INFO - [2021-03-09 19:52:40,219] {dag.py:2273} INFO - Setting next_dagrun for example_xcom_args to None
[2021-03-09 19:52:40,221] {logging_mixin.py:104} INFO - [2021-03-09 19:52:40,221] {dag.py:2273} INFO - Setting next_dagrun for example_xcom_args_with_operators to None
[2021-03-09 19:52:40,235] {scheduler_job.py:190} INFO - Processing /home/airflow/.local/lib/python3.6/site-packages/airflow/example_dags/example_xcomargs.py took 0.109 seconds
[2021-03-09 19:53:10,795] {scheduler_job.py:182} INFO - Started process (PID=164) to work on /home/airflow/.local/lib/python3.6/site-packages/airflow/example_dags/example_xcomargs.py
[2021-03-09 19:53:10,798] {scheduler_job.py:629} INFO - Processing file /home/airflow/.local/lib/python3.6/site-packages/airflow/example_dags/example_xcomargs.py for tasks to queue
[2021-03-09 19:53:10,799] {logging_mixin.py:104} INFO - [2021-03-09 19:53:10,799] {dagbag.py:448} INFO - Filling up the DagBag from /home/airflow/.local/lib/python3.6/site-packages/airflow/example_dags/example_xcomargs.py
[2021-03-09 19:53:10,824] {scheduler_job.py:639} INFO - DAG(s) dict_keys(['example_xcom_args', 'example_xcom_args_with_operators']) retrieved from /home/airflow/.local/lib/python3.6/site-packages/airflow/example_dags/example_xcomargs.py
[2021-03-09 19:53:10,867] {logging_mixin.py:104} INFO - [2021-03-09 19:53:10,867] {dag.py:1818} INFO - Sync 2 DAGs
[2021-03-09 19:53:10,889] {logging_mixin.py:104} INFO - [2021-03-09 19:53:10,889] {dag.py:2273} INFO - Setting next_dagrun for example_xcom_args to None
[2021-03-09 19:53:10,890] {logging_mixin.py:104} INFO - [2021-03-09 19:53:10,890] {dag.py:2273} INFO - Setting next_dagrun for example_xcom_args_with_operators to None
[2021-03-09 19:53:10,906] {scheduler_job.py:190} INFO - Processing /home/airflow/.local/lib/python3.6/site-packages/airflow/example_dags/example_xcomargs.py took 0.117 seconds
[2021-03-09 19:53:41,411] {scheduler_job.py:182} INFO - Started process (PID=192) to work on /home/airflow/.local/lib/python3.6/site-packages/airflow/example_dags/example_xcomargs.py
[2021-03-09 19:53:41,413] {scheduler_job.py:629} INFO - Processing file /home/airflow/.local/lib/python3.6/site-packages/airflow/example_dags/example_xcomargs.py for tasks to queue
[2021-03-09 19:53:41,414] {logging_mixin.py:104} INFO - [2021-03-09 19:53:41,414] {dagbag.py:448} INFO - Filling up the DagBag from /home/airflow/.local/lib/python3.6/site-packages/airflow/example_dags/example_xcomargs.py
[2021-03-09 19:53:41,431] {scheduler_job.py:639} INFO - DAG(s) dict_keys(['example_xcom_args', 'example_xcom_args_with_operators']) retrieved from /home/airflow/.local/lib/python3.6/site-packages/airflow/example_dags/example_xcomargs.py
[2021-03-09 19:53:41,469] {logging_mixin.py:104} INFO - [2021-03-09 19:53:41,469] {dag.py:1818} INFO - Sync 2 DAGs
[2021-03-09 19:53:41,496] {logging_mixin.py:104} INFO - [2021-03-09 19:53:41,496] {dag.py:2273} INFO - Setting next_dagrun for example_xcom_args to None
[2021-03-09 19:53:41,498] {logging_mixin.py:104} INFO - [2021-03-09 19:53:41,497] {dag.py:2273} INFO - Setting next_dagrun for example_xcom_args_with_operators to None
[2021-03-09 19:53:41,516] {scheduler_job.py:190} INFO - Processing /home/airflow/.local/lib/python3.6/site-packages/airflow/example_dags/example_xcomargs.py took 0.108 seconds
[2021-03-09 19:54:12,066] {scheduler_job.py:182} INFO - Started process (PID=220) to work on /home/airflow/.local/lib/python3.6/site-packages/airflow/example_dags/example_xcomargs.py
[2021-03-09 19:54:12,068] {scheduler_job.py:629} INFO - Processing file /home/airflow/.local/lib/python3.6/site-packages/airflow/example_dags/example_xcomargs.py for tasks to queue
[2021-03-09 19:54:12,069] {logging_mixin.py:104} INFO - [2021-03-09 19:54:12,068] {dagbag.py:448} INFO - Filling up the DagBag from /home/airflow/.local/lib/python3.6/site-packages/airflow/example_dags/example_xcomargs.py
[2021-03-09 19:54:12,094] {scheduler_job.py:639} INFO - DAG(s) dict_keys(['example_xcom_args', 'example_xcom_args_with_operators']) retrieved from /home/airflow/.local/lib/python3.6/site-packages/airflow/example_dags/example_xcomargs.py
[2021-03-09 19:54:12,136] {logging_mixin.py:104} INFO - [2021-03-09 19:54:12,136] {dag.py:1818} INFO - Sync 2 DAGs
[2021-03-09 19:54:12,166] {logging_mixin.py:104} INFO - [2021-03-09 19:54:12,166] {dag.py:2273} INFO - Setting next_dagrun for example_xcom_args to None
[2021-03-09 19:54:12,168] {logging_mixin.py:104} INFO - [2021-03-09 19:54:12,168] {dag.py:2273} INFO - Setting next_dagrun for example_xcom_args_with_operators to None
[2021-03-09 19:54:12,186] {scheduler_job.py:190} INFO - Processing /home/airflow/.local/lib/python3.6/site-packages/airflow/example_dags/example_xcomargs.py took 0.127 seconds
[2021-03-09 19:54:42,736] {scheduler_job.py:182} INFO - Started process (PID=248) to work on /home/airflow/.local/lib/python3.6/site-packages/airflow/example_dags/example_xcomargs.py
[2021-03-09 19:54:42,738] {scheduler_job.py:629} INFO - Processing file /home/airflow/.local/lib/python3.6/site-packages/airflow/example_dags/example_xcomargs.py for tasks to queue
[2021-03-09 19:54:42,739] {logging_mixin.py:104} INFO - [2021-03-09 19:54:42,739] {dagbag.py:448} INFO - Filling up the DagBag from /home/airflow/.local/lib/python3.6/site-packages/airflow/example_dags/example_xcomargs.py
[2021-03-09 19:54:42,758] {scheduler_job.py:639} INFO - DAG(s) dict_keys(['example_xcom_args', 'example_xcom_args_with_operators']) retrieved from /home/airflow/.local/lib/python3.6/site-packages/airflow/example_dags/example_xcomargs.py
[2021-03-09 19:54:42,793] {logging_mixin.py:104} INFO - [2021-03-09 19:54:42,793] {dag.py:1818} INFO - Sync 2 DAGs
[2021-03-09 19:54:42,813] {logging_mixin.py:104} INFO - [2021-03-09 19:54:42,813] {dag.py:2273} INFO - Setting next_dagrun for example_xcom_args to None
[2021-03-09 19:54:42,815] {logging_mixin.py:104} INFO - [2021-03-09 19:54:42,814] {dag.py:2273} INFO - Setting next_dagrun for example_xcom_args_with_operators to None
[2021-03-09 19:54:42,828] {scheduler_job.py:190} INFO - Processing /home/airflow/.local/lib/python3.6/site-packages/airflow/example_dags/example_xcomargs.py took 0.095 seconds
[2021-03-09 19:55:13,509] {scheduler_job.py:182} INFO - Started process (PID=273) to work on /home/airflow/.local/lib/python3.6/site-packages/airflow/example_dags/example_xcomargs.py
[2021-03-09 19:55:13,513] {scheduler_job.py:629} INFO - Processing file /home/airflow/.local/lib/python3.6/site-packages/airflow/example_dags/example_xcomargs.py for tasks to queue
[2021-03-09 19:55:13,516] {logging_mixin.py:104} INFO - [2021-03-09 19:55:13,516] {dagbag.py:448} INFO - Filling up the DagBag from /home/airflow/.local/lib/python3.6/site-packages/airflow/example_dags/example_xcomargs.py
[2021-03-09 19:55:13,546] {scheduler_job.py:639} INFO - DAG(s) dict_keys(['example_xcom_args', 'example_xcom_args_with_operators']) retrieved from /home/airflow/.local/lib/python3.6/site-packages/airflow/example_dags/example_xcomargs.py
[2021-03-09 19:55:13,595] {logging_mixin.py:104} INFO - [2021-03-09 19:55:13,595] {dag.py:1818} INFO - Sync 2 DAGs
[2021-03-09 19:55:13,632] {logging_mixin.py:104} INFO - [2021-03-09 19:55:13,632] {dag.py:2273} INFO - Setting next_dagrun for example_xcom_args to None
[2021-03-09 19:55:13,634] {logging_mixin.py:104} INFO - [2021-03-09 19:55:13,633] {dag.py:2273} INFO - Setting next_dagrun for example_xcom_args_with_operators to None
[2021-03-09 19:55:13,656] {scheduler_job.py:190} INFO - Processing /home/airflow/.local/lib/python3.6/site-packages/airflow/example_dags/example_xcomargs.py took 0.155 seconds
[2021-03-09 19:57:56,470] {scheduler_job.py:182} INFO - Started process (PID=43) to work on /home/airflow/.local/lib/python3.6/site-packages/airflow/example_dags/example_xcomargs.py
[2021-03-09 19:57:56,472] {scheduler_job.py:629} INFO - Processing file /home/airflow/.local/lib/python3.6/site-packages/airflow/example_dags/example_xcomargs.py for tasks to queue
[2021-03-09 19:57:56,474] {logging_mixin.py:104} INFO - [2021-03-09 19:57:56,474] {dagbag.py:448} INFO - Filling up the DagBag from /home/airflow/.local/lib/python3.6/site-packages/airflow/example_dags/example_xcomargs.py
[2021-03-09 19:57:56,497] {scheduler_job.py:639} INFO - DAG(s) dict_keys(['example_xcom_args', 'example_xcom_args_with_operators']) retrieved from /home/airflow/.local/lib/python3.6/site-packages/airflow/example_dags/example_xcomargs.py
[2021-03-09 19:57:56,544] {logging_mixin.py:104} INFO - [2021-03-09 19:57:56,544] {dag.py:1818} INFO - Sync 2 DAGs
[2021-03-09 19:57:56,559] {logging_mixin.py:104} INFO - [2021-03-09 19:57:56,559] {dag.py:1837} INFO - Creating ORM DAG for example_xcom_args_with_operators
[2021-03-09 19:57:56,560] {logging_mixin.py:104} INFO - [2021-03-09 19:57:56,560] {dag.py:1837} INFO - Creating ORM DAG for example_xcom_args
[2021-03-09 19:57:56,568] {logging_mixin.py:104} INFO - [2021-03-09 19:57:56,567] {dag.py:2273} INFO - Setting next_dagrun for example_xcom_args to None
[2021-03-09 19:57:56,569] {logging_mixin.py:104} INFO - [2021-03-09 19:57:56,568] {dag.py:2273} INFO - Setting next_dagrun for example_xcom_args_with_operators to None
[2021-03-09 19:57:56,592] {scheduler_job.py:190} INFO - Processing /home/airflow/.local/lib/python3.6/site-packages/airflow/example_dags/example_xcomargs.py took 0.127 seconds
[2021-03-09 19:58:26,908] {scheduler_job.py:182} INFO - Started process (PID=69) to work on /home/airflow/.local/lib/python3.6/site-packages/airflow/example_dags/example_xcomargs.py
[2021-03-09 19:58:26,910] {scheduler_job.py:629} INFO - Processing file /home/airflow/.local/lib/python3.6/site-packages/airflow/example_dags/example_xcomargs.py for tasks to queue
[2021-03-09 19:58:26,911] {logging_mixin.py:104} INFO - [2021-03-09 19:58:26,911] {dagbag.py:448} INFO - Filling up the DagBag from /home/airflow/.local/lib/python3.6/site-packages/airflow/example_dags/example_xcomargs.py
[2021-03-09 19:58:26,927] {scheduler_job.py:639} INFO - DAG(s) dict_keys(['example_xcom_args', 'example_xcom_args_with_operators']) retrieved from /home/airflow/.local/lib/python3.6/site-packages/airflow/example_dags/example_xcomargs.py
[2021-03-09 19:58:26,961] {logging_mixin.py:104} INFO - [2021-03-09 19:58:26,961] {dag.py:1818} INFO - Sync 2 DAGs
[2021-03-09 19:58:26,978] {logging_mixin.py:104} INFO - [2021-03-09 19:58:26,978] {dag.py:2273} INFO - Setting next_dagrun for example_xcom_args to None
[2021-03-09 19:58:26,979] {logging_mixin.py:104} INFO - [2021-03-09 19:58:26,979] {dag.py:2273} INFO - Setting next_dagrun for example_xcom_args_with_operators to None
[2021-03-09 19:58:26,992] {scheduler_job.py:190} INFO - Processing /home/airflow/.local/lib/python3.6/site-packages/airflow/example_dags/example_xcomargs.py took 0.088 seconds
[2021-03-09 19:58:57,326] {scheduler_job.py:182} INFO - Started process (PID=97) to work on /home/airflow/.local/lib/python3.6/site-packages/airflow/example_dags/example_xcomargs.py
[2021-03-09 19:58:57,328] {scheduler_job.py:629} INFO - Processing file /home/airflow/.local/lib/python3.6/site-packages/airflow/example_dags/example_xcomargs.py for tasks to queue
[2021-03-09 19:58:57,329] {logging_mixin.py:104} INFO - [2021-03-09 19:58:57,329] {dagbag.py:448} INFO - Filling up the DagBag from /home/airflow/.local/lib/python3.6/site-packages/airflow/example_dags/example_xcomargs.py
[2021-03-09 19:58:57,350] {scheduler_job.py:639} INFO - DAG(s) dict_keys(['example_xcom_args', 'example_xcom_args_with_operators']) retrieved from /home/airflow/.local/lib/python3.6/site-packages/airflow/example_dags/example_xcomargs.py
[2021-03-09 19:58:57,384] {logging_mixin.py:104} INFO - [2021-03-09 19:58:57,384] {dag.py:1818} INFO - Sync 2 DAGs
[2021-03-09 19:58:57,401] {logging_mixin.py:104} INFO - [2021-03-09 19:58:57,401] {dag.py:2273} INFO - Setting next_dagrun for example_xcom_args to None
[2021-03-09 19:58:57,402] {logging_mixin.py:104} INFO - [2021-03-09 19:58:57,402] {dag.py:2273} INFO - Setting next_dagrun for example_xcom_args_with_operators to None
[2021-03-09 19:58:57,413] {scheduler_job.py:190} INFO - Processing /home/airflow/.local/lib/python3.6/site-packages/airflow/example_dags/example_xcomargs.py took 0.090 seconds
[2021-03-09 19:59:27,717] {scheduler_job.py:182} INFO - Started process (PID=126) to work on /home/airflow/.local/lib/python3.6/site-packages/airflow/example_dags/example_xcomargs.py
[2021-03-09 19:59:27,718] {scheduler_job.py:629} INFO - Processing file /home/airflow/.local/lib/python3.6/site-packages/airflow/example_dags/example_xcomargs.py for tasks to queue
[2021-03-09 19:59:27,719] {logging_mixin.py:104} INFO - [2021-03-09 19:59:27,719] {dagbag.py:448} INFO - Filling up the DagBag from /home/airflow/.local/lib/python3.6/site-packages/airflow/example_dags/example_xcomargs.py
[2021-03-09 19:59:27,737] {scheduler_job.py:639} INFO - DAG(s) dict_keys(['example_xcom_args', 'example_xcom_args_with_operators']) retrieved from /home/airflow/.local/lib/python3.6/site-packages/airflow/example_dags/example_xcomargs.py
[2021-03-09 19:59:27,763] {logging_mixin.py:104} INFO - [2021-03-09 19:59:27,763] {dag.py:1818} INFO - Sync 2 DAGs
[2021-03-09 19:59:27,780] {logging_mixin.py:104} INFO - [2021-03-09 19:59:27,779] {dag.py:2273} INFO - Setting next_dagrun for example_xcom_args to None
[2021-03-09 19:59:27,780] {logging_mixin.py:104} INFO - [2021-03-09 19:59:27,780] {dag.py:2273} INFO - Setting next_dagrun for example_xcom_args_with_operators to None
[2021-03-09 19:59:27,790] {scheduler_job.py:190} INFO - Processing /home/airflow/.local/lib/python3.6/site-packages/airflow/example_dags/example_xcomargs.py took 0.077 seconds
[2021-03-09 19:59:58,050] {scheduler_job.py:182} INFO - Started process (PID=154) to work on /home/airflow/.local/lib/python3.6/site-packages/airflow/example_dags/example_xcomargs.py
[2021-03-09 19:59:58,052] {scheduler_job.py:629} INFO - Processing file /home/airflow/.local/lib/python3.6/site-packages/airflow/example_dags/example_xcomargs.py for tasks to queue
[2021-03-09 19:59:58,053] {logging_mixin.py:104} INFO - [2021-03-09 19:59:58,053] {dagbag.py:448} INFO - Filling up the DagBag from /home/airflow/.local/lib/python3.6/site-packages/airflow/example_dags/example_xcomargs.py
[2021-03-09 19:59:58,076] {scheduler_job.py:639} INFO - DAG(s) dict_keys(['example_xcom_args', 'example_xcom_args_with_operators']) retrieved from /home/airflow/.local/lib/python3.6/site-packages/airflow/example_dags/example_xcomargs.py
[2021-03-09 19:59:58,118] {logging_mixin.py:104} INFO - [2021-03-09 19:59:58,118] {dag.py:1818} INFO - Sync 2 DAGs
[2021-03-09 19:59:58,143] {logging_mixin.py:104} INFO - [2021-03-09 19:59:58,143] {dag.py:2273} INFO - Setting next_dagrun for example_xcom_args to None
[2021-03-09 19:59:58,144] {logging_mixin.py:104} INFO - [2021-03-09 19:59:58,144] {dag.py:2273} INFO - Setting next_dagrun for example_xcom_args_with_operators to None
[2021-03-09 19:59:58,161] {scheduler_job.py:190} INFO - Processing /home/airflow/.local/lib/python3.6/site-packages/airflow/example_dags/example_xcomargs.py took 0.117 seconds
[2021-03-09 20:00:28,361] {scheduler_job.py:182} INFO - Started process (PID=178) to work on /home/airflow/.local/lib/python3.6/site-packages/airflow/example_dags/example_xcomargs.py
[2021-03-09 20:00:28,363] {scheduler_job.py:629} INFO - Processing file /home/airflow/.local/lib/python3.6/site-packages/airflow/example_dags/example_xcomargs.py for tasks to queue
[2021-03-09 20:00:28,364] {logging_mixin.py:104} INFO - [2021-03-09 20:00:28,364] {dagbag.py:448} INFO - Filling up the DagBag from /home/airflow/.local/lib/python3.6/site-packages/airflow/example_dags/example_xcomargs.py
[2021-03-09 20:00:28,385] {scheduler_job.py:639} INFO - DAG(s) dict_keys(['example_xcom_args', 'example_xcom_args_with_operators']) retrieved from /home/airflow/.local/lib/python3.6/site-packages/airflow/example_dags/example_xcomargs.py
[2021-03-09 20:00:28,413] {logging_mixin.py:104} INFO - [2021-03-09 20:00:28,413] {dag.py:1818} INFO - Sync 2 DAGs
[2021-03-09 20:00:28,429] {logging_mixin.py:104} INFO - [2021-03-09 20:00:28,429] {dag.py:2273} INFO - Setting next_dagrun for example_xcom_args to None
[2021-03-09 20:00:28,431] {logging_mixin.py:104} INFO - [2021-03-09 20:00:28,430] {dag.py:2273} INFO - Setting next_dagrun for example_xcom_args_with_operators to None
[2021-03-09 20:00:28,443] {scheduler_job.py:190} INFO - Processing /home/airflow/.local/lib/python3.6/site-packages/airflow/example_dags/example_xcomargs.py took 0.085 seconds
[2021-03-09 20:00:58,823] {scheduler_job.py:182} INFO - Started process (PID=204) to work on /home/airflow/.local/lib/python3.6/site-packages/airflow/example_dags/example_xcomargs.py
[2021-03-09 20:00:58,826] {scheduler_job.py:629} INFO - Processing file /home/airflow/.local/lib/python3.6/site-packages/airflow/example_dags/example_xcomargs.py for tasks to queue
[2021-03-09 20:00:58,827] {logging_mixin.py:104} INFO - [2021-03-09 20:00:58,827] {dagbag.py:448} INFO - Filling up the DagBag from /home/airflow/.local/lib/python3.6/site-packages/airflow/example_dags/example_xcomargs.py
[2021-03-09 20:00:58,842] {scheduler_job.py:639} INFO - DAG(s) dict_keys(['example_xcom_args', 'example_xcom_args_with_operators']) retrieved from /home/airflow/.local/lib/python3.6/site-packages/airflow/example_dags/example_xcomargs.py
[2021-03-09 20:00:58,873] {logging_mixin.py:104} INFO - [2021-03-09 20:00:58,873] {dag.py:1818} INFO - Sync 2 DAGs
[2021-03-09 20:00:58,889] {logging_mixin.py:104} INFO - [2021-03-09 20:00:58,889] {dag.py:2273} INFO - Setting next_dagrun for example_xcom_args to None
[2021-03-09 20:00:58,890] {logging_mixin.py:104} INFO - [2021-03-09 20:00:58,890] {dag.py:2273} INFO - Setting next_dagrun for example_xcom_args_with_operators to None
[2021-03-09 20:00:58,901] {scheduler_job.py:190} INFO - Processing /home/airflow/.local/lib/python3.6/site-packages/airflow/example_dags/example_xcomargs.py took 0.083 seconds
[2021-03-09 20:01:29,322] {scheduler_job.py:182} INFO - Started process (PID=232) to work on /home/airflow/.local/lib/python3.6/site-packages/airflow/example_dags/example_xcomargs.py
[2021-03-09 20:01:29,324] {scheduler_job.py:629} INFO - Processing file /home/airflow/.local/lib/python3.6/site-packages/airflow/example_dags/example_xcomargs.py for tasks to queue
[2021-03-09 20:01:29,326] {logging_mixin.py:104} INFO - [2021-03-09 20:01:29,325] {dagbag.py:448} INFO - Filling up the DagBag from /home/airflow/.local/lib/python3.6/site-packages/airflow/example_dags/example_xcomargs.py
[2021-03-09 20:01:29,351] {scheduler_job.py:639} INFO - DAG(s) dict_keys(['example_xcom_args', 'example_xcom_args_with_operators']) retrieved from /home/airflow/.local/lib/python3.6/site-packages/airflow/example_dags/example_xcomargs.py
[2021-03-09 20:01:29,405] {logging_mixin.py:104} INFO - [2021-03-09 20:01:29,405] {dag.py:1818} INFO - Sync 2 DAGs
[2021-03-09 20:01:29,432] {logging_mixin.py:104} INFO - [2021-03-09 20:01:29,432] {dag.py:2273} INFO - Setting next_dagrun for example_xcom_args to None
[2021-03-09 20:01:29,436] {logging_mixin.py:104} INFO - [2021-03-09 20:01:29,436] {dag.py:2273} INFO - Setting next_dagrun for example_xcom_args_with_operators to None
[2021-03-09 20:01:29,451] {scheduler_job.py:190} INFO - Processing /home/airflow/.local/lib/python3.6/site-packages/airflow/example_dags/example_xcomargs.py took 0.133 seconds
[2021-03-09 20:01:59,830] {scheduler_job.py:182} INFO - Started process (PID=260) to work on /home/airflow/.local/lib/python3.6/site-packages/airflow/example_dags/example_xcomargs.py
[2021-03-09 20:01:59,833] {scheduler_job.py:629} INFO - Processing file /home/airflow/.local/lib/python3.6/site-packages/airflow/example_dags/example_xcomargs.py for tasks to queue
[2021-03-09 20:01:59,834] {logging_mixin.py:104} INFO - [2021-03-09 20:01:59,834] {dagbag.py:448} INFO - Filling up the DagBag from /home/airflow/.local/lib/python3.6/site-packages/airflow/example_dags/example_xcomargs.py
[2021-03-09 20:01:59,852] {scheduler_job.py:639} INFO - DAG(s) dict_keys(['example_xcom_args', 'example_xcom_args_with_operators']) retrieved from /home/airflow/.local/lib/python3.6/site-packages/airflow/example_dags/example_xcomargs.py
[2021-03-09 20:01:59,889] {logging_mixin.py:104} INFO - [2021-03-09 20:01:59,889] {dag.py:1818} INFO - Sync 2 DAGs
[2021-03-09 20:01:59,914] {logging_mixin.py:104} INFO - [2021-03-09 20:01:59,914] {dag.py:2273} INFO - Setting next_dagrun for example_xcom_args to None
[2021-03-09 20:01:59,916] {logging_mixin.py:104} INFO - [2021-03-09 20:01:59,916] {dag.py:2273} INFO - Setting next_dagrun for example_xcom_args_with_operators to None
[2021-03-09 20:01:59,954] {scheduler_job.py:190} INFO - Processing /home/airflow/.local/lib/python3.6/site-packages/airflow/example_dags/example_xcomargs.py took 0.134 seconds
[2021-03-09 20:02:30,492] {scheduler_job.py:182} INFO - Started process (PID=284) to work on /home/airflow/.local/lib/python3.6/site-packages/airflow/example_dags/example_xcomargs.py
[2021-03-09 20:02:30,493] {scheduler_job.py:629} INFO - Processing file /home/airflow/.local/lib/python3.6/site-packages/airflow/example_dags/example_xcomargs.py for tasks to queue
[2021-03-09 20:02:30,494] {logging_mixin.py:104} INFO - [2021-03-09 20:02:30,494] {dagbag.py:448} INFO - Filling up the DagBag from /home/airflow/.local/lib/python3.6/site-packages/airflow/example_dags/example_xcomargs.py
[2021-03-09 20:02:30,512] {scheduler_job.py:639} INFO - DAG(s) dict_keys(['example_xcom_args', 'example_xcom_args_with_operators']) retrieved from /home/airflow/.local/lib/python3.6/site-packages/airflow/example_dags/example_xcomargs.py
[2021-03-09 20:02:30,543] {logging_mixin.py:104} INFO - [2021-03-09 20:02:30,543] {dag.py:1818} INFO - Sync 2 DAGs
[2021-03-09 20:02:30,562] {logging_mixin.py:104} INFO - [2021-03-09 20:02:30,561] {dag.py:2273} INFO - Setting next_dagrun for example_xcom_args to None
[2021-03-09 20:02:30,563] {logging_mixin.py:104} INFO - [2021-03-09 20:02:30,563] {dag.py:2273} INFO - Setting next_dagrun for example_xcom_args_with_operators to None
[2021-03-09 20:02:30,582] {scheduler_job.py:190} INFO - Processing /home/airflow/.local/lib/python3.6/site-packages/airflow/example_dags/example_xcomargs.py took 0.094 seconds
[2021-03-09 20:03:01,284] {scheduler_job.py:182} INFO - Started process (PID=312) to work on /home/airflow/.local/lib/python3.6/site-packages/airflow/example_dags/example_xcomargs.py
[2021-03-09 20:03:01,286] {scheduler_job.py:629} INFO - Processing file /home/airflow/.local/lib/python3.6/site-packages/airflow/example_dags/example_xcomargs.py for tasks to queue
[2021-03-09 20:03:01,287] {logging_mixin.py:104} INFO - [2021-03-09 20:03:01,287] {dagbag.py:448} INFO - Filling up the DagBag from /home/airflow/.local/lib/python3.6/site-packages/airflow/example_dags/example_xcomargs.py
[2021-03-09 20:03:01,305] {scheduler_job.py:639} INFO - DAG(s) dict_keys(['example_xcom_args', 'example_xcom_args_with_operators']) retrieved from /home/airflow/.local/lib/python3.6/site-packages/airflow/example_dags/example_xcomargs.py
[2021-03-09 20:03:01,336] {logging_mixin.py:104} INFO - [2021-03-09 20:03:01,335] {dag.py:1818} INFO - Sync 2 DAGs
[2021-03-09 20:03:01,355] {logging_mixin.py:104} INFO - [2021-03-09 20:03:01,354] {dag.py:2273} INFO - Setting next_dagrun for example_xcom_args to None
[2021-03-09 20:03:01,356] {logging_mixin.py:104} INFO - [2021-03-09 20:03:01,356] {dag.py:2273} INFO - Setting next_dagrun for example_xcom_args_with_operators to None
[2021-03-09 20:03:01,370] {scheduler_job.py:190} INFO - Processing /home/airflow/.local/lib/python3.6/site-packages/airflow/example_dags/example_xcomargs.py took 0.090 seconds
[2021-03-09 20:03:31,779] {scheduler_job.py:182} INFO - Started process (PID=340) to work on /home/airflow/.local/lib/python3.6/site-packages/airflow/example_dags/example_xcomargs.py
[2021-03-09 20:03:31,781] {scheduler_job.py:629} INFO - Processing file /home/airflow/.local/lib/python3.6/site-packages/airflow/example_dags/example_xcomargs.py for tasks to queue
[2021-03-09 20:03:31,782] {logging_mixin.py:104} INFO - [2021-03-09 20:03:31,781] {dagbag.py:448} INFO - Filling up the DagBag from /home/airflow/.local/lib/python3.6/site-packages/airflow/example_dags/example_xcomargs.py
[2021-03-09 20:03:31,800] {scheduler_job.py:639} INFO - DAG(s) dict_keys(['example_xcom_args', 'example_xcom_args_with_operators']) retrieved from /home/airflow/.local/lib/python3.6/site-packages/airflow/example_dags/example_xcomargs.py
[2021-03-09 20:03:31,830] {logging_mixin.py:104} INFO - [2021-03-09 20:03:31,830] {dag.py:1818} INFO - Sync 2 DAGs
[2021-03-09 20:03:31,849] {logging_mixin.py:104} INFO - [2021-03-09 20:03:31,849] {dag.py:2273} INFO - Setting next_dagrun for example_xcom_args to None
[2021-03-09 20:03:31,850] {logging_mixin.py:104} INFO - [2021-03-09 20:03:31,850] {dag.py:2273} INFO - Setting next_dagrun for example_xcom_args_with_operators to None
[2021-03-09 20:03:31,863] {scheduler_job.py:190} INFO - Processing /home/airflow/.local/lib/python3.6/site-packages/airflow/example_dags/example_xcomargs.py took 0.088 seconds
[2021-03-09 20:04:02,380] {scheduler_job.py:182} INFO - Started process (PID=368) to work on /home/airflow/.local/lib/python3.6/site-packages/airflow/example_dags/example_xcomargs.py
[2021-03-09 20:04:02,382] {scheduler_job.py:629} INFO - Processing file /home/airflow/.local/lib/python3.6/site-packages/airflow/example_dags/example_xcomargs.py for tasks to queue
[2021-03-09 20:04:02,382] {logging_mixin.py:104} INFO - [2021-03-09 20:04:02,382] {dagbag.py:448} INFO - Filling up the DagBag from /home/airflow/.local/lib/python3.6/site-packages/airflow/example_dags/example_xcomargs.py
[2021-03-09 20:04:02,398] {scheduler_job.py:639} INFO - DAG(s) dict_keys(['example_xcom_args', 'example_xcom_args_with_operators']) retrieved from /home/airflow/.local/lib/python3.6/site-packages/airflow/example_dags/example_xcomargs.py
[2021-03-09 20:04:02,425] {logging_mixin.py:104} INFO - [2021-03-09 20:04:02,425] {dag.py:1818} INFO - Sync 2 DAGs
[2021-03-09 20:04:02,443] {logging_mixin.py:104} INFO - [2021-03-09 20:04:02,443] {dag.py:2273} INFO - Setting next_dagrun for example_xcom_args to None
[2021-03-09 20:04:02,444] {logging_mixin.py:104} INFO - [2021-03-09 20:04:02,444] {dag.py:2273} INFO - Setting next_dagrun for example_xcom_args_with_operators to None
[2021-03-09 20:04:02,457] {scheduler_job.py:190} INFO - Processing /home/airflow/.local/lib/python3.6/site-packages/airflow/example_dags/example_xcomargs.py took 0.080 seconds
[2021-03-09 20:04:32,940] {scheduler_job.py:182} INFO - Started process (PID=396) to work on /home/airflow/.local/lib/python3.6/site-packages/airflow/example_dags/example_xcomargs.py
[2021-03-09 20:04:32,942] {scheduler_job.py:629} INFO - Processing file /home/airflow/.local/lib/python3.6/site-packages/airflow/example_dags/example_xcomargs.py for tasks to queue
[2021-03-09 20:04:32,943] {logging_mixin.py:104} INFO - [2021-03-09 20:04:32,943] {dagbag.py:448} INFO - Filling up the DagBag from /home/airflow/.local/lib/python3.6/site-packages/airflow/example_dags/example_xcomargs.py
[2021-03-09 20:04:32,960] {scheduler_job.py:639} INFO - DAG(s) dict_keys(['example_xcom_args', 'example_xcom_args_with_operators']) retrieved from /home/airflow/.local/lib/python3.6/site-packages/airflow/example_dags/example_xcomargs.py
[2021-03-09 20:04:32,996] {logging_mixin.py:104} INFO - [2021-03-09 20:04:32,996] {dag.py:1818} INFO - Sync 2 DAGs
[2021-03-09 20:04:33,018] {logging_mixin.py:104} INFO - [2021-03-09 20:04:33,018] {dag.py:2273} INFO - Setting next_dagrun for example_xcom_args to None
[2021-03-09 20:04:33,019] {logging_mixin.py:104} INFO - [2021-03-09 20:04:33,019] {dag.py:2273} INFO - Setting next_dagrun for example_xcom_args_with_operators to None
[2021-03-09 20:04:33,033] {scheduler_job.py:190} INFO - Processing /home/airflow/.local/lib/python3.6/site-packages/airflow/example_dags/example_xcomargs.py took 0.096 seconds
[2021-03-09 20:05:03,496] {scheduler_job.py:182} INFO - Started process (PID=424) to work on /home/airflow/.local/lib/python3.6/site-packages/airflow/example_dags/example_xcomargs.py
[2021-03-09 20:05:03,501] {scheduler_job.py:629} INFO - Processing file /home/airflow/.local/lib/python3.6/site-packages/airflow/example_dags/example_xcomargs.py for tasks to queue
[2021-03-09 20:05:03,503] {logging_mixin.py:104} INFO - [2021-03-09 20:05:03,502] {dagbag.py:448} INFO - Filling up the DagBag from /home/airflow/.local/lib/python3.6/site-packages/airflow/example_dags/example_xcomargs.py
[2021-03-09 20:05:03,532] {scheduler_job.py:639} INFO - DAG(s) dict_keys(['example_xcom_args', 'example_xcom_args_with_operators']) retrieved from /home/airflow/.local/lib/python3.6/site-packages/airflow/example_dags/example_xcomargs.py
[2021-03-09 20:05:03,581] {logging_mixin.py:104} INFO - [2021-03-09 20:05:03,581] {dag.py:1818} INFO - Sync 2 DAGs
[2021-03-09 20:05:03,622] {logging_mixin.py:104} INFO - [2021-03-09 20:05:03,622] {dag.py:2273} INFO - Setting next_dagrun for example_xcom_args to None
[2021-03-09 20:05:03,630] {logging_mixin.py:104} INFO - [2021-03-09 20:05:03,628] {dag.py:2273} INFO - Setting next_dagrun for example_xcom_args_with_operators to None
[2021-03-09 20:05:03,661] {scheduler_job.py:190} INFO - Processing /home/airflow/.local/lib/python3.6/site-packages/airflow/example_dags/example_xcomargs.py took 0.171 seconds
[2021-03-09 20:05:33,757] {scheduler_job.py:182} INFO - Started process (PID=452) to work on /home/airflow/.local/lib/python3.6/site-packages/airflow/example_dags/example_xcomargs.py
[2021-03-09 20:05:33,758] {scheduler_job.py:629} INFO - Processing file /home/airflow/.local/lib/python3.6/site-packages/airflow/example_dags/example_xcomargs.py for tasks to queue
[2021-03-09 20:05:33,760] {logging_mixin.py:104} INFO - [2021-03-09 20:05:33,760] {dagbag.py:448} INFO - Filling up the DagBag from /home/airflow/.local/lib/python3.6/site-packages/airflow/example_dags/example_xcomargs.py
[2021-03-09 20:05:33,780] {scheduler_job.py:639} INFO - DAG(s) dict_keys(['example_xcom_args', 'example_xcom_args_with_operators']) retrieved from /home/airflow/.local/lib/python3.6/site-packages/airflow/example_dags/example_xcomargs.py
[2021-03-09 20:05:33,813] {logging_mixin.py:104} INFO - [2021-03-09 20:05:33,813] {dag.py:1818} INFO - Sync 2 DAGs
[2021-03-09 20:05:33,829] {logging_mixin.py:104} INFO - [2021-03-09 20:05:33,829] {dag.py:2273} INFO - Setting next_dagrun for example_xcom_args to None
[2021-03-09 20:05:33,830] {logging_mixin.py:104} INFO - [2021-03-09 20:05:33,830] {dag.py:2273} INFO - Setting next_dagrun for example_xcom_args_with_operators to None
[2021-03-09 20:05:33,842] {scheduler_job.py:190} INFO - Processing /home/airflow/.local/lib/python3.6/site-packages/airflow/example_dags/example_xcomargs.py took 0.089 seconds
