[2021-03-09 19:51:06,440] {scheduler_job.py:182} INFO - Started process (PID=38) to work on /home/airflow/.local/lib/python3.6/site-packages/airflow/example_dags/example_branch_operator.py
[2021-03-09 19:51:06,441] {scheduler_job.py:629} INFO - Processing file /home/airflow/.local/lib/python3.6/site-packages/airflow/example_dags/example_branch_operator.py for tasks to queue
[2021-03-09 19:51:06,442] {logging_mixin.py:104} INFO - [2021-03-09 19:51:06,442] {dagbag.py:448} INFO - Filling up the DagBag from /home/airflow/.local/lib/python3.6/site-packages/airflow/example_dags/example_branch_operator.py
[2021-03-09 19:51:06,469] {scheduler_job.py:639} INFO - DAG(s) dict_keys(['example_branch_operator']) retrieved from /home/airflow/.local/lib/python3.6/site-packages/airflow/example_dags/example_branch_operator.py
[2021-03-09 19:51:06,513] {logging_mixin.py:104} INFO - [2021-03-09 19:51:06,512] {dag.py:1818} INFO - Sync 1 DAGs
[2021-03-09 19:51:06,529] {logging_mixin.py:104} INFO - [2021-03-09 19:51:06,528] {dag.py:1837} INFO - Creating ORM DAG for example_branch_operator
[2021-03-09 19:51:06,549] {logging_mixin.py:104} INFO - [2021-03-09 19:51:06,549] {dag.py:2273} INFO - Setting next_dagrun for example_branch_operator to 2021-03-07 00:00:00+00:00
[2021-03-09 19:51:06,576] {scheduler_job.py:190} INFO - Processing /home/airflow/.local/lib/python3.6/site-packages/airflow/example_dags/example_branch_operator.py took 0.143 seconds
[2021-03-09 19:51:36,623] {scheduler_job.py:182} INFO - Started process (PID=65) to work on /home/airflow/.local/lib/python3.6/site-packages/airflow/example_dags/example_branch_operator.py
[2021-03-09 19:51:36,624] {scheduler_job.py:629} INFO - Processing file /home/airflow/.local/lib/python3.6/site-packages/airflow/example_dags/example_branch_operator.py for tasks to queue
[2021-03-09 19:51:36,624] {logging_mixin.py:104} INFO - [2021-03-09 19:51:36,624] {dagbag.py:448} INFO - Filling up the DagBag from /home/airflow/.local/lib/python3.6/site-packages/airflow/example_dags/example_branch_operator.py
[2021-03-09 19:51:36,641] {scheduler_job.py:639} INFO - DAG(s) dict_keys(['example_branch_operator']) retrieved from /home/airflow/.local/lib/python3.6/site-packages/airflow/example_dags/example_branch_operator.py
[2021-03-09 19:51:36,665] {logging_mixin.py:104} INFO - [2021-03-09 19:51:36,664] {dag.py:1818} INFO - Sync 1 DAGs
[2021-03-09 19:51:36,689] {logging_mixin.py:104} INFO - [2021-03-09 19:51:36,688] {dag.py:2273} INFO - Setting next_dagrun for example_branch_operator to 2021-03-07 00:00:00+00:00
[2021-03-09 19:51:36,699] {scheduler_job.py:190} INFO - Processing /home/airflow/.local/lib/python3.6/site-packages/airflow/example_dags/example_branch_operator.py took 0.080 seconds
[2021-03-09 19:52:07,569] {scheduler_job.py:182} INFO - Started process (PID=94) to work on /home/airflow/.local/lib/python3.6/site-packages/airflow/example_dags/example_branch_operator.py
[2021-03-09 19:52:07,570] {scheduler_job.py:629} INFO - Processing file /home/airflow/.local/lib/python3.6/site-packages/airflow/example_dags/example_branch_operator.py for tasks to queue
[2021-03-09 19:52:07,571] {logging_mixin.py:104} INFO - [2021-03-09 19:52:07,571] {dagbag.py:448} INFO - Filling up the DagBag from /home/airflow/.local/lib/python3.6/site-packages/airflow/example_dags/example_branch_operator.py
[2021-03-09 19:52:07,589] {scheduler_job.py:639} INFO - DAG(s) dict_keys(['example_branch_operator']) retrieved from /home/airflow/.local/lib/python3.6/site-packages/airflow/example_dags/example_branch_operator.py
[2021-03-09 19:52:07,720] {logging_mixin.py:104} INFO - [2021-03-09 19:52:07,719] {dag.py:1818} INFO - Sync 1 DAGs
[2021-03-09 19:52:07,868] {logging_mixin.py:104} INFO - [2021-03-09 19:52:07,868] {dag.py:2273} INFO - Setting next_dagrun for example_branch_operator to 2021-03-07 00:00:00+00:00
[2021-03-09 19:52:07,886] {scheduler_job.py:190} INFO - Processing /home/airflow/.local/lib/python3.6/site-packages/airflow/example_dags/example_branch_operator.py took 0.320 seconds
[2021-03-09 19:52:38,357] {scheduler_job.py:182} INFO - Started process (PID=122) to work on /home/airflow/.local/lib/python3.6/site-packages/airflow/example_dags/example_branch_operator.py
[2021-03-09 19:52:38,358] {scheduler_job.py:629} INFO - Processing file /home/airflow/.local/lib/python3.6/site-packages/airflow/example_dags/example_branch_operator.py for tasks to queue
[2021-03-09 19:52:38,359] {logging_mixin.py:104} INFO - [2021-03-09 19:52:38,359] {dagbag.py:448} INFO - Filling up the DagBag from /home/airflow/.local/lib/python3.6/site-packages/airflow/example_dags/example_branch_operator.py
[2021-03-09 19:52:38,376] {scheduler_job.py:639} INFO - DAG(s) dict_keys(['example_branch_operator']) retrieved from /home/airflow/.local/lib/python3.6/site-packages/airflow/example_dags/example_branch_operator.py
[2021-03-09 19:52:38,402] {logging_mixin.py:104} INFO - [2021-03-09 19:52:38,402] {dag.py:1818} INFO - Sync 1 DAGs
[2021-03-09 19:52:38,427] {logging_mixin.py:104} INFO - [2021-03-09 19:52:38,427] {dag.py:2273} INFO - Setting next_dagrun for example_branch_operator to 2021-03-07 00:00:00+00:00
[2021-03-09 19:52:38,438] {scheduler_job.py:190} INFO - Processing /home/airflow/.local/lib/python3.6/site-packages/airflow/example_dags/example_branch_operator.py took 0.085 seconds
[2021-03-09 19:53:08,904] {scheduler_job.py:182} INFO - Started process (PID=150) to work on /home/airflow/.local/lib/python3.6/site-packages/airflow/example_dags/example_branch_operator.py
[2021-03-09 19:53:08,905] {scheduler_job.py:629} INFO - Processing file /home/airflow/.local/lib/python3.6/site-packages/airflow/example_dags/example_branch_operator.py for tasks to queue
[2021-03-09 19:53:08,906] {logging_mixin.py:104} INFO - [2021-03-09 19:53:08,906] {dagbag.py:448} INFO - Filling up the DagBag from /home/airflow/.local/lib/python3.6/site-packages/airflow/example_dags/example_branch_operator.py
[2021-03-09 19:53:08,925] {scheduler_job.py:639} INFO - DAG(s) dict_keys(['example_branch_operator']) retrieved from /home/airflow/.local/lib/python3.6/site-packages/airflow/example_dags/example_branch_operator.py
[2021-03-09 19:53:08,951] {logging_mixin.py:104} INFO - [2021-03-09 19:53:08,951] {dag.py:1818} INFO - Sync 1 DAGs
[2021-03-09 19:53:08,977] {logging_mixin.py:104} INFO - [2021-03-09 19:53:08,977] {dag.py:2273} INFO - Setting next_dagrun for example_branch_operator to 2021-03-07 00:00:00+00:00
[2021-03-09 19:53:08,991] {scheduler_job.py:190} INFO - Processing /home/airflow/.local/lib/python3.6/site-packages/airflow/example_dags/example_branch_operator.py took 0.091 seconds
[2021-03-09 19:53:39,591] {scheduler_job.py:182} INFO - Started process (PID=178) to work on /home/airflow/.local/lib/python3.6/site-packages/airflow/example_dags/example_branch_operator.py
[2021-03-09 19:53:39,592] {scheduler_job.py:629} INFO - Processing file /home/airflow/.local/lib/python3.6/site-packages/airflow/example_dags/example_branch_operator.py for tasks to queue
[2021-03-09 19:53:39,593] {logging_mixin.py:104} INFO - [2021-03-09 19:53:39,593] {dagbag.py:448} INFO - Filling up the DagBag from /home/airflow/.local/lib/python3.6/site-packages/airflow/example_dags/example_branch_operator.py
[2021-03-09 19:53:39,611] {scheduler_job.py:639} INFO - DAG(s) dict_keys(['example_branch_operator']) retrieved from /home/airflow/.local/lib/python3.6/site-packages/airflow/example_dags/example_branch_operator.py
[2021-03-09 19:53:39,637] {logging_mixin.py:104} INFO - [2021-03-09 19:53:39,637] {dag.py:1818} INFO - Sync 1 DAGs
[2021-03-09 19:53:39,663] {logging_mixin.py:104} INFO - [2021-03-09 19:53:39,663] {dag.py:2273} INFO - Setting next_dagrun for example_branch_operator to 2021-03-07 00:00:00+00:00
[2021-03-09 19:53:39,674] {scheduler_job.py:190} INFO - Processing /home/airflow/.local/lib/python3.6/site-packages/airflow/example_dags/example_branch_operator.py took 0.087 seconds
[2021-03-09 19:54:10,198] {scheduler_job.py:182} INFO - Started process (PID=206) to work on /home/airflow/.local/lib/python3.6/site-packages/airflow/example_dags/example_branch_operator.py
[2021-03-09 19:54:10,200] {scheduler_job.py:629} INFO - Processing file /home/airflow/.local/lib/python3.6/site-packages/airflow/example_dags/example_branch_operator.py for tasks to queue
[2021-03-09 19:54:10,201] {logging_mixin.py:104} INFO - [2021-03-09 19:54:10,201] {dagbag.py:448} INFO - Filling up the DagBag from /home/airflow/.local/lib/python3.6/site-packages/airflow/example_dags/example_branch_operator.py
[2021-03-09 19:54:10,229] {scheduler_job.py:639} INFO - DAG(s) dict_keys(['example_branch_operator']) retrieved from /home/airflow/.local/lib/python3.6/site-packages/airflow/example_dags/example_branch_operator.py
[2021-03-09 19:54:10,266] {logging_mixin.py:104} INFO - [2021-03-09 19:54:10,264] {dag.py:1818} INFO - Sync 1 DAGs
[2021-03-09 19:54:10,306] {logging_mixin.py:104} INFO - [2021-03-09 19:54:10,306] {dag.py:2273} INFO - Setting next_dagrun for example_branch_operator to 2021-03-07 00:00:00+00:00
[2021-03-09 19:54:10,333] {scheduler_job.py:190} INFO - Processing /home/airflow/.local/lib/python3.6/site-packages/airflow/example_dags/example_branch_operator.py took 0.139 seconds
[2021-03-09 19:54:40,859] {scheduler_job.py:182} INFO - Started process (PID=234) to work on /home/airflow/.local/lib/python3.6/site-packages/airflow/example_dags/example_branch_operator.py
[2021-03-09 19:54:40,862] {scheduler_job.py:629} INFO - Processing file /home/airflow/.local/lib/python3.6/site-packages/airflow/example_dags/example_branch_operator.py for tasks to queue
[2021-03-09 19:54:40,864] {logging_mixin.py:104} INFO - [2021-03-09 19:54:40,863] {dagbag.py:448} INFO - Filling up the DagBag from /home/airflow/.local/lib/python3.6/site-packages/airflow/example_dags/example_branch_operator.py
[2021-03-09 19:54:40,889] {scheduler_job.py:639} INFO - DAG(s) dict_keys(['example_branch_operator']) retrieved from /home/airflow/.local/lib/python3.6/site-packages/airflow/example_dags/example_branch_operator.py
[2021-03-09 19:54:40,925] {logging_mixin.py:104} INFO - [2021-03-09 19:54:40,925] {dag.py:1818} INFO - Sync 1 DAGs
[2021-03-09 19:54:40,968] {logging_mixin.py:104} INFO - [2021-03-09 19:54:40,968] {dag.py:2273} INFO - Setting next_dagrun for example_branch_operator to 2021-03-07 00:00:00+00:00
[2021-03-09 19:54:40,981] {scheduler_job.py:190} INFO - Processing /home/airflow/.local/lib/python3.6/site-packages/airflow/example_dags/example_branch_operator.py took 0.127 seconds
[2021-03-09 19:55:11,626] {scheduler_job.py:182} INFO - Started process (PID=262) to work on /home/airflow/.local/lib/python3.6/site-packages/airflow/example_dags/example_branch_operator.py
[2021-03-09 19:55:11,628] {scheduler_job.py:629} INFO - Processing file /home/airflow/.local/lib/python3.6/site-packages/airflow/example_dags/example_branch_operator.py for tasks to queue
[2021-03-09 19:55:11,630] {logging_mixin.py:104} INFO - [2021-03-09 19:55:11,630] {dagbag.py:448} INFO - Filling up the DagBag from /home/airflow/.local/lib/python3.6/site-packages/airflow/example_dags/example_branch_operator.py
[2021-03-09 19:55:11,663] {scheduler_job.py:639} INFO - DAG(s) dict_keys(['example_branch_operator']) retrieved from /home/airflow/.local/lib/python3.6/site-packages/airflow/example_dags/example_branch_operator.py
[2021-03-09 19:55:11,724] {logging_mixin.py:104} INFO - [2021-03-09 19:55:11,723] {dag.py:1818} INFO - Sync 1 DAGs
[2021-03-09 19:55:11,768] {logging_mixin.py:104} INFO - [2021-03-09 19:55:11,768] {dag.py:2273} INFO - Setting next_dagrun for example_branch_operator to 2021-03-07 00:00:00+00:00
[2021-03-09 19:55:11,789] {scheduler_job.py:190} INFO - Processing /home/airflow/.local/lib/python3.6/site-packages/airflow/example_dags/example_branch_operator.py took 0.168 seconds
[2021-03-09 19:57:55,869] {scheduler_job.py:182} INFO - Started process (PID=32) to work on /home/airflow/.local/lib/python3.6/site-packages/airflow/example_dags/example_branch_operator.py
[2021-03-09 19:57:55,871] {scheduler_job.py:629} INFO - Processing file /home/airflow/.local/lib/python3.6/site-packages/airflow/example_dags/example_branch_operator.py for tasks to queue
[2021-03-09 19:57:55,872] {logging_mixin.py:104} INFO - [2021-03-09 19:57:55,872] {dagbag.py:448} INFO - Filling up the DagBag from /home/airflow/.local/lib/python3.6/site-packages/airflow/example_dags/example_branch_operator.py
[2021-03-09 19:57:55,894] {scheduler_job.py:639} INFO - DAG(s) dict_keys(['example_branch_operator']) retrieved from /home/airflow/.local/lib/python3.6/site-packages/airflow/example_dags/example_branch_operator.py
[2021-03-09 19:57:55,926] {logging_mixin.py:104} INFO - [2021-03-09 19:57:55,926] {dag.py:1818} INFO - Sync 1 DAGs
[2021-03-09 19:57:55,937] {logging_mixin.py:104} INFO - [2021-03-09 19:57:55,937] {dag.py:1837} INFO - Creating ORM DAG for example_branch_operator
[2021-03-09 19:57:55,952] {logging_mixin.py:104} INFO - [2021-03-09 19:57:55,952] {dag.py:2273} INFO - Setting next_dagrun for example_branch_operator to 2021-03-07 00:00:00+00:00
[2021-03-09 19:57:55,974] {scheduler_job.py:190} INFO - Processing /home/airflow/.local/lib/python3.6/site-packages/airflow/example_dags/example_branch_operator.py took 0.109 seconds
[2021-03-09 19:58:26,553] {scheduler_job.py:182} INFO - Started process (PID=60) to work on /home/airflow/.local/lib/python3.6/site-packages/airflow/example_dags/example_branch_operator.py
[2021-03-09 19:58:26,555] {scheduler_job.py:629} INFO - Processing file /home/airflow/.local/lib/python3.6/site-packages/airflow/example_dags/example_branch_operator.py for tasks to queue
[2021-03-09 19:58:26,556] {logging_mixin.py:104} INFO - [2021-03-09 19:58:26,556] {dagbag.py:448} INFO - Filling up the DagBag from /home/airflow/.local/lib/python3.6/site-packages/airflow/example_dags/example_branch_operator.py
[2021-03-09 19:58:26,577] {scheduler_job.py:639} INFO - DAG(s) dict_keys(['example_branch_operator']) retrieved from /home/airflow/.local/lib/python3.6/site-packages/airflow/example_dags/example_branch_operator.py
[2021-03-09 19:58:26,600] {logging_mixin.py:104} INFO - [2021-03-09 19:58:26,600] {dag.py:1818} INFO - Sync 1 DAGs
[2021-03-09 19:58:26,625] {logging_mixin.py:104} INFO - [2021-03-09 19:58:26,625] {dag.py:2273} INFO - Setting next_dagrun for example_branch_operator to 2021-03-07 00:00:00+00:00
[2021-03-09 19:58:26,635] {scheduler_job.py:190} INFO - Processing /home/airflow/.local/lib/python3.6/site-packages/airflow/example_dags/example_branch_operator.py took 0.086 seconds
[2021-03-09 19:58:56,793] {scheduler_job.py:182} INFO - Started process (PID=87) to work on /home/airflow/.local/lib/python3.6/site-packages/airflow/example_dags/example_branch_operator.py
[2021-03-09 19:58:56,795] {scheduler_job.py:629} INFO - Processing file /home/airflow/.local/lib/python3.6/site-packages/airflow/example_dags/example_branch_operator.py for tasks to queue
[2021-03-09 19:58:56,796] {logging_mixin.py:104} INFO - [2021-03-09 19:58:56,796] {dagbag.py:448} INFO - Filling up the DagBag from /home/airflow/.local/lib/python3.6/site-packages/airflow/example_dags/example_branch_operator.py
[2021-03-09 19:58:56,815] {scheduler_job.py:639} INFO - DAG(s) dict_keys(['example_branch_operator']) retrieved from /home/airflow/.local/lib/python3.6/site-packages/airflow/example_dags/example_branch_operator.py
[2021-03-09 19:58:56,840] {logging_mixin.py:104} INFO - [2021-03-09 19:58:56,840] {dag.py:1818} INFO - Sync 1 DAGs
[2021-03-09 19:58:56,865] {logging_mixin.py:104} INFO - [2021-03-09 19:58:56,865] {dag.py:2273} INFO - Setting next_dagrun for example_branch_operator to 2021-03-07 00:00:00+00:00
[2021-03-09 19:58:56,876] {scheduler_job.py:190} INFO - Processing /home/airflow/.local/lib/python3.6/site-packages/airflow/example_dags/example_branch_operator.py took 0.089 seconds
[2021-03-09 19:59:27,250] {scheduler_job.py:182} INFO - Started process (PID=115) to work on /home/airflow/.local/lib/python3.6/site-packages/airflow/example_dags/example_branch_operator.py
[2021-03-09 19:59:27,252] {scheduler_job.py:629} INFO - Processing file /home/airflow/.local/lib/python3.6/site-packages/airflow/example_dags/example_branch_operator.py for tasks to queue
[2021-03-09 19:59:27,253] {logging_mixin.py:104} INFO - [2021-03-09 19:59:27,253] {dagbag.py:448} INFO - Filling up the DagBag from /home/airflow/.local/lib/python3.6/site-packages/airflow/example_dags/example_branch_operator.py
[2021-03-09 19:59:27,273] {scheduler_job.py:639} INFO - DAG(s) dict_keys(['example_branch_operator']) retrieved from /home/airflow/.local/lib/python3.6/site-packages/airflow/example_dags/example_branch_operator.py
[2021-03-09 19:59:27,299] {logging_mixin.py:104} INFO - [2021-03-09 19:59:27,299] {dag.py:1818} INFO - Sync 1 DAGs
[2021-03-09 19:59:27,325] {logging_mixin.py:104} INFO - [2021-03-09 19:59:27,325] {dag.py:2273} INFO - Setting next_dagrun for example_branch_operator to 2021-03-07 00:00:00+00:00
[2021-03-09 19:59:27,335] {scheduler_job.py:190} INFO - Processing /home/airflow/.local/lib/python3.6/site-packages/airflow/example_dags/example_branch_operator.py took 0.090 seconds
[2021-03-09 19:59:57,573] {scheduler_job.py:182} INFO - Started process (PID=144) to work on /home/airflow/.local/lib/python3.6/site-packages/airflow/example_dags/example_branch_operator.py
[2021-03-09 19:59:57,575] {scheduler_job.py:629} INFO - Processing file /home/airflow/.local/lib/python3.6/site-packages/airflow/example_dags/example_branch_operator.py for tasks to queue
[2021-03-09 19:59:57,576] {logging_mixin.py:104} INFO - [2021-03-09 19:59:57,576] {dagbag.py:448} INFO - Filling up the DagBag from /home/airflow/.local/lib/python3.6/site-packages/airflow/example_dags/example_branch_operator.py
[2021-03-09 19:59:57,598] {scheduler_job.py:639} INFO - DAG(s) dict_keys(['example_branch_operator']) retrieved from /home/airflow/.local/lib/python3.6/site-packages/airflow/example_dags/example_branch_operator.py
[2021-03-09 19:59:57,624] {logging_mixin.py:104} INFO - [2021-03-09 19:59:57,624] {dag.py:1818} INFO - Sync 1 DAGs
[2021-03-09 19:59:57,653] {logging_mixin.py:104} INFO - [2021-03-09 19:59:57,653] {dag.py:2273} INFO - Setting next_dagrun for example_branch_operator to 2021-03-07 00:00:00+00:00
[2021-03-09 19:59:57,664] {scheduler_job.py:190} INFO - Processing /home/airflow/.local/lib/python3.6/site-packages/airflow/example_dags/example_branch_operator.py took 0.095 seconds
[2021-03-09 20:00:28,081] {scheduler_job.py:182} INFO - Started process (PID=172) to work on /home/airflow/.local/lib/python3.6/site-packages/airflow/example_dags/example_branch_operator.py
[2021-03-09 20:00:28,084] {scheduler_job.py:629} INFO - Processing file /home/airflow/.local/lib/python3.6/site-packages/airflow/example_dags/example_branch_operator.py for tasks to queue
[2021-03-09 20:00:28,084] {logging_mixin.py:104} INFO - [2021-03-09 20:00:28,084] {dagbag.py:448} INFO - Filling up the DagBag from /home/airflow/.local/lib/python3.6/site-packages/airflow/example_dags/example_branch_operator.py
[2021-03-09 20:00:28,104] {scheduler_job.py:639} INFO - DAG(s) dict_keys(['example_branch_operator']) retrieved from /home/airflow/.local/lib/python3.6/site-packages/airflow/example_dags/example_branch_operator.py
[2021-03-09 20:00:28,129] {logging_mixin.py:104} INFO - [2021-03-09 20:00:28,129] {dag.py:1818} INFO - Sync 1 DAGs
[2021-03-09 20:00:28,157] {logging_mixin.py:104} INFO - [2021-03-09 20:00:28,157] {dag.py:2273} INFO - Setting next_dagrun for example_branch_operator to 2021-03-07 00:00:00+00:00
[2021-03-09 20:00:28,167] {scheduler_job.py:190} INFO - Processing /home/airflow/.local/lib/python3.6/site-packages/airflow/example_dags/example_branch_operator.py took 0.089 seconds
[2021-03-09 20:00:58,571] {scheduler_job.py:182} INFO - Started process (PID=200) to work on /home/airflow/.local/lib/python3.6/site-packages/airflow/example_dags/example_branch_operator.py
[2021-03-09 20:00:58,574] {scheduler_job.py:629} INFO - Processing file /home/airflow/.local/lib/python3.6/site-packages/airflow/example_dags/example_branch_operator.py for tasks to queue
[2021-03-09 20:00:58,576] {logging_mixin.py:104} INFO - [2021-03-09 20:00:58,575] {dagbag.py:448} INFO - Filling up the DagBag from /home/airflow/.local/lib/python3.6/site-packages/airflow/example_dags/example_branch_operator.py
[2021-03-09 20:00:58,598] {scheduler_job.py:639} INFO - DAG(s) dict_keys(['example_branch_operator']) retrieved from /home/airflow/.local/lib/python3.6/site-packages/airflow/example_dags/example_branch_operator.py
[2021-03-09 20:00:58,632] {logging_mixin.py:104} INFO - [2021-03-09 20:00:58,632] {dag.py:1818} INFO - Sync 1 DAGs
[2021-03-09 20:00:58,664] {logging_mixin.py:104} INFO - [2021-03-09 20:00:58,664] {dag.py:2273} INFO - Setting next_dagrun for example_branch_operator to 2021-03-07 00:00:00+00:00
[2021-03-09 20:00:58,680] {scheduler_job.py:190} INFO - Processing /home/airflow/.local/lib/python3.6/site-packages/airflow/example_dags/example_branch_operator.py took 0.115 seconds
[2021-03-09 20:01:29,048] {scheduler_job.py:182} INFO - Started process (PID=228) to work on /home/airflow/.local/lib/python3.6/site-packages/airflow/example_dags/example_branch_operator.py
[2021-03-09 20:01:29,049] {scheduler_job.py:629} INFO - Processing file /home/airflow/.local/lib/python3.6/site-packages/airflow/example_dags/example_branch_operator.py for tasks to queue
[2021-03-09 20:01:29,050] {logging_mixin.py:104} INFO - [2021-03-09 20:01:29,050] {dagbag.py:448} INFO - Filling up the DagBag from /home/airflow/.local/lib/python3.6/site-packages/airflow/example_dags/example_branch_operator.py
[2021-03-09 20:01:29,080] {scheduler_job.py:639} INFO - DAG(s) dict_keys(['example_branch_operator']) retrieved from /home/airflow/.local/lib/python3.6/site-packages/airflow/example_dags/example_branch_operator.py
[2021-03-09 20:01:29,121] {logging_mixin.py:104} INFO - [2021-03-09 20:01:29,121] {dag.py:1818} INFO - Sync 1 DAGs
[2021-03-09 20:01:29,158] {logging_mixin.py:104} INFO - [2021-03-09 20:01:29,158] {dag.py:2273} INFO - Setting next_dagrun for example_branch_operator to 2021-03-07 00:00:00+00:00
[2021-03-09 20:01:29,171] {scheduler_job.py:190} INFO - Processing /home/airflow/.local/lib/python3.6/site-packages/airflow/example_dags/example_branch_operator.py took 0.126 seconds
[2021-03-09 20:01:59,691] {scheduler_job.py:182} INFO - Started process (PID=257) to work on /home/airflow/.local/lib/python3.6/site-packages/airflow/example_dags/example_branch_operator.py
[2021-03-09 20:01:59,692] {scheduler_job.py:629} INFO - Processing file /home/airflow/.local/lib/python3.6/site-packages/airflow/example_dags/example_branch_operator.py for tasks to queue
[2021-03-09 20:01:59,693] {logging_mixin.py:104} INFO - [2021-03-09 20:01:59,693] {dagbag.py:448} INFO - Filling up the DagBag from /home/airflow/.local/lib/python3.6/site-packages/airflow/example_dags/example_branch_operator.py
[2021-03-09 20:01:59,716] {scheduler_job.py:639} INFO - DAG(s) dict_keys(['example_branch_operator']) retrieved from /home/airflow/.local/lib/python3.6/site-packages/airflow/example_dags/example_branch_operator.py
[2021-03-09 20:01:59,746] {logging_mixin.py:104} INFO - [2021-03-09 20:01:59,745] {dag.py:1818} INFO - Sync 1 DAGs
[2021-03-09 20:01:59,771] {logging_mixin.py:104} INFO - [2021-03-09 20:01:59,771] {dag.py:2273} INFO - Setting next_dagrun for example_branch_operator to 2021-03-07 00:00:00+00:00
[2021-03-09 20:01:59,784] {scheduler_job.py:190} INFO - Processing /home/airflow/.local/lib/python3.6/site-packages/airflow/example_dags/example_branch_operator.py took 0.097 seconds
[2021-03-09 20:02:30,782] {scheduler_job.py:182} INFO - Started process (PID=289) to work on /home/airflow/.local/lib/python3.6/site-packages/airflow/example_dags/example_branch_operator.py
[2021-03-09 20:02:30,783] {scheduler_job.py:629} INFO - Processing file /home/airflow/.local/lib/python3.6/site-packages/airflow/example_dags/example_branch_operator.py for tasks to queue
[2021-03-09 20:02:30,784] {logging_mixin.py:104} INFO - [2021-03-09 20:02:30,784] {dagbag.py:448} INFO - Filling up the DagBag from /home/airflow/.local/lib/python3.6/site-packages/airflow/example_dags/example_branch_operator.py
[2021-03-09 20:02:30,807] {scheduler_job.py:639} INFO - DAG(s) dict_keys(['example_branch_operator']) retrieved from /home/airflow/.local/lib/python3.6/site-packages/airflow/example_dags/example_branch_operator.py
[2021-03-09 20:02:30,841] {logging_mixin.py:104} INFO - [2021-03-09 20:02:30,841] {dag.py:1818} INFO - Sync 1 DAGs
[2021-03-09 20:02:30,880] {logging_mixin.py:104} INFO - [2021-03-09 20:02:30,879] {dag.py:2273} INFO - Setting next_dagrun for example_branch_operator to 2021-03-07 00:00:00+00:00
[2021-03-09 20:02:30,892] {scheduler_job.py:190} INFO - Processing /home/airflow/.local/lib/python3.6/site-packages/airflow/example_dags/example_branch_operator.py took 0.115 seconds
[2021-03-09 20:03:01,542] {scheduler_job.py:182} INFO - Started process (PID=317) to work on /home/airflow/.local/lib/python3.6/site-packages/airflow/example_dags/example_branch_operator.py
[2021-03-09 20:03:01,544] {scheduler_job.py:629} INFO - Processing file /home/airflow/.local/lib/python3.6/site-packages/airflow/example_dags/example_branch_operator.py for tasks to queue
[2021-03-09 20:03:01,544] {logging_mixin.py:104} INFO - [2021-03-09 20:03:01,544] {dagbag.py:448} INFO - Filling up the DagBag from /home/airflow/.local/lib/python3.6/site-packages/airflow/example_dags/example_branch_operator.py
[2021-03-09 20:03:01,561] {scheduler_job.py:639} INFO - DAG(s) dict_keys(['example_branch_operator']) retrieved from /home/airflow/.local/lib/python3.6/site-packages/airflow/example_dags/example_branch_operator.py
[2021-03-09 20:03:01,587] {logging_mixin.py:104} INFO - [2021-03-09 20:03:01,587] {dag.py:1818} INFO - Sync 1 DAGs
[2021-03-09 20:03:01,617] {logging_mixin.py:104} INFO - [2021-03-09 20:03:01,616] {dag.py:2273} INFO - Setting next_dagrun for example_branch_operator to 2021-03-07 00:00:00+00:00
[2021-03-09 20:03:01,627] {scheduler_job.py:190} INFO - Processing /home/airflow/.local/lib/python3.6/site-packages/airflow/example_dags/example_branch_operator.py took 0.089 seconds
[2021-03-09 20:03:31,974] {scheduler_job.py:182} INFO - Started process (PID=344) to work on /home/airflow/.local/lib/python3.6/site-packages/airflow/example_dags/example_branch_operator.py
[2021-03-09 20:03:31,975] {scheduler_job.py:629} INFO - Processing file /home/airflow/.local/lib/python3.6/site-packages/airflow/example_dags/example_branch_operator.py for tasks to queue
[2021-03-09 20:03:31,976] {logging_mixin.py:104} INFO - [2021-03-09 20:03:31,976] {dagbag.py:448} INFO - Filling up the DagBag from /home/airflow/.local/lib/python3.6/site-packages/airflow/example_dags/example_branch_operator.py
[2021-03-09 20:03:31,995] {scheduler_job.py:639} INFO - DAG(s) dict_keys(['example_branch_operator']) retrieved from /home/airflow/.local/lib/python3.6/site-packages/airflow/example_dags/example_branch_operator.py
[2021-03-09 20:03:32,018] {logging_mixin.py:104} INFO - [2021-03-09 20:03:32,018] {dag.py:1818} INFO - Sync 1 DAGs
[2021-03-09 20:03:32,045] {logging_mixin.py:104} INFO - [2021-03-09 20:03:32,045] {dag.py:2273} INFO - Setting next_dagrun for example_branch_operator to 2021-03-07 00:00:00+00:00
[2021-03-09 20:03:32,056] {scheduler_job.py:190} INFO - Processing /home/airflow/.local/lib/python3.6/site-packages/airflow/example_dags/example_branch_operator.py took 0.087 seconds
[2021-03-09 20:04:02,605] {scheduler_job.py:182} INFO - Started process (PID=372) to work on /home/airflow/.local/lib/python3.6/site-packages/airflow/example_dags/example_branch_operator.py
[2021-03-09 20:04:02,607] {scheduler_job.py:629} INFO - Processing file /home/airflow/.local/lib/python3.6/site-packages/airflow/example_dags/example_branch_operator.py for tasks to queue
[2021-03-09 20:04:02,608] {logging_mixin.py:104} INFO - [2021-03-09 20:04:02,608] {dagbag.py:448} INFO - Filling up the DagBag from /home/airflow/.local/lib/python3.6/site-packages/airflow/example_dags/example_branch_operator.py
[2021-03-09 20:04:02,629] {scheduler_job.py:639} INFO - DAG(s) dict_keys(['example_branch_operator']) retrieved from /home/airflow/.local/lib/python3.6/site-packages/airflow/example_dags/example_branch_operator.py
[2021-03-09 20:04:02,650] {logging_mixin.py:104} INFO - [2021-03-09 20:04:02,650] {dag.py:1818} INFO - Sync 1 DAGs
[2021-03-09 20:04:02,676] {logging_mixin.py:104} INFO - [2021-03-09 20:04:02,676] {dag.py:2273} INFO - Setting next_dagrun for example_branch_operator to 2021-03-07 00:00:00+00:00
[2021-03-09 20:04:02,686] {scheduler_job.py:190} INFO - Processing /home/airflow/.local/lib/python3.6/site-packages/airflow/example_dags/example_branch_operator.py took 0.087 seconds
[2021-03-09 20:04:33,428] {scheduler_job.py:182} INFO - Started process (PID=404) to work on /home/airflow/.local/lib/python3.6/site-packages/airflow/example_dags/example_branch_operator.py
[2021-03-09 20:04:33,430] {scheduler_job.py:629} INFO - Processing file /home/airflow/.local/lib/python3.6/site-packages/airflow/example_dags/example_branch_operator.py for tasks to queue
[2021-03-09 20:04:33,431] {logging_mixin.py:104} INFO - [2021-03-09 20:04:33,431] {dagbag.py:448} INFO - Filling up the DagBag from /home/airflow/.local/lib/python3.6/site-packages/airflow/example_dags/example_branch_operator.py
[2021-03-09 20:04:33,455] {scheduler_job.py:639} INFO - DAG(s) dict_keys(['example_branch_operator']) retrieved from /home/airflow/.local/lib/python3.6/site-packages/airflow/example_dags/example_branch_operator.py
[2021-03-09 20:04:33,482] {logging_mixin.py:104} INFO - [2021-03-09 20:04:33,482] {dag.py:1818} INFO - Sync 1 DAGs
[2021-03-09 20:04:33,510] {logging_mixin.py:104} INFO - [2021-03-09 20:04:33,510] {dag.py:2273} INFO - Setting next_dagrun for example_branch_operator to 2021-03-07 00:00:00+00:00
[2021-03-09 20:04:33,520] {scheduler_job.py:190} INFO - Processing /home/airflow/.local/lib/python3.6/site-packages/airflow/example_dags/example_branch_operator.py took 0.098 seconds
[2021-03-09 20:05:04,158] {scheduler_job.py:182} INFO - Started process (PID=431) to work on /home/airflow/.local/lib/python3.6/site-packages/airflow/example_dags/example_branch_operator.py
[2021-03-09 20:05:04,161] {scheduler_job.py:629} INFO - Processing file /home/airflow/.local/lib/python3.6/site-packages/airflow/example_dags/example_branch_operator.py for tasks to queue
[2021-03-09 20:05:04,162] {logging_mixin.py:104} INFO - [2021-03-09 20:05:04,162] {dagbag.py:448} INFO - Filling up the DagBag from /home/airflow/.local/lib/python3.6/site-packages/airflow/example_dags/example_branch_operator.py
[2021-03-09 20:05:04,192] {scheduler_job.py:639} INFO - DAG(s) dict_keys(['example_branch_operator']) retrieved from /home/airflow/.local/lib/python3.6/site-packages/airflow/example_dags/example_branch_operator.py
[2021-03-09 20:05:04,234] {logging_mixin.py:104} INFO - [2021-03-09 20:05:04,234] {dag.py:1818} INFO - Sync 1 DAGs
[2021-03-09 20:05:04,277] {logging_mixin.py:104} INFO - [2021-03-09 20:05:04,277] {dag.py:2273} INFO - Setting next_dagrun for example_branch_operator to 2021-03-07 00:00:00+00:00
[2021-03-09 20:05:04,290] {scheduler_job.py:190} INFO - Processing /home/airflow/.local/lib/python3.6/site-packages/airflow/example_dags/example_branch_operator.py took 0.139 seconds
[2021-03-09 20:05:35,066] {scheduler_job.py:182} INFO - Started process (PID=459) to work on /home/airflow/.local/lib/python3.6/site-packages/airflow/example_dags/example_branch_operator.py
[2021-03-09 20:05:35,068] {scheduler_job.py:629} INFO - Processing file /home/airflow/.local/lib/python3.6/site-packages/airflow/example_dags/example_branch_operator.py for tasks to queue
[2021-03-09 20:05:35,068] {logging_mixin.py:104} INFO - [2021-03-09 20:05:35,068] {dagbag.py:448} INFO - Filling up the DagBag from /home/airflow/.local/lib/python3.6/site-packages/airflow/example_dags/example_branch_operator.py
[2021-03-09 20:05:35,086] {scheduler_job.py:639} INFO - DAG(s) dict_keys(['example_branch_operator']) retrieved from /home/airflow/.local/lib/python3.6/site-packages/airflow/example_dags/example_branch_operator.py
[2021-03-09 20:05:35,113] {logging_mixin.py:104} INFO - [2021-03-09 20:05:35,112] {dag.py:1818} INFO - Sync 1 DAGs
[2021-03-09 20:05:35,142] {logging_mixin.py:104} INFO - [2021-03-09 20:05:35,142] {dag.py:2273} INFO - Setting next_dagrun for example_branch_operator to 2021-03-07 00:00:00+00:00
[2021-03-09 20:05:35,152] {scheduler_job.py:190} INFO - Processing /home/airflow/.local/lib/python3.6/site-packages/airflow/example_dags/example_branch_operator.py took 0.090 seconds
