[2021-03-09 19:51:06,098] {scheduler_job.py:182} INFO - Started process (PID=33) to work on /home/airflow/.local/lib/python3.6/site-packages/airflow/example_dags/example_nested_branch_dag.py
[2021-03-09 19:51:06,100] {scheduler_job.py:629} INFO - Processing file /home/airflow/.local/lib/python3.6/site-packages/airflow/example_dags/example_nested_branch_dag.py for tasks to queue
[2021-03-09 19:51:06,102] {logging_mixin.py:104} INFO - [2021-03-09 19:51:06,101] {dagbag.py:448} INFO - Filling up the DagBag from /home/airflow/.local/lib/python3.6/site-packages/airflow/example_dags/example_nested_branch_dag.py
[2021-03-09 19:51:06,130] {scheduler_job.py:639} INFO - DAG(s) dict_keys(['example_nested_branch_dag']) retrieved from /home/airflow/.local/lib/python3.6/site-packages/airflow/example_dags/example_nested_branch_dag.py
[2021-03-09 19:51:06,170] {logging_mixin.py:104} INFO - [2021-03-09 19:51:06,170] {dag.py:1818} INFO - Sync 1 DAGs
[2021-03-09 19:51:06,189] {logging_mixin.py:104} INFO - [2021-03-09 19:51:06,188] {dag.py:1837} INFO - Creating ORM DAG for example_nested_branch_dag
[2021-03-09 19:51:06,209] {logging_mixin.py:104} INFO - [2021-03-09 19:51:06,209] {dag.py:2273} INFO - Setting next_dagrun for example_nested_branch_dag to 2021-03-07 00:00:00+00:00
[2021-03-09 19:51:06,232] {scheduler_job.py:190} INFO - Processing /home/airflow/.local/lib/python3.6/site-packages/airflow/example_dags/example_nested_branch_dag.py took 0.139 seconds
[2021-03-09 19:51:36,443] {scheduler_job.py:182} INFO - Started process (PID=61) to work on /home/airflow/.local/lib/python3.6/site-packages/airflow/example_dags/example_nested_branch_dag.py
[2021-03-09 19:51:36,445] {scheduler_job.py:629} INFO - Processing file /home/airflow/.local/lib/python3.6/site-packages/airflow/example_dags/example_nested_branch_dag.py for tasks to queue
[2021-03-09 19:51:36,446] {logging_mixin.py:104} INFO - [2021-03-09 19:51:36,446] {dagbag.py:448} INFO - Filling up the DagBag from /home/airflow/.local/lib/python3.6/site-packages/airflow/example_dags/example_nested_branch_dag.py
[2021-03-09 19:51:36,467] {scheduler_job.py:639} INFO - DAG(s) dict_keys(['example_nested_branch_dag']) retrieved from /home/airflow/.local/lib/python3.6/site-packages/airflow/example_dags/example_nested_branch_dag.py
[2021-03-09 19:51:36,496] {logging_mixin.py:104} INFO - [2021-03-09 19:51:36,496] {dag.py:1818} INFO - Sync 1 DAGs
[2021-03-09 19:51:36,523] {logging_mixin.py:104} INFO - [2021-03-09 19:51:36,523] {dag.py:2273} INFO - Setting next_dagrun for example_nested_branch_dag to 2021-03-07 00:00:00+00:00
[2021-03-09 19:51:36,533] {scheduler_job.py:190} INFO - Processing /home/airflow/.local/lib/python3.6/site-packages/airflow/example_dags/example_nested_branch_dag.py took 0.093 seconds
[2021-03-09 19:52:07,349] {scheduler_job.py:182} INFO - Started process (PID=89) to work on /home/airflow/.local/lib/python3.6/site-packages/airflow/example_dags/example_nested_branch_dag.py
[2021-03-09 19:52:07,351] {scheduler_job.py:629} INFO - Processing file /home/airflow/.local/lib/python3.6/site-packages/airflow/example_dags/example_nested_branch_dag.py for tasks to queue
[2021-03-09 19:52:07,352] {logging_mixin.py:104} INFO - [2021-03-09 19:52:07,352] {dagbag.py:448} INFO - Filling up the DagBag from /home/airflow/.local/lib/python3.6/site-packages/airflow/example_dags/example_nested_branch_dag.py
[2021-03-09 19:52:07,371] {scheduler_job.py:639} INFO - DAG(s) dict_keys(['example_nested_branch_dag']) retrieved from /home/airflow/.local/lib/python3.6/site-packages/airflow/example_dags/example_nested_branch_dag.py
[2021-03-09 19:52:07,397] {logging_mixin.py:104} INFO - [2021-03-09 19:52:07,397] {dag.py:1818} INFO - Sync 1 DAGs
[2021-03-09 19:52:07,421] {logging_mixin.py:104} INFO - [2021-03-09 19:52:07,421] {dag.py:2273} INFO - Setting next_dagrun for example_nested_branch_dag to 2021-03-07 00:00:00+00:00
[2021-03-09 19:52:07,432] {scheduler_job.py:190} INFO - Processing /home/airflow/.local/lib/python3.6/site-packages/airflow/example_dags/example_nested_branch_dag.py took 0.088 seconds
[2021-03-09 19:52:38,139] {scheduler_job.py:182} INFO - Started process (PID=117) to work on /home/airflow/.local/lib/python3.6/site-packages/airflow/example_dags/example_nested_branch_dag.py
[2021-03-09 19:52:38,140] {scheduler_job.py:629} INFO - Processing file /home/airflow/.local/lib/python3.6/site-packages/airflow/example_dags/example_nested_branch_dag.py for tasks to queue
[2021-03-09 19:52:38,141] {logging_mixin.py:104} INFO - [2021-03-09 19:52:38,141] {dagbag.py:448} INFO - Filling up the DagBag from /home/airflow/.local/lib/python3.6/site-packages/airflow/example_dags/example_nested_branch_dag.py
[2021-03-09 19:52:38,163] {scheduler_job.py:639} INFO - DAG(s) dict_keys(['example_nested_branch_dag']) retrieved from /home/airflow/.local/lib/python3.6/site-packages/airflow/example_dags/example_nested_branch_dag.py
[2021-03-09 19:52:38,188] {logging_mixin.py:104} INFO - [2021-03-09 19:52:38,188] {dag.py:1818} INFO - Sync 1 DAGs
[2021-03-09 19:52:38,214] {logging_mixin.py:104} INFO - [2021-03-09 19:52:38,214] {dag.py:2273} INFO - Setting next_dagrun for example_nested_branch_dag to 2021-03-07 00:00:00+00:00
[2021-03-09 19:52:38,225] {scheduler_job.py:190} INFO - Processing /home/airflow/.local/lib/python3.6/site-packages/airflow/example_dags/example_nested_branch_dag.py took 0.091 seconds
[2021-03-09 19:53:08,686] {scheduler_job.py:182} INFO - Started process (PID=145) to work on /home/airflow/.local/lib/python3.6/site-packages/airflow/example_dags/example_nested_branch_dag.py
[2021-03-09 19:53:08,687] {scheduler_job.py:629} INFO - Processing file /home/airflow/.local/lib/python3.6/site-packages/airflow/example_dags/example_nested_branch_dag.py for tasks to queue
[2021-03-09 19:53:08,688] {logging_mixin.py:104} INFO - [2021-03-09 19:53:08,688] {dagbag.py:448} INFO - Filling up the DagBag from /home/airflow/.local/lib/python3.6/site-packages/airflow/example_dags/example_nested_branch_dag.py
[2021-03-09 19:53:08,709] {scheduler_job.py:639} INFO - DAG(s) dict_keys(['example_nested_branch_dag']) retrieved from /home/airflow/.local/lib/python3.6/site-packages/airflow/example_dags/example_nested_branch_dag.py
[2021-03-09 19:53:08,735] {logging_mixin.py:104} INFO - [2021-03-09 19:53:08,735] {dag.py:1818} INFO - Sync 1 DAGs
[2021-03-09 19:53:08,759] {logging_mixin.py:104} INFO - [2021-03-09 19:53:08,759] {dag.py:2273} INFO - Setting next_dagrun for example_nested_branch_dag to 2021-03-07 00:00:00+00:00
[2021-03-09 19:53:08,770] {scheduler_job.py:190} INFO - Processing /home/airflow/.local/lib/python3.6/site-packages/airflow/example_dags/example_nested_branch_dag.py took 0.088 seconds
[2021-03-09 19:53:39,364] {scheduler_job.py:182} INFO - Started process (PID=173) to work on /home/airflow/.local/lib/python3.6/site-packages/airflow/example_dags/example_nested_branch_dag.py
[2021-03-09 19:53:39,367] {scheduler_job.py:629} INFO - Processing file /home/airflow/.local/lib/python3.6/site-packages/airflow/example_dags/example_nested_branch_dag.py for tasks to queue
[2021-03-09 19:53:39,368] {logging_mixin.py:104} INFO - [2021-03-09 19:53:39,368] {dagbag.py:448} INFO - Filling up the DagBag from /home/airflow/.local/lib/python3.6/site-packages/airflow/example_dags/example_nested_branch_dag.py
[2021-03-09 19:53:39,387] {scheduler_job.py:639} INFO - DAG(s) dict_keys(['example_nested_branch_dag']) retrieved from /home/airflow/.local/lib/python3.6/site-packages/airflow/example_dags/example_nested_branch_dag.py
[2021-03-09 19:53:39,414] {logging_mixin.py:104} INFO - [2021-03-09 19:53:39,414] {dag.py:1818} INFO - Sync 1 DAGs
[2021-03-09 19:53:39,443] {logging_mixin.py:104} INFO - [2021-03-09 19:53:39,442] {dag.py:2273} INFO - Setting next_dagrun for example_nested_branch_dag to 2021-03-07 00:00:00+00:00
[2021-03-09 19:53:39,453] {scheduler_job.py:190} INFO - Processing /home/airflow/.local/lib/python3.6/site-packages/airflow/example_dags/example_nested_branch_dag.py took 0.095 seconds
[2021-03-09 19:54:09,967] {scheduler_job.py:182} INFO - Started process (PID=201) to work on /home/airflow/.local/lib/python3.6/site-packages/airflow/example_dags/example_nested_branch_dag.py
[2021-03-09 19:54:09,969] {scheduler_job.py:629} INFO - Processing file /home/airflow/.local/lib/python3.6/site-packages/airflow/example_dags/example_nested_branch_dag.py for tasks to queue
[2021-03-09 19:54:09,971] {logging_mixin.py:104} INFO - [2021-03-09 19:54:09,970] {dagbag.py:448} INFO - Filling up the DagBag from /home/airflow/.local/lib/python3.6/site-packages/airflow/example_dags/example_nested_branch_dag.py
[2021-03-09 19:54:09,991] {scheduler_job.py:639} INFO - DAG(s) dict_keys(['example_nested_branch_dag']) retrieved from /home/airflow/.local/lib/python3.6/site-packages/airflow/example_dags/example_nested_branch_dag.py
[2021-03-09 19:54:10,019] {logging_mixin.py:104} INFO - [2021-03-09 19:54:10,018] {dag.py:1818} INFO - Sync 1 DAGs
[2021-03-09 19:54:10,045] {logging_mixin.py:104} INFO - [2021-03-09 19:54:10,045] {dag.py:2273} INFO - Setting next_dagrun for example_nested_branch_dag to 2021-03-07 00:00:00+00:00
[2021-03-09 19:54:10,057] {scheduler_job.py:190} INFO - Processing /home/airflow/.local/lib/python3.6/site-packages/airflow/example_dags/example_nested_branch_dag.py took 0.095 seconds
[2021-03-09 19:54:40,639] {scheduler_job.py:182} INFO - Started process (PID=229) to work on /home/airflow/.local/lib/python3.6/site-packages/airflow/example_dags/example_nested_branch_dag.py
[2021-03-09 19:54:40,640] {scheduler_job.py:629} INFO - Processing file /home/airflow/.local/lib/python3.6/site-packages/airflow/example_dags/example_nested_branch_dag.py for tasks to queue
[2021-03-09 19:54:40,641] {logging_mixin.py:104} INFO - [2021-03-09 19:54:40,641] {dagbag.py:448} INFO - Filling up the DagBag from /home/airflow/.local/lib/python3.6/site-packages/airflow/example_dags/example_nested_branch_dag.py
[2021-03-09 19:54:40,662] {scheduler_job.py:639} INFO - DAG(s) dict_keys(['example_nested_branch_dag']) retrieved from /home/airflow/.local/lib/python3.6/site-packages/airflow/example_dags/example_nested_branch_dag.py
[2021-03-09 19:54:40,689] {logging_mixin.py:104} INFO - [2021-03-09 19:54:40,689] {dag.py:1818} INFO - Sync 1 DAGs
[2021-03-09 19:54:40,717] {logging_mixin.py:104} INFO - [2021-03-09 19:54:40,717] {dag.py:2273} INFO - Setting next_dagrun for example_nested_branch_dag to 2021-03-07 00:00:00+00:00
[2021-03-09 19:54:40,729] {scheduler_job.py:190} INFO - Processing /home/airflow/.local/lib/python3.6/site-packages/airflow/example_dags/example_nested_branch_dag.py took 0.093 seconds
[2021-03-09 19:55:11,348] {scheduler_job.py:182} INFO - Started process (PID=257) to work on /home/airflow/.local/lib/python3.6/site-packages/airflow/example_dags/example_nested_branch_dag.py
[2021-03-09 19:55:11,349] {scheduler_job.py:629} INFO - Processing file /home/airflow/.local/lib/python3.6/site-packages/airflow/example_dags/example_nested_branch_dag.py for tasks to queue
[2021-03-09 19:55:11,350] {logging_mixin.py:104} INFO - [2021-03-09 19:55:11,350] {dagbag.py:448} INFO - Filling up the DagBag from /home/airflow/.local/lib/python3.6/site-packages/airflow/example_dags/example_nested_branch_dag.py
[2021-03-09 19:55:11,371] {scheduler_job.py:639} INFO - DAG(s) dict_keys(['example_nested_branch_dag']) retrieved from /home/airflow/.local/lib/python3.6/site-packages/airflow/example_dags/example_nested_branch_dag.py
[2021-03-09 19:55:11,402] {logging_mixin.py:104} INFO - [2021-03-09 19:55:11,401] {dag.py:1818} INFO - Sync 1 DAGs
[2021-03-09 19:55:11,432] {logging_mixin.py:104} INFO - [2021-03-09 19:55:11,432] {dag.py:2273} INFO - Setting next_dagrun for example_nested_branch_dag to 2021-03-07 00:00:00+00:00
[2021-03-09 19:55:11,445] {scheduler_job.py:190} INFO - Processing /home/airflow/.local/lib/python3.6/site-packages/airflow/example_dags/example_nested_branch_dag.py took 0.101 seconds
[2021-03-09 19:57:55,547] {scheduler_job.py:182} INFO - Started process (PID=26) to work on /home/airflow/.local/lib/python3.6/site-packages/airflow/example_dags/example_nested_branch_dag.py
[2021-03-09 19:57:55,549] {scheduler_job.py:629} INFO - Processing file /home/airflow/.local/lib/python3.6/site-packages/airflow/example_dags/example_nested_branch_dag.py for tasks to queue
[2021-03-09 19:57:55,550] {logging_mixin.py:104} INFO - [2021-03-09 19:57:55,550] {dagbag.py:448} INFO - Filling up the DagBag from /home/airflow/.local/lib/python3.6/site-packages/airflow/example_dags/example_nested_branch_dag.py
[2021-03-09 19:57:55,596] {scheduler_job.py:639} INFO - DAG(s) dict_keys(['example_nested_branch_dag']) retrieved from /home/airflow/.local/lib/python3.6/site-packages/airflow/example_dags/example_nested_branch_dag.py
[2021-03-09 19:57:55,629] {logging_mixin.py:104} INFO - [2021-03-09 19:57:55,628] {dag.py:1818} INFO - Sync 1 DAGs
[2021-03-09 19:57:55,644] {logging_mixin.py:104} INFO - [2021-03-09 19:57:55,644] {dag.py:1837} INFO - Creating ORM DAG for example_nested_branch_dag
[2021-03-09 19:57:55,660] {logging_mixin.py:104} INFO - [2021-03-09 19:57:55,660] {dag.py:2273} INFO - Setting next_dagrun for example_nested_branch_dag to 2021-03-07 00:00:00+00:00
[2021-03-09 19:57:55,682] {scheduler_job.py:190} INFO - Processing /home/airflow/.local/lib/python3.6/site-packages/airflow/example_dags/example_nested_branch_dag.py took 0.139 seconds
[2021-03-09 19:58:26,277] {scheduler_job.py:182} INFO - Started process (PID=54) to work on /home/airflow/.local/lib/python3.6/site-packages/airflow/example_dags/example_nested_branch_dag.py
[2021-03-09 19:58:26,279] {scheduler_job.py:629} INFO - Processing file /home/airflow/.local/lib/python3.6/site-packages/airflow/example_dags/example_nested_branch_dag.py for tasks to queue
[2021-03-09 19:58:26,280] {logging_mixin.py:104} INFO - [2021-03-09 19:58:26,280] {dagbag.py:448} INFO - Filling up the DagBag from /home/airflow/.local/lib/python3.6/site-packages/airflow/example_dags/example_nested_branch_dag.py
[2021-03-09 19:58:26,298] {scheduler_job.py:639} INFO - DAG(s) dict_keys(['example_nested_branch_dag']) retrieved from /home/airflow/.local/lib/python3.6/site-packages/airflow/example_dags/example_nested_branch_dag.py
[2021-03-09 19:58:26,321] {logging_mixin.py:104} INFO - [2021-03-09 19:58:26,321] {dag.py:1818} INFO - Sync 1 DAGs
[2021-03-09 19:58:26,352] {logging_mixin.py:104} INFO - [2021-03-09 19:58:26,352] {dag.py:2273} INFO - Setting next_dagrun for example_nested_branch_dag to 2021-03-07 00:00:00+00:00
[2021-03-09 19:58:26,364] {scheduler_job.py:190} INFO - Processing /home/airflow/.local/lib/python3.6/site-packages/airflow/example_dags/example_nested_branch_dag.py took 0.091 seconds
[2021-03-09 19:58:56,580] {scheduler_job.py:182} INFO - Started process (PID=82) to work on /home/airflow/.local/lib/python3.6/site-packages/airflow/example_dags/example_nested_branch_dag.py
[2021-03-09 19:58:56,581] {scheduler_job.py:629} INFO - Processing file /home/airflow/.local/lib/python3.6/site-packages/airflow/example_dags/example_nested_branch_dag.py for tasks to queue
[2021-03-09 19:58:56,582] {logging_mixin.py:104} INFO - [2021-03-09 19:58:56,582] {dagbag.py:448} INFO - Filling up the DagBag from /home/airflow/.local/lib/python3.6/site-packages/airflow/example_dags/example_nested_branch_dag.py
[2021-03-09 19:58:56,602] {scheduler_job.py:639} INFO - DAG(s) dict_keys(['example_nested_branch_dag']) retrieved from /home/airflow/.local/lib/python3.6/site-packages/airflow/example_dags/example_nested_branch_dag.py
[2021-03-09 19:58:56,628] {logging_mixin.py:104} INFO - [2021-03-09 19:58:56,628] {dag.py:1818} INFO - Sync 1 DAGs
[2021-03-09 19:58:56,656] {logging_mixin.py:104} INFO - [2021-03-09 19:58:56,655] {dag.py:2273} INFO - Setting next_dagrun for example_nested_branch_dag to 2021-03-07 00:00:00+00:00
[2021-03-09 19:58:56,667] {scheduler_job.py:190} INFO - Processing /home/airflow/.local/lib/python3.6/site-packages/airflow/example_dags/example_nested_branch_dag.py took 0.090 seconds
[2021-03-09 19:59:27,015] {scheduler_job.py:182} INFO - Started process (PID=110) to work on /home/airflow/.local/lib/python3.6/site-packages/airflow/example_dags/example_nested_branch_dag.py
[2021-03-09 19:59:27,017] {scheduler_job.py:629} INFO - Processing file /home/airflow/.local/lib/python3.6/site-packages/airflow/example_dags/example_nested_branch_dag.py for tasks to queue
[2021-03-09 19:59:27,018] {logging_mixin.py:104} INFO - [2021-03-09 19:59:27,018] {dagbag.py:448} INFO - Filling up the DagBag from /home/airflow/.local/lib/python3.6/site-packages/airflow/example_dags/example_nested_branch_dag.py
[2021-03-09 19:59:27,046] {scheduler_job.py:639} INFO - DAG(s) dict_keys(['example_nested_branch_dag']) retrieved from /home/airflow/.local/lib/python3.6/site-packages/airflow/example_dags/example_nested_branch_dag.py
[2021-03-09 19:59:27,080] {logging_mixin.py:104} INFO - [2021-03-09 19:59:27,080] {dag.py:1818} INFO - Sync 1 DAGs
[2021-03-09 19:59:27,116] {logging_mixin.py:104} INFO - [2021-03-09 19:59:27,116] {dag.py:2273} INFO - Setting next_dagrun for example_nested_branch_dag to 2021-03-07 00:00:00+00:00
[2021-03-09 19:59:27,130] {scheduler_job.py:190} INFO - Processing /home/airflow/.local/lib/python3.6/site-packages/airflow/example_dags/example_nested_branch_dag.py took 0.120 seconds
[2021-03-09 19:59:57,315] {scheduler_job.py:182} INFO - Started process (PID=138) to work on /home/airflow/.local/lib/python3.6/site-packages/airflow/example_dags/example_nested_branch_dag.py
[2021-03-09 19:59:57,317] {scheduler_job.py:629} INFO - Processing file /home/airflow/.local/lib/python3.6/site-packages/airflow/example_dags/example_nested_branch_dag.py for tasks to queue
[2021-03-09 19:59:57,318] {logging_mixin.py:104} INFO - [2021-03-09 19:59:57,317] {dagbag.py:448} INFO - Filling up the DagBag from /home/airflow/.local/lib/python3.6/site-packages/airflow/example_dags/example_nested_branch_dag.py
[2021-03-09 19:59:57,337] {scheduler_job.py:639} INFO - DAG(s) dict_keys(['example_nested_branch_dag']) retrieved from /home/airflow/.local/lib/python3.6/site-packages/airflow/example_dags/example_nested_branch_dag.py
[2021-03-09 19:59:57,363] {logging_mixin.py:104} INFO - [2021-03-09 19:59:57,363] {dag.py:1818} INFO - Sync 1 DAGs
[2021-03-09 19:59:57,393] {logging_mixin.py:104} INFO - [2021-03-09 19:59:57,393] {dag.py:2273} INFO - Setting next_dagrun for example_nested_branch_dag to 2021-03-07 00:00:00+00:00
[2021-03-09 19:59:57,407] {scheduler_job.py:190} INFO - Processing /home/airflow/.local/lib/python3.6/site-packages/airflow/example_dags/example_nested_branch_dag.py took 0.096 seconds
[2021-03-09 20:00:27,826] {scheduler_job.py:182} INFO - Started process (PID=166) to work on /home/airflow/.local/lib/python3.6/site-packages/airflow/example_dags/example_nested_branch_dag.py
[2021-03-09 20:00:27,829] {scheduler_job.py:629} INFO - Processing file /home/airflow/.local/lib/python3.6/site-packages/airflow/example_dags/example_nested_branch_dag.py for tasks to queue
[2021-03-09 20:00:27,830] {logging_mixin.py:104} INFO - [2021-03-09 20:00:27,829] {dagbag.py:448} INFO - Filling up the DagBag from /home/airflow/.local/lib/python3.6/site-packages/airflow/example_dags/example_nested_branch_dag.py
[2021-03-09 20:00:27,855] {scheduler_job.py:639} INFO - DAG(s) dict_keys(['example_nested_branch_dag']) retrieved from /home/airflow/.local/lib/python3.6/site-packages/airflow/example_dags/example_nested_branch_dag.py
[2021-03-09 20:00:27,888] {logging_mixin.py:104} INFO - [2021-03-09 20:00:27,888] {dag.py:1818} INFO - Sync 1 DAGs
[2021-03-09 20:00:27,918] {logging_mixin.py:104} INFO - [2021-03-09 20:00:27,918] {dag.py:2273} INFO - Setting next_dagrun for example_nested_branch_dag to 2021-03-07 00:00:00+00:00
[2021-03-09 20:00:27,931] {scheduler_job.py:190} INFO - Processing /home/airflow/.local/lib/python3.6/site-packages/airflow/example_dags/example_nested_branch_dag.py took 0.110 seconds
[2021-03-09 20:00:58,252] {scheduler_job.py:182} INFO - Started process (PID=194) to work on /home/airflow/.local/lib/python3.6/site-packages/airflow/example_dags/example_nested_branch_dag.py
[2021-03-09 20:00:58,255] {scheduler_job.py:629} INFO - Processing file /home/airflow/.local/lib/python3.6/site-packages/airflow/example_dags/example_nested_branch_dag.py for tasks to queue
[2021-03-09 20:00:58,256] {logging_mixin.py:104} INFO - [2021-03-09 20:00:58,256] {dagbag.py:448} INFO - Filling up the DagBag from /home/airflow/.local/lib/python3.6/site-packages/airflow/example_dags/example_nested_branch_dag.py
[2021-03-09 20:00:58,277] {scheduler_job.py:639} INFO - DAG(s) dict_keys(['example_nested_branch_dag']) retrieved from /home/airflow/.local/lib/python3.6/site-packages/airflow/example_dags/example_nested_branch_dag.py
[2021-03-09 20:00:58,312] {logging_mixin.py:104} INFO - [2021-03-09 20:00:58,312] {dag.py:1818} INFO - Sync 1 DAGs
[2021-03-09 20:00:58,354] {logging_mixin.py:104} INFO - [2021-03-09 20:00:58,354] {dag.py:2273} INFO - Setting next_dagrun for example_nested_branch_dag to 2021-03-07 00:00:00+00:00
[2021-03-09 20:00:58,373] {scheduler_job.py:190} INFO - Processing /home/airflow/.local/lib/python3.6/site-packages/airflow/example_dags/example_nested_branch_dag.py took 0.126 seconds
[2021-03-09 20:01:28,804] {scheduler_job.py:182} INFO - Started process (PID=222) to work on /home/airflow/.local/lib/python3.6/site-packages/airflow/example_dags/example_nested_branch_dag.py
[2021-03-09 20:01:28,805] {scheduler_job.py:629} INFO - Processing file /home/airflow/.local/lib/python3.6/site-packages/airflow/example_dags/example_nested_branch_dag.py for tasks to queue
[2021-03-09 20:01:28,806] {logging_mixin.py:104} INFO - [2021-03-09 20:01:28,806] {dagbag.py:448} INFO - Filling up the DagBag from /home/airflow/.local/lib/python3.6/site-packages/airflow/example_dags/example_nested_branch_dag.py
[2021-03-09 20:01:28,823] {scheduler_job.py:639} INFO - DAG(s) dict_keys(['example_nested_branch_dag']) retrieved from /home/airflow/.local/lib/python3.6/site-packages/airflow/example_dags/example_nested_branch_dag.py
[2021-03-09 20:01:28,849] {logging_mixin.py:104} INFO - [2021-03-09 20:01:28,849] {dag.py:1818} INFO - Sync 1 DAGs
[2021-03-09 20:01:28,877] {logging_mixin.py:104} INFO - [2021-03-09 20:01:28,877] {dag.py:2273} INFO - Setting next_dagrun for example_nested_branch_dag to 2021-03-07 00:00:00+00:00
[2021-03-09 20:01:28,889] {scheduler_job.py:190} INFO - Processing /home/airflow/.local/lib/python3.6/site-packages/airflow/example_dags/example_nested_branch_dag.py took 0.090 seconds
[2021-03-09 20:01:59,361] {scheduler_job.py:182} INFO - Started process (PID=250) to work on /home/airflow/.local/lib/python3.6/site-packages/airflow/example_dags/example_nested_branch_dag.py
[2021-03-09 20:01:59,363] {scheduler_job.py:629} INFO - Processing file /home/airflow/.local/lib/python3.6/site-packages/airflow/example_dags/example_nested_branch_dag.py for tasks to queue
[2021-03-09 20:01:59,363] {logging_mixin.py:104} INFO - [2021-03-09 20:01:59,363] {dagbag.py:448} INFO - Filling up the DagBag from /home/airflow/.local/lib/python3.6/site-packages/airflow/example_dags/example_nested_branch_dag.py
[2021-03-09 20:01:59,381] {scheduler_job.py:639} INFO - DAG(s) dict_keys(['example_nested_branch_dag']) retrieved from /home/airflow/.local/lib/python3.6/site-packages/airflow/example_dags/example_nested_branch_dag.py
[2021-03-09 20:01:59,410] {logging_mixin.py:104} INFO - [2021-03-09 20:01:59,410] {dag.py:1818} INFO - Sync 1 DAGs
[2021-03-09 20:01:59,437] {logging_mixin.py:104} INFO - [2021-03-09 20:01:59,437] {dag.py:2273} INFO - Setting next_dagrun for example_nested_branch_dag to 2021-03-07 00:00:00+00:00
[2021-03-09 20:01:59,448] {scheduler_job.py:190} INFO - Processing /home/airflow/.local/lib/python3.6/site-packages/airflow/example_dags/example_nested_branch_dag.py took 0.090 seconds
[2021-03-09 20:02:30,237] {scheduler_job.py:182} INFO - Started process (PID=278) to work on /home/airflow/.local/lib/python3.6/site-packages/airflow/example_dags/example_nested_branch_dag.py
[2021-03-09 20:02:30,239] {scheduler_job.py:629} INFO - Processing file /home/airflow/.local/lib/python3.6/site-packages/airflow/example_dags/example_nested_branch_dag.py for tasks to queue
[2021-03-09 20:02:30,240] {logging_mixin.py:104} INFO - [2021-03-09 20:02:30,240] {dagbag.py:448} INFO - Filling up the DagBag from /home/airflow/.local/lib/python3.6/site-packages/airflow/example_dags/example_nested_branch_dag.py
[2021-03-09 20:02:30,261] {scheduler_job.py:639} INFO - DAG(s) dict_keys(['example_nested_branch_dag']) retrieved from /home/airflow/.local/lib/python3.6/site-packages/airflow/example_dags/example_nested_branch_dag.py
[2021-03-09 20:02:30,288] {logging_mixin.py:104} INFO - [2021-03-09 20:02:30,288] {dag.py:1818} INFO - Sync 1 DAGs
[2021-03-09 20:02:30,319] {logging_mixin.py:104} INFO - [2021-03-09 20:02:30,319] {dag.py:2273} INFO - Setting next_dagrun for example_nested_branch_dag to 2021-03-07 00:00:00+00:00
[2021-03-09 20:02:30,332] {scheduler_job.py:190} INFO - Processing /home/airflow/.local/lib/python3.6/site-packages/airflow/example_dags/example_nested_branch_dag.py took 0.099 seconds
[2021-03-09 20:03:01,038] {scheduler_job.py:182} INFO - Started process (PID=306) to work on /home/airflow/.local/lib/python3.6/site-packages/airflow/example_dags/example_nested_branch_dag.py
[2021-03-09 20:03:01,039] {scheduler_job.py:629} INFO - Processing file /home/airflow/.local/lib/python3.6/site-packages/airflow/example_dags/example_nested_branch_dag.py for tasks to queue
[2021-03-09 20:03:01,040] {logging_mixin.py:104} INFO - [2021-03-09 20:03:01,040] {dagbag.py:448} INFO - Filling up the DagBag from /home/airflow/.local/lib/python3.6/site-packages/airflow/example_dags/example_nested_branch_dag.py
[2021-03-09 20:03:01,060] {scheduler_job.py:639} INFO - DAG(s) dict_keys(['example_nested_branch_dag']) retrieved from /home/airflow/.local/lib/python3.6/site-packages/airflow/example_dags/example_nested_branch_dag.py
[2021-03-09 20:03:01,086] {logging_mixin.py:104} INFO - [2021-03-09 20:03:01,085] {dag.py:1818} INFO - Sync 1 DAGs
[2021-03-09 20:03:01,113] {logging_mixin.py:104} INFO - [2021-03-09 20:03:01,113] {dag.py:2273} INFO - Setting next_dagrun for example_nested_branch_dag to 2021-03-07 00:00:00+00:00
[2021-03-09 20:03:01,125] {scheduler_job.py:190} INFO - Processing /home/airflow/.local/lib/python3.6/site-packages/airflow/example_dags/example_nested_branch_dag.py took 0.091 seconds
[2021-03-09 20:03:31,539] {scheduler_job.py:182} INFO - Started process (PID=334) to work on /home/airflow/.local/lib/python3.6/site-packages/airflow/example_dags/example_nested_branch_dag.py
[2021-03-09 20:03:31,540] {scheduler_job.py:629} INFO - Processing file /home/airflow/.local/lib/python3.6/site-packages/airflow/example_dags/example_nested_branch_dag.py for tasks to queue
[2021-03-09 20:03:31,541] {logging_mixin.py:104} INFO - [2021-03-09 20:03:31,541] {dagbag.py:448} INFO - Filling up the DagBag from /home/airflow/.local/lib/python3.6/site-packages/airflow/example_dags/example_nested_branch_dag.py
[2021-03-09 20:03:31,559] {scheduler_job.py:639} INFO - DAG(s) dict_keys(['example_nested_branch_dag']) retrieved from /home/airflow/.local/lib/python3.6/site-packages/airflow/example_dags/example_nested_branch_dag.py
[2021-03-09 20:03:31,584] {logging_mixin.py:104} INFO - [2021-03-09 20:03:31,584] {dag.py:1818} INFO - Sync 1 DAGs
[2021-03-09 20:03:31,614] {logging_mixin.py:104} INFO - [2021-03-09 20:03:31,614] {dag.py:2273} INFO - Setting next_dagrun for example_nested_branch_dag to 2021-03-07 00:00:00+00:00
[2021-03-09 20:03:31,626] {scheduler_job.py:190} INFO - Processing /home/airflow/.local/lib/python3.6/site-packages/airflow/example_dags/example_nested_branch_dag.py took 0.091 seconds
[2021-03-09 20:04:02,118] {scheduler_job.py:182} INFO - Started process (PID=362) to work on /home/airflow/.local/lib/python3.6/site-packages/airflow/example_dags/example_nested_branch_dag.py
[2021-03-09 20:04:02,119] {scheduler_job.py:629} INFO - Processing file /home/airflow/.local/lib/python3.6/site-packages/airflow/example_dags/example_nested_branch_dag.py for tasks to queue
[2021-03-09 20:04:02,120] {logging_mixin.py:104} INFO - [2021-03-09 20:04:02,120] {dagbag.py:448} INFO - Filling up the DagBag from /home/airflow/.local/lib/python3.6/site-packages/airflow/example_dags/example_nested_branch_dag.py
[2021-03-09 20:04:02,144] {scheduler_job.py:639} INFO - DAG(s) dict_keys(['example_nested_branch_dag']) retrieved from /home/airflow/.local/lib/python3.6/site-packages/airflow/example_dags/example_nested_branch_dag.py
[2021-03-09 20:04:02,180] {logging_mixin.py:104} INFO - [2021-03-09 20:04:02,180] {dag.py:1818} INFO - Sync 1 DAGs
[2021-03-09 20:04:02,225] {logging_mixin.py:104} INFO - [2021-03-09 20:04:02,225] {dag.py:2273} INFO - Setting next_dagrun for example_nested_branch_dag to 2021-03-07 00:00:00+00:00
[2021-03-09 20:04:02,243] {scheduler_job.py:190} INFO - Processing /home/airflow/.local/lib/python3.6/site-packages/airflow/example_dags/example_nested_branch_dag.py took 0.128 seconds
[2021-03-09 20:04:32,681] {scheduler_job.py:182} INFO - Started process (PID=390) to work on /home/airflow/.local/lib/python3.6/site-packages/airflow/example_dags/example_nested_branch_dag.py
[2021-03-09 20:04:32,682] {scheduler_job.py:629} INFO - Processing file /home/airflow/.local/lib/python3.6/site-packages/airflow/example_dags/example_nested_branch_dag.py for tasks to queue
[2021-03-09 20:04:32,683] {logging_mixin.py:104} INFO - [2021-03-09 20:04:32,683] {dagbag.py:448} INFO - Filling up the DagBag from /home/airflow/.local/lib/python3.6/site-packages/airflow/example_dags/example_nested_branch_dag.py
[2021-03-09 20:04:32,703] {scheduler_job.py:639} INFO - DAG(s) dict_keys(['example_nested_branch_dag']) retrieved from /home/airflow/.local/lib/python3.6/site-packages/airflow/example_dags/example_nested_branch_dag.py
[2021-03-09 20:04:32,729] {logging_mixin.py:104} INFO - [2021-03-09 20:04:32,728] {dag.py:1818} INFO - Sync 1 DAGs
[2021-03-09 20:04:32,758] {logging_mixin.py:104} INFO - [2021-03-09 20:04:32,758] {dag.py:2273} INFO - Setting next_dagrun for example_nested_branch_dag to 2021-03-07 00:00:00+00:00
[2021-03-09 20:04:32,770] {scheduler_job.py:190} INFO - Processing /home/airflow/.local/lib/python3.6/site-packages/airflow/example_dags/example_nested_branch_dag.py took 0.092 seconds
[2021-03-09 20:05:03,139] {scheduler_job.py:182} INFO - Started process (PID=418) to work on /home/airflow/.local/lib/python3.6/site-packages/airflow/example_dags/example_nested_branch_dag.py
[2021-03-09 20:05:03,142] {scheduler_job.py:629} INFO - Processing file /home/airflow/.local/lib/python3.6/site-packages/airflow/example_dags/example_nested_branch_dag.py for tasks to queue
[2021-03-09 20:05:03,142] {logging_mixin.py:104} INFO - [2021-03-09 20:05:03,142] {dagbag.py:448} INFO - Filling up the DagBag from /home/airflow/.local/lib/python3.6/site-packages/airflow/example_dags/example_nested_branch_dag.py
[2021-03-09 20:05:03,167] {scheduler_job.py:639} INFO - DAG(s) dict_keys(['example_nested_branch_dag']) retrieved from /home/airflow/.local/lib/python3.6/site-packages/airflow/example_dags/example_nested_branch_dag.py
[2021-03-09 20:05:03,216] {logging_mixin.py:104} INFO - [2021-03-09 20:05:03,216] {dag.py:1818} INFO - Sync 1 DAGs
[2021-03-09 20:05:03,263] {logging_mixin.py:104} INFO - [2021-03-09 20:05:03,263] {dag.py:2273} INFO - Setting next_dagrun for example_nested_branch_dag to 2021-03-07 00:00:00+00:00
[2021-03-09 20:05:03,281] {scheduler_job.py:190} INFO - Processing /home/airflow/.local/lib/python3.6/site-packages/airflow/example_dags/example_nested_branch_dag.py took 0.145 seconds
[2021-03-09 20:05:33,305] {scheduler_job.py:182} INFO - Started process (PID=446) to work on /home/airflow/.local/lib/python3.6/site-packages/airflow/example_dags/example_nested_branch_dag.py
[2021-03-09 20:05:33,307] {scheduler_job.py:629} INFO - Processing file /home/airflow/.local/lib/python3.6/site-packages/airflow/example_dags/example_nested_branch_dag.py for tasks to queue
[2021-03-09 20:05:33,308] {logging_mixin.py:104} INFO - [2021-03-09 20:05:33,308] {dagbag.py:448} INFO - Filling up the DagBag from /home/airflow/.local/lib/python3.6/site-packages/airflow/example_dags/example_nested_branch_dag.py
[2021-03-09 20:05:33,326] {scheduler_job.py:639} INFO - DAG(s) dict_keys(['example_nested_branch_dag']) retrieved from /home/airflow/.local/lib/python3.6/site-packages/airflow/example_dags/example_nested_branch_dag.py
[2021-03-09 20:05:33,353] {logging_mixin.py:104} INFO - [2021-03-09 20:05:33,352] {dag.py:1818} INFO - Sync 1 DAGs
[2021-03-09 20:05:33,383] {logging_mixin.py:104} INFO - [2021-03-09 20:05:33,383] {dag.py:2273} INFO - Setting next_dagrun for example_nested_branch_dag to 2021-03-07 00:00:00+00:00
[2021-03-09 20:05:33,394] {scheduler_job.py:190} INFO - Processing /home/airflow/.local/lib/python3.6/site-packages/airflow/example_dags/example_nested_branch_dag.py took 0.093 seconds
