[2021-03-09 19:51:06,027] {scheduler_job.py:182} INFO - Started process (PID=31) to work on /home/airflow/.local/lib/python3.6/site-packages/airflow/example_dags/example_trigger_target_dag.py
[2021-03-09 19:51:06,029] {scheduler_job.py:629} INFO - Processing file /home/airflow/.local/lib/python3.6/site-packages/airflow/example_dags/example_trigger_target_dag.py for tasks to queue
[2021-03-09 19:51:06,031] {logging_mixin.py:104} INFO - [2021-03-09 19:51:06,030] {dagbag.py:448} INFO - Filling up the DagBag from /home/airflow/.local/lib/python3.6/site-packages/airflow/example_dags/example_trigger_target_dag.py
[2021-03-09 19:51:06,053] {scheduler_job.py:639} INFO - DAG(s) dict_keys(['example_trigger_target_dag']) retrieved from /home/airflow/.local/lib/python3.6/site-packages/airflow/example_dags/example_trigger_target_dag.py
[2021-03-09 19:51:06,113] {logging_mixin.py:104} INFO - [2021-03-09 19:51:06,113] {dag.py:1818} INFO - Sync 1 DAGs
[2021-03-09 19:51:06,130] {logging_mixin.py:104} INFO - [2021-03-09 19:51:06,130] {dag.py:1837} INFO - Creating ORM DAG for example_trigger_target_dag
[2021-03-09 19:51:06,141] {logging_mixin.py:104} INFO - [2021-03-09 19:51:06,141] {dag.py:2273} INFO - Setting next_dagrun for example_trigger_target_dag to None
[2021-03-09 19:51:06,170] {scheduler_job.py:190} INFO - Processing /home/airflow/.local/lib/python3.6/site-packages/airflow/example_dags/example_trigger_target_dag.py took 0.148 seconds
[2021-03-09 19:51:36,293] {scheduler_job.py:182} INFO - Started process (PID=57) to work on /home/airflow/.local/lib/python3.6/site-packages/airflow/example_dags/example_trigger_target_dag.py
[2021-03-09 19:51:36,294] {scheduler_job.py:629} INFO - Processing file /home/airflow/.local/lib/python3.6/site-packages/airflow/example_dags/example_trigger_target_dag.py for tasks to queue
[2021-03-09 19:51:36,295] {logging_mixin.py:104} INFO - [2021-03-09 19:51:36,295] {dagbag.py:448} INFO - Filling up the DagBag from /home/airflow/.local/lib/python3.6/site-packages/airflow/example_dags/example_trigger_target_dag.py
[2021-03-09 19:51:36,310] {scheduler_job.py:639} INFO - DAG(s) dict_keys(['example_trigger_target_dag']) retrieved from /home/airflow/.local/lib/python3.6/site-packages/airflow/example_dags/example_trigger_target_dag.py
[2021-03-09 19:51:36,335] {logging_mixin.py:104} INFO - [2021-03-09 19:51:36,335] {dag.py:1818} INFO - Sync 1 DAGs
[2021-03-09 19:51:36,352] {logging_mixin.py:104} INFO - [2021-03-09 19:51:36,352] {dag.py:2273} INFO - Setting next_dagrun for example_trigger_target_dag to None
[2021-03-09 19:51:36,363] {scheduler_job.py:190} INFO - Processing /home/airflow/.local/lib/python3.6/site-packages/airflow/example_dags/example_trigger_target_dag.py took 0.074 seconds
[2021-03-09 19:52:07,152] {scheduler_job.py:182} INFO - Started process (PID=85) to work on /home/airflow/.local/lib/python3.6/site-packages/airflow/example_dags/example_trigger_target_dag.py
[2021-03-09 19:52:07,155] {scheduler_job.py:629} INFO - Processing file /home/airflow/.local/lib/python3.6/site-packages/airflow/example_dags/example_trigger_target_dag.py for tasks to queue
[2021-03-09 19:52:07,157] {logging_mixin.py:104} INFO - [2021-03-09 19:52:07,157] {dagbag.py:448} INFO - Filling up the DagBag from /home/airflow/.local/lib/python3.6/site-packages/airflow/example_dags/example_trigger_target_dag.py
[2021-03-09 19:52:07,176] {scheduler_job.py:639} INFO - DAG(s) dict_keys(['example_trigger_target_dag']) retrieved from /home/airflow/.local/lib/python3.6/site-packages/airflow/example_dags/example_trigger_target_dag.py
[2021-03-09 19:52:07,209] {logging_mixin.py:104} INFO - [2021-03-09 19:52:07,209] {dag.py:1818} INFO - Sync 1 DAGs
[2021-03-09 19:52:07,235] {logging_mixin.py:104} INFO - [2021-03-09 19:52:07,234] {dag.py:2273} INFO - Setting next_dagrun for example_trigger_target_dag to None
[2021-03-09 19:52:07,247] {scheduler_job.py:190} INFO - Processing /home/airflow/.local/lib/python3.6/site-packages/airflow/example_dags/example_trigger_target_dag.py took 0.101 seconds
[2021-03-09 19:52:37,985] {scheduler_job.py:182} INFO - Started process (PID=113) to work on /home/airflow/.local/lib/python3.6/site-packages/airflow/example_dags/example_trigger_target_dag.py
[2021-03-09 19:52:37,987] {scheduler_job.py:629} INFO - Processing file /home/airflow/.local/lib/python3.6/site-packages/airflow/example_dags/example_trigger_target_dag.py for tasks to queue
[2021-03-09 19:52:37,987] {logging_mixin.py:104} INFO - [2021-03-09 19:52:37,987] {dagbag.py:448} INFO - Filling up the DagBag from /home/airflow/.local/lib/python3.6/site-packages/airflow/example_dags/example_trigger_target_dag.py
[2021-03-09 19:52:38,003] {scheduler_job.py:639} INFO - DAG(s) dict_keys(['example_trigger_target_dag']) retrieved from /home/airflow/.local/lib/python3.6/site-packages/airflow/example_dags/example_trigger_target_dag.py
[2021-03-09 19:52:38,027] {logging_mixin.py:104} INFO - [2021-03-09 19:52:38,027] {dag.py:1818} INFO - Sync 1 DAGs
[2021-03-09 19:52:38,045] {logging_mixin.py:104} INFO - [2021-03-09 19:52:38,045] {dag.py:2273} INFO - Setting next_dagrun for example_trigger_target_dag to None
[2021-03-09 19:52:38,058] {scheduler_job.py:190} INFO - Processing /home/airflow/.local/lib/python3.6/site-packages/airflow/example_dags/example_trigger_target_dag.py took 0.077 seconds
[2021-03-09 19:53:08,492] {scheduler_job.py:182} INFO - Started process (PID=141) to work on /home/airflow/.local/lib/python3.6/site-packages/airflow/example_dags/example_trigger_target_dag.py
[2021-03-09 19:53:08,493] {scheduler_job.py:629} INFO - Processing file /home/airflow/.local/lib/python3.6/site-packages/airflow/example_dags/example_trigger_target_dag.py for tasks to queue
[2021-03-09 19:53:08,494] {logging_mixin.py:104} INFO - [2021-03-09 19:53:08,494] {dagbag.py:448} INFO - Filling up the DagBag from /home/airflow/.local/lib/python3.6/site-packages/airflow/example_dags/example_trigger_target_dag.py
[2021-03-09 19:53:08,513] {scheduler_job.py:639} INFO - DAG(s) dict_keys(['example_trigger_target_dag']) retrieved from /home/airflow/.local/lib/python3.6/site-packages/airflow/example_dags/example_trigger_target_dag.py
[2021-03-09 19:53:08,539] {logging_mixin.py:104} INFO - [2021-03-09 19:53:08,539] {dag.py:1818} INFO - Sync 1 DAGs
[2021-03-09 19:53:08,558] {logging_mixin.py:104} INFO - [2021-03-09 19:53:08,557] {dag.py:2273} INFO - Setting next_dagrun for example_trigger_target_dag to None
[2021-03-09 19:53:08,571] {scheduler_job.py:190} INFO - Processing /home/airflow/.local/lib/python3.6/site-packages/airflow/example_dags/example_trigger_target_dag.py took 0.082 seconds
[2021-03-09 19:53:39,200] {scheduler_job.py:182} INFO - Started process (PID=169) to work on /home/airflow/.local/lib/python3.6/site-packages/airflow/example_dags/example_trigger_target_dag.py
[2021-03-09 19:53:39,202] {scheduler_job.py:629} INFO - Processing file /home/airflow/.local/lib/python3.6/site-packages/airflow/example_dags/example_trigger_target_dag.py for tasks to queue
[2021-03-09 19:53:39,203] {logging_mixin.py:104} INFO - [2021-03-09 19:53:39,203] {dagbag.py:448} INFO - Filling up the DagBag from /home/airflow/.local/lib/python3.6/site-packages/airflow/example_dags/example_trigger_target_dag.py
[2021-03-09 19:53:39,218] {scheduler_job.py:639} INFO - DAG(s) dict_keys(['example_trigger_target_dag']) retrieved from /home/airflow/.local/lib/python3.6/site-packages/airflow/example_dags/example_trigger_target_dag.py
[2021-03-09 19:53:39,245] {logging_mixin.py:104} INFO - [2021-03-09 19:53:39,245] {dag.py:1818} INFO - Sync 1 DAGs
[2021-03-09 19:53:39,264] {logging_mixin.py:104} INFO - [2021-03-09 19:53:39,264] {dag.py:2273} INFO - Setting next_dagrun for example_trigger_target_dag to None
[2021-03-09 19:53:39,277] {scheduler_job.py:190} INFO - Processing /home/airflow/.local/lib/python3.6/site-packages/airflow/example_dags/example_trigger_target_dag.py took 0.079 seconds
[2021-03-09 19:54:09,759] {scheduler_job.py:182} INFO - Started process (PID=197) to work on /home/airflow/.local/lib/python3.6/site-packages/airflow/example_dags/example_trigger_target_dag.py
[2021-03-09 19:54:09,760] {scheduler_job.py:629} INFO - Processing file /home/airflow/.local/lib/python3.6/site-packages/airflow/example_dags/example_trigger_target_dag.py for tasks to queue
[2021-03-09 19:54:09,761] {logging_mixin.py:104} INFO - [2021-03-09 19:54:09,761] {dagbag.py:448} INFO - Filling up the DagBag from /home/airflow/.local/lib/python3.6/site-packages/airflow/example_dags/example_trigger_target_dag.py
[2021-03-09 19:54:09,780] {scheduler_job.py:639} INFO - DAG(s) dict_keys(['example_trigger_target_dag']) retrieved from /home/airflow/.local/lib/python3.6/site-packages/airflow/example_dags/example_trigger_target_dag.py
[2021-03-09 19:54:09,807] {logging_mixin.py:104} INFO - [2021-03-09 19:54:09,807] {dag.py:1818} INFO - Sync 1 DAGs
[2021-03-09 19:54:09,828] {logging_mixin.py:104} INFO - [2021-03-09 19:54:09,828] {dag.py:2273} INFO - Setting next_dagrun for example_trigger_target_dag to None
[2021-03-09 19:54:09,853] {scheduler_job.py:190} INFO - Processing /home/airflow/.local/lib/python3.6/site-packages/airflow/example_dags/example_trigger_target_dag.py took 0.098 seconds
[2021-03-09 19:54:40,469] {scheduler_job.py:182} INFO - Started process (PID=225) to work on /home/airflow/.local/lib/python3.6/site-packages/airflow/example_dags/example_trigger_target_dag.py
[2021-03-09 19:54:40,471] {scheduler_job.py:629} INFO - Processing file /home/airflow/.local/lib/python3.6/site-packages/airflow/example_dags/example_trigger_target_dag.py for tasks to queue
[2021-03-09 19:54:40,472] {logging_mixin.py:104} INFO - [2021-03-09 19:54:40,471] {dagbag.py:448} INFO - Filling up the DagBag from /home/airflow/.local/lib/python3.6/site-packages/airflow/example_dags/example_trigger_target_dag.py
[2021-03-09 19:54:40,490] {scheduler_job.py:639} INFO - DAG(s) dict_keys(['example_trigger_target_dag']) retrieved from /home/airflow/.local/lib/python3.6/site-packages/airflow/example_dags/example_trigger_target_dag.py
[2021-03-09 19:54:40,518] {logging_mixin.py:104} INFO - [2021-03-09 19:54:40,518] {dag.py:1818} INFO - Sync 1 DAGs
[2021-03-09 19:54:40,539] {logging_mixin.py:104} INFO - [2021-03-09 19:54:40,539] {dag.py:2273} INFO - Setting next_dagrun for example_trigger_target_dag to None
[2021-03-09 19:54:40,564] {scheduler_job.py:190} INFO - Processing /home/airflow/.local/lib/python3.6/site-packages/airflow/example_dags/example_trigger_target_dag.py took 0.099 seconds
[2021-03-09 19:55:11,109] {scheduler_job.py:182} INFO - Started process (PID=253) to work on /home/airflow/.local/lib/python3.6/site-packages/airflow/example_dags/example_trigger_target_dag.py
[2021-03-09 19:55:11,111] {scheduler_job.py:629} INFO - Processing file /home/airflow/.local/lib/python3.6/site-packages/airflow/example_dags/example_trigger_target_dag.py for tasks to queue
[2021-03-09 19:55:11,112] {logging_mixin.py:104} INFO - [2021-03-09 19:55:11,112] {dagbag.py:448} INFO - Filling up the DagBag from /home/airflow/.local/lib/python3.6/site-packages/airflow/example_dags/example_trigger_target_dag.py
[2021-03-09 19:55:11,137] {scheduler_job.py:639} INFO - DAG(s) dict_keys(['example_trigger_target_dag']) retrieved from /home/airflow/.local/lib/python3.6/site-packages/airflow/example_dags/example_trigger_target_dag.py
[2021-03-09 19:55:11,171] {logging_mixin.py:104} INFO - [2021-03-09 19:55:11,171] {dag.py:1818} INFO - Sync 1 DAGs
[2021-03-09 19:55:11,202] {logging_mixin.py:104} INFO - [2021-03-09 19:55:11,202] {dag.py:2273} INFO - Setting next_dagrun for example_trigger_target_dag to None
[2021-03-09 19:55:11,227] {scheduler_job.py:190} INFO - Processing /home/airflow/.local/lib/python3.6/site-packages/airflow/example_dags/example_trigger_target_dag.py took 0.123 seconds
[2021-03-09 19:57:56,834] {scheduler_job.py:182} INFO - Started process (PID=49) to work on /home/airflow/.local/lib/python3.6/site-packages/airflow/example_dags/example_trigger_target_dag.py
[2021-03-09 19:57:56,836] {scheduler_job.py:629} INFO - Processing file /home/airflow/.local/lib/python3.6/site-packages/airflow/example_dags/example_trigger_target_dag.py for tasks to queue
[2021-03-09 19:57:56,837] {logging_mixin.py:104} INFO - [2021-03-09 19:57:56,837] {dagbag.py:448} INFO - Filling up the DagBag from /home/airflow/.local/lib/python3.6/site-packages/airflow/example_dags/example_trigger_target_dag.py
[2021-03-09 19:57:56,854] {scheduler_job.py:639} INFO - DAG(s) dict_keys(['example_trigger_target_dag']) retrieved from /home/airflow/.local/lib/python3.6/site-packages/airflow/example_dags/example_trigger_target_dag.py
[2021-03-09 19:57:56,885] {logging_mixin.py:104} INFO - [2021-03-09 19:57:56,885] {dag.py:1818} INFO - Sync 1 DAGs
[2021-03-09 19:57:56,900] {logging_mixin.py:104} INFO - [2021-03-09 19:57:56,900] {dag.py:1837} INFO - Creating ORM DAG for example_trigger_target_dag
[2021-03-09 19:57:56,908] {logging_mixin.py:104} INFO - [2021-03-09 19:57:56,908] {dag.py:2273} INFO - Setting next_dagrun for example_trigger_target_dag to None
[2021-03-09 19:57:56,929] {scheduler_job.py:190} INFO - Processing /home/airflow/.local/lib/python3.6/site-packages/airflow/example_dags/example_trigger_target_dag.py took 0.100 seconds
[2021-03-09 19:58:27,178] {scheduler_job.py:182} INFO - Started process (PID=75) to work on /home/airflow/.local/lib/python3.6/site-packages/airflow/example_dags/example_trigger_target_dag.py
[2021-03-09 19:58:27,179] {scheduler_job.py:629} INFO - Processing file /home/airflow/.local/lib/python3.6/site-packages/airflow/example_dags/example_trigger_target_dag.py for tasks to queue
[2021-03-09 19:58:27,180] {logging_mixin.py:104} INFO - [2021-03-09 19:58:27,180] {dagbag.py:448} INFO - Filling up the DagBag from /home/airflow/.local/lib/python3.6/site-packages/airflow/example_dags/example_trigger_target_dag.py
[2021-03-09 19:58:27,192] {scheduler_job.py:639} INFO - DAG(s) dict_keys(['example_trigger_target_dag']) retrieved from /home/airflow/.local/lib/python3.6/site-packages/airflow/example_dags/example_trigger_target_dag.py
[2021-03-09 19:58:27,215] {logging_mixin.py:104} INFO - [2021-03-09 19:58:27,214] {dag.py:1818} INFO - Sync 1 DAGs
[2021-03-09 19:58:27,231] {logging_mixin.py:104} INFO - [2021-03-09 19:58:27,231] {dag.py:2273} INFO - Setting next_dagrun for example_trigger_target_dag to None
[2021-03-09 19:58:27,240] {scheduler_job.py:190} INFO - Processing /home/airflow/.local/lib/python3.6/site-packages/airflow/example_dags/example_trigger_target_dag.py took 0.065 seconds
[2021-03-09 19:58:57,601] {scheduler_job.py:182} INFO - Started process (PID=103) to work on /home/airflow/.local/lib/python3.6/site-packages/airflow/example_dags/example_trigger_target_dag.py
[2021-03-09 19:58:57,603] {scheduler_job.py:629} INFO - Processing file /home/airflow/.local/lib/python3.6/site-packages/airflow/example_dags/example_trigger_target_dag.py for tasks to queue
[2021-03-09 19:58:57,603] {logging_mixin.py:104} INFO - [2021-03-09 19:58:57,603] {dagbag.py:448} INFO - Filling up the DagBag from /home/airflow/.local/lib/python3.6/site-packages/airflow/example_dags/example_trigger_target_dag.py
[2021-03-09 19:58:57,618] {scheduler_job.py:639} INFO - DAG(s) dict_keys(['example_trigger_target_dag']) retrieved from /home/airflow/.local/lib/python3.6/site-packages/airflow/example_dags/example_trigger_target_dag.py
[2021-03-09 19:58:57,643] {logging_mixin.py:104} INFO - [2021-03-09 19:58:57,643] {dag.py:1818} INFO - Sync 1 DAGs
[2021-03-09 19:58:57,662] {logging_mixin.py:104} INFO - [2021-03-09 19:58:57,662] {dag.py:2273} INFO - Setting next_dagrun for example_trigger_target_dag to None
[2021-03-09 19:58:57,673] {scheduler_job.py:190} INFO - Processing /home/airflow/.local/lib/python3.6/site-packages/airflow/example_dags/example_trigger_target_dag.py took 0.075 seconds
[2021-03-09 19:59:27,901] {scheduler_job.py:182} INFO - Started process (PID=131) to work on /home/airflow/.local/lib/python3.6/site-packages/airflow/example_dags/example_trigger_target_dag.py
[2021-03-09 19:59:27,902] {scheduler_job.py:629} INFO - Processing file /home/airflow/.local/lib/python3.6/site-packages/airflow/example_dags/example_trigger_target_dag.py for tasks to queue
[2021-03-09 19:59:27,902] {logging_mixin.py:104} INFO - [2021-03-09 19:59:27,902] {dagbag.py:448} INFO - Filling up the DagBag from /home/airflow/.local/lib/python3.6/site-packages/airflow/example_dags/example_trigger_target_dag.py
[2021-03-09 19:59:27,916] {scheduler_job.py:639} INFO - DAG(s) dict_keys(['example_trigger_target_dag']) retrieved from /home/airflow/.local/lib/python3.6/site-packages/airflow/example_dags/example_trigger_target_dag.py
[2021-03-09 19:59:27,942] {logging_mixin.py:104} INFO - [2021-03-09 19:59:27,942] {dag.py:1818} INFO - Sync 1 DAGs
[2021-03-09 19:59:27,958] {logging_mixin.py:104} INFO - [2021-03-09 19:59:27,958] {dag.py:2273} INFO - Setting next_dagrun for example_trigger_target_dag to None
[2021-03-09 19:59:27,967] {scheduler_job.py:190} INFO - Processing /home/airflow/.local/lib/python3.6/site-packages/airflow/example_dags/example_trigger_target_dag.py took 0.070 seconds
[2021-03-09 19:59:58,356] {scheduler_job.py:182} INFO - Started process (PID=159) to work on /home/airflow/.local/lib/python3.6/site-packages/airflow/example_dags/example_trigger_target_dag.py
[2021-03-09 19:59:58,357] {scheduler_job.py:629} INFO - Processing file /home/airflow/.local/lib/python3.6/site-packages/airflow/example_dags/example_trigger_target_dag.py for tasks to queue
[2021-03-09 19:59:58,358] {logging_mixin.py:104} INFO - [2021-03-09 19:59:58,358] {dagbag.py:448} INFO - Filling up the DagBag from /home/airflow/.local/lib/python3.6/site-packages/airflow/example_dags/example_trigger_target_dag.py
[2021-03-09 19:59:58,373] {scheduler_job.py:639} INFO - DAG(s) dict_keys(['example_trigger_target_dag']) retrieved from /home/airflow/.local/lib/python3.6/site-packages/airflow/example_dags/example_trigger_target_dag.py
[2021-03-09 19:59:58,398] {logging_mixin.py:104} INFO - [2021-03-09 19:59:58,398] {dag.py:1818} INFO - Sync 1 DAGs
[2021-03-09 19:59:58,416] {logging_mixin.py:104} INFO - [2021-03-09 19:59:58,416] {dag.py:2273} INFO - Setting next_dagrun for example_trigger_target_dag to None
[2021-03-09 19:59:58,426] {scheduler_job.py:190} INFO - Processing /home/airflow/.local/lib/python3.6/site-packages/airflow/example_dags/example_trigger_target_dag.py took 0.074 seconds
[2021-03-09 20:00:28,649] {scheduler_job.py:182} INFO - Started process (PID=185) to work on /home/airflow/.local/lib/python3.6/site-packages/airflow/example_dags/example_trigger_target_dag.py
[2021-03-09 20:00:28,650] {scheduler_job.py:629} INFO - Processing file /home/airflow/.local/lib/python3.6/site-packages/airflow/example_dags/example_trigger_target_dag.py for tasks to queue
[2021-03-09 20:00:28,651] {logging_mixin.py:104} INFO - [2021-03-09 20:00:28,651] {dagbag.py:448} INFO - Filling up the DagBag from /home/airflow/.local/lib/python3.6/site-packages/airflow/example_dags/example_trigger_target_dag.py
[2021-03-09 20:00:28,663] {scheduler_job.py:639} INFO - DAG(s) dict_keys(['example_trigger_target_dag']) retrieved from /home/airflow/.local/lib/python3.6/site-packages/airflow/example_dags/example_trigger_target_dag.py
[2021-03-09 20:00:28,688] {logging_mixin.py:104} INFO - [2021-03-09 20:00:28,688] {dag.py:1818} INFO - Sync 1 DAGs
[2021-03-09 20:00:28,709] {logging_mixin.py:104} INFO - [2021-03-09 20:00:28,709] {dag.py:2273} INFO - Setting next_dagrun for example_trigger_target_dag to None
[2021-03-09 20:00:28,718] {scheduler_job.py:190} INFO - Processing /home/airflow/.local/lib/python3.6/site-packages/airflow/example_dags/example_trigger_target_dag.py took 0.074 seconds
[2021-03-09 20:00:59,394] {scheduler_job.py:182} INFO - Started process (PID=215) to work on /home/airflow/.local/lib/python3.6/site-packages/airflow/example_dags/example_trigger_target_dag.py
[2021-03-09 20:00:59,396] {scheduler_job.py:629} INFO - Processing file /home/airflow/.local/lib/python3.6/site-packages/airflow/example_dags/example_trigger_target_dag.py for tasks to queue
[2021-03-09 20:00:59,397] {logging_mixin.py:104} INFO - [2021-03-09 20:00:59,397] {dagbag.py:448} INFO - Filling up the DagBag from /home/airflow/.local/lib/python3.6/site-packages/airflow/example_dags/example_trigger_target_dag.py
[2021-03-09 20:00:59,411] {scheduler_job.py:639} INFO - DAG(s) dict_keys(['example_trigger_target_dag']) retrieved from /home/airflow/.local/lib/python3.6/site-packages/airflow/example_dags/example_trigger_target_dag.py
[2021-03-09 20:00:59,433] {logging_mixin.py:104} INFO - [2021-03-09 20:00:59,433] {dag.py:1818} INFO - Sync 1 DAGs
[2021-03-09 20:00:59,450] {logging_mixin.py:104} INFO - [2021-03-09 20:00:59,450] {dag.py:2273} INFO - Setting next_dagrun for example_trigger_target_dag to None
[2021-03-09 20:00:59,460] {scheduler_job.py:190} INFO - Processing /home/airflow/.local/lib/python3.6/site-packages/airflow/example_dags/example_trigger_target_dag.py took 0.070 seconds
[2021-03-09 20:01:29,849] {scheduler_job.py:182} INFO - Started process (PID=241) to work on /home/airflow/.local/lib/python3.6/site-packages/airflow/example_dags/example_trigger_target_dag.py
[2021-03-09 20:01:29,850] {scheduler_job.py:629} INFO - Processing file /home/airflow/.local/lib/python3.6/site-packages/airflow/example_dags/example_trigger_target_dag.py for tasks to queue
[2021-03-09 20:01:29,851] {logging_mixin.py:104} INFO - [2021-03-09 20:01:29,851] {dagbag.py:448} INFO - Filling up the DagBag from /home/airflow/.local/lib/python3.6/site-packages/airflow/example_dags/example_trigger_target_dag.py
[2021-03-09 20:01:29,868] {scheduler_job.py:639} INFO - DAG(s) dict_keys(['example_trigger_target_dag']) retrieved from /home/airflow/.local/lib/python3.6/site-packages/airflow/example_dags/example_trigger_target_dag.py
[2021-03-09 20:01:29,894] {logging_mixin.py:104} INFO - [2021-03-09 20:01:29,894] {dag.py:1818} INFO - Sync 1 DAGs
[2021-03-09 20:01:29,909] {logging_mixin.py:104} INFO - [2021-03-09 20:01:29,909] {dag.py:2273} INFO - Setting next_dagrun for example_trigger_target_dag to None
[2021-03-09 20:01:29,920] {scheduler_job.py:190} INFO - Processing /home/airflow/.local/lib/python3.6/site-packages/airflow/example_dags/example_trigger_target_dag.py took 0.075 seconds
[2021-03-09 20:02:00,601] {scheduler_job.py:182} INFO - Started process (PID=269) to work on /home/airflow/.local/lib/python3.6/site-packages/airflow/example_dags/example_trigger_target_dag.py
[2021-03-09 20:02:00,604] {scheduler_job.py:629} INFO - Processing file /home/airflow/.local/lib/python3.6/site-packages/airflow/example_dags/example_trigger_target_dag.py for tasks to queue
[2021-03-09 20:02:00,607] {logging_mixin.py:104} INFO - [2021-03-09 20:02:00,607] {dagbag.py:448} INFO - Filling up the DagBag from /home/airflow/.local/lib/python3.6/site-packages/airflow/example_dags/example_trigger_target_dag.py
[2021-03-09 20:02:00,630] {scheduler_job.py:639} INFO - DAG(s) dict_keys(['example_trigger_target_dag']) retrieved from /home/airflow/.local/lib/python3.6/site-packages/airflow/example_dags/example_trigger_target_dag.py
[2021-03-09 20:02:00,665] {logging_mixin.py:104} INFO - [2021-03-09 20:02:00,664] {dag.py:1818} INFO - Sync 1 DAGs
[2021-03-09 20:02:00,693] {logging_mixin.py:104} INFO - [2021-03-09 20:02:00,692] {dag.py:2273} INFO - Setting next_dagrun for example_trigger_target_dag to None
[2021-03-09 20:02:00,713] {scheduler_job.py:190} INFO - Processing /home/airflow/.local/lib/python3.6/site-packages/airflow/example_dags/example_trigger_target_dag.py took 0.119 seconds
[2021-03-09 20:02:31,184] {scheduler_job.py:182} INFO - Started process (PID=295) to work on /home/airflow/.local/lib/python3.6/site-packages/airflow/example_dags/example_trigger_target_dag.py
[2021-03-09 20:02:31,186] {scheduler_job.py:629} INFO - Processing file /home/airflow/.local/lib/python3.6/site-packages/airflow/example_dags/example_trigger_target_dag.py for tasks to queue
[2021-03-09 20:02:31,187] {logging_mixin.py:104} INFO - [2021-03-09 20:02:31,186] {dagbag.py:448} INFO - Filling up the DagBag from /home/airflow/.local/lib/python3.6/site-packages/airflow/example_dags/example_trigger_target_dag.py
[2021-03-09 20:02:31,203] {scheduler_job.py:639} INFO - DAG(s) dict_keys(['example_trigger_target_dag']) retrieved from /home/airflow/.local/lib/python3.6/site-packages/airflow/example_dags/example_trigger_target_dag.py
[2021-03-09 20:02:31,240] {logging_mixin.py:104} INFO - [2021-03-09 20:02:31,240] {dag.py:1818} INFO - Sync 1 DAGs
[2021-03-09 20:02:31,276] {logging_mixin.py:104} INFO - [2021-03-09 20:02:31,276] {dag.py:2273} INFO - Setting next_dagrun for example_trigger_target_dag to None
[2021-03-09 20:02:31,293] {scheduler_job.py:190} INFO - Processing /home/airflow/.local/lib/python3.6/site-packages/airflow/example_dags/example_trigger_target_dag.py took 0.114 seconds
[2021-03-09 20:03:01,885] {scheduler_job.py:182} INFO - Started process (PID=323) to work on /home/airflow/.local/lib/python3.6/site-packages/airflow/example_dags/example_trigger_target_dag.py
[2021-03-09 20:03:01,887] {scheduler_job.py:629} INFO - Processing file /home/airflow/.local/lib/python3.6/site-packages/airflow/example_dags/example_trigger_target_dag.py for tasks to queue
[2021-03-09 20:03:01,889] {logging_mixin.py:104} INFO - [2021-03-09 20:03:01,889] {dagbag.py:448} INFO - Filling up the DagBag from /home/airflow/.local/lib/python3.6/site-packages/airflow/example_dags/example_trigger_target_dag.py
[2021-03-09 20:03:01,910] {scheduler_job.py:639} INFO - DAG(s) dict_keys(['example_trigger_target_dag']) retrieved from /home/airflow/.local/lib/python3.6/site-packages/airflow/example_dags/example_trigger_target_dag.py
[2021-03-09 20:03:01,943] {logging_mixin.py:104} INFO - [2021-03-09 20:03:01,943] {dag.py:1818} INFO - Sync 1 DAGs
[2021-03-09 20:03:01,967] {logging_mixin.py:104} INFO - [2021-03-09 20:03:01,967] {dag.py:2273} INFO - Setting next_dagrun for example_trigger_target_dag to None
[2021-03-09 20:03:01,982] {scheduler_job.py:190} INFO - Processing /home/airflow/.local/lib/python3.6/site-packages/airflow/example_dags/example_trigger_target_dag.py took 0.104 seconds
[2021-03-09 20:03:32,324] {scheduler_job.py:182} INFO - Started process (PID=351) to work on /home/airflow/.local/lib/python3.6/site-packages/airflow/example_dags/example_trigger_target_dag.py
[2021-03-09 20:03:32,326] {scheduler_job.py:629} INFO - Processing file /home/airflow/.local/lib/python3.6/site-packages/airflow/example_dags/example_trigger_target_dag.py for tasks to queue
[2021-03-09 20:03:32,326] {logging_mixin.py:104} INFO - [2021-03-09 20:03:32,326] {dagbag.py:448} INFO - Filling up the DagBag from /home/airflow/.local/lib/python3.6/site-packages/airflow/example_dags/example_trigger_target_dag.py
[2021-03-09 20:03:32,339] {scheduler_job.py:639} INFO - DAG(s) dict_keys(['example_trigger_target_dag']) retrieved from /home/airflow/.local/lib/python3.6/site-packages/airflow/example_dags/example_trigger_target_dag.py
[2021-03-09 20:03:32,364] {logging_mixin.py:104} INFO - [2021-03-09 20:03:32,364] {dag.py:1818} INFO - Sync 1 DAGs
[2021-03-09 20:03:32,383] {logging_mixin.py:104} INFO - [2021-03-09 20:03:32,383] {dag.py:2273} INFO - Setting next_dagrun for example_trigger_target_dag to None
[2021-03-09 20:03:32,398] {scheduler_job.py:190} INFO - Processing /home/airflow/.local/lib/python3.6/site-packages/airflow/example_dags/example_trigger_target_dag.py took 0.077 seconds
[2021-03-09 20:04:03,172] {scheduler_job.py:182} INFO - Started process (PID=383) to work on /home/airflow/.local/lib/python3.6/site-packages/airflow/example_dags/example_trigger_target_dag.py
[2021-03-09 20:04:03,174] {scheduler_job.py:629} INFO - Processing file /home/airflow/.local/lib/python3.6/site-packages/airflow/example_dags/example_trigger_target_dag.py for tasks to queue
[2021-03-09 20:04:03,175] {logging_mixin.py:104} INFO - [2021-03-09 20:04:03,174] {dagbag.py:448} INFO - Filling up the DagBag from /home/airflow/.local/lib/python3.6/site-packages/airflow/example_dags/example_trigger_target_dag.py
[2021-03-09 20:04:03,193] {scheduler_job.py:639} INFO - DAG(s) dict_keys(['example_trigger_target_dag']) retrieved from /home/airflow/.local/lib/python3.6/site-packages/airflow/example_dags/example_trigger_target_dag.py
[2021-03-09 20:04:03,218] {logging_mixin.py:104} INFO - [2021-03-09 20:04:03,218] {dag.py:1818} INFO - Sync 1 DAGs
[2021-03-09 20:04:03,236] {logging_mixin.py:104} INFO - [2021-03-09 20:04:03,236] {dag.py:2273} INFO - Setting next_dagrun for example_trigger_target_dag to None
[2021-03-09 20:04:03,245] {scheduler_job.py:190} INFO - Processing /home/airflow/.local/lib/python3.6/site-packages/airflow/example_dags/example_trigger_target_dag.py took 0.077 seconds
[2021-03-09 20:04:33,622] {scheduler_job.py:182} INFO - Started process (PID=409) to work on /home/airflow/.local/lib/python3.6/site-packages/airflow/example_dags/example_trigger_target_dag.py
[2021-03-09 20:04:33,624] {scheduler_job.py:629} INFO - Processing file /home/airflow/.local/lib/python3.6/site-packages/airflow/example_dags/example_trigger_target_dag.py for tasks to queue
[2021-03-09 20:04:33,625] {logging_mixin.py:104} INFO - [2021-03-09 20:04:33,625] {dagbag.py:448} INFO - Filling up the DagBag from /home/airflow/.local/lib/python3.6/site-packages/airflow/example_dags/example_trigger_target_dag.py
[2021-03-09 20:04:33,640] {scheduler_job.py:639} INFO - DAG(s) dict_keys(['example_trigger_target_dag']) retrieved from /home/airflow/.local/lib/python3.6/site-packages/airflow/example_dags/example_trigger_target_dag.py
[2021-03-09 20:04:33,665] {logging_mixin.py:104} INFO - [2021-03-09 20:04:33,665] {dag.py:1818} INFO - Sync 1 DAGs
[2021-03-09 20:04:33,684] {logging_mixin.py:104} INFO - [2021-03-09 20:04:33,684] {dag.py:2273} INFO - Setting next_dagrun for example_trigger_target_dag to None
[2021-03-09 20:04:33,694] {scheduler_job.py:190} INFO - Processing /home/airflow/.local/lib/python3.6/site-packages/airflow/example_dags/example_trigger_target_dag.py took 0.075 seconds
[2021-03-09 20:05:04,473] {scheduler_job.py:182} INFO - Started process (PID=437) to work on /home/airflow/.local/lib/python3.6/site-packages/airflow/example_dags/example_trigger_target_dag.py
[2021-03-09 20:05:04,476] {scheduler_job.py:629} INFO - Processing file /home/airflow/.local/lib/python3.6/site-packages/airflow/example_dags/example_trigger_target_dag.py for tasks to queue
[2021-03-09 20:05:04,477] {logging_mixin.py:104} INFO - [2021-03-09 20:05:04,477] {dagbag.py:448} INFO - Filling up the DagBag from /home/airflow/.local/lib/python3.6/site-packages/airflow/example_dags/example_trigger_target_dag.py
[2021-03-09 20:05:04,492] {scheduler_job.py:639} INFO - DAG(s) dict_keys(['example_trigger_target_dag']) retrieved from /home/airflow/.local/lib/python3.6/site-packages/airflow/example_dags/example_trigger_target_dag.py
[2021-03-09 20:05:04,519] {logging_mixin.py:104} INFO - [2021-03-09 20:05:04,518] {dag.py:1818} INFO - Sync 1 DAGs
[2021-03-09 20:05:04,549] {logging_mixin.py:104} INFO - [2021-03-09 20:05:04,549] {dag.py:2273} INFO - Setting next_dagrun for example_trigger_target_dag to None
[2021-03-09 20:05:04,568] {scheduler_job.py:190} INFO - Processing /home/airflow/.local/lib/python3.6/site-packages/airflow/example_dags/example_trigger_target_dag.py took 0.099 seconds
[2021-03-09 20:05:35,341] {scheduler_job.py:182} INFO - Started process (PID=466) to work on /home/airflow/.local/lib/python3.6/site-packages/airflow/example_dags/example_trigger_target_dag.py
[2021-03-09 20:05:35,343] {scheduler_job.py:629} INFO - Processing file /home/airflow/.local/lib/python3.6/site-packages/airflow/example_dags/example_trigger_target_dag.py for tasks to queue
[2021-03-09 20:05:35,343] {logging_mixin.py:104} INFO - [2021-03-09 20:05:35,343] {dagbag.py:448} INFO - Filling up the DagBag from /home/airflow/.local/lib/python3.6/site-packages/airflow/example_dags/example_trigger_target_dag.py
[2021-03-09 20:05:35,357] {scheduler_job.py:639} INFO - DAG(s) dict_keys(['example_trigger_target_dag']) retrieved from /home/airflow/.local/lib/python3.6/site-packages/airflow/example_dags/example_trigger_target_dag.py
[2021-03-09 20:05:35,383] {logging_mixin.py:104} INFO - [2021-03-09 20:05:35,382] {dag.py:1818} INFO - Sync 1 DAGs
[2021-03-09 20:05:35,400] {logging_mixin.py:104} INFO - [2021-03-09 20:05:35,400] {dag.py:2273} INFO - Setting next_dagrun for example_trigger_target_dag to None
[2021-03-09 20:05:35,411] {scheduler_job.py:190} INFO - Processing /home/airflow/.local/lib/python3.6/site-packages/airflow/example_dags/example_trigger_target_dag.py took 0.073 seconds
