[2021-03-09 19:51:07,242] {scheduler_job.py:182} INFO - Started process (PID=47) to work on /home/airflow/.local/lib/python3.6/site-packages/airflow/example_dags/example_kubernetes_executor.py
[2021-03-09 19:51:07,247] {scheduler_job.py:629} INFO - Processing file /home/airflow/.local/lib/python3.6/site-packages/airflow/example_dags/example_kubernetes_executor.py for tasks to queue
[2021-03-09 19:51:07,248] {logging_mixin.py:104} INFO - [2021-03-09 19:51:07,248] {dagbag.py:448} INFO - Filling up the DagBag from /home/airflow/.local/lib/python3.6/site-packages/airflow/example_dags/example_kubernetes_executor.py
[2021-03-09 19:51:07,274] {scheduler_job.py:639} INFO - DAG(s) dict_keys(['example_kubernetes_executor']) retrieved from /home/airflow/.local/lib/python3.6/site-packages/airflow/example_dags/example_kubernetes_executor.py
[2021-03-09 19:51:07,325] {logging_mixin.py:104} INFO - [2021-03-09 19:51:07,325] {dag.py:1818} INFO - Sync 1 DAGs
[2021-03-09 19:51:07,350] {logging_mixin.py:104} INFO - [2021-03-09 19:51:07,350] {dag.py:1837} INFO - Creating ORM DAG for example_kubernetes_executor
[2021-03-09 19:51:07,362] {logging_mixin.py:104} INFO - [2021-03-09 19:51:07,362] {dag.py:2273} INFO - Setting next_dagrun for example_kubernetes_executor to None
[2021-03-09 19:51:07,396] {scheduler_job.py:190} INFO - Processing /home/airflow/.local/lib/python3.6/site-packages/airflow/example_dags/example_kubernetes_executor.py took 0.167 seconds
[2021-03-09 19:51:38,127] {scheduler_job.py:182} INFO - Started process (PID=73) to work on /home/airflow/.local/lib/python3.6/site-packages/airflow/example_dags/example_kubernetes_executor.py
[2021-03-09 19:51:38,134] {scheduler_job.py:629} INFO - Processing file /home/airflow/.local/lib/python3.6/site-packages/airflow/example_dags/example_kubernetes_executor.py for tasks to queue
[2021-03-09 19:51:38,137] {logging_mixin.py:104} INFO - [2021-03-09 19:51:38,137] {dagbag.py:448} INFO - Filling up the DagBag from /home/airflow/.local/lib/python3.6/site-packages/airflow/example_dags/example_kubernetes_executor.py
[2021-03-09 19:51:38,167] {scheduler_job.py:639} INFO - DAG(s) dict_keys(['example_kubernetes_executor']) retrieved from /home/airflow/.local/lib/python3.6/site-packages/airflow/example_dags/example_kubernetes_executor.py
[2021-03-09 19:51:38,214] {logging_mixin.py:104} INFO - [2021-03-09 19:51:38,213] {dag.py:1818} INFO - Sync 1 DAGs
[2021-03-09 19:51:38,250] {logging_mixin.py:104} INFO - [2021-03-09 19:51:38,250] {dag.py:2273} INFO - Setting next_dagrun for example_kubernetes_executor to None
[2021-03-09 19:51:38,276] {scheduler_job.py:190} INFO - Processing /home/airflow/.local/lib/python3.6/site-packages/airflow/example_dags/example_kubernetes_executor.py took 0.154 seconds
[2021-03-09 19:52:09,097] {scheduler_job.py:182} INFO - Started process (PID=101) to work on /home/airflow/.local/lib/python3.6/site-packages/airflow/example_dags/example_kubernetes_executor.py
[2021-03-09 19:52:09,099] {scheduler_job.py:629} INFO - Processing file /home/airflow/.local/lib/python3.6/site-packages/airflow/example_dags/example_kubernetes_executor.py for tasks to queue
[2021-03-09 19:52:09,100] {logging_mixin.py:104} INFO - [2021-03-09 19:52:09,099] {dagbag.py:448} INFO - Filling up the DagBag from /home/airflow/.local/lib/python3.6/site-packages/airflow/example_dags/example_kubernetes_executor.py
[2021-03-09 19:52:09,123] {scheduler_job.py:639} INFO - DAG(s) dict_keys(['example_kubernetes_executor']) retrieved from /home/airflow/.local/lib/python3.6/site-packages/airflow/example_dags/example_kubernetes_executor.py
[2021-03-09 19:52:09,157] {logging_mixin.py:104} INFO - [2021-03-09 19:52:09,157] {dag.py:1818} INFO - Sync 1 DAGs
[2021-03-09 19:52:09,185] {logging_mixin.py:104} INFO - [2021-03-09 19:52:09,185] {dag.py:2273} INFO - Setting next_dagrun for example_kubernetes_executor to None
[2021-03-09 19:52:09,200] {scheduler_job.py:190} INFO - Processing /home/airflow/.local/lib/python3.6/site-packages/airflow/example_dags/example_kubernetes_executor.py took 0.109 seconds
[2021-03-09 19:52:39,681] {scheduler_job.py:182} INFO - Started process (PID=129) to work on /home/airflow/.local/lib/python3.6/site-packages/airflow/example_dags/example_kubernetes_executor.py
[2021-03-09 19:52:39,683] {scheduler_job.py:629} INFO - Processing file /home/airflow/.local/lib/python3.6/site-packages/airflow/example_dags/example_kubernetes_executor.py for tasks to queue
[2021-03-09 19:52:39,684] {logging_mixin.py:104} INFO - [2021-03-09 19:52:39,684] {dagbag.py:448} INFO - Filling up the DagBag from /home/airflow/.local/lib/python3.6/site-packages/airflow/example_dags/example_kubernetes_executor.py
[2021-03-09 19:52:39,698] {scheduler_job.py:639} INFO - DAG(s) dict_keys(['example_kubernetes_executor']) retrieved from /home/airflow/.local/lib/python3.6/site-packages/airflow/example_dags/example_kubernetes_executor.py
[2021-03-09 19:52:39,726] {logging_mixin.py:104} INFO - [2021-03-09 19:52:39,726] {dag.py:1818} INFO - Sync 1 DAGs
[2021-03-09 19:52:39,746] {logging_mixin.py:104} INFO - [2021-03-09 19:52:39,746] {dag.py:2273} INFO - Setting next_dagrun for example_kubernetes_executor to None
[2021-03-09 19:52:39,758] {scheduler_job.py:190} INFO - Processing /home/airflow/.local/lib/python3.6/site-packages/airflow/example_dags/example_kubernetes_executor.py took 0.081 seconds
[2021-03-09 19:53:10,248] {scheduler_job.py:182} INFO - Started process (PID=157) to work on /home/airflow/.local/lib/python3.6/site-packages/airflow/example_dags/example_kubernetes_executor.py
[2021-03-09 19:53:10,249] {scheduler_job.py:629} INFO - Processing file /home/airflow/.local/lib/python3.6/site-packages/airflow/example_dags/example_kubernetes_executor.py for tasks to queue
[2021-03-09 19:53:10,250] {logging_mixin.py:104} INFO - [2021-03-09 19:53:10,250] {dagbag.py:448} INFO - Filling up the DagBag from /home/airflow/.local/lib/python3.6/site-packages/airflow/example_dags/example_kubernetes_executor.py
[2021-03-09 19:53:10,267] {scheduler_job.py:639} INFO - DAG(s) dict_keys(['example_kubernetes_executor']) retrieved from /home/airflow/.local/lib/python3.6/site-packages/airflow/example_dags/example_kubernetes_executor.py
[2021-03-09 19:53:10,305] {logging_mixin.py:104} INFO - [2021-03-09 19:53:10,305] {dag.py:1818} INFO - Sync 1 DAGs
[2021-03-09 19:53:10,331] {logging_mixin.py:104} INFO - [2021-03-09 19:53:10,330] {dag.py:2273} INFO - Setting next_dagrun for example_kubernetes_executor to None
[2021-03-09 19:53:10,346] {scheduler_job.py:190} INFO - Processing /home/airflow/.local/lib/python3.6/site-packages/airflow/example_dags/example_kubernetes_executor.py took 0.104 seconds
[2021-03-09 19:53:40,915] {scheduler_job.py:182} INFO - Started process (PID=185) to work on /home/airflow/.local/lib/python3.6/site-packages/airflow/example_dags/example_kubernetes_executor.py
[2021-03-09 19:53:40,918] {scheduler_job.py:629} INFO - Processing file /home/airflow/.local/lib/python3.6/site-packages/airflow/example_dags/example_kubernetes_executor.py for tasks to queue
[2021-03-09 19:53:40,919] {logging_mixin.py:104} INFO - [2021-03-09 19:53:40,919] {dagbag.py:448} INFO - Filling up the DagBag from /home/airflow/.local/lib/python3.6/site-packages/airflow/example_dags/example_kubernetes_executor.py
[2021-03-09 19:53:40,949] {scheduler_job.py:639} INFO - DAG(s) dict_keys(['example_kubernetes_executor']) retrieved from /home/airflow/.local/lib/python3.6/site-packages/airflow/example_dags/example_kubernetes_executor.py
[2021-03-09 19:53:40,992] {logging_mixin.py:104} INFO - [2021-03-09 19:53:40,992] {dag.py:1818} INFO - Sync 1 DAGs
[2021-03-09 19:53:41,019] {logging_mixin.py:104} INFO - [2021-03-09 19:53:41,019] {dag.py:2273} INFO - Setting next_dagrun for example_kubernetes_executor to None
[2021-03-09 19:53:41,037] {scheduler_job.py:190} INFO - Processing /home/airflow/.local/lib/python3.6/site-packages/airflow/example_dags/example_kubernetes_executor.py took 0.126 seconds
[2021-03-09 19:54:11,595] {scheduler_job.py:182} INFO - Started process (PID=213) to work on /home/airflow/.local/lib/python3.6/site-packages/airflow/example_dags/example_kubernetes_executor.py
[2021-03-09 19:54:11,596] {scheduler_job.py:629} INFO - Processing file /home/airflow/.local/lib/python3.6/site-packages/airflow/example_dags/example_kubernetes_executor.py for tasks to queue
[2021-03-09 19:54:11,597] {logging_mixin.py:104} INFO - [2021-03-09 19:54:11,597] {dagbag.py:448} INFO - Filling up the DagBag from /home/airflow/.local/lib/python3.6/site-packages/airflow/example_dags/example_kubernetes_executor.py
[2021-03-09 19:54:11,615] {scheduler_job.py:639} INFO - DAG(s) dict_keys(['example_kubernetes_executor']) retrieved from /home/airflow/.local/lib/python3.6/site-packages/airflow/example_dags/example_kubernetes_executor.py
[2021-03-09 19:54:11,640] {logging_mixin.py:104} INFO - [2021-03-09 19:54:11,639] {dag.py:1818} INFO - Sync 1 DAGs
[2021-03-09 19:54:11,661] {logging_mixin.py:104} INFO - [2021-03-09 19:54:11,661] {dag.py:2273} INFO - Setting next_dagrun for example_kubernetes_executor to None
[2021-03-09 19:54:11,675] {scheduler_job.py:190} INFO - Processing /home/airflow/.local/lib/python3.6/site-packages/airflow/example_dags/example_kubernetes_executor.py took 0.085 seconds
[2021-03-09 19:54:42,250] {scheduler_job.py:182} INFO - Started process (PID=241) to work on /home/airflow/.local/lib/python3.6/site-packages/airflow/example_dags/example_kubernetes_executor.py
[2021-03-09 19:54:42,252] {scheduler_job.py:629} INFO - Processing file /home/airflow/.local/lib/python3.6/site-packages/airflow/example_dags/example_kubernetes_executor.py for tasks to queue
[2021-03-09 19:54:42,253] {logging_mixin.py:104} INFO - [2021-03-09 19:54:42,253] {dagbag.py:448} INFO - Filling up the DagBag from /home/airflow/.local/lib/python3.6/site-packages/airflow/example_dags/example_kubernetes_executor.py
[2021-03-09 19:54:42,273] {scheduler_job.py:639} INFO - DAG(s) dict_keys(['example_kubernetes_executor']) retrieved from /home/airflow/.local/lib/python3.6/site-packages/airflow/example_dags/example_kubernetes_executor.py
[2021-03-09 19:54:42,308] {logging_mixin.py:104} INFO - [2021-03-09 19:54:42,308] {dag.py:1818} INFO - Sync 1 DAGs
[2021-03-09 19:54:42,334] {logging_mixin.py:104} INFO - [2021-03-09 19:54:42,334] {dag.py:2273} INFO - Setting next_dagrun for example_kubernetes_executor to None
[2021-03-09 19:54:42,348] {scheduler_job.py:190} INFO - Processing /home/airflow/.local/lib/python3.6/site-packages/airflow/example_dags/example_kubernetes_executor.py took 0.103 seconds
[2021-03-09 19:55:13,157] {scheduler_job.py:182} INFO - Started process (PID=269) to work on /home/airflow/.local/lib/python3.6/site-packages/airflow/example_dags/example_kubernetes_executor.py
[2021-03-09 19:55:13,161] {scheduler_job.py:629} INFO - Processing file /home/airflow/.local/lib/python3.6/site-packages/airflow/example_dags/example_kubernetes_executor.py for tasks to queue
[2021-03-09 19:55:13,162] {logging_mixin.py:104} INFO - [2021-03-09 19:55:13,162] {dagbag.py:448} INFO - Filling up the DagBag from /home/airflow/.local/lib/python3.6/site-packages/airflow/example_dags/example_kubernetes_executor.py
[2021-03-09 19:55:13,191] {scheduler_job.py:639} INFO - DAG(s) dict_keys(['example_kubernetes_executor']) retrieved from /home/airflow/.local/lib/python3.6/site-packages/airflow/example_dags/example_kubernetes_executor.py
[2021-03-09 19:55:13,240] {logging_mixin.py:104} INFO - [2021-03-09 19:55:13,240] {dag.py:1818} INFO - Sync 1 DAGs
[2021-03-09 19:55:13,278] {logging_mixin.py:104} INFO - [2021-03-09 19:55:13,278] {dag.py:2273} INFO - Setting next_dagrun for example_kubernetes_executor to None
[2021-03-09 19:55:13,296] {scheduler_job.py:190} INFO - Processing /home/airflow/.local/lib/python3.6/site-packages/airflow/example_dags/example_kubernetes_executor.py took 0.147 seconds
[2021-03-09 19:57:56,696] {scheduler_job.py:182} INFO - Started process (PID=46) to work on /home/airflow/.local/lib/python3.6/site-packages/airflow/example_dags/example_kubernetes_executor.py
[2021-03-09 19:57:56,698] {scheduler_job.py:629} INFO - Processing file /home/airflow/.local/lib/python3.6/site-packages/airflow/example_dags/example_kubernetes_executor.py for tasks to queue
[2021-03-09 19:57:56,699] {logging_mixin.py:104} INFO - [2021-03-09 19:57:56,699] {dagbag.py:448} INFO - Filling up the DagBag from /home/airflow/.local/lib/python3.6/site-packages/airflow/example_dags/example_kubernetes_executor.py
[2021-03-09 19:57:56,716] {scheduler_job.py:639} INFO - DAG(s) dict_keys(['example_kubernetes_executor']) retrieved from /home/airflow/.local/lib/python3.6/site-packages/airflow/example_dags/example_kubernetes_executor.py
[2021-03-09 19:57:56,749] {logging_mixin.py:104} INFO - [2021-03-09 19:57:56,749] {dag.py:1818} INFO - Sync 1 DAGs
[2021-03-09 19:57:56,764] {logging_mixin.py:104} INFO - [2021-03-09 19:57:56,764] {dag.py:1837} INFO - Creating ORM DAG for example_kubernetes_executor
[2021-03-09 19:57:56,775] {logging_mixin.py:104} INFO - [2021-03-09 19:57:56,775] {dag.py:2273} INFO - Setting next_dagrun for example_kubernetes_executor to None
[2021-03-09 19:57:56,794] {scheduler_job.py:190} INFO - Processing /home/airflow/.local/lib/python3.6/site-packages/airflow/example_dags/example_kubernetes_executor.py took 0.103 seconds
[2021-03-09 19:58:27,322] {scheduler_job.py:182} INFO - Started process (PID=78) to work on /home/airflow/.local/lib/python3.6/site-packages/airflow/example_dags/example_kubernetes_executor.py
[2021-03-09 19:58:27,324] {scheduler_job.py:629} INFO - Processing file /home/airflow/.local/lib/python3.6/site-packages/airflow/example_dags/example_kubernetes_executor.py for tasks to queue
[2021-03-09 19:58:27,324] {logging_mixin.py:104} INFO - [2021-03-09 19:58:27,324] {dagbag.py:448} INFO - Filling up the DagBag from /home/airflow/.local/lib/python3.6/site-packages/airflow/example_dags/example_kubernetes_executor.py
[2021-03-09 19:58:27,339] {scheduler_job.py:639} INFO - DAG(s) dict_keys(['example_kubernetes_executor']) retrieved from /home/airflow/.local/lib/python3.6/site-packages/airflow/example_dags/example_kubernetes_executor.py
[2021-03-09 19:58:27,364] {logging_mixin.py:104} INFO - [2021-03-09 19:58:27,364] {dag.py:1818} INFO - Sync 1 DAGs
[2021-03-09 19:58:27,381] {logging_mixin.py:104} INFO - [2021-03-09 19:58:27,381] {dag.py:2273} INFO - Setting next_dagrun for example_kubernetes_executor to None
[2021-03-09 19:58:27,391] {scheduler_job.py:190} INFO - Processing /home/airflow/.local/lib/python3.6/site-packages/airflow/example_dags/example_kubernetes_executor.py took 0.072 seconds
[2021-03-09 19:58:57,468] {scheduler_job.py:182} INFO - Started process (PID=100) to work on /home/airflow/.local/lib/python3.6/site-packages/airflow/example_dags/example_kubernetes_executor.py
[2021-03-09 19:58:57,469] {scheduler_job.py:629} INFO - Processing file /home/airflow/.local/lib/python3.6/site-packages/airflow/example_dags/example_kubernetes_executor.py for tasks to queue
[2021-03-09 19:58:57,470] {logging_mixin.py:104} INFO - [2021-03-09 19:58:57,470] {dagbag.py:448} INFO - Filling up the DagBag from /home/airflow/.local/lib/python3.6/site-packages/airflow/example_dags/example_kubernetes_executor.py
[2021-03-09 19:58:57,484] {scheduler_job.py:639} INFO - DAG(s) dict_keys(['example_kubernetes_executor']) retrieved from /home/airflow/.local/lib/python3.6/site-packages/airflow/example_dags/example_kubernetes_executor.py
[2021-03-09 19:58:57,511] {logging_mixin.py:104} INFO - [2021-03-09 19:58:57,511] {dag.py:1818} INFO - Sync 1 DAGs
[2021-03-09 19:58:57,528] {logging_mixin.py:104} INFO - [2021-03-09 19:58:57,528] {dag.py:2273} INFO - Setting next_dagrun for example_kubernetes_executor to None
[2021-03-09 19:58:57,540] {scheduler_job.py:190} INFO - Processing /home/airflow/.local/lib/python3.6/site-packages/airflow/example_dags/example_kubernetes_executor.py took 0.075 seconds
[2021-03-09 19:59:27,806] {scheduler_job.py:182} INFO - Started process (PID=128) to work on /home/airflow/.local/lib/python3.6/site-packages/airflow/example_dags/example_kubernetes_executor.py
[2021-03-09 19:59:27,807] {scheduler_job.py:629} INFO - Processing file /home/airflow/.local/lib/python3.6/site-packages/airflow/example_dags/example_kubernetes_executor.py for tasks to queue
[2021-03-09 19:59:27,808] {logging_mixin.py:104} INFO - [2021-03-09 19:59:27,808] {dagbag.py:448} INFO - Filling up the DagBag from /home/airflow/.local/lib/python3.6/site-packages/airflow/example_dags/example_kubernetes_executor.py
[2021-03-09 19:59:27,822] {scheduler_job.py:639} INFO - DAG(s) dict_keys(['example_kubernetes_executor']) retrieved from /home/airflow/.local/lib/python3.6/site-packages/airflow/example_dags/example_kubernetes_executor.py
[2021-03-09 19:59:27,846] {logging_mixin.py:104} INFO - [2021-03-09 19:59:27,846] {dag.py:1818} INFO - Sync 1 DAGs
[2021-03-09 19:59:27,862] {logging_mixin.py:104} INFO - [2021-03-09 19:59:27,862] {dag.py:2273} INFO - Setting next_dagrun for example_kubernetes_executor to None
[2021-03-09 19:59:27,872] {scheduler_job.py:190} INFO - Processing /home/airflow/.local/lib/python3.6/site-packages/airflow/example_dags/example_kubernetes_executor.py took 0.069 seconds
[2021-03-09 19:59:58,184] {scheduler_job.py:182} INFO - Started process (PID=156) to work on /home/airflow/.local/lib/python3.6/site-packages/airflow/example_dags/example_kubernetes_executor.py
[2021-03-09 19:59:58,186] {scheduler_job.py:629} INFO - Processing file /home/airflow/.local/lib/python3.6/site-packages/airflow/example_dags/example_kubernetes_executor.py for tasks to queue
[2021-03-09 19:59:58,187] {logging_mixin.py:104} INFO - [2021-03-09 19:59:58,187] {dagbag.py:448} INFO - Filling up the DagBag from /home/airflow/.local/lib/python3.6/site-packages/airflow/example_dags/example_kubernetes_executor.py
[2021-03-09 19:59:58,203] {scheduler_job.py:639} INFO - DAG(s) dict_keys(['example_kubernetes_executor']) retrieved from /home/airflow/.local/lib/python3.6/site-packages/airflow/example_dags/example_kubernetes_executor.py
[2021-03-09 19:59:58,231] {logging_mixin.py:104} INFO - [2021-03-09 19:59:58,230] {dag.py:1818} INFO - Sync 1 DAGs
[2021-03-09 19:59:58,248] {logging_mixin.py:104} INFO - [2021-03-09 19:59:58,248] {dag.py:2273} INFO - Setting next_dagrun for example_kubernetes_executor to None
[2021-03-09 19:59:58,258] {scheduler_job.py:190} INFO - Processing /home/airflow/.local/lib/python3.6/site-packages/airflow/example_dags/example_kubernetes_executor.py took 0.078 seconds
[2021-03-09 20:00:28,830] {scheduler_job.py:182} INFO - Started process (PID=189) to work on /home/airflow/.local/lib/python3.6/site-packages/airflow/example_dags/example_kubernetes_executor.py
[2021-03-09 20:00:28,832] {scheduler_job.py:629} INFO - Processing file /home/airflow/.local/lib/python3.6/site-packages/airflow/example_dags/example_kubernetes_executor.py for tasks to queue
[2021-03-09 20:00:28,833] {logging_mixin.py:104} INFO - [2021-03-09 20:00:28,833] {dagbag.py:448} INFO - Filling up the DagBag from /home/airflow/.local/lib/python3.6/site-packages/airflow/example_dags/example_kubernetes_executor.py
[2021-03-09 20:00:28,848] {scheduler_job.py:639} INFO - DAG(s) dict_keys(['example_kubernetes_executor']) retrieved from /home/airflow/.local/lib/python3.6/site-packages/airflow/example_dags/example_kubernetes_executor.py
[2021-03-09 20:00:28,874] {logging_mixin.py:104} INFO - [2021-03-09 20:00:28,874] {dag.py:1818} INFO - Sync 1 DAGs
[2021-03-09 20:00:28,894] {logging_mixin.py:104} INFO - [2021-03-09 20:00:28,894] {dag.py:2273} INFO - Setting next_dagrun for example_kubernetes_executor to None
[2021-03-09 20:00:28,904] {scheduler_job.py:190} INFO - Processing /home/airflow/.local/lib/python3.6/site-packages/airflow/example_dags/example_kubernetes_executor.py took 0.079 seconds
[2021-03-09 20:00:59,249] {scheduler_job.py:182} INFO - Started process (PID=212) to work on /home/airflow/.local/lib/python3.6/site-packages/airflow/example_dags/example_kubernetes_executor.py
[2021-03-09 20:00:59,251] {scheduler_job.py:629} INFO - Processing file /home/airflow/.local/lib/python3.6/site-packages/airflow/example_dags/example_kubernetes_executor.py for tasks to queue
[2021-03-09 20:00:59,252] {logging_mixin.py:104} INFO - [2021-03-09 20:00:59,252] {dagbag.py:448} INFO - Filling up the DagBag from /home/airflow/.local/lib/python3.6/site-packages/airflow/example_dags/example_kubernetes_executor.py
[2021-03-09 20:00:59,272] {scheduler_job.py:639} INFO - DAG(s) dict_keys(['example_kubernetes_executor']) retrieved from /home/airflow/.local/lib/python3.6/site-packages/airflow/example_dags/example_kubernetes_executor.py
[2021-03-09 20:00:59,310] {logging_mixin.py:104} INFO - [2021-03-09 20:00:59,310] {dag.py:1818} INFO - Sync 1 DAGs
[2021-03-09 20:00:59,327] {logging_mixin.py:104} INFO - [2021-03-09 20:00:59,327] {dag.py:2273} INFO - Setting next_dagrun for example_kubernetes_executor to None
[2021-03-09 20:00:59,337] {scheduler_job.py:190} INFO - Processing /home/airflow/.local/lib/python3.6/site-packages/airflow/example_dags/example_kubernetes_executor.py took 0.093 seconds
[2021-03-09 20:01:29,687] {scheduler_job.py:182} INFO - Started process (PID=238) to work on /home/airflow/.local/lib/python3.6/site-packages/airflow/example_dags/example_kubernetes_executor.py
[2021-03-09 20:01:29,688] {scheduler_job.py:629} INFO - Processing file /home/airflow/.local/lib/python3.6/site-packages/airflow/example_dags/example_kubernetes_executor.py for tasks to queue
[2021-03-09 20:01:29,688] {logging_mixin.py:104} INFO - [2021-03-09 20:01:29,688] {dagbag.py:448} INFO - Filling up the DagBag from /home/airflow/.local/lib/python3.6/site-packages/airflow/example_dags/example_kubernetes_executor.py
[2021-03-09 20:01:29,702] {scheduler_job.py:639} INFO - DAG(s) dict_keys(['example_kubernetes_executor']) retrieved from /home/airflow/.local/lib/python3.6/site-packages/airflow/example_dags/example_kubernetes_executor.py
[2021-03-09 20:01:29,723] {logging_mixin.py:104} INFO - [2021-03-09 20:01:29,723] {dag.py:1818} INFO - Sync 1 DAGs
[2021-03-09 20:01:29,737] {logging_mixin.py:104} INFO - [2021-03-09 20:01:29,737] {dag.py:2273} INFO - Setting next_dagrun for example_kubernetes_executor to None
[2021-03-09 20:01:29,748] {scheduler_job.py:190} INFO - Processing /home/airflow/.local/lib/python3.6/site-packages/airflow/example_dags/example_kubernetes_executor.py took 0.065 seconds
[2021-03-09 20:02:00,298] {scheduler_job.py:182} INFO - Started process (PID=264) to work on /home/airflow/.local/lib/python3.6/site-packages/airflow/example_dags/example_kubernetes_executor.py
[2021-03-09 20:02:00,301] {scheduler_job.py:629} INFO - Processing file /home/airflow/.local/lib/python3.6/site-packages/airflow/example_dags/example_kubernetes_executor.py for tasks to queue
[2021-03-09 20:02:00,303] {logging_mixin.py:104} INFO - [2021-03-09 20:02:00,303] {dagbag.py:448} INFO - Filling up the DagBag from /home/airflow/.local/lib/python3.6/site-packages/airflow/example_dags/example_kubernetes_executor.py
[2021-03-09 20:02:00,332] {scheduler_job.py:639} INFO - DAG(s) dict_keys(['example_kubernetes_executor']) retrieved from /home/airflow/.local/lib/python3.6/site-packages/airflow/example_dags/example_kubernetes_executor.py
[2021-03-09 20:02:00,380] {logging_mixin.py:104} INFO - [2021-03-09 20:02:00,380] {dag.py:1818} INFO - Sync 1 DAGs
[2021-03-09 20:02:00,406] {logging_mixin.py:104} INFO - [2021-03-09 20:02:00,405] {dag.py:2273} INFO - Setting next_dagrun for example_kubernetes_executor to None
[2021-03-09 20:02:00,428] {scheduler_job.py:190} INFO - Processing /home/airflow/.local/lib/python3.6/site-packages/airflow/example_dags/example_kubernetes_executor.py took 0.136 seconds
[2021-03-09 20:02:31,054] {scheduler_job.py:182} INFO - Started process (PID=292) to work on /home/airflow/.local/lib/python3.6/site-packages/airflow/example_dags/example_kubernetes_executor.py
[2021-03-09 20:02:31,056] {scheduler_job.py:629} INFO - Processing file /home/airflow/.local/lib/python3.6/site-packages/airflow/example_dags/example_kubernetes_executor.py for tasks to queue
[2021-03-09 20:02:31,057] {logging_mixin.py:104} INFO - [2021-03-09 20:02:31,057] {dagbag.py:448} INFO - Filling up the DagBag from /home/airflow/.local/lib/python3.6/site-packages/airflow/example_dags/example_kubernetes_executor.py
[2021-03-09 20:02:31,079] {scheduler_job.py:639} INFO - DAG(s) dict_keys(['example_kubernetes_executor']) retrieved from /home/airflow/.local/lib/python3.6/site-packages/airflow/example_dags/example_kubernetes_executor.py
[2021-03-09 20:02:31,109] {logging_mixin.py:104} INFO - [2021-03-09 20:02:31,109] {dag.py:1818} INFO - Sync 1 DAGs
[2021-03-09 20:02:31,131] {logging_mixin.py:104} INFO - [2021-03-09 20:02:31,131] {dag.py:2273} INFO - Setting next_dagrun for example_kubernetes_executor to None
[2021-03-09 20:02:31,146] {scheduler_job.py:190} INFO - Processing /home/airflow/.local/lib/python3.6/site-packages/airflow/example_dags/example_kubernetes_executor.py took 0.097 seconds
[2021-03-09 20:03:01,712] {scheduler_job.py:182} INFO - Started process (PID=320) to work on /home/airflow/.local/lib/python3.6/site-packages/airflow/example_dags/example_kubernetes_executor.py
[2021-03-09 20:03:01,714] {scheduler_job.py:629} INFO - Processing file /home/airflow/.local/lib/python3.6/site-packages/airflow/example_dags/example_kubernetes_executor.py for tasks to queue
[2021-03-09 20:03:01,715] {logging_mixin.py:104} INFO - [2021-03-09 20:03:01,715] {dagbag.py:448} INFO - Filling up the DagBag from /home/airflow/.local/lib/python3.6/site-packages/airflow/example_dags/example_kubernetes_executor.py
[2021-03-09 20:03:01,734] {scheduler_job.py:639} INFO - DAG(s) dict_keys(['example_kubernetes_executor']) retrieved from /home/airflow/.local/lib/python3.6/site-packages/airflow/example_dags/example_kubernetes_executor.py
[2021-03-09 20:03:01,776] {logging_mixin.py:104} INFO - [2021-03-09 20:03:01,775] {dag.py:1818} INFO - Sync 1 DAGs
[2021-03-09 20:03:01,797] {logging_mixin.py:104} INFO - [2021-03-09 20:03:01,797] {dag.py:2273} INFO - Setting next_dagrun for example_kubernetes_executor to None
[2021-03-09 20:03:01,809] {scheduler_job.py:190} INFO - Processing /home/airflow/.local/lib/python3.6/site-packages/airflow/example_dags/example_kubernetes_executor.py took 0.101 seconds
[2021-03-09 20:03:32,231] {scheduler_job.py:182} INFO - Started process (PID=349) to work on /home/airflow/.local/lib/python3.6/site-packages/airflow/example_dags/example_kubernetes_executor.py
[2021-03-09 20:03:32,232] {scheduler_job.py:629} INFO - Processing file /home/airflow/.local/lib/python3.6/site-packages/airflow/example_dags/example_kubernetes_executor.py for tasks to queue
[2021-03-09 20:03:32,233] {logging_mixin.py:104} INFO - [2021-03-09 20:03:32,233] {dagbag.py:448} INFO - Filling up the DagBag from /home/airflow/.local/lib/python3.6/site-packages/airflow/example_dags/example_kubernetes_executor.py
[2021-03-09 20:03:32,250] {scheduler_job.py:639} INFO - DAG(s) dict_keys(['example_kubernetes_executor']) retrieved from /home/airflow/.local/lib/python3.6/site-packages/airflow/example_dags/example_kubernetes_executor.py
[2021-03-09 20:03:32,280] {logging_mixin.py:104} INFO - [2021-03-09 20:03:32,279] {dag.py:1818} INFO - Sync 1 DAGs
[2021-03-09 20:03:32,298] {logging_mixin.py:104} INFO - [2021-03-09 20:03:32,298] {dag.py:2273} INFO - Setting next_dagrun for example_kubernetes_executor to None
[2021-03-09 20:03:32,309] {scheduler_job.py:190} INFO - Processing /home/airflow/.local/lib/python3.6/site-packages/airflow/example_dags/example_kubernetes_executor.py took 0.082 seconds
[2021-03-09 20:04:02,761] {scheduler_job.py:182} INFO - Started process (PID=375) to work on /home/airflow/.local/lib/python3.6/site-packages/airflow/example_dags/example_kubernetes_executor.py
[2021-03-09 20:04:02,762] {scheduler_job.py:629} INFO - Processing file /home/airflow/.local/lib/python3.6/site-packages/airflow/example_dags/example_kubernetes_executor.py for tasks to queue
[2021-03-09 20:04:02,763] {logging_mixin.py:104} INFO - [2021-03-09 20:04:02,763] {dagbag.py:448} INFO - Filling up the DagBag from /home/airflow/.local/lib/python3.6/site-packages/airflow/example_dags/example_kubernetes_executor.py
[2021-03-09 20:04:02,782] {scheduler_job.py:639} INFO - DAG(s) dict_keys(['example_kubernetes_executor']) retrieved from /home/airflow/.local/lib/python3.6/site-packages/airflow/example_dags/example_kubernetes_executor.py
[2021-03-09 20:04:02,810] {logging_mixin.py:104} INFO - [2021-03-09 20:04:02,810] {dag.py:1818} INFO - Sync 1 DAGs
[2021-03-09 20:04:02,828] {logging_mixin.py:104} INFO - [2021-03-09 20:04:02,828] {dag.py:2273} INFO - Setting next_dagrun for example_kubernetes_executor to None
[2021-03-09 20:04:02,841] {scheduler_job.py:190} INFO - Processing /home/airflow/.local/lib/python3.6/site-packages/airflow/example_dags/example_kubernetes_executor.py took 0.083 seconds
[2021-03-09 20:04:33,247] {scheduler_job.py:182} INFO - Started process (PID=402) to work on /home/airflow/.local/lib/python3.6/site-packages/airflow/example_dags/example_kubernetes_executor.py
[2021-03-09 20:04:33,249] {scheduler_job.py:629} INFO - Processing file /home/airflow/.local/lib/python3.6/site-packages/airflow/example_dags/example_kubernetes_executor.py for tasks to queue
[2021-03-09 20:04:33,250] {logging_mixin.py:104} INFO - [2021-03-09 20:04:33,249] {dagbag.py:448} INFO - Filling up the DagBag from /home/airflow/.local/lib/python3.6/site-packages/airflow/example_dags/example_kubernetes_executor.py
[2021-03-09 20:04:33,265] {scheduler_job.py:639} INFO - DAG(s) dict_keys(['example_kubernetes_executor']) retrieved from /home/airflow/.local/lib/python3.6/site-packages/airflow/example_dags/example_kubernetes_executor.py
[2021-03-09 20:04:33,289] {logging_mixin.py:104} INFO - [2021-03-09 20:04:33,289] {dag.py:1818} INFO - Sync 1 DAGs
[2021-03-09 20:04:33,308] {logging_mixin.py:104} INFO - [2021-03-09 20:04:33,308] {dag.py:2273} INFO - Setting next_dagrun for example_kubernetes_executor to None
[2021-03-09 20:04:33,321] {scheduler_job.py:190} INFO - Processing /home/airflow/.local/lib/python3.6/site-packages/airflow/example_dags/example_kubernetes_executor.py took 0.079 seconds
[2021-03-09 20:05:04,073] {scheduler_job.py:182} INFO - Started process (PID=430) to work on /home/airflow/.local/lib/python3.6/site-packages/airflow/example_dags/example_kubernetes_executor.py
[2021-03-09 20:05:04,076] {scheduler_job.py:629} INFO - Processing file /home/airflow/.local/lib/python3.6/site-packages/airflow/example_dags/example_kubernetes_executor.py for tasks to queue
[2021-03-09 20:05:04,077] {logging_mixin.py:104} INFO - [2021-03-09 20:05:04,077] {dagbag.py:448} INFO - Filling up the DagBag from /home/airflow/.local/lib/python3.6/site-packages/airflow/example_dags/example_kubernetes_executor.py
[2021-03-09 20:05:04,101] {scheduler_job.py:639} INFO - DAG(s) dict_keys(['example_kubernetes_executor']) retrieved from /home/airflow/.local/lib/python3.6/site-packages/airflow/example_dags/example_kubernetes_executor.py
[2021-03-09 20:05:04,140] {logging_mixin.py:104} INFO - [2021-03-09 20:05:04,140] {dag.py:1818} INFO - Sync 1 DAGs
[2021-03-09 20:05:04,172] {logging_mixin.py:104} INFO - [2021-03-09 20:05:04,172] {dag.py:2273} INFO - Setting next_dagrun for example_kubernetes_executor to None
[2021-03-09 20:05:04,186] {scheduler_job.py:190} INFO - Processing /home/airflow/.local/lib/python3.6/site-packages/airflow/example_dags/example_kubernetes_executor.py took 0.120 seconds
[2021-03-09 20:05:35,020] {scheduler_job.py:182} INFO - Started process (PID=458) to work on /home/airflow/.local/lib/python3.6/site-packages/airflow/example_dags/example_kubernetes_executor.py
[2021-03-09 20:05:35,021] {scheduler_job.py:629} INFO - Processing file /home/airflow/.local/lib/python3.6/site-packages/airflow/example_dags/example_kubernetes_executor.py for tasks to queue
[2021-03-09 20:05:35,021] {logging_mixin.py:104} INFO - [2021-03-09 20:05:35,021] {dagbag.py:448} INFO - Filling up the DagBag from /home/airflow/.local/lib/python3.6/site-packages/airflow/example_dags/example_kubernetes_executor.py
[2021-03-09 20:05:35,034] {scheduler_job.py:639} INFO - DAG(s) dict_keys(['example_kubernetes_executor']) retrieved from /home/airflow/.local/lib/python3.6/site-packages/airflow/example_dags/example_kubernetes_executor.py
[2021-03-09 20:05:35,057] {logging_mixin.py:104} INFO - [2021-03-09 20:05:35,057] {dag.py:1818} INFO - Sync 1 DAGs
[2021-03-09 20:05:35,077] {logging_mixin.py:104} INFO - [2021-03-09 20:05:35,077] {dag.py:2273} INFO - Setting next_dagrun for example_kubernetes_executor to None
[2021-03-09 20:05:35,086] {scheduler_job.py:190} INFO - Processing /home/airflow/.local/lib/python3.6/site-packages/airflow/example_dags/example_kubernetes_executor.py took 0.070 seconds
