[2021-03-09 19:51:06,242] {scheduler_job.py:182} INFO - Started process (PID=35) to work on /home/airflow/.local/lib/python3.6/site-packages/airflow/example_dags/example_latest_only_with_trigger.py
[2021-03-09 19:51:06,243] {scheduler_job.py:629} INFO - Processing file /home/airflow/.local/lib/python3.6/site-packages/airflow/example_dags/example_latest_only_with_trigger.py for tasks to queue
[2021-03-09 19:51:06,244] {logging_mixin.py:104} INFO - [2021-03-09 19:51:06,244] {dagbag.py:448} INFO - Filling up the DagBag from /home/airflow/.local/lib/python3.6/site-packages/airflow/example_dags/example_latest_only_with_trigger.py
[2021-03-09 19:51:06,265] {scheduler_job.py:639} INFO - DAG(s) dict_keys(['latest_only_with_trigger']) retrieved from /home/airflow/.local/lib/python3.6/site-packages/airflow/example_dags/example_latest_only_with_trigger.py
[2021-03-09 19:51:06,306] {logging_mixin.py:104} INFO - [2021-03-09 19:51:06,306] {dag.py:1818} INFO - Sync 1 DAGs
[2021-03-09 19:51:06,328] {logging_mixin.py:104} INFO - [2021-03-09 19:51:06,328] {dag.py:1837} INFO - Creating ORM DAG for latest_only_with_trigger
[2021-03-09 19:51:06,340] {logging_mixin.py:104} INFO - [2021-03-09 19:51:06,340] {dag.py:2273} INFO - Setting next_dagrun for latest_only_with_trigger to 2021-03-07 00:00:00+00:00
[2021-03-09 19:51:06,376] {scheduler_job.py:190} INFO - Processing /home/airflow/.local/lib/python3.6/site-packages/airflow/example_dags/example_latest_only_with_trigger.py took 0.140 seconds
[2021-03-09 19:51:36,548] {scheduler_job.py:182} INFO - Started process (PID=64) to work on /home/airflow/.local/lib/python3.6/site-packages/airflow/example_dags/example_latest_only_with_trigger.py
[2021-03-09 19:51:36,550] {scheduler_job.py:629} INFO - Processing file /home/airflow/.local/lib/python3.6/site-packages/airflow/example_dags/example_latest_only_with_trigger.py for tasks to queue
[2021-03-09 19:51:36,551] {logging_mixin.py:104} INFO - [2021-03-09 19:51:36,551] {dagbag.py:448} INFO - Filling up the DagBag from /home/airflow/.local/lib/python3.6/site-packages/airflow/example_dags/example_latest_only_with_trigger.py
[2021-03-09 19:51:36,562] {scheduler_job.py:639} INFO - DAG(s) dict_keys(['latest_only_with_trigger']) retrieved from /home/airflow/.local/lib/python3.6/site-packages/airflow/example_dags/example_latest_only_with_trigger.py
[2021-03-09 19:51:36,585] {logging_mixin.py:104} INFO - [2021-03-09 19:51:36,585] {dag.py:1818} INFO - Sync 1 DAGs
[2021-03-09 19:51:36,602] {logging_mixin.py:104} INFO - [2021-03-09 19:51:36,601] {dag.py:2273} INFO - Setting next_dagrun for latest_only_with_trigger to 2021-03-07 00:00:00+00:00
[2021-03-09 19:51:36,611] {scheduler_job.py:190} INFO - Processing /home/airflow/.local/lib/python3.6/site-packages/airflow/example_dags/example_latest_only_with_trigger.py took 0.066 seconds
[2021-03-09 19:52:07,423] {scheduler_job.py:182} INFO - Started process (PID=91) to work on /home/airflow/.local/lib/python3.6/site-packages/airflow/example_dags/example_latest_only_with_trigger.py
[2021-03-09 19:52:07,425] {scheduler_job.py:629} INFO - Processing file /home/airflow/.local/lib/python3.6/site-packages/airflow/example_dags/example_latest_only_with_trigger.py for tasks to queue
[2021-03-09 19:52:07,426] {logging_mixin.py:104} INFO - [2021-03-09 19:52:07,426] {dagbag.py:448} INFO - Filling up the DagBag from /home/airflow/.local/lib/python3.6/site-packages/airflow/example_dags/example_latest_only_with_trigger.py
[2021-03-09 19:52:07,444] {scheduler_job.py:639} INFO - DAG(s) dict_keys(['latest_only_with_trigger']) retrieved from /home/airflow/.local/lib/python3.6/site-packages/airflow/example_dags/example_latest_only_with_trigger.py
[2021-03-09 19:52:07,472] {logging_mixin.py:104} INFO - [2021-03-09 19:52:07,472] {dag.py:1818} INFO - Sync 1 DAGs
[2021-03-09 19:52:07,491] {logging_mixin.py:104} INFO - [2021-03-09 19:52:07,491] {dag.py:2273} INFO - Setting next_dagrun for latest_only_with_trigger to 2021-03-07 00:00:00+00:00
[2021-03-09 19:52:07,502] {scheduler_job.py:190} INFO - Processing /home/airflow/.local/lib/python3.6/site-packages/airflow/example_dags/example_latest_only_with_trigger.py took 0.083 seconds
[2021-03-09 19:52:38,210] {scheduler_job.py:182} INFO - Started process (PID=119) to work on /home/airflow/.local/lib/python3.6/site-packages/airflow/example_dags/example_latest_only_with_trigger.py
[2021-03-09 19:52:38,212] {scheduler_job.py:629} INFO - Processing file /home/airflow/.local/lib/python3.6/site-packages/airflow/example_dags/example_latest_only_with_trigger.py for tasks to queue
[2021-03-09 19:52:38,213] {logging_mixin.py:104} INFO - [2021-03-09 19:52:38,212] {dagbag.py:448} INFO - Filling up the DagBag from /home/airflow/.local/lib/python3.6/site-packages/airflow/example_dags/example_latest_only_with_trigger.py
[2021-03-09 19:52:38,227] {scheduler_job.py:639} INFO - DAG(s) dict_keys(['latest_only_with_trigger']) retrieved from /home/airflow/.local/lib/python3.6/site-packages/airflow/example_dags/example_latest_only_with_trigger.py
[2021-03-09 19:52:38,254] {logging_mixin.py:104} INFO - [2021-03-09 19:52:38,254] {dag.py:1818} INFO - Sync 1 DAGs
[2021-03-09 19:52:38,271] {logging_mixin.py:104} INFO - [2021-03-09 19:52:38,271] {dag.py:2273} INFO - Setting next_dagrun for latest_only_with_trigger to 2021-03-07 00:00:00+00:00
[2021-03-09 19:52:38,282] {scheduler_job.py:190} INFO - Processing /home/airflow/.local/lib/python3.6/site-packages/airflow/example_dags/example_latest_only_with_trigger.py took 0.075 seconds
[2021-03-09 19:53:08,768] {scheduler_job.py:182} INFO - Started process (PID=147) to work on /home/airflow/.local/lib/python3.6/site-packages/airflow/example_dags/example_latest_only_with_trigger.py
[2021-03-09 19:53:08,770] {scheduler_job.py:629} INFO - Processing file /home/airflow/.local/lib/python3.6/site-packages/airflow/example_dags/example_latest_only_with_trigger.py for tasks to queue
[2021-03-09 19:53:08,771] {logging_mixin.py:104} INFO - [2021-03-09 19:53:08,770] {dagbag.py:448} INFO - Filling up the DagBag from /home/airflow/.local/lib/python3.6/site-packages/airflow/example_dags/example_latest_only_with_trigger.py
[2021-03-09 19:53:08,785] {scheduler_job.py:639} INFO - DAG(s) dict_keys(['latest_only_with_trigger']) retrieved from /home/airflow/.local/lib/python3.6/site-packages/airflow/example_dags/example_latest_only_with_trigger.py
[2021-03-09 19:53:08,813] {logging_mixin.py:104} INFO - [2021-03-09 19:53:08,813] {dag.py:1818} INFO - Sync 1 DAGs
[2021-03-09 19:53:08,830] {logging_mixin.py:104} INFO - [2021-03-09 19:53:08,830] {dag.py:2273} INFO - Setting next_dagrun for latest_only_with_trigger to 2021-03-07 00:00:00+00:00
[2021-03-09 19:53:08,842] {scheduler_job.py:190} INFO - Processing /home/airflow/.local/lib/python3.6/site-packages/airflow/example_dags/example_latest_only_with_trigger.py took 0.077 seconds
[2021-03-09 19:53:39,441] {scheduler_job.py:182} INFO - Started process (PID=175) to work on /home/airflow/.local/lib/python3.6/site-packages/airflow/example_dags/example_latest_only_with_trigger.py
[2021-03-09 19:53:39,443] {scheduler_job.py:629} INFO - Processing file /home/airflow/.local/lib/python3.6/site-packages/airflow/example_dags/example_latest_only_with_trigger.py for tasks to queue
[2021-03-09 19:53:39,444] {logging_mixin.py:104} INFO - [2021-03-09 19:53:39,443] {dagbag.py:448} INFO - Filling up the DagBag from /home/airflow/.local/lib/python3.6/site-packages/airflow/example_dags/example_latest_only_with_trigger.py
[2021-03-09 19:53:39,459] {scheduler_job.py:639} INFO - DAG(s) dict_keys(['latest_only_with_trigger']) retrieved from /home/airflow/.local/lib/python3.6/site-packages/airflow/example_dags/example_latest_only_with_trigger.py
[2021-03-09 19:53:39,487] {logging_mixin.py:104} INFO - [2021-03-09 19:53:39,487] {dag.py:1818} INFO - Sync 1 DAGs
[2021-03-09 19:53:39,507] {logging_mixin.py:104} INFO - [2021-03-09 19:53:39,507] {dag.py:2273} INFO - Setting next_dagrun for latest_only_with_trigger to 2021-03-07 00:00:00+00:00
[2021-03-09 19:53:39,517] {scheduler_job.py:190} INFO - Processing /home/airflow/.local/lib/python3.6/site-packages/airflow/example_dags/example_latest_only_with_trigger.py took 0.080 seconds
[2021-03-09 19:54:10,058] {scheduler_job.py:182} INFO - Started process (PID=203) to work on /home/airflow/.local/lib/python3.6/site-packages/airflow/example_dags/example_latest_only_with_trigger.py
[2021-03-09 19:54:10,060] {scheduler_job.py:629} INFO - Processing file /home/airflow/.local/lib/python3.6/site-packages/airflow/example_dags/example_latest_only_with_trigger.py for tasks to queue
[2021-03-09 19:54:10,061] {logging_mixin.py:104} INFO - [2021-03-09 19:54:10,061] {dagbag.py:448} INFO - Filling up the DagBag from /home/airflow/.local/lib/python3.6/site-packages/airflow/example_dags/example_latest_only_with_trigger.py
[2021-03-09 19:54:10,077] {scheduler_job.py:639} INFO - DAG(s) dict_keys(['latest_only_with_trigger']) retrieved from /home/airflow/.local/lib/python3.6/site-packages/airflow/example_dags/example_latest_only_with_trigger.py
[2021-03-09 19:54:10,105] {logging_mixin.py:104} INFO - [2021-03-09 19:54:10,105] {dag.py:1818} INFO - Sync 1 DAGs
[2021-03-09 19:54:10,123] {logging_mixin.py:104} INFO - [2021-03-09 19:54:10,123] {dag.py:2273} INFO - Setting next_dagrun for latest_only_with_trigger to 2021-03-07 00:00:00+00:00
[2021-03-09 19:54:10,135] {scheduler_job.py:190} INFO - Processing /home/airflow/.local/lib/python3.6/site-packages/airflow/example_dags/example_latest_only_with_trigger.py took 0.081 seconds
[2021-03-09 19:54:40,718] {scheduler_job.py:182} INFO - Started process (PID=231) to work on /home/airflow/.local/lib/python3.6/site-packages/airflow/example_dags/example_latest_only_with_trigger.py
[2021-03-09 19:54:40,719] {scheduler_job.py:629} INFO - Processing file /home/airflow/.local/lib/python3.6/site-packages/airflow/example_dags/example_latest_only_with_trigger.py for tasks to queue
[2021-03-09 19:54:40,720] {logging_mixin.py:104} INFO - [2021-03-09 19:54:40,720] {dagbag.py:448} INFO - Filling up the DagBag from /home/airflow/.local/lib/python3.6/site-packages/airflow/example_dags/example_latest_only_with_trigger.py
[2021-03-09 19:54:40,734] {scheduler_job.py:639} INFO - DAG(s) dict_keys(['latest_only_with_trigger']) retrieved from /home/airflow/.local/lib/python3.6/site-packages/airflow/example_dags/example_latest_only_with_trigger.py
[2021-03-09 19:54:40,761] {logging_mixin.py:104} INFO - [2021-03-09 19:54:40,761] {dag.py:1818} INFO - Sync 1 DAGs
[2021-03-09 19:54:40,779] {logging_mixin.py:104} INFO - [2021-03-09 19:54:40,779] {dag.py:2273} INFO - Setting next_dagrun for latest_only_with_trigger to 2021-03-07 00:00:00+00:00
[2021-03-09 19:54:40,790] {scheduler_job.py:190} INFO - Processing /home/airflow/.local/lib/python3.6/site-packages/airflow/example_dags/example_latest_only_with_trigger.py took 0.076 seconds
[2021-03-09 19:55:11,438] {scheduler_job.py:182} INFO - Started process (PID=259) to work on /home/airflow/.local/lib/python3.6/site-packages/airflow/example_dags/example_latest_only_with_trigger.py
[2021-03-09 19:55:11,440] {scheduler_job.py:629} INFO - Processing file /home/airflow/.local/lib/python3.6/site-packages/airflow/example_dags/example_latest_only_with_trigger.py for tasks to queue
[2021-03-09 19:55:11,441] {logging_mixin.py:104} INFO - [2021-03-09 19:55:11,441] {dagbag.py:448} INFO - Filling up the DagBag from /home/airflow/.local/lib/python3.6/site-packages/airflow/example_dags/example_latest_only_with_trigger.py
[2021-03-09 19:55:11,464] {scheduler_job.py:639} INFO - DAG(s) dict_keys(['latest_only_with_trigger']) retrieved from /home/airflow/.local/lib/python3.6/site-packages/airflow/example_dags/example_latest_only_with_trigger.py
[2021-03-09 19:55:11,495] {logging_mixin.py:104} INFO - [2021-03-09 19:55:11,495] {dag.py:1818} INFO - Sync 1 DAGs
[2021-03-09 19:55:11,520] {logging_mixin.py:104} INFO - [2021-03-09 19:55:11,519] {dag.py:2273} INFO - Setting next_dagrun for latest_only_with_trigger to 2021-03-07 00:00:00+00:00
[2021-03-09 19:55:11,532] {scheduler_job.py:190} INFO - Processing /home/airflow/.local/lib/python3.6/site-packages/airflow/example_dags/example_latest_only_with_trigger.py took 0.097 seconds
[2021-03-09 19:57:56,245] {scheduler_job.py:182} INFO - Started process (PID=39) to work on /home/airflow/.local/lib/python3.6/site-packages/airflow/example_dags/example_latest_only_with_trigger.py
[2021-03-09 19:57:56,247] {scheduler_job.py:629} INFO - Processing file /home/airflow/.local/lib/python3.6/site-packages/airflow/example_dags/example_latest_only_with_trigger.py for tasks to queue
[2021-03-09 19:57:56,248] {logging_mixin.py:104} INFO - [2021-03-09 19:57:56,247] {dagbag.py:448} INFO - Filling up the DagBag from /home/airflow/.local/lib/python3.6/site-packages/airflow/example_dags/example_latest_only_with_trigger.py
[2021-03-09 19:57:56,263] {scheduler_job.py:639} INFO - DAG(s) dict_keys(['latest_only_with_trigger']) retrieved from /home/airflow/.local/lib/python3.6/site-packages/airflow/example_dags/example_latest_only_with_trigger.py
[2021-03-09 19:57:56,293] {logging_mixin.py:104} INFO - [2021-03-09 19:57:56,293] {dag.py:1818} INFO - Sync 1 DAGs
[2021-03-09 19:57:56,308] {logging_mixin.py:104} INFO - [2021-03-09 19:57:56,308] {dag.py:1837} INFO - Creating ORM DAG for latest_only_with_trigger
[2021-03-09 19:57:56,316] {logging_mixin.py:104} INFO - [2021-03-09 19:57:56,316] {dag.py:2273} INFO - Setting next_dagrun for latest_only_with_trigger to 2021-03-07 00:00:00+00:00
[2021-03-09 19:57:56,334] {scheduler_job.py:190} INFO - Processing /home/airflow/.local/lib/python3.6/site-packages/airflow/example_dags/example_latest_only_with_trigger.py took 0.095 seconds
[2021-03-09 19:58:27,098] {scheduler_job.py:182} INFO - Started process (PID=73) to work on /home/airflow/.local/lib/python3.6/site-packages/airflow/example_dags/example_latest_only_with_trigger.py
[2021-03-09 19:58:27,099] {scheduler_job.py:629} INFO - Processing file /home/airflow/.local/lib/python3.6/site-packages/airflow/example_dags/example_latest_only_with_trigger.py for tasks to queue
[2021-03-09 19:58:27,100] {logging_mixin.py:104} INFO - [2021-03-09 19:58:27,100] {dagbag.py:448} INFO - Filling up the DagBag from /home/airflow/.local/lib/python3.6/site-packages/airflow/example_dags/example_latest_only_with_trigger.py
[2021-03-09 19:58:27,113] {scheduler_job.py:639} INFO - DAG(s) dict_keys(['latest_only_with_trigger']) retrieved from /home/airflow/.local/lib/python3.6/site-packages/airflow/example_dags/example_latest_only_with_trigger.py
[2021-03-09 19:58:27,137] {logging_mixin.py:104} INFO - [2021-03-09 19:58:27,137] {dag.py:1818} INFO - Sync 1 DAGs
[2021-03-09 19:58:27,152] {logging_mixin.py:104} INFO - [2021-03-09 19:58:27,152] {dag.py:2273} INFO - Setting next_dagrun for latest_only_with_trigger to 2021-03-07 00:00:00+00:00
[2021-03-09 19:58:27,161] {scheduler_job.py:190} INFO - Processing /home/airflow/.local/lib/python3.6/site-packages/airflow/example_dags/example_latest_only_with_trigger.py took 0.067 seconds
[2021-03-09 19:58:57,778] {scheduler_job.py:182} INFO - Started process (PID=107) to work on /home/airflow/.local/lib/python3.6/site-packages/airflow/example_dags/example_latest_only_with_trigger.py
[2021-03-09 19:58:57,779] {scheduler_job.py:629} INFO - Processing file /home/airflow/.local/lib/python3.6/site-packages/airflow/example_dags/example_latest_only_with_trigger.py for tasks to queue
[2021-03-09 19:58:57,780] {logging_mixin.py:104} INFO - [2021-03-09 19:58:57,780] {dagbag.py:448} INFO - Filling up the DagBag from /home/airflow/.local/lib/python3.6/site-packages/airflow/example_dags/example_latest_only_with_trigger.py
[2021-03-09 19:58:57,793] {scheduler_job.py:639} INFO - DAG(s) dict_keys(['latest_only_with_trigger']) retrieved from /home/airflow/.local/lib/python3.6/site-packages/airflow/example_dags/example_latest_only_with_trigger.py
[2021-03-09 19:58:57,818] {logging_mixin.py:104} INFO - [2021-03-09 19:58:57,818] {dag.py:1818} INFO - Sync 1 DAGs
[2021-03-09 19:58:57,837] {logging_mixin.py:104} INFO - [2021-03-09 19:58:57,836] {dag.py:2273} INFO - Setting next_dagrun for latest_only_with_trigger to 2021-03-07 00:00:00+00:00
[2021-03-09 19:58:57,848] {scheduler_job.py:190} INFO - Processing /home/airflow/.local/lib/python3.6/site-packages/airflow/example_dags/example_latest_only_with_trigger.py took 0.074 seconds
[2021-03-09 19:59:27,986] {scheduler_job.py:182} INFO - Started process (PID=133) to work on /home/airflow/.local/lib/python3.6/site-packages/airflow/example_dags/example_latest_only_with_trigger.py
[2021-03-09 19:59:27,988] {scheduler_job.py:629} INFO - Processing file /home/airflow/.local/lib/python3.6/site-packages/airflow/example_dags/example_latest_only_with_trigger.py for tasks to queue
[2021-03-09 19:59:27,989] {logging_mixin.py:104} INFO - [2021-03-09 19:59:27,989] {dagbag.py:448} INFO - Filling up the DagBag from /home/airflow/.local/lib/python3.6/site-packages/airflow/example_dags/example_latest_only_with_trigger.py
[2021-03-09 19:59:28,001] {scheduler_job.py:639} INFO - DAG(s) dict_keys(['latest_only_with_trigger']) retrieved from /home/airflow/.local/lib/python3.6/site-packages/airflow/example_dags/example_latest_only_with_trigger.py
[2021-03-09 19:59:28,024] {logging_mixin.py:104} INFO - [2021-03-09 19:59:28,024] {dag.py:1818} INFO - Sync 1 DAGs
[2021-03-09 19:59:28,041] {logging_mixin.py:104} INFO - [2021-03-09 19:59:28,041] {dag.py:2273} INFO - Setting next_dagrun for latest_only_with_trigger to 2021-03-07 00:00:00+00:00
[2021-03-09 19:59:28,051] {scheduler_job.py:190} INFO - Processing /home/airflow/.local/lib/python3.6/site-packages/airflow/example_dags/example_latest_only_with_trigger.py took 0.070 seconds
[2021-03-09 19:59:58,709] {scheduler_job.py:182} INFO - Started process (PID=165) to work on /home/airflow/.local/lib/python3.6/site-packages/airflow/example_dags/example_latest_only_with_trigger.py
[2021-03-09 19:59:58,710] {scheduler_job.py:629} INFO - Processing file /home/airflow/.local/lib/python3.6/site-packages/airflow/example_dags/example_latest_only_with_trigger.py for tasks to queue
[2021-03-09 19:59:58,711] {logging_mixin.py:104} INFO - [2021-03-09 19:59:58,711] {dagbag.py:448} INFO - Filling up the DagBag from /home/airflow/.local/lib/python3.6/site-packages/airflow/example_dags/example_latest_only_with_trigger.py
[2021-03-09 19:59:58,726] {scheduler_job.py:639} INFO - DAG(s) dict_keys(['latest_only_with_trigger']) retrieved from /home/airflow/.local/lib/python3.6/site-packages/airflow/example_dags/example_latest_only_with_trigger.py
[2021-03-09 19:59:58,751] {logging_mixin.py:104} INFO - [2021-03-09 19:59:58,750] {dag.py:1818} INFO - Sync 1 DAGs
[2021-03-09 19:59:58,767] {logging_mixin.py:104} INFO - [2021-03-09 19:59:58,767] {dag.py:2273} INFO - Setting next_dagrun for latest_only_with_trigger to 2021-03-07 00:00:00+00:00
[2021-03-09 19:59:58,778] {scheduler_job.py:190} INFO - Processing /home/airflow/.local/lib/python3.6/site-packages/airflow/example_dags/example_latest_only_with_trigger.py took 0.073 seconds
[2021-03-09 20:00:29,161] {scheduler_job.py:182} INFO - Started process (PID=193) to work on /home/airflow/.local/lib/python3.6/site-packages/airflow/example_dags/example_latest_only_with_trigger.py
[2021-03-09 20:00:29,163] {scheduler_job.py:629} INFO - Processing file /home/airflow/.local/lib/python3.6/site-packages/airflow/example_dags/example_latest_only_with_trigger.py for tasks to queue
[2021-03-09 20:00:29,165] {logging_mixin.py:104} INFO - [2021-03-09 20:00:29,164] {dagbag.py:448} INFO - Filling up the DagBag from /home/airflow/.local/lib/python3.6/site-packages/airflow/example_dags/example_latest_only_with_trigger.py
[2021-03-09 20:00:29,181] {scheduler_job.py:639} INFO - DAG(s) dict_keys(['latest_only_with_trigger']) retrieved from /home/airflow/.local/lib/python3.6/site-packages/airflow/example_dags/example_latest_only_with_trigger.py
[2021-03-09 20:00:29,220] {logging_mixin.py:104} INFO - [2021-03-09 20:00:29,220] {dag.py:1818} INFO - Sync 1 DAGs
[2021-03-09 20:00:29,245] {logging_mixin.py:104} INFO - [2021-03-09 20:00:29,245] {dag.py:2273} INFO - Setting next_dagrun for latest_only_with_trigger to 2021-03-07 00:00:00+00:00
[2021-03-09 20:00:29,257] {scheduler_job.py:190} INFO - Processing /home/airflow/.local/lib/python3.6/site-packages/airflow/example_dags/example_latest_only_with_trigger.py took 0.101 seconds
[2021-03-09 20:00:59,662] {scheduler_job.py:182} INFO - Started process (PID=221) to work on /home/airflow/.local/lib/python3.6/site-packages/airflow/example_dags/example_latest_only_with_trigger.py
[2021-03-09 20:00:59,664] {scheduler_job.py:629} INFO - Processing file /home/airflow/.local/lib/python3.6/site-packages/airflow/example_dags/example_latest_only_with_trigger.py for tasks to queue
[2021-03-09 20:00:59,664] {logging_mixin.py:104} INFO - [2021-03-09 20:00:59,664] {dagbag.py:448} INFO - Filling up the DagBag from /home/airflow/.local/lib/python3.6/site-packages/airflow/example_dags/example_latest_only_with_trigger.py
[2021-03-09 20:00:59,677] {scheduler_job.py:639} INFO - DAG(s) dict_keys(['latest_only_with_trigger']) retrieved from /home/airflow/.local/lib/python3.6/site-packages/airflow/example_dags/example_latest_only_with_trigger.py
[2021-03-09 20:00:59,702] {logging_mixin.py:104} INFO - [2021-03-09 20:00:59,702] {dag.py:1818} INFO - Sync 1 DAGs
[2021-03-09 20:00:59,718] {logging_mixin.py:104} INFO - [2021-03-09 20:00:59,718] {dag.py:2273} INFO - Setting next_dagrun for latest_only_with_trigger to 2021-03-07 00:00:00+00:00
[2021-03-09 20:00:59,730] {scheduler_job.py:190} INFO - Processing /home/airflow/.local/lib/python3.6/site-packages/airflow/example_dags/example_latest_only_with_trigger.py took 0.072 seconds
[2021-03-09 20:01:30,213] {scheduler_job.py:182} INFO - Started process (PID=249) to work on /home/airflow/.local/lib/python3.6/site-packages/airflow/example_dags/example_latest_only_with_trigger.py
[2021-03-09 20:01:30,215] {scheduler_job.py:629} INFO - Processing file /home/airflow/.local/lib/python3.6/site-packages/airflow/example_dags/example_latest_only_with_trigger.py for tasks to queue
[2021-03-09 20:01:30,216] {logging_mixin.py:104} INFO - [2021-03-09 20:01:30,216] {dagbag.py:448} INFO - Filling up the DagBag from /home/airflow/.local/lib/python3.6/site-packages/airflow/example_dags/example_latest_only_with_trigger.py
[2021-03-09 20:01:30,228] {scheduler_job.py:639} INFO - DAG(s) dict_keys(['latest_only_with_trigger']) retrieved from /home/airflow/.local/lib/python3.6/site-packages/airflow/example_dags/example_latest_only_with_trigger.py
[2021-03-09 20:01:30,249] {logging_mixin.py:104} INFO - [2021-03-09 20:01:30,249] {dag.py:1818} INFO - Sync 1 DAGs
[2021-03-09 20:01:30,266] {logging_mixin.py:104} INFO - [2021-03-09 20:01:30,266] {dag.py:2273} INFO - Setting next_dagrun for latest_only_with_trigger to 2021-03-07 00:00:00+00:00
[2021-03-09 20:01:30,275] {scheduler_job.py:190} INFO - Processing /home/airflow/.local/lib/python3.6/site-packages/airflow/example_dags/example_latest_only_with_trigger.py took 0.067 seconds
[2021-03-09 20:02:01,053] {scheduler_job.py:182} INFO - Started process (PID=277) to work on /home/airflow/.local/lib/python3.6/site-packages/airflow/example_dags/example_latest_only_with_trigger.py
[2021-03-09 20:02:01,055] {scheduler_job.py:629} INFO - Processing file /home/airflow/.local/lib/python3.6/site-packages/airflow/example_dags/example_latest_only_with_trigger.py for tasks to queue
[2021-03-09 20:02:01,058] {logging_mixin.py:104} INFO - [2021-03-09 20:02:01,057] {dagbag.py:448} INFO - Filling up the DagBag from /home/airflow/.local/lib/python3.6/site-packages/airflow/example_dags/example_latest_only_with_trigger.py
[2021-03-09 20:02:01,074] {scheduler_job.py:639} INFO - DAG(s) dict_keys(['latest_only_with_trigger']) retrieved from /home/airflow/.local/lib/python3.6/site-packages/airflow/example_dags/example_latest_only_with_trigger.py
[2021-03-09 20:02:01,102] {logging_mixin.py:104} INFO - [2021-03-09 20:02:01,101] {dag.py:1818} INFO - Sync 1 DAGs
[2021-03-09 20:02:01,126] {logging_mixin.py:104} INFO - [2021-03-09 20:02:01,126] {dag.py:2273} INFO - Setting next_dagrun for latest_only_with_trigger to 2021-03-07 00:00:00+00:00
[2021-03-09 20:02:01,138] {scheduler_job.py:190} INFO - Processing /home/airflow/.local/lib/python3.6/site-packages/airflow/example_dags/example_latest_only_with_trigger.py took 0.090 seconds
[2021-03-09 20:02:31,890] {scheduler_job.py:182} INFO - Started process (PID=305) to work on /home/airflow/.local/lib/python3.6/site-packages/airflow/example_dags/example_latest_only_with_trigger.py
[2021-03-09 20:02:31,892] {scheduler_job.py:629} INFO - Processing file /home/airflow/.local/lib/python3.6/site-packages/airflow/example_dags/example_latest_only_with_trigger.py for tasks to queue
[2021-03-09 20:02:31,892] {logging_mixin.py:104} INFO - [2021-03-09 20:02:31,892] {dagbag.py:448} INFO - Filling up the DagBag from /home/airflow/.local/lib/python3.6/site-packages/airflow/example_dags/example_latest_only_with_trigger.py
[2021-03-09 20:02:31,905] {scheduler_job.py:639} INFO - DAG(s) dict_keys(['latest_only_with_trigger']) retrieved from /home/airflow/.local/lib/python3.6/site-packages/airflow/example_dags/example_latest_only_with_trigger.py
[2021-03-09 20:02:31,934] {logging_mixin.py:104} INFO - [2021-03-09 20:02:31,933] {dag.py:1818} INFO - Sync 1 DAGs
[2021-03-09 20:02:31,956] {logging_mixin.py:104} INFO - [2021-03-09 20:02:31,956] {dag.py:2273} INFO - Setting next_dagrun for latest_only_with_trigger to 2021-03-07 00:00:00+00:00
[2021-03-09 20:02:31,965] {scheduler_job.py:190} INFO - Processing /home/airflow/.local/lib/python3.6/site-packages/airflow/example_dags/example_latest_only_with_trigger.py took 0.079 seconds
[2021-03-09 20:03:02,207] {scheduler_job.py:182} INFO - Started process (PID=329) to work on /home/airflow/.local/lib/python3.6/site-packages/airflow/example_dags/example_latest_only_with_trigger.py
[2021-03-09 20:03:02,208] {scheduler_job.py:629} INFO - Processing file /home/airflow/.local/lib/python3.6/site-packages/airflow/example_dags/example_latest_only_with_trigger.py for tasks to queue
[2021-03-09 20:03:02,210] {logging_mixin.py:104} INFO - [2021-03-09 20:03:02,209] {dagbag.py:448} INFO - Filling up the DagBag from /home/airflow/.local/lib/python3.6/site-packages/airflow/example_dags/example_latest_only_with_trigger.py
[2021-03-09 20:03:02,224] {scheduler_job.py:639} INFO - DAG(s) dict_keys(['latest_only_with_trigger']) retrieved from /home/airflow/.local/lib/python3.6/site-packages/airflow/example_dags/example_latest_only_with_trigger.py
[2021-03-09 20:03:02,256] {logging_mixin.py:104} INFO - [2021-03-09 20:03:02,256] {dag.py:1818} INFO - Sync 1 DAGs
[2021-03-09 20:03:02,280] {logging_mixin.py:104} INFO - [2021-03-09 20:03:02,280] {dag.py:2273} INFO - Setting next_dagrun for latest_only_with_trigger to 2021-03-07 00:00:00+00:00
[2021-03-09 20:03:02,292] {scheduler_job.py:190} INFO - Processing /home/airflow/.local/lib/python3.6/site-packages/airflow/example_dags/example_latest_only_with_trigger.py took 0.089 seconds
[2021-03-09 20:03:32,626] {scheduler_job.py:182} INFO - Started process (PID=357) to work on /home/airflow/.local/lib/python3.6/site-packages/airflow/example_dags/example_latest_only_with_trigger.py
[2021-03-09 20:03:32,628] {scheduler_job.py:629} INFO - Processing file /home/airflow/.local/lib/python3.6/site-packages/airflow/example_dags/example_latest_only_with_trigger.py for tasks to queue
[2021-03-09 20:03:32,630] {logging_mixin.py:104} INFO - [2021-03-09 20:03:32,629] {dagbag.py:448} INFO - Filling up the DagBag from /home/airflow/.local/lib/python3.6/site-packages/airflow/example_dags/example_latest_only_with_trigger.py
[2021-03-09 20:03:32,648] {scheduler_job.py:639} INFO - DAG(s) dict_keys(['latest_only_with_trigger']) retrieved from /home/airflow/.local/lib/python3.6/site-packages/airflow/example_dags/example_latest_only_with_trigger.py
[2021-03-09 20:03:32,689] {logging_mixin.py:104} INFO - [2021-03-09 20:03:32,688] {dag.py:1818} INFO - Sync 1 DAGs
[2021-03-09 20:03:32,721] {logging_mixin.py:104} INFO - [2021-03-09 20:03:32,721] {dag.py:2273} INFO - Setting next_dagrun for latest_only_with_trigger to 2021-03-07 00:00:00+00:00
[2021-03-09 20:03:32,737] {scheduler_job.py:190} INFO - Processing /home/airflow/.local/lib/python3.6/site-packages/airflow/example_dags/example_latest_only_with_trigger.py took 0.117 seconds
[2021-03-09 20:04:03,261] {scheduler_job.py:182} INFO - Started process (PID=385) to work on /home/airflow/.local/lib/python3.6/site-packages/airflow/example_dags/example_latest_only_with_trigger.py
[2021-03-09 20:04:03,262] {scheduler_job.py:629} INFO - Processing file /home/airflow/.local/lib/python3.6/site-packages/airflow/example_dags/example_latest_only_with_trigger.py for tasks to queue
[2021-03-09 20:04:03,263] {logging_mixin.py:104} INFO - [2021-03-09 20:04:03,262] {dagbag.py:448} INFO - Filling up the DagBag from /home/airflow/.local/lib/python3.6/site-packages/airflow/example_dags/example_latest_only_with_trigger.py
[2021-03-09 20:04:03,276] {scheduler_job.py:639} INFO - DAG(s) dict_keys(['latest_only_with_trigger']) retrieved from /home/airflow/.local/lib/python3.6/site-packages/airflow/example_dags/example_latest_only_with_trigger.py
[2021-03-09 20:04:03,299] {logging_mixin.py:104} INFO - [2021-03-09 20:04:03,298] {dag.py:1818} INFO - Sync 1 DAGs
[2021-03-09 20:04:03,315] {logging_mixin.py:104} INFO - [2021-03-09 20:04:03,315] {dag.py:2273} INFO - Setting next_dagrun for latest_only_with_trigger to 2021-03-07 00:00:00+00:00
[2021-03-09 20:04:03,327] {scheduler_job.py:190} INFO - Processing /home/airflow/.local/lib/python3.6/site-packages/airflow/example_dags/example_latest_only_with_trigger.py took 0.070 seconds
[2021-03-09 20:04:34,049] {scheduler_job.py:182} INFO - Started process (PID=417) to work on /home/airflow/.local/lib/python3.6/site-packages/airflow/example_dags/example_latest_only_with_trigger.py
[2021-03-09 20:04:34,051] {scheduler_job.py:629} INFO - Processing file /home/airflow/.local/lib/python3.6/site-packages/airflow/example_dags/example_latest_only_with_trigger.py for tasks to queue
[2021-03-09 20:04:34,051] {logging_mixin.py:104} INFO - [2021-03-09 20:04:34,051] {dagbag.py:448} INFO - Filling up the DagBag from /home/airflow/.local/lib/python3.6/site-packages/airflow/example_dags/example_latest_only_with_trigger.py
[2021-03-09 20:04:34,063] {scheduler_job.py:639} INFO - DAG(s) dict_keys(['latest_only_with_trigger']) retrieved from /home/airflow/.local/lib/python3.6/site-packages/airflow/example_dags/example_latest_only_with_trigger.py
[2021-03-09 20:04:34,084] {logging_mixin.py:104} INFO - [2021-03-09 20:04:34,083] {dag.py:1818} INFO - Sync 1 DAGs
[2021-03-09 20:04:34,098] {logging_mixin.py:104} INFO - [2021-03-09 20:04:34,098] {dag.py:2273} INFO - Setting next_dagrun for latest_only_with_trigger to 2021-03-07 00:00:00+00:00
[2021-03-09 20:04:34,110] {scheduler_job.py:190} INFO - Processing /home/airflow/.local/lib/python3.6/site-packages/airflow/example_dags/example_latest_only_with_trigger.py took 0.064 seconds
[2021-03-09 20:05:05,213] {scheduler_job.py:182} INFO - Started process (PID=445) to work on /home/airflow/.local/lib/python3.6/site-packages/airflow/example_dags/example_latest_only_with_trigger.py
[2021-03-09 20:05:05,216] {scheduler_job.py:629} INFO - Processing file /home/airflow/.local/lib/python3.6/site-packages/airflow/example_dags/example_latest_only_with_trigger.py for tasks to queue
[2021-03-09 20:05:05,217] {logging_mixin.py:104} INFO - [2021-03-09 20:05:05,217] {dagbag.py:448} INFO - Filling up the DagBag from /home/airflow/.local/lib/python3.6/site-packages/airflow/example_dags/example_latest_only_with_trigger.py
[2021-03-09 20:05:05,232] {scheduler_job.py:639} INFO - DAG(s) dict_keys(['latest_only_with_trigger']) retrieved from /home/airflow/.local/lib/python3.6/site-packages/airflow/example_dags/example_latest_only_with_trigger.py
[2021-03-09 20:05:05,259] {logging_mixin.py:104} INFO - [2021-03-09 20:05:05,259] {dag.py:1818} INFO - Sync 1 DAGs
[2021-03-09 20:05:05,285] {logging_mixin.py:104} INFO - [2021-03-09 20:05:05,284] {dag.py:2273} INFO - Setting next_dagrun for latest_only_with_trigger to 2021-03-07 00:00:00+00:00
[2021-03-09 20:05:05,300] {scheduler_job.py:190} INFO - Processing /home/airflow/.local/lib/python3.6/site-packages/airflow/example_dags/example_latest_only_with_trigger.py took 0.097 seconds
[2021-03-09 20:05:35,460] {scheduler_job.py:182} INFO - Started process (PID=469) to work on /home/airflow/.local/lib/python3.6/site-packages/airflow/example_dags/example_latest_only_with_trigger.py
[2021-03-09 20:05:35,461] {scheduler_job.py:629} INFO - Processing file /home/airflow/.local/lib/python3.6/site-packages/airflow/example_dags/example_latest_only_with_trigger.py for tasks to queue
[2021-03-09 20:05:35,462] {logging_mixin.py:104} INFO - [2021-03-09 20:05:35,461] {dagbag.py:448} INFO - Filling up the DagBag from /home/airflow/.local/lib/python3.6/site-packages/airflow/example_dags/example_latest_only_with_trigger.py
[2021-03-09 20:05:35,475] {scheduler_job.py:639} INFO - DAG(s) dict_keys(['latest_only_with_trigger']) retrieved from /home/airflow/.local/lib/python3.6/site-packages/airflow/example_dags/example_latest_only_with_trigger.py
[2021-03-09 20:05:35,497] {logging_mixin.py:104} INFO - [2021-03-09 20:05:35,497] {dag.py:1818} INFO - Sync 1 DAGs
[2021-03-09 20:05:35,518] {logging_mixin.py:104} INFO - [2021-03-09 20:05:35,518] {dag.py:2273} INFO - Setting next_dagrun for latest_only_with_trigger to 2021-03-07 00:00:00+00:00
[2021-03-09 20:05:35,529] {scheduler_job.py:190} INFO - Processing /home/airflow/.local/lib/python3.6/site-packages/airflow/example_dags/example_latest_only_with_trigger.py took 0.073 seconds
