[2021-03-09 19:51:07,840] {scheduler_job.py:182} INFO - Started process (PID=51) to work on /home/airflow/.local/lib/python3.6/site-packages/airflow/example_dags/example_skip_dag.py
[2021-03-09 19:51:07,868] {scheduler_job.py:629} INFO - Processing file /home/airflow/.local/lib/python3.6/site-packages/airflow/example_dags/example_skip_dag.py for tasks to queue
[2021-03-09 19:51:07,869] {logging_mixin.py:104} INFO - [2021-03-09 19:51:07,869] {dagbag.py:448} INFO - Filling up the DagBag from /home/airflow/.local/lib/python3.6/site-packages/airflow/example_dags/example_skip_dag.py
[2021-03-09 19:51:07,963] {scheduler_job.py:639} INFO - DAG(s) dict_keys(['example_skip_dag']) retrieved from /home/airflow/.local/lib/python3.6/site-packages/airflow/example_dags/example_skip_dag.py
[2021-03-09 19:51:08,050] {logging_mixin.py:104} INFO - [2021-03-09 19:51:08,050] {dag.py:1818} INFO - Sync 1 DAGs
[2021-03-09 19:51:08,086] {logging_mixin.py:104} INFO - [2021-03-09 19:51:08,086] {dag.py:1837} INFO - Creating ORM DAG for example_skip_dag
[2021-03-09 19:51:08,096] {logging_mixin.py:104} INFO - [2021-03-09 19:51:08,096] {dag.py:2273} INFO - Setting next_dagrun for example_skip_dag to 2021-03-07 00:00:00+00:00
[2021-03-09 19:51:08,177] {scheduler_job.py:190} INFO - Processing /home/airflow/.local/lib/python3.6/site-packages/airflow/example_dags/example_skip_dag.py took 0.403 seconds
[2021-03-09 19:51:38,737] {scheduler_job.py:182} INFO - Started process (PID=79) to work on /home/airflow/.local/lib/python3.6/site-packages/airflow/example_dags/example_skip_dag.py
[2021-03-09 19:51:38,738] {scheduler_job.py:629} INFO - Processing file /home/airflow/.local/lib/python3.6/site-packages/airflow/example_dags/example_skip_dag.py for tasks to queue
[2021-03-09 19:51:38,739] {logging_mixin.py:104} INFO - [2021-03-09 19:51:38,739] {dagbag.py:448} INFO - Filling up the DagBag from /home/airflow/.local/lib/python3.6/site-packages/airflow/example_dags/example_skip_dag.py
[2021-03-09 19:51:38,754] {scheduler_job.py:639} INFO - DAG(s) dict_keys(['example_skip_dag']) retrieved from /home/airflow/.local/lib/python3.6/site-packages/airflow/example_dags/example_skip_dag.py
[2021-03-09 19:51:38,786] {logging_mixin.py:104} INFO - [2021-03-09 19:51:38,786] {dag.py:1818} INFO - Sync 1 DAGs
[2021-03-09 19:51:38,805] {logging_mixin.py:104} INFO - [2021-03-09 19:51:38,805] {dag.py:2273} INFO - Setting next_dagrun for example_skip_dag to 2021-03-07 00:00:00+00:00
[2021-03-09 19:51:38,819] {scheduler_job.py:190} INFO - Processing /home/airflow/.local/lib/python3.6/site-packages/airflow/example_dags/example_skip_dag.py took 0.087 seconds
[2021-03-09 19:52:09,597] {scheduler_job.py:182} INFO - Started process (PID=109) to work on /home/airflow/.local/lib/python3.6/site-packages/airflow/example_dags/example_skip_dag.py
[2021-03-09 19:52:09,599] {scheduler_job.py:629} INFO - Processing file /home/airflow/.local/lib/python3.6/site-packages/airflow/example_dags/example_skip_dag.py for tasks to queue
[2021-03-09 19:52:09,600] {logging_mixin.py:104} INFO - [2021-03-09 19:52:09,600] {dagbag.py:448} INFO - Filling up the DagBag from /home/airflow/.local/lib/python3.6/site-packages/airflow/example_dags/example_skip_dag.py
[2021-03-09 19:52:09,616] {scheduler_job.py:639} INFO - DAG(s) dict_keys(['example_skip_dag']) retrieved from /home/airflow/.local/lib/python3.6/site-packages/airflow/example_dags/example_skip_dag.py
[2021-03-09 19:52:09,653] {logging_mixin.py:104} INFO - [2021-03-09 19:52:09,653] {dag.py:1818} INFO - Sync 1 DAGs
[2021-03-09 19:52:09,685] {logging_mixin.py:104} INFO - [2021-03-09 19:52:09,684] {dag.py:2273} INFO - Setting next_dagrun for example_skip_dag to 2021-03-07 00:00:00+00:00
[2021-03-09 19:52:09,706] {scheduler_job.py:190} INFO - Processing /home/airflow/.local/lib/python3.6/site-packages/airflow/example_dags/example_skip_dag.py took 0.114 seconds
[2021-03-09 19:52:40,254] {scheduler_job.py:182} INFO - Started process (PID=137) to work on /home/airflow/.local/lib/python3.6/site-packages/airflow/example_dags/example_skip_dag.py
[2021-03-09 19:52:40,255] {scheduler_job.py:629} INFO - Processing file /home/airflow/.local/lib/python3.6/site-packages/airflow/example_dags/example_skip_dag.py for tasks to queue
[2021-03-09 19:52:40,256] {logging_mixin.py:104} INFO - [2021-03-09 19:52:40,256] {dagbag.py:448} INFO - Filling up the DagBag from /home/airflow/.local/lib/python3.6/site-packages/airflow/example_dags/example_skip_dag.py
[2021-03-09 19:52:40,271] {scheduler_job.py:639} INFO - DAG(s) dict_keys(['example_skip_dag']) retrieved from /home/airflow/.local/lib/python3.6/site-packages/airflow/example_dags/example_skip_dag.py
[2021-03-09 19:52:40,297] {logging_mixin.py:104} INFO - [2021-03-09 19:52:40,296] {dag.py:1818} INFO - Sync 1 DAGs
[2021-03-09 19:52:40,318] {logging_mixin.py:104} INFO - [2021-03-09 19:52:40,318] {dag.py:2273} INFO - Setting next_dagrun for example_skip_dag to 2021-03-07 00:00:00+00:00
[2021-03-09 19:52:40,329] {scheduler_job.py:190} INFO - Processing /home/airflow/.local/lib/python3.6/site-packages/airflow/example_dags/example_skip_dag.py took 0.079 seconds
[2021-03-09 19:53:10,935] {scheduler_job.py:182} INFO - Started process (PID=165) to work on /home/airflow/.local/lib/python3.6/site-packages/airflow/example_dags/example_skip_dag.py
[2021-03-09 19:53:10,937] {scheduler_job.py:629} INFO - Processing file /home/airflow/.local/lib/python3.6/site-packages/airflow/example_dags/example_skip_dag.py for tasks to queue
[2021-03-09 19:53:10,938] {logging_mixin.py:104} INFO - [2021-03-09 19:53:10,938] {dagbag.py:448} INFO - Filling up the DagBag from /home/airflow/.local/lib/python3.6/site-packages/airflow/example_dags/example_skip_dag.py
[2021-03-09 19:53:10,984] {scheduler_job.py:639} INFO - DAG(s) dict_keys(['example_skip_dag']) retrieved from /home/airflow/.local/lib/python3.6/site-packages/airflow/example_dags/example_skip_dag.py
[2021-03-09 19:53:11,048] {logging_mixin.py:104} INFO - [2021-03-09 19:53:11,048] {dag.py:1818} INFO - Sync 1 DAGs
[2021-03-09 19:53:11,106] {logging_mixin.py:104} INFO - [2021-03-09 19:53:11,106] {dag.py:2273} INFO - Setting next_dagrun for example_skip_dag to 2021-03-07 00:00:00+00:00
[2021-03-09 19:53:11,137] {scheduler_job.py:190} INFO - Processing /home/airflow/.local/lib/python3.6/site-packages/airflow/example_dags/example_skip_dag.py took 0.218 seconds
[2021-03-09 19:53:41,418] {scheduler_job.py:182} INFO - Started process (PID=193) to work on /home/airflow/.local/lib/python3.6/site-packages/airflow/example_dags/example_skip_dag.py
[2021-03-09 19:53:41,420] {scheduler_job.py:629} INFO - Processing file /home/airflow/.local/lib/python3.6/site-packages/airflow/example_dags/example_skip_dag.py for tasks to queue
[2021-03-09 19:53:41,421] {logging_mixin.py:104} INFO - [2021-03-09 19:53:41,421] {dagbag.py:448} INFO - Filling up the DagBag from /home/airflow/.local/lib/python3.6/site-packages/airflow/example_dags/example_skip_dag.py
[2021-03-09 19:53:41,433] {scheduler_job.py:639} INFO - DAG(s) dict_keys(['example_skip_dag']) retrieved from /home/airflow/.local/lib/python3.6/site-packages/airflow/example_dags/example_skip_dag.py
[2021-03-09 19:53:41,460] {logging_mixin.py:104} INFO - [2021-03-09 19:53:41,459] {dag.py:1818} INFO - Sync 1 DAGs
[2021-03-09 19:53:41,489] {logging_mixin.py:104} INFO - [2021-03-09 19:53:41,489] {dag.py:2273} INFO - Setting next_dagrun for example_skip_dag to 2021-03-07 00:00:00+00:00
[2021-03-09 19:53:41,501] {scheduler_job.py:190} INFO - Processing /home/airflow/.local/lib/python3.6/site-packages/airflow/example_dags/example_skip_dag.py took 0.088 seconds
[2021-03-09 19:54:12,205] {scheduler_job.py:182} INFO - Started process (PID=221) to work on /home/airflow/.local/lib/python3.6/site-packages/airflow/example_dags/example_skip_dag.py
[2021-03-09 19:54:12,207] {scheduler_job.py:629} INFO - Processing file /home/airflow/.local/lib/python3.6/site-packages/airflow/example_dags/example_skip_dag.py for tasks to queue
[2021-03-09 19:54:12,209] {logging_mixin.py:104} INFO - [2021-03-09 19:54:12,208] {dagbag.py:448} INFO - Filling up the DagBag from /home/airflow/.local/lib/python3.6/site-packages/airflow/example_dags/example_skip_dag.py
[2021-03-09 19:54:12,226] {scheduler_job.py:639} INFO - DAG(s) dict_keys(['example_skip_dag']) retrieved from /home/airflow/.local/lib/python3.6/site-packages/airflow/example_dags/example_skip_dag.py
[2021-03-09 19:54:12,254] {logging_mixin.py:104} INFO - [2021-03-09 19:54:12,254] {dag.py:1818} INFO - Sync 1 DAGs
[2021-03-09 19:54:12,278] {logging_mixin.py:104} INFO - [2021-03-09 19:54:12,278] {dag.py:2273} INFO - Setting next_dagrun for example_skip_dag to 2021-03-07 00:00:00+00:00
[2021-03-09 19:54:12,289] {scheduler_job.py:190} INFO - Processing /home/airflow/.local/lib/python3.6/site-packages/airflow/example_dags/example_skip_dag.py took 0.088 seconds
[2021-03-09 19:54:42,851] {scheduler_job.py:182} INFO - Started process (PID=249) to work on /home/airflow/.local/lib/python3.6/site-packages/airflow/example_dags/example_skip_dag.py
[2021-03-09 19:54:42,852] {scheduler_job.py:629} INFO - Processing file /home/airflow/.local/lib/python3.6/site-packages/airflow/example_dags/example_skip_dag.py for tasks to queue
[2021-03-09 19:54:42,852] {logging_mixin.py:104} INFO - [2021-03-09 19:54:42,852] {dagbag.py:448} INFO - Filling up the DagBag from /home/airflow/.local/lib/python3.6/site-packages/airflow/example_dags/example_skip_dag.py
[2021-03-09 19:54:42,864] {scheduler_job.py:639} INFO - DAG(s) dict_keys(['example_skip_dag']) retrieved from /home/airflow/.local/lib/python3.6/site-packages/airflow/example_dags/example_skip_dag.py
[2021-03-09 19:54:42,887] {logging_mixin.py:104} INFO - [2021-03-09 19:54:42,887] {dag.py:1818} INFO - Sync 1 DAGs
[2021-03-09 19:54:42,905] {logging_mixin.py:104} INFO - [2021-03-09 19:54:42,905] {dag.py:2273} INFO - Setting next_dagrun for example_skip_dag to 2021-03-07 00:00:00+00:00
[2021-03-09 19:54:42,916] {scheduler_job.py:190} INFO - Processing /home/airflow/.local/lib/python3.6/site-packages/airflow/example_dags/example_skip_dag.py took 0.069 seconds
[2021-03-09 19:55:13,797] {scheduler_job.py:182} INFO - Started process (PID=277) to work on /home/airflow/.local/lib/python3.6/site-packages/airflow/example_dags/example_skip_dag.py
[2021-03-09 19:55:13,800] {scheduler_job.py:629} INFO - Processing file /home/airflow/.local/lib/python3.6/site-packages/airflow/example_dags/example_skip_dag.py for tasks to queue
[2021-03-09 19:55:13,802] {logging_mixin.py:104} INFO - [2021-03-09 19:55:13,801] {dagbag.py:448} INFO - Filling up the DagBag from /home/airflow/.local/lib/python3.6/site-packages/airflow/example_dags/example_skip_dag.py
[2021-03-09 19:55:13,829] {scheduler_job.py:639} INFO - DAG(s) dict_keys(['example_skip_dag']) retrieved from /home/airflow/.local/lib/python3.6/site-packages/airflow/example_dags/example_skip_dag.py
[2021-03-09 19:55:13,875] {logging_mixin.py:104} INFO - [2021-03-09 19:55:13,875] {dag.py:1818} INFO - Sync 1 DAGs
[2021-03-09 19:55:13,906] {logging_mixin.py:104} INFO - [2021-03-09 19:55:13,905] {dag.py:2273} INFO - Setting next_dagrun for example_skip_dag to 2021-03-07 00:00:00+00:00
[2021-03-09 19:55:13,928] {scheduler_job.py:190} INFO - Processing /home/airflow/.local/lib/python3.6/site-packages/airflow/example_dags/example_skip_dag.py took 0.137 seconds
[2021-03-09 19:57:56,727] {scheduler_job.py:182} INFO - Started process (PID=47) to work on /home/airflow/.local/lib/python3.6/site-packages/airflow/example_dags/example_skip_dag.py
[2021-03-09 19:57:56,728] {scheduler_job.py:629} INFO - Processing file /home/airflow/.local/lib/python3.6/site-packages/airflow/example_dags/example_skip_dag.py for tasks to queue
[2021-03-09 19:57:56,729] {logging_mixin.py:104} INFO - [2021-03-09 19:57:56,729] {dagbag.py:448} INFO - Filling up the DagBag from /home/airflow/.local/lib/python3.6/site-packages/airflow/example_dags/example_skip_dag.py
[2021-03-09 19:57:56,743] {scheduler_job.py:639} INFO - DAG(s) dict_keys(['example_skip_dag']) retrieved from /home/airflow/.local/lib/python3.6/site-packages/airflow/example_dags/example_skip_dag.py
[2021-03-09 19:57:56,777] {logging_mixin.py:104} INFO - [2021-03-09 19:57:56,777] {dag.py:1818} INFO - Sync 1 DAGs
[2021-03-09 19:57:56,789] {logging_mixin.py:104} INFO - [2021-03-09 19:57:56,789] {dag.py:1837} INFO - Creating ORM DAG for example_skip_dag
[2021-03-09 19:57:56,796] {logging_mixin.py:104} INFO - [2021-03-09 19:57:56,796] {dag.py:2273} INFO - Setting next_dagrun for example_skip_dag to 2021-03-07 00:00:00+00:00
[2021-03-09 19:57:56,815] {scheduler_job.py:190} INFO - Processing /home/airflow/.local/lib/python3.6/site-packages/airflow/example_dags/example_skip_dag.py took 0.093 seconds
[2021-03-09 19:58:27,340] {scheduler_job.py:182} INFO - Started process (PID=79) to work on /home/airflow/.local/lib/python3.6/site-packages/airflow/example_dags/example_skip_dag.py
[2021-03-09 19:58:27,342] {scheduler_job.py:629} INFO - Processing file /home/airflow/.local/lib/python3.6/site-packages/airflow/example_dags/example_skip_dag.py for tasks to queue
[2021-03-09 19:58:27,343] {logging_mixin.py:104} INFO - [2021-03-09 19:58:27,343] {dagbag.py:448} INFO - Filling up the DagBag from /home/airflow/.local/lib/python3.6/site-packages/airflow/example_dags/example_skip_dag.py
[2021-03-09 19:58:27,355] {scheduler_job.py:639} INFO - DAG(s) dict_keys(['example_skip_dag']) retrieved from /home/airflow/.local/lib/python3.6/site-packages/airflow/example_dags/example_skip_dag.py
[2021-03-09 19:58:27,379] {logging_mixin.py:104} INFO - [2021-03-09 19:58:27,379] {dag.py:1818} INFO - Sync 1 DAGs
[2021-03-09 19:58:27,397] {logging_mixin.py:104} INFO - [2021-03-09 19:58:27,397] {dag.py:2273} INFO - Setting next_dagrun for example_skip_dag to 2021-03-07 00:00:00+00:00
[2021-03-09 19:58:27,410] {scheduler_job.py:190} INFO - Processing /home/airflow/.local/lib/python3.6/site-packages/airflow/example_dags/example_skip_dag.py took 0.073 seconds
[2021-03-09 19:58:57,514] {scheduler_job.py:182} INFO - Started process (PID=101) to work on /home/airflow/.local/lib/python3.6/site-packages/airflow/example_dags/example_skip_dag.py
[2021-03-09 19:58:57,515] {scheduler_job.py:629} INFO - Processing file /home/airflow/.local/lib/python3.6/site-packages/airflow/example_dags/example_skip_dag.py for tasks to queue
[2021-03-09 19:58:57,516] {logging_mixin.py:104} INFO - [2021-03-09 19:58:57,516] {dagbag.py:448} INFO - Filling up the DagBag from /home/airflow/.local/lib/python3.6/site-packages/airflow/example_dags/example_skip_dag.py
[2021-03-09 19:58:57,528] {scheduler_job.py:639} INFO - DAG(s) dict_keys(['example_skip_dag']) retrieved from /home/airflow/.local/lib/python3.6/site-packages/airflow/example_dags/example_skip_dag.py
[2021-03-09 19:58:57,554] {logging_mixin.py:104} INFO - [2021-03-09 19:58:57,553] {dag.py:1818} INFO - Sync 1 DAGs
[2021-03-09 19:58:57,573] {logging_mixin.py:104} INFO - [2021-03-09 19:58:57,573] {dag.py:2273} INFO - Setting next_dagrun for example_skip_dag to 2021-03-07 00:00:00+00:00
[2021-03-09 19:58:57,585] {scheduler_job.py:190} INFO - Processing /home/airflow/.local/lib/python3.6/site-packages/airflow/example_dags/example_skip_dag.py took 0.075 seconds
[2021-03-09 19:59:27,821] {scheduler_job.py:182} INFO - Started process (PID=129) to work on /home/airflow/.local/lib/python3.6/site-packages/airflow/example_dags/example_skip_dag.py
[2021-03-09 19:59:27,822] {scheduler_job.py:629} INFO - Processing file /home/airflow/.local/lib/python3.6/site-packages/airflow/example_dags/example_skip_dag.py for tasks to queue
[2021-03-09 19:59:27,823] {logging_mixin.py:104} INFO - [2021-03-09 19:59:27,823] {dagbag.py:448} INFO - Filling up the DagBag from /home/airflow/.local/lib/python3.6/site-packages/airflow/example_dags/example_skip_dag.py
[2021-03-09 19:59:27,836] {scheduler_job.py:639} INFO - DAG(s) dict_keys(['example_skip_dag']) retrieved from /home/airflow/.local/lib/python3.6/site-packages/airflow/example_dags/example_skip_dag.py
[2021-03-09 19:59:27,858] {logging_mixin.py:104} INFO - [2021-03-09 19:59:27,858] {dag.py:1818} INFO - Sync 1 DAGs
[2021-03-09 19:59:27,875] {logging_mixin.py:104} INFO - [2021-03-09 19:59:27,875] {dag.py:2273} INFO - Setting next_dagrun for example_skip_dag to 2021-03-07 00:00:00+00:00
[2021-03-09 19:59:27,885] {scheduler_job.py:190} INFO - Processing /home/airflow/.local/lib/python3.6/site-packages/airflow/example_dags/example_skip_dag.py took 0.069 seconds
[2021-03-09 19:59:58,272] {scheduler_job.py:182} INFO - Started process (PID=157) to work on /home/airflow/.local/lib/python3.6/site-packages/airflow/example_dags/example_skip_dag.py
[2021-03-09 19:59:58,273] {scheduler_job.py:629} INFO - Processing file /home/airflow/.local/lib/python3.6/site-packages/airflow/example_dags/example_skip_dag.py for tasks to queue
[2021-03-09 19:59:58,274] {logging_mixin.py:104} INFO - [2021-03-09 19:59:58,274] {dagbag.py:448} INFO - Filling up the DagBag from /home/airflow/.local/lib/python3.6/site-packages/airflow/example_dags/example_skip_dag.py
[2021-03-09 19:59:58,286] {scheduler_job.py:639} INFO - DAG(s) dict_keys(['example_skip_dag']) retrieved from /home/airflow/.local/lib/python3.6/site-packages/airflow/example_dags/example_skip_dag.py
[2021-03-09 19:59:58,310] {logging_mixin.py:104} INFO - [2021-03-09 19:59:58,310] {dag.py:1818} INFO - Sync 1 DAGs
[2021-03-09 19:59:58,326] {logging_mixin.py:104} INFO - [2021-03-09 19:59:58,326] {dag.py:2273} INFO - Setting next_dagrun for example_skip_dag to 2021-03-07 00:00:00+00:00
[2021-03-09 19:59:58,336] {scheduler_job.py:190} INFO - Processing /home/airflow/.local/lib/python3.6/site-packages/airflow/example_dags/example_skip_dag.py took 0.068 seconds
[2021-03-09 20:00:28,914] {scheduler_job.py:182} INFO - Started process (PID=190) to work on /home/airflow/.local/lib/python3.6/site-packages/airflow/example_dags/example_skip_dag.py
[2021-03-09 20:00:28,916] {scheduler_job.py:629} INFO - Processing file /home/airflow/.local/lib/python3.6/site-packages/airflow/example_dags/example_skip_dag.py for tasks to queue
[2021-03-09 20:00:28,917] {logging_mixin.py:104} INFO - [2021-03-09 20:00:28,917] {dagbag.py:448} INFO - Filling up the DagBag from /home/airflow/.local/lib/python3.6/site-packages/airflow/example_dags/example_skip_dag.py
[2021-03-09 20:00:28,930] {scheduler_job.py:639} INFO - DAG(s) dict_keys(['example_skip_dag']) retrieved from /home/airflow/.local/lib/python3.6/site-packages/airflow/example_dags/example_skip_dag.py
[2021-03-09 20:00:28,984] {logging_mixin.py:104} INFO - [2021-03-09 20:00:28,984] {dag.py:1818} INFO - Sync 1 DAGs
[2021-03-09 20:00:29,006] {logging_mixin.py:104} INFO - [2021-03-09 20:00:29,006] {dag.py:2273} INFO - Setting next_dagrun for example_skip_dag to 2021-03-07 00:00:00+00:00
[2021-03-09 20:00:29,021] {scheduler_job.py:190} INFO - Processing /home/airflow/.local/lib/python3.6/site-packages/airflow/example_dags/example_skip_dag.py took 0.110 seconds
[2021-03-09 20:00:59,310] {scheduler_job.py:182} INFO - Started process (PID=213) to work on /home/airflow/.local/lib/python3.6/site-packages/airflow/example_dags/example_skip_dag.py
[2021-03-09 20:00:59,312] {scheduler_job.py:629} INFO - Processing file /home/airflow/.local/lib/python3.6/site-packages/airflow/example_dags/example_skip_dag.py for tasks to queue
[2021-03-09 20:00:59,312] {logging_mixin.py:104} INFO - [2021-03-09 20:00:59,312] {dagbag.py:448} INFO - Filling up the DagBag from /home/airflow/.local/lib/python3.6/site-packages/airflow/example_dags/example_skip_dag.py
[2021-03-09 20:00:59,326] {scheduler_job.py:639} INFO - DAG(s) dict_keys(['example_skip_dag']) retrieved from /home/airflow/.local/lib/python3.6/site-packages/airflow/example_dags/example_skip_dag.py
[2021-03-09 20:00:59,350] {logging_mixin.py:104} INFO - [2021-03-09 20:00:59,350] {dag.py:1818} INFO - Sync 1 DAGs
[2021-03-09 20:00:59,368] {logging_mixin.py:104} INFO - [2021-03-09 20:00:59,368] {dag.py:2273} INFO - Setting next_dagrun for example_skip_dag to 2021-03-07 00:00:00+00:00
[2021-03-09 20:00:59,377] {scheduler_job.py:190} INFO - Processing /home/airflow/.local/lib/python3.6/site-packages/airflow/example_dags/example_skip_dag.py took 0.072 seconds
[2021-03-09 20:01:29,762] {scheduler_job.py:182} INFO - Started process (PID=239) to work on /home/airflow/.local/lib/python3.6/site-packages/airflow/example_dags/example_skip_dag.py
[2021-03-09 20:01:29,764] {scheduler_job.py:629} INFO - Processing file /home/airflow/.local/lib/python3.6/site-packages/airflow/example_dags/example_skip_dag.py for tasks to queue
[2021-03-09 20:01:29,765] {logging_mixin.py:104} INFO - [2021-03-09 20:01:29,765] {dagbag.py:448} INFO - Filling up the DagBag from /home/airflow/.local/lib/python3.6/site-packages/airflow/example_dags/example_skip_dag.py
[2021-03-09 20:01:29,777] {scheduler_job.py:639} INFO - DAG(s) dict_keys(['example_skip_dag']) retrieved from /home/airflow/.local/lib/python3.6/site-packages/airflow/example_dags/example_skip_dag.py
[2021-03-09 20:01:29,802] {logging_mixin.py:104} INFO - [2021-03-09 20:01:29,802] {dag.py:1818} INFO - Sync 1 DAGs
[2021-03-09 20:01:29,819] {logging_mixin.py:104} INFO - [2021-03-09 20:01:29,819] {dag.py:2273} INFO - Setting next_dagrun for example_skip_dag to 2021-03-07 00:00:00+00:00
[2021-03-09 20:01:29,832] {scheduler_job.py:190} INFO - Processing /home/airflow/.local/lib/python3.6/site-packages/airflow/example_dags/example_skip_dag.py took 0.073 seconds
[2021-03-09 20:02:00,468] {scheduler_job.py:182} INFO - Started process (PID=267) to work on /home/airflow/.local/lib/python3.6/site-packages/airflow/example_dags/example_skip_dag.py
[2021-03-09 20:02:00,470] {scheduler_job.py:629} INFO - Processing file /home/airflow/.local/lib/python3.6/site-packages/airflow/example_dags/example_skip_dag.py for tasks to queue
[2021-03-09 20:02:00,471] {logging_mixin.py:104} INFO - [2021-03-09 20:02:00,471] {dagbag.py:448} INFO - Filling up the DagBag from /home/airflow/.local/lib/python3.6/site-packages/airflow/example_dags/example_skip_dag.py
[2021-03-09 20:02:00,492] {scheduler_job.py:639} INFO - DAG(s) dict_keys(['example_skip_dag']) retrieved from /home/airflow/.local/lib/python3.6/site-packages/airflow/example_dags/example_skip_dag.py
[2021-03-09 20:02:00,531] {logging_mixin.py:104} INFO - [2021-03-09 20:02:00,531] {dag.py:1818} INFO - Sync 1 DAGs
[2021-03-09 20:02:00,557] {logging_mixin.py:104} INFO - [2021-03-09 20:02:00,557] {dag.py:2273} INFO - Setting next_dagrun for example_skip_dag to 2021-03-07 00:00:00+00:00
[2021-03-09 20:02:00,572] {scheduler_job.py:190} INFO - Processing /home/airflow/.local/lib/python3.6/site-packages/airflow/example_dags/example_skip_dag.py took 0.111 seconds
[2021-03-09 20:02:31,060] {scheduler_job.py:182} INFO - Started process (PID=293) to work on /home/airflow/.local/lib/python3.6/site-packages/airflow/example_dags/example_skip_dag.py
[2021-03-09 20:02:31,062] {scheduler_job.py:629} INFO - Processing file /home/airflow/.local/lib/python3.6/site-packages/airflow/example_dags/example_skip_dag.py for tasks to queue
[2021-03-09 20:02:31,063] {logging_mixin.py:104} INFO - [2021-03-09 20:02:31,063] {dagbag.py:448} INFO - Filling up the DagBag from /home/airflow/.local/lib/python3.6/site-packages/airflow/example_dags/example_skip_dag.py
[2021-03-09 20:02:31,082] {scheduler_job.py:639} INFO - DAG(s) dict_keys(['example_skip_dag']) retrieved from /home/airflow/.local/lib/python3.6/site-packages/airflow/example_dags/example_skip_dag.py
[2021-03-09 20:02:31,114] {logging_mixin.py:104} INFO - [2021-03-09 20:02:31,114] {dag.py:1818} INFO - Sync 1 DAGs
[2021-03-09 20:02:31,138] {logging_mixin.py:104} INFO - [2021-03-09 20:02:31,138] {dag.py:2273} INFO - Setting next_dagrun for example_skip_dag to 2021-03-07 00:00:00+00:00
[2021-03-09 20:02:31,152] {scheduler_job.py:190} INFO - Processing /home/airflow/.local/lib/python3.6/site-packages/airflow/example_dags/example_skip_dag.py took 0.098 seconds
[2021-03-09 20:03:01,769] {scheduler_job.py:182} INFO - Started process (PID=321) to work on /home/airflow/.local/lib/python3.6/site-packages/airflow/example_dags/example_skip_dag.py
[2021-03-09 20:03:01,771] {scheduler_job.py:629} INFO - Processing file /home/airflow/.local/lib/python3.6/site-packages/airflow/example_dags/example_skip_dag.py for tasks to queue
[2021-03-09 20:03:01,772] {logging_mixin.py:104} INFO - [2021-03-09 20:03:01,772] {dagbag.py:448} INFO - Filling up the DagBag from /home/airflow/.local/lib/python3.6/site-packages/airflow/example_dags/example_skip_dag.py
[2021-03-09 20:03:01,789] {scheduler_job.py:639} INFO - DAG(s) dict_keys(['example_skip_dag']) retrieved from /home/airflow/.local/lib/python3.6/site-packages/airflow/example_dags/example_skip_dag.py
[2021-03-09 20:03:01,819] {logging_mixin.py:104} INFO - [2021-03-09 20:03:01,819] {dag.py:1818} INFO - Sync 1 DAGs
[2021-03-09 20:03:01,848] {logging_mixin.py:104} INFO - [2021-03-09 20:03:01,848] {dag.py:2273} INFO - Setting next_dagrun for example_skip_dag to 2021-03-07 00:00:00+00:00
[2021-03-09 20:03:01,860] {scheduler_job.py:190} INFO - Processing /home/airflow/.local/lib/python3.6/site-packages/airflow/example_dags/example_skip_dag.py took 0.096 seconds
[2021-03-09 20:03:32,286] {scheduler_job.py:182} INFO - Started process (PID=350) to work on /home/airflow/.local/lib/python3.6/site-packages/airflow/example_dags/example_skip_dag.py
[2021-03-09 20:03:32,288] {scheduler_job.py:629} INFO - Processing file /home/airflow/.local/lib/python3.6/site-packages/airflow/example_dags/example_skip_dag.py for tasks to queue
[2021-03-09 20:03:32,289] {logging_mixin.py:104} INFO - [2021-03-09 20:03:32,288] {dagbag.py:448} INFO - Filling up the DagBag from /home/airflow/.local/lib/python3.6/site-packages/airflow/example_dags/example_skip_dag.py
[2021-03-09 20:03:32,301] {scheduler_job.py:639} INFO - DAG(s) dict_keys(['example_skip_dag']) retrieved from /home/airflow/.local/lib/python3.6/site-packages/airflow/example_dags/example_skip_dag.py
[2021-03-09 20:03:32,323] {logging_mixin.py:104} INFO - [2021-03-09 20:03:32,323] {dag.py:1818} INFO - Sync 1 DAGs
[2021-03-09 20:03:32,340] {logging_mixin.py:104} INFO - [2021-03-09 20:03:32,340] {dag.py:2273} INFO - Setting next_dagrun for example_skip_dag to 2021-03-07 00:00:00+00:00
[2021-03-09 20:03:32,352] {scheduler_job.py:190} INFO - Processing /home/airflow/.local/lib/python3.6/site-packages/airflow/example_dags/example_skip_dag.py took 0.070 seconds
[2021-03-09 20:04:02,822] {scheduler_job.py:182} INFO - Started process (PID=376) to work on /home/airflow/.local/lib/python3.6/site-packages/airflow/example_dags/example_skip_dag.py
[2021-03-09 20:04:02,823] {scheduler_job.py:629} INFO - Processing file /home/airflow/.local/lib/python3.6/site-packages/airflow/example_dags/example_skip_dag.py for tasks to queue
[2021-03-09 20:04:02,824] {logging_mixin.py:104} INFO - [2021-03-09 20:04:02,824] {dagbag.py:448} INFO - Filling up the DagBag from /home/airflow/.local/lib/python3.6/site-packages/airflow/example_dags/example_skip_dag.py
[2021-03-09 20:04:02,836] {scheduler_job.py:639} INFO - DAG(s) dict_keys(['example_skip_dag']) retrieved from /home/airflow/.local/lib/python3.6/site-packages/airflow/example_dags/example_skip_dag.py
[2021-03-09 20:04:02,865] {logging_mixin.py:104} INFO - [2021-03-09 20:04:02,865] {dag.py:1818} INFO - Sync 1 DAGs
[2021-03-09 20:04:02,883] {logging_mixin.py:104} INFO - [2021-03-09 20:04:02,883] {dag.py:2273} INFO - Setting next_dagrun for example_skip_dag to 2021-03-07 00:00:00+00:00
[2021-03-09 20:04:02,899] {scheduler_job.py:190} INFO - Processing /home/airflow/.local/lib/python3.6/site-packages/airflow/example_dags/example_skip_dag.py took 0.080 seconds
[2021-03-09 20:04:33,333] {scheduler_job.py:182} INFO - Started process (PID=403) to work on /home/airflow/.local/lib/python3.6/site-packages/airflow/example_dags/example_skip_dag.py
[2021-03-09 20:04:33,334] {scheduler_job.py:629} INFO - Processing file /home/airflow/.local/lib/python3.6/site-packages/airflow/example_dags/example_skip_dag.py for tasks to queue
[2021-03-09 20:04:33,335] {logging_mixin.py:104} INFO - [2021-03-09 20:04:33,335] {dagbag.py:448} INFO - Filling up the DagBag from /home/airflow/.local/lib/python3.6/site-packages/airflow/example_dags/example_skip_dag.py
[2021-03-09 20:04:33,348] {scheduler_job.py:639} INFO - DAG(s) dict_keys(['example_skip_dag']) retrieved from /home/airflow/.local/lib/python3.6/site-packages/airflow/example_dags/example_skip_dag.py
[2021-03-09 20:04:33,375] {logging_mixin.py:104} INFO - [2021-03-09 20:04:33,374] {dag.py:1818} INFO - Sync 1 DAGs
[2021-03-09 20:04:33,397] {logging_mixin.py:104} INFO - [2021-03-09 20:04:33,397] {dag.py:2273} INFO - Setting next_dagrun for example_skip_dag to 2021-03-07 00:00:00+00:00
[2021-03-09 20:04:33,410] {scheduler_job.py:190} INFO - Processing /home/airflow/.local/lib/python3.6/site-packages/airflow/example_dags/example_skip_dag.py took 0.080 seconds
[2021-03-09 20:05:04,211] {scheduler_job.py:182} INFO - Started process (PID=432) to work on /home/airflow/.local/lib/python3.6/site-packages/airflow/example_dags/example_skip_dag.py
[2021-03-09 20:05:04,215] {scheduler_job.py:629} INFO - Processing file /home/airflow/.local/lib/python3.6/site-packages/airflow/example_dags/example_skip_dag.py for tasks to queue
[2021-03-09 20:05:04,218] {logging_mixin.py:104} INFO - [2021-03-09 20:05:04,218] {dagbag.py:448} INFO - Filling up the DagBag from /home/airflow/.local/lib/python3.6/site-packages/airflow/example_dags/example_skip_dag.py
[2021-03-09 20:05:04,240] {scheduler_job.py:639} INFO - DAG(s) dict_keys(['example_skip_dag']) retrieved from /home/airflow/.local/lib/python3.6/site-packages/airflow/example_dags/example_skip_dag.py
[2021-03-09 20:05:04,279] {logging_mixin.py:104} INFO - [2021-03-09 20:05:04,279] {dag.py:1818} INFO - Sync 1 DAGs
[2021-03-09 20:05:04,304] {logging_mixin.py:104} INFO - [2021-03-09 20:05:04,304] {dag.py:2273} INFO - Setting next_dagrun for example_skip_dag to 2021-03-07 00:00:00+00:00
[2021-03-09 20:05:04,320] {scheduler_job.py:190} INFO - Processing /home/airflow/.local/lib/python3.6/site-packages/airflow/example_dags/example_skip_dag.py took 0.115 seconds
[2021-03-09 20:05:35,103] {scheduler_job.py:182} INFO - Started process (PID=460) to work on /home/airflow/.local/lib/python3.6/site-packages/airflow/example_dags/example_skip_dag.py
[2021-03-09 20:05:35,105] {scheduler_job.py:629} INFO - Processing file /home/airflow/.local/lib/python3.6/site-packages/airflow/example_dags/example_skip_dag.py for tasks to queue
[2021-03-09 20:05:35,105] {logging_mixin.py:104} INFO - [2021-03-09 20:05:35,105] {dagbag.py:448} INFO - Filling up the DagBag from /home/airflow/.local/lib/python3.6/site-packages/airflow/example_dags/example_skip_dag.py
[2021-03-09 20:05:35,120] {scheduler_job.py:639} INFO - DAG(s) dict_keys(['example_skip_dag']) retrieved from /home/airflow/.local/lib/python3.6/site-packages/airflow/example_dags/example_skip_dag.py
[2021-03-09 20:05:35,144] {logging_mixin.py:104} INFO - [2021-03-09 20:05:35,144] {dag.py:1818} INFO - Sync 1 DAGs
[2021-03-09 20:05:35,162] {logging_mixin.py:104} INFO - [2021-03-09 20:05:35,162] {dag.py:2273} INFO - Setting next_dagrun for example_skip_dag to 2021-03-07 00:00:00+00:00
[2021-03-09 20:05:35,175] {scheduler_job.py:190} INFO - Processing /home/airflow/.local/lib/python3.6/site-packages/airflow/example_dags/example_skip_dag.py took 0.075 seconds
