[2021-03-09 19:51:06,564] {scheduler_job.py:182} INFO - Started process (PID=39) to work on /home/airflow/.local/lib/python3.6/site-packages/airflow/example_dags/example_bash_operator.py
[2021-03-09 19:51:06,565] {scheduler_job.py:629} INFO - Processing file /home/airflow/.local/lib/python3.6/site-packages/airflow/example_dags/example_bash_operator.py for tasks to queue
[2021-03-09 19:51:06,567] {logging_mixin.py:104} INFO - [2021-03-09 19:51:06,566] {dagbag.py:448} INFO - Filling up the DagBag from /home/airflow/.local/lib/python3.6/site-packages/airflow/example_dags/example_bash_operator.py
[2021-03-09 19:51:06,589] {scheduler_job.py:639} INFO - DAG(s) dict_keys(['example_bash_operator']) retrieved from /home/airflow/.local/lib/python3.6/site-packages/airflow/example_dags/example_bash_operator.py
[2021-03-09 19:51:06,632] {logging_mixin.py:104} INFO - [2021-03-09 19:51:06,632] {dag.py:1818} INFO - Sync 1 DAGs
[2021-03-09 19:51:06,657] {logging_mixin.py:104} INFO - [2021-03-09 19:51:06,654] {dag.py:1837} INFO - Creating ORM DAG for example_bash_operator
[2021-03-09 19:51:06,688] {logging_mixin.py:104} INFO - [2021-03-09 19:51:06,688] {dag.py:2273} INFO - Setting next_dagrun for example_bash_operator to 2021-03-07 00:00:00+00:00
[2021-03-09 19:51:06,730] {scheduler_job.py:190} INFO - Processing /home/airflow/.local/lib/python3.6/site-packages/airflow/example_dags/example_bash_operator.py took 0.170 seconds
[2021-03-09 19:51:36,801] {scheduler_job.py:182} INFO - Started process (PID=67) to work on /home/airflow/.local/lib/python3.6/site-packages/airflow/example_dags/example_bash_operator.py
[2021-03-09 19:51:36,802] {scheduler_job.py:629} INFO - Processing file /home/airflow/.local/lib/python3.6/site-packages/airflow/example_dags/example_bash_operator.py for tasks to queue
[2021-03-09 19:51:36,803] {logging_mixin.py:104} INFO - [2021-03-09 19:51:36,803] {dagbag.py:448} INFO - Filling up the DagBag from /home/airflow/.local/lib/python3.6/site-packages/airflow/example_dags/example_bash_operator.py
[2021-03-09 19:51:36,822] {scheduler_job.py:639} INFO - DAG(s) dict_keys(['example_bash_operator']) retrieved from /home/airflow/.local/lib/python3.6/site-packages/airflow/example_dags/example_bash_operator.py
[2021-03-09 19:51:36,848] {logging_mixin.py:104} INFO - [2021-03-09 19:51:36,848] {dag.py:1818} INFO - Sync 1 DAGs
[2021-03-09 19:51:36,873] {logging_mixin.py:104} INFO - [2021-03-09 19:51:36,873] {dag.py:2273} INFO - Setting next_dagrun for example_bash_operator to 2021-03-07 00:00:00+00:00
[2021-03-09 19:51:36,885] {scheduler_job.py:190} INFO - Processing /home/airflow/.local/lib/python3.6/site-packages/airflow/example_dags/example_bash_operator.py took 0.088 seconds
[2021-03-09 19:52:07,614] {scheduler_job.py:182} INFO - Started process (PID=95) to work on /home/airflow/.local/lib/python3.6/site-packages/airflow/example_dags/example_bash_operator.py
[2021-03-09 19:52:07,617] {scheduler_job.py:629} INFO - Processing file /home/airflow/.local/lib/python3.6/site-packages/airflow/example_dags/example_bash_operator.py for tasks to queue
[2021-03-09 19:52:07,618] {logging_mixin.py:104} INFO - [2021-03-09 19:52:07,617] {dagbag.py:448} INFO - Filling up the DagBag from /home/airflow/.local/lib/python3.6/site-packages/airflow/example_dags/example_bash_operator.py
[2021-03-09 19:52:07,637] {scheduler_job.py:639} INFO - DAG(s) dict_keys(['example_bash_operator']) retrieved from /home/airflow/.local/lib/python3.6/site-packages/airflow/example_dags/example_bash_operator.py
[2021-03-09 19:52:07,661] {logging_mixin.py:104} INFO - [2021-03-09 19:52:07,660] {dag.py:1818} INFO - Sync 1 DAGs
[2021-03-09 19:52:07,689] {logging_mixin.py:104} INFO - [2021-03-09 19:52:07,688] {dag.py:2273} INFO - Setting next_dagrun for example_bash_operator to 2021-03-07 00:00:00+00:00
[2021-03-09 19:52:07,699] {scheduler_job.py:190} INFO - Processing /home/airflow/.local/lib/python3.6/site-packages/airflow/example_dags/example_bash_operator.py took 0.088 seconds
[2021-03-09 19:52:38,393] {scheduler_job.py:182} INFO - Started process (PID=123) to work on /home/airflow/.local/lib/python3.6/site-packages/airflow/example_dags/example_bash_operator.py
[2021-03-09 19:52:38,394] {scheduler_job.py:629} INFO - Processing file /home/airflow/.local/lib/python3.6/site-packages/airflow/example_dags/example_bash_operator.py for tasks to queue
[2021-03-09 19:52:38,395] {logging_mixin.py:104} INFO - [2021-03-09 19:52:38,395] {dagbag.py:448} INFO - Filling up the DagBag from /home/airflow/.local/lib/python3.6/site-packages/airflow/example_dags/example_bash_operator.py
[2021-03-09 19:52:38,410] {scheduler_job.py:639} INFO - DAG(s) dict_keys(['example_bash_operator']) retrieved from /home/airflow/.local/lib/python3.6/site-packages/airflow/example_dags/example_bash_operator.py
[2021-03-09 19:52:38,435] {logging_mixin.py:104} INFO - [2021-03-09 19:52:38,435] {dag.py:1818} INFO - Sync 1 DAGs
[2021-03-09 19:52:38,464] {logging_mixin.py:104} INFO - [2021-03-09 19:52:38,463] {dag.py:2273} INFO - Setting next_dagrun for example_bash_operator to 2021-03-07 00:00:00+00:00
[2021-03-09 19:52:38,475] {scheduler_job.py:190} INFO - Processing /home/airflow/.local/lib/python3.6/site-packages/airflow/example_dags/example_bash_operator.py took 0.086 seconds
[2021-03-09 19:53:08,957] {scheduler_job.py:182} INFO - Started process (PID=151) to work on /home/airflow/.local/lib/python3.6/site-packages/airflow/example_dags/example_bash_operator.py
[2021-03-09 19:53:08,959] {scheduler_job.py:629} INFO - Processing file /home/airflow/.local/lib/python3.6/site-packages/airflow/example_dags/example_bash_operator.py for tasks to queue
[2021-03-09 19:53:08,960] {logging_mixin.py:104} INFO - [2021-03-09 19:53:08,960] {dagbag.py:448} INFO - Filling up the DagBag from /home/airflow/.local/lib/python3.6/site-packages/airflow/example_dags/example_bash_operator.py
[2021-03-09 19:53:08,976] {scheduler_job.py:639} INFO - DAG(s) dict_keys(['example_bash_operator']) retrieved from /home/airflow/.local/lib/python3.6/site-packages/airflow/example_dags/example_bash_operator.py
[2021-03-09 19:53:09,014] {logging_mixin.py:104} INFO - [2021-03-09 19:53:09,014] {dag.py:1818} INFO - Sync 1 DAGs
[2021-03-09 19:53:09,041] {logging_mixin.py:104} INFO - [2021-03-09 19:53:09,041] {dag.py:2273} INFO - Setting next_dagrun for example_bash_operator to 2021-03-07 00:00:00+00:00
[2021-03-09 19:53:09,051] {scheduler_job.py:190} INFO - Processing /home/airflow/.local/lib/python3.6/site-packages/airflow/example_dags/example_bash_operator.py took 0.097 seconds
[2021-03-09 19:53:39,626] {scheduler_job.py:182} INFO - Started process (PID=179) to work on /home/airflow/.local/lib/python3.6/site-packages/airflow/example_dags/example_bash_operator.py
[2021-03-09 19:53:39,629] {scheduler_job.py:629} INFO - Processing file /home/airflow/.local/lib/python3.6/site-packages/airflow/example_dags/example_bash_operator.py for tasks to queue
[2021-03-09 19:53:39,630] {logging_mixin.py:104} INFO - [2021-03-09 19:53:39,629] {dagbag.py:448} INFO - Filling up the DagBag from /home/airflow/.local/lib/python3.6/site-packages/airflow/example_dags/example_bash_operator.py
[2021-03-09 19:53:39,644] {scheduler_job.py:639} INFO - DAG(s) dict_keys(['example_bash_operator']) retrieved from /home/airflow/.local/lib/python3.6/site-packages/airflow/example_dags/example_bash_operator.py
[2021-03-09 19:53:39,667] {logging_mixin.py:104} INFO - [2021-03-09 19:53:39,667] {dag.py:1818} INFO - Sync 1 DAGs
[2021-03-09 19:53:39,695] {logging_mixin.py:104} INFO - [2021-03-09 19:53:39,695] {dag.py:2273} INFO - Setting next_dagrun for example_bash_operator to 2021-03-07 00:00:00+00:00
[2021-03-09 19:53:39,706] {scheduler_job.py:190} INFO - Processing /home/airflow/.local/lib/python3.6/site-packages/airflow/example_dags/example_bash_operator.py took 0.083 seconds
[2021-03-09 19:54:10,275] {scheduler_job.py:182} INFO - Started process (PID=207) to work on /home/airflow/.local/lib/python3.6/site-packages/airflow/example_dags/example_bash_operator.py
[2021-03-09 19:54:10,277] {scheduler_job.py:629} INFO - Processing file /home/airflow/.local/lib/python3.6/site-packages/airflow/example_dags/example_bash_operator.py for tasks to queue
[2021-03-09 19:54:10,278] {logging_mixin.py:104} INFO - [2021-03-09 19:54:10,278] {dagbag.py:448} INFO - Filling up the DagBag from /home/airflow/.local/lib/python3.6/site-packages/airflow/example_dags/example_bash_operator.py
[2021-03-09 19:54:10,303] {scheduler_job.py:639} INFO - DAG(s) dict_keys(['example_bash_operator']) retrieved from /home/airflow/.local/lib/python3.6/site-packages/airflow/example_dags/example_bash_operator.py
[2021-03-09 19:54:10,355] {logging_mixin.py:104} INFO - [2021-03-09 19:54:10,355] {dag.py:1818} INFO - Sync 1 DAGs
[2021-03-09 19:54:10,389] {logging_mixin.py:104} INFO - [2021-03-09 19:54:10,389] {dag.py:2273} INFO - Setting next_dagrun for example_bash_operator to 2021-03-07 00:00:00+00:00
[2021-03-09 19:54:10,410] {scheduler_job.py:190} INFO - Processing /home/airflow/.local/lib/python3.6/site-packages/airflow/example_dags/example_bash_operator.py took 0.141 seconds
[2021-03-09 19:54:40,923] {scheduler_job.py:182} INFO - Started process (PID=235) to work on /home/airflow/.local/lib/python3.6/site-packages/airflow/example_dags/example_bash_operator.py
[2021-03-09 19:54:40,925] {scheduler_job.py:629} INFO - Processing file /home/airflow/.local/lib/python3.6/site-packages/airflow/example_dags/example_bash_operator.py for tasks to queue
[2021-03-09 19:54:40,926] {logging_mixin.py:104} INFO - [2021-03-09 19:54:40,926] {dagbag.py:448} INFO - Filling up the DagBag from /home/airflow/.local/lib/python3.6/site-packages/airflow/example_dags/example_bash_operator.py
[2021-03-09 19:54:40,956] {scheduler_job.py:639} INFO - DAG(s) dict_keys(['example_bash_operator']) retrieved from /home/airflow/.local/lib/python3.6/site-packages/airflow/example_dags/example_bash_operator.py
[2021-03-09 19:54:40,986] {logging_mixin.py:104} INFO - [2021-03-09 19:54:40,986] {dag.py:1818} INFO - Sync 1 DAGs
[2021-03-09 19:54:41,027] {logging_mixin.py:104} INFO - [2021-03-09 19:54:41,026] {dag.py:2273} INFO - Setting next_dagrun for example_bash_operator to 2021-03-07 00:00:00+00:00
[2021-03-09 19:54:41,041] {scheduler_job.py:190} INFO - Processing /home/airflow/.local/lib/python3.6/site-packages/airflow/example_dags/example_bash_operator.py took 0.124 seconds
[2021-03-09 19:55:11,730] {scheduler_job.py:182} INFO - Started process (PID=263) to work on /home/airflow/.local/lib/python3.6/site-packages/airflow/example_dags/example_bash_operator.py
[2021-03-09 19:55:11,732] {scheduler_job.py:629} INFO - Processing file /home/airflow/.local/lib/python3.6/site-packages/airflow/example_dags/example_bash_operator.py for tasks to queue
[2021-03-09 19:55:11,733] {logging_mixin.py:104} INFO - [2021-03-09 19:55:11,733] {dagbag.py:448} INFO - Filling up the DagBag from /home/airflow/.local/lib/python3.6/site-packages/airflow/example_dags/example_bash_operator.py
[2021-03-09 19:55:11,764] {scheduler_job.py:639} INFO - DAG(s) dict_keys(['example_bash_operator']) retrieved from /home/airflow/.local/lib/python3.6/site-packages/airflow/example_dags/example_bash_operator.py
[2021-03-09 19:55:11,811] {logging_mixin.py:104} INFO - [2021-03-09 19:55:11,811] {dag.py:1818} INFO - Sync 1 DAGs
[2021-03-09 19:55:11,859] {logging_mixin.py:104} INFO - [2021-03-09 19:55:11,859] {dag.py:2273} INFO - Setting next_dagrun for example_bash_operator to 2021-03-07 00:00:00+00:00
[2021-03-09 19:55:11,881] {scheduler_job.py:190} INFO - Processing /home/airflow/.local/lib/python3.6/site-packages/airflow/example_dags/example_bash_operator.py took 0.156 seconds
[2021-03-09 19:57:57,171] {scheduler_job.py:182} INFO - Started process (PID=53) to work on /home/airflow/.local/lib/python3.6/site-packages/airflow/example_dags/example_bash_operator.py
[2021-03-09 19:57:57,172] {scheduler_job.py:629} INFO - Processing file /home/airflow/.local/lib/python3.6/site-packages/airflow/example_dags/example_bash_operator.py for tasks to queue
[2021-03-09 19:57:57,173] {logging_mixin.py:104} INFO - [2021-03-09 19:57:57,173] {dagbag.py:448} INFO - Filling up the DagBag from /home/airflow/.local/lib/python3.6/site-packages/airflow/example_dags/example_bash_operator.py
[2021-03-09 19:57:57,191] {scheduler_job.py:639} INFO - DAG(s) dict_keys(['example_bash_operator']) retrieved from /home/airflow/.local/lib/python3.6/site-packages/airflow/example_dags/example_bash_operator.py
[2021-03-09 19:57:57,216] {logging_mixin.py:104} INFO - [2021-03-09 19:57:57,216] {dag.py:1818} INFO - Sync 1 DAGs
[2021-03-09 19:57:57,229] {logging_mixin.py:104} INFO - [2021-03-09 19:57:57,229] {dag.py:1837} INFO - Creating ORM DAG for example_bash_operator
[2021-03-09 19:57:57,245] {logging_mixin.py:104} INFO - [2021-03-09 19:57:57,245] {dag.py:2273} INFO - Setting next_dagrun for example_bash_operator to 2021-03-07 00:00:00+00:00
[2021-03-09 19:57:57,262] {scheduler_job.py:190} INFO - Processing /home/airflow/.local/lib/python3.6/site-packages/airflow/example_dags/example_bash_operator.py took 0.095 seconds
[2021-03-09 19:58:27,429] {scheduler_job.py:182} INFO - Started process (PID=81) to work on /home/airflow/.local/lib/python3.6/site-packages/airflow/example_dags/example_bash_operator.py
[2021-03-09 19:58:27,430] {scheduler_job.py:629} INFO - Processing file /home/airflow/.local/lib/python3.6/site-packages/airflow/example_dags/example_bash_operator.py for tasks to queue
[2021-03-09 19:58:27,431] {logging_mixin.py:104} INFO - [2021-03-09 19:58:27,431] {dagbag.py:448} INFO - Filling up the DagBag from /home/airflow/.local/lib/python3.6/site-packages/airflow/example_dags/example_bash_operator.py
[2021-03-09 19:58:27,448] {scheduler_job.py:639} INFO - DAG(s) dict_keys(['example_bash_operator']) retrieved from /home/airflow/.local/lib/python3.6/site-packages/airflow/example_dags/example_bash_operator.py
[2021-03-09 19:58:27,475] {logging_mixin.py:104} INFO - [2021-03-09 19:58:27,475] {dag.py:1818} INFO - Sync 1 DAGs
[2021-03-09 19:58:27,499] {logging_mixin.py:104} INFO - [2021-03-09 19:58:27,499] {dag.py:2273} INFO - Setting next_dagrun for example_bash_operator to 2021-03-07 00:00:00+00:00
[2021-03-09 19:58:27,509] {scheduler_job.py:190} INFO - Processing /home/airflow/.local/lib/python3.6/site-packages/airflow/example_dags/example_bash_operator.py took 0.084 seconds
[2021-03-09 19:58:57,864] {scheduler_job.py:182} INFO - Started process (PID=109) to work on /home/airflow/.local/lib/python3.6/site-packages/airflow/example_dags/example_bash_operator.py
[2021-03-09 19:58:57,865] {scheduler_job.py:629} INFO - Processing file /home/airflow/.local/lib/python3.6/site-packages/airflow/example_dags/example_bash_operator.py for tasks to queue
[2021-03-09 19:58:57,866] {logging_mixin.py:104} INFO - [2021-03-09 19:58:57,866] {dagbag.py:448} INFO - Filling up the DagBag from /home/airflow/.local/lib/python3.6/site-packages/airflow/example_dags/example_bash_operator.py
[2021-03-09 19:58:57,881] {scheduler_job.py:639} INFO - DAG(s) dict_keys(['example_bash_operator']) retrieved from /home/airflow/.local/lib/python3.6/site-packages/airflow/example_dags/example_bash_operator.py
[2021-03-09 19:58:57,905] {logging_mixin.py:104} INFO - [2021-03-09 19:58:57,904] {dag.py:1818} INFO - Sync 1 DAGs
[2021-03-09 19:58:57,931] {logging_mixin.py:104} INFO - [2021-03-09 19:58:57,931] {dag.py:2273} INFO - Setting next_dagrun for example_bash_operator to 2021-03-07 00:00:00+00:00
[2021-03-09 19:58:57,941] {scheduler_job.py:190} INFO - Processing /home/airflow/.local/lib/python3.6/site-packages/airflow/example_dags/example_bash_operator.py took 0.081 seconds
[2021-03-09 19:59:28,156] {scheduler_job.py:182} INFO - Started process (PID=137) to work on /home/airflow/.local/lib/python3.6/site-packages/airflow/example_dags/example_bash_operator.py
[2021-03-09 19:59:28,157] {scheduler_job.py:629} INFO - Processing file /home/airflow/.local/lib/python3.6/site-packages/airflow/example_dags/example_bash_operator.py for tasks to queue
[2021-03-09 19:59:28,158] {logging_mixin.py:104} INFO - [2021-03-09 19:59:28,158] {dagbag.py:448} INFO - Filling up the DagBag from /home/airflow/.local/lib/python3.6/site-packages/airflow/example_dags/example_bash_operator.py
[2021-03-09 19:59:28,174] {scheduler_job.py:639} INFO - DAG(s) dict_keys(['example_bash_operator']) retrieved from /home/airflow/.local/lib/python3.6/site-packages/airflow/example_dags/example_bash_operator.py
[2021-03-09 19:59:28,198] {logging_mixin.py:104} INFO - [2021-03-09 19:59:28,198] {dag.py:1818} INFO - Sync 1 DAGs
[2021-03-09 19:59:28,224] {logging_mixin.py:104} INFO - [2021-03-09 19:59:28,224] {dag.py:2273} INFO - Setting next_dagrun for example_bash_operator to 2021-03-07 00:00:00+00:00
[2021-03-09 19:59:28,235] {scheduler_job.py:190} INFO - Processing /home/airflow/.local/lib/python3.6/site-packages/airflow/example_dags/example_bash_operator.py took 0.083 seconds
[2021-03-09 19:59:58,634] {scheduler_job.py:182} INFO - Started process (PID=164) to work on /home/airflow/.local/lib/python3.6/site-packages/airflow/example_dags/example_bash_operator.py
[2021-03-09 19:59:58,636] {scheduler_job.py:629} INFO - Processing file /home/airflow/.local/lib/python3.6/site-packages/airflow/example_dags/example_bash_operator.py for tasks to queue
[2021-03-09 19:59:58,637] {logging_mixin.py:104} INFO - [2021-03-09 19:59:58,637] {dagbag.py:448} INFO - Filling up the DagBag from /home/airflow/.local/lib/python3.6/site-packages/airflow/example_dags/example_bash_operator.py
[2021-03-09 19:59:58,654] {scheduler_job.py:639} INFO - DAG(s) dict_keys(['example_bash_operator']) retrieved from /home/airflow/.local/lib/python3.6/site-packages/airflow/example_dags/example_bash_operator.py
[2021-03-09 19:59:58,679] {logging_mixin.py:104} INFO - [2021-03-09 19:59:58,678] {dag.py:1818} INFO - Sync 1 DAGs
[2021-03-09 19:59:58,710] {logging_mixin.py:104} INFO - [2021-03-09 19:59:58,710] {dag.py:2273} INFO - Setting next_dagrun for example_bash_operator to 2021-03-07 00:00:00+00:00
[2021-03-09 19:59:58,722] {scheduler_job.py:190} INFO - Processing /home/airflow/.local/lib/python3.6/site-packages/airflow/example_dags/example_bash_operator.py took 0.092 seconds
[2021-03-09 20:00:29,044] {scheduler_job.py:182} INFO - Started process (PID=192) to work on /home/airflow/.local/lib/python3.6/site-packages/airflow/example_dags/example_bash_operator.py
[2021-03-09 20:00:29,047] {scheduler_job.py:629} INFO - Processing file /home/airflow/.local/lib/python3.6/site-packages/airflow/example_dags/example_bash_operator.py for tasks to queue
[2021-03-09 20:00:29,048] {logging_mixin.py:104} INFO - [2021-03-09 20:00:29,048] {dagbag.py:448} INFO - Filling up the DagBag from /home/airflow/.local/lib/python3.6/site-packages/airflow/example_dags/example_bash_operator.py
[2021-03-09 20:00:29,061] {scheduler_job.py:639} INFO - DAG(s) dict_keys(['example_bash_operator']) retrieved from /home/airflow/.local/lib/python3.6/site-packages/airflow/example_dags/example_bash_operator.py
[2021-03-09 20:00:29,097] {logging_mixin.py:104} INFO - [2021-03-09 20:00:29,097] {dag.py:1818} INFO - Sync 1 DAGs
[2021-03-09 20:00:29,124] {logging_mixin.py:104} INFO - [2021-03-09 20:00:29,123] {dag.py:2273} INFO - Setting next_dagrun for example_bash_operator to 2021-03-07 00:00:00+00:00
[2021-03-09 20:00:29,138] {scheduler_job.py:190} INFO - Processing /home/airflow/.local/lib/python3.6/site-packages/airflow/example_dags/example_bash_operator.py took 0.099 seconds
[2021-03-09 20:00:59,562] {scheduler_job.py:182} INFO - Started process (PID=219) to work on /home/airflow/.local/lib/python3.6/site-packages/airflow/example_dags/example_bash_operator.py
[2021-03-09 20:00:59,564] {scheduler_job.py:629} INFO - Processing file /home/airflow/.local/lib/python3.6/site-packages/airflow/example_dags/example_bash_operator.py for tasks to queue
[2021-03-09 20:00:59,565] {logging_mixin.py:104} INFO - [2021-03-09 20:00:59,564] {dagbag.py:448} INFO - Filling up the DagBag from /home/airflow/.local/lib/python3.6/site-packages/airflow/example_dags/example_bash_operator.py
[2021-03-09 20:00:59,579] {scheduler_job.py:639} INFO - DAG(s) dict_keys(['example_bash_operator']) retrieved from /home/airflow/.local/lib/python3.6/site-packages/airflow/example_dags/example_bash_operator.py
[2021-03-09 20:00:59,606] {logging_mixin.py:104} INFO - [2021-03-09 20:00:59,606] {dag.py:1818} INFO - Sync 1 DAGs
[2021-03-09 20:00:59,631] {logging_mixin.py:104} INFO - [2021-03-09 20:00:59,631] {dag.py:2273} INFO - Setting next_dagrun for example_bash_operator to 2021-03-07 00:00:00+00:00
[2021-03-09 20:00:59,641] {scheduler_job.py:190} INFO - Processing /home/airflow/.local/lib/python3.6/site-packages/airflow/example_dags/example_bash_operator.py took 0.083 seconds
[2021-03-09 20:01:30,097] {scheduler_job.py:182} INFO - Started process (PID=247) to work on /home/airflow/.local/lib/python3.6/site-packages/airflow/example_dags/example_bash_operator.py
[2021-03-09 20:01:30,099] {scheduler_job.py:629} INFO - Processing file /home/airflow/.local/lib/python3.6/site-packages/airflow/example_dags/example_bash_operator.py for tasks to queue
[2021-03-09 20:01:30,100] {logging_mixin.py:104} INFO - [2021-03-09 20:01:30,100] {dagbag.py:448} INFO - Filling up the DagBag from /home/airflow/.local/lib/python3.6/site-packages/airflow/example_dags/example_bash_operator.py
[2021-03-09 20:01:30,117] {scheduler_job.py:639} INFO - DAG(s) dict_keys(['example_bash_operator']) retrieved from /home/airflow/.local/lib/python3.6/site-packages/airflow/example_dags/example_bash_operator.py
[2021-03-09 20:01:30,149] {logging_mixin.py:104} INFO - [2021-03-09 20:01:30,148] {dag.py:1818} INFO - Sync 1 DAGs
[2021-03-09 20:01:30,178] {logging_mixin.py:104} INFO - [2021-03-09 20:01:30,178] {dag.py:2273} INFO - Setting next_dagrun for example_bash_operator to 2021-03-07 00:00:00+00:00
[2021-03-09 20:01:30,191] {scheduler_job.py:190} INFO - Processing /home/airflow/.local/lib/python3.6/site-packages/airflow/example_dags/example_bash_operator.py took 0.097 seconds
[2021-03-09 20:02:01,030] {scheduler_job.py:182} INFO - Started process (PID=276) to work on /home/airflow/.local/lib/python3.6/site-packages/airflow/example_dags/example_bash_operator.py
[2021-03-09 20:02:01,032] {scheduler_job.py:629} INFO - Processing file /home/airflow/.local/lib/python3.6/site-packages/airflow/example_dags/example_bash_operator.py for tasks to queue
[2021-03-09 20:02:01,033] {logging_mixin.py:104} INFO - [2021-03-09 20:02:01,033] {dagbag.py:448} INFO - Filling up the DagBag from /home/airflow/.local/lib/python3.6/site-packages/airflow/example_dags/example_bash_operator.py
[2021-03-09 20:02:01,061] {scheduler_job.py:639} INFO - DAG(s) dict_keys(['example_bash_operator']) retrieved from /home/airflow/.local/lib/python3.6/site-packages/airflow/example_dags/example_bash_operator.py
[2021-03-09 20:02:01,091] {logging_mixin.py:104} INFO - [2021-03-09 20:02:01,090] {dag.py:1818} INFO - Sync 1 DAGs
[2021-03-09 20:02:01,124] {logging_mixin.py:104} INFO - [2021-03-09 20:02:01,124] {dag.py:2273} INFO - Setting next_dagrun for example_bash_operator to 2021-03-07 00:00:00+00:00
[2021-03-09 20:02:01,138] {scheduler_job.py:190} INFO - Processing /home/airflow/.local/lib/python3.6/site-packages/airflow/example_dags/example_bash_operator.py took 0.114 seconds
[2021-03-09 20:02:31,787] {scheduler_job.py:182} INFO - Started process (PID=304) to work on /home/airflow/.local/lib/python3.6/site-packages/airflow/example_dags/example_bash_operator.py
[2021-03-09 20:02:31,789] {scheduler_job.py:629} INFO - Processing file /home/airflow/.local/lib/python3.6/site-packages/airflow/example_dags/example_bash_operator.py for tasks to queue
[2021-03-09 20:02:31,790] {logging_mixin.py:104} INFO - [2021-03-09 20:02:31,789] {dagbag.py:448} INFO - Filling up the DagBag from /home/airflow/.local/lib/python3.6/site-packages/airflow/example_dags/example_bash_operator.py
[2021-03-09 20:02:31,809] {scheduler_job.py:639} INFO - DAG(s) dict_keys(['example_bash_operator']) retrieved from /home/airflow/.local/lib/python3.6/site-packages/airflow/example_dags/example_bash_operator.py
[2021-03-09 20:02:31,840] {logging_mixin.py:104} INFO - [2021-03-09 20:02:31,840] {dag.py:1818} INFO - Sync 1 DAGs
[2021-03-09 20:02:31,870] {logging_mixin.py:104} INFO - [2021-03-09 20:02:31,869] {dag.py:2273} INFO - Setting next_dagrun for example_bash_operator to 2021-03-07 00:00:00+00:00
[2021-03-09 20:02:31,884] {scheduler_job.py:190} INFO - Processing /home/airflow/.local/lib/python3.6/site-packages/airflow/example_dags/example_bash_operator.py took 0.103 seconds
[2021-03-09 20:03:02,366] {scheduler_job.py:182} INFO - Started process (PID=332) to work on /home/airflow/.local/lib/python3.6/site-packages/airflow/example_dags/example_bash_operator.py
[2021-03-09 20:03:02,368] {scheduler_job.py:629} INFO - Processing file /home/airflow/.local/lib/python3.6/site-packages/airflow/example_dags/example_bash_operator.py for tasks to queue
[2021-03-09 20:03:02,369] {logging_mixin.py:104} INFO - [2021-03-09 20:03:02,369] {dagbag.py:448} INFO - Filling up the DagBag from /home/airflow/.local/lib/python3.6/site-packages/airflow/example_dags/example_bash_operator.py
[2021-03-09 20:03:02,385] {scheduler_job.py:639} INFO - DAG(s) dict_keys(['example_bash_operator']) retrieved from /home/airflow/.local/lib/python3.6/site-packages/airflow/example_dags/example_bash_operator.py
[2021-03-09 20:03:02,408] {logging_mixin.py:104} INFO - [2021-03-09 20:03:02,408] {dag.py:1818} INFO - Sync 1 DAGs
[2021-03-09 20:03:02,432] {logging_mixin.py:104} INFO - [2021-03-09 20:03:02,432] {dag.py:2273} INFO - Setting next_dagrun for example_bash_operator to 2021-03-07 00:00:00+00:00
[2021-03-09 20:03:02,442] {scheduler_job.py:190} INFO - Processing /home/airflow/.local/lib/python3.6/site-packages/airflow/example_dags/example_bash_operator.py took 0.080 seconds
[2021-03-09 20:03:32,877] {scheduler_job.py:182} INFO - Started process (PID=360) to work on /home/airflow/.local/lib/python3.6/site-packages/airflow/example_dags/example_bash_operator.py
[2021-03-09 20:03:32,879] {scheduler_job.py:629} INFO - Processing file /home/airflow/.local/lib/python3.6/site-packages/airflow/example_dags/example_bash_operator.py for tasks to queue
[2021-03-09 20:03:32,881] {logging_mixin.py:104} INFO - [2021-03-09 20:03:32,880] {dagbag.py:448} INFO - Filling up the DagBag from /home/airflow/.local/lib/python3.6/site-packages/airflow/example_dags/example_bash_operator.py
[2021-03-09 20:03:32,911] {scheduler_job.py:639} INFO - DAG(s) dict_keys(['example_bash_operator']) retrieved from /home/airflow/.local/lib/python3.6/site-packages/airflow/example_dags/example_bash_operator.py
[2021-03-09 20:03:32,947] {logging_mixin.py:104} INFO - [2021-03-09 20:03:32,947] {dag.py:1818} INFO - Sync 1 DAGs
[2021-03-09 20:03:33,003] {logging_mixin.py:104} INFO - [2021-03-09 20:03:33,003] {dag.py:2273} INFO - Setting next_dagrun for example_bash_operator to 2021-03-07 00:00:00+00:00
[2021-03-09 20:03:33,028] {scheduler_job.py:190} INFO - Processing /home/airflow/.local/lib/python3.6/site-packages/airflow/example_dags/example_bash_operator.py took 0.155 seconds
[2021-03-09 20:04:03,430] {scheduler_job.py:182} INFO - Started process (PID=388) to work on /home/airflow/.local/lib/python3.6/site-packages/airflow/example_dags/example_bash_operator.py
[2021-03-09 20:04:03,432] {scheduler_job.py:629} INFO - Processing file /home/airflow/.local/lib/python3.6/site-packages/airflow/example_dags/example_bash_operator.py for tasks to queue
[2021-03-09 20:04:03,433] {logging_mixin.py:104} INFO - [2021-03-09 20:04:03,433] {dagbag.py:448} INFO - Filling up the DagBag from /home/airflow/.local/lib/python3.6/site-packages/airflow/example_dags/example_bash_operator.py
[2021-03-09 20:04:03,472] {scheduler_job.py:639} INFO - DAG(s) dict_keys(['example_bash_operator']) retrieved from /home/airflow/.local/lib/python3.6/site-packages/airflow/example_dags/example_bash_operator.py
[2021-03-09 20:04:03,510] {logging_mixin.py:104} INFO - [2021-03-09 20:04:03,510] {dag.py:1818} INFO - Sync 1 DAGs
[2021-03-09 20:04:03,558] {logging_mixin.py:104} INFO - [2021-03-09 20:04:03,558] {dag.py:2273} INFO - Setting next_dagrun for example_bash_operator to 2021-03-07 00:00:00+00:00
[2021-03-09 20:04:03,574] {scheduler_job.py:190} INFO - Processing /home/airflow/.local/lib/python3.6/site-packages/airflow/example_dags/example_bash_operator.py took 0.160 seconds
[2021-03-09 20:04:33,958] {scheduler_job.py:182} INFO - Started process (PID=416) to work on /home/airflow/.local/lib/python3.6/site-packages/airflow/example_dags/example_bash_operator.py
[2021-03-09 20:04:33,959] {scheduler_job.py:629} INFO - Processing file /home/airflow/.local/lib/python3.6/site-packages/airflow/example_dags/example_bash_operator.py for tasks to queue
[2021-03-09 20:04:33,960] {logging_mixin.py:104} INFO - [2021-03-09 20:04:33,960] {dagbag.py:448} INFO - Filling up the DagBag from /home/airflow/.local/lib/python3.6/site-packages/airflow/example_dags/example_bash_operator.py
[2021-03-09 20:04:33,980] {scheduler_job.py:639} INFO - DAG(s) dict_keys(['example_bash_operator']) retrieved from /home/airflow/.local/lib/python3.6/site-packages/airflow/example_dags/example_bash_operator.py
[2021-03-09 20:04:34,002] {logging_mixin.py:104} INFO - [2021-03-09 20:04:34,001] {dag.py:1818} INFO - Sync 1 DAGs
[2021-03-09 20:04:34,024] {logging_mixin.py:104} INFO - [2021-03-09 20:04:34,024] {dag.py:2273} INFO - Setting next_dagrun for example_bash_operator to 2021-03-07 00:00:00+00:00
[2021-03-09 20:04:34,035] {scheduler_job.py:190} INFO - Processing /home/airflow/.local/lib/python3.6/site-packages/airflow/example_dags/example_bash_operator.py took 0.082 seconds
[2021-03-09 20:05:05,086] {scheduler_job.py:182} INFO - Started process (PID=444) to work on /home/airflow/.local/lib/python3.6/site-packages/airflow/example_dags/example_bash_operator.py
[2021-03-09 20:05:05,090] {scheduler_job.py:629} INFO - Processing file /home/airflow/.local/lib/python3.6/site-packages/airflow/example_dags/example_bash_operator.py for tasks to queue
[2021-03-09 20:05:05,091] {logging_mixin.py:104} INFO - [2021-03-09 20:05:05,090] {dagbag.py:448} INFO - Filling up the DagBag from /home/airflow/.local/lib/python3.6/site-packages/airflow/example_dags/example_bash_operator.py
[2021-03-09 20:05:05,107] {scheduler_job.py:639} INFO - DAG(s) dict_keys(['example_bash_operator']) retrieved from /home/airflow/.local/lib/python3.6/site-packages/airflow/example_dags/example_bash_operator.py
[2021-03-09 20:05:05,135] {logging_mixin.py:104} INFO - [2021-03-09 20:05:05,135] {dag.py:1818} INFO - Sync 1 DAGs
[2021-03-09 20:05:05,184] {logging_mixin.py:104} INFO - [2021-03-09 20:05:05,184] {dag.py:2273} INFO - Setting next_dagrun for example_bash_operator to 2021-03-07 00:00:00+00:00
[2021-03-09 20:05:05,200] {scheduler_job.py:190} INFO - Processing /home/airflow/.local/lib/python3.6/site-packages/airflow/example_dags/example_bash_operator.py took 0.119 seconds
[2021-03-09 20:05:35,619] {scheduler_job.py:182} INFO - Started process (PID=472) to work on /home/airflow/.local/lib/python3.6/site-packages/airflow/example_dags/example_bash_operator.py
[2021-03-09 20:05:35,621] {scheduler_job.py:629} INFO - Processing file /home/airflow/.local/lib/python3.6/site-packages/airflow/example_dags/example_bash_operator.py for tasks to queue
[2021-03-09 20:05:35,622] {logging_mixin.py:104} INFO - [2021-03-09 20:05:35,622] {dagbag.py:448} INFO - Filling up the DagBag from /home/airflow/.local/lib/python3.6/site-packages/airflow/example_dags/example_bash_operator.py
[2021-03-09 20:05:35,637] {scheduler_job.py:639} INFO - DAG(s) dict_keys(['example_bash_operator']) retrieved from /home/airflow/.local/lib/python3.6/site-packages/airflow/example_dags/example_bash_operator.py
[2021-03-09 20:05:35,663] {logging_mixin.py:104} INFO - [2021-03-09 20:05:35,663] {dag.py:1818} INFO - Sync 1 DAGs
[2021-03-09 20:05:35,688] {logging_mixin.py:104} INFO - [2021-03-09 20:05:35,688] {dag.py:2273} INFO - Setting next_dagrun for example_bash_operator to 2021-03-07 00:00:00+00:00
[2021-03-09 20:05:35,700] {scheduler_job.py:190} INFO - Processing /home/airflow/.local/lib/python3.6/site-packages/airflow/example_dags/example_bash_operator.py took 0.085 seconds
