[2021-03-09 19:51:05,856] {scheduler_job.py:182} INFO - Started process (PID=29) to work on /home/airflow/.local/lib/python3.6/site-packages/airflow/example_dags/example_python_operator.py
[2021-03-09 19:51:05,858] {scheduler_job.py:629} INFO - Processing file /home/airflow/.local/lib/python3.6/site-packages/airflow/example_dags/example_python_operator.py for tasks to queue
[2021-03-09 19:51:05,859] {logging_mixin.py:104} INFO - [2021-03-09 19:51:05,859] {dagbag.py:448} INFO - Filling up the DagBag from /home/airflow/.local/lib/python3.6/site-packages/airflow/example_dags/example_python_operator.py
[2021-03-09 19:51:05,909] {scheduler_job.py:639} INFO - DAG(s) dict_keys(['example_python_operator']) retrieved from /home/airflow/.local/lib/python3.6/site-packages/airflow/example_dags/example_python_operator.py
[2021-03-09 19:51:05,945] {logging_mixin.py:104} INFO - [2021-03-09 19:51:05,945] {dag.py:1818} INFO - Sync 1 DAGs
[2021-03-09 19:51:05,959] {logging_mixin.py:104} INFO - [2021-03-09 19:51:05,958] {dag.py:1837} INFO - Creating ORM DAG for example_python_operator
[2021-03-09 19:51:05,966] {logging_mixin.py:104} INFO - [2021-03-09 19:51:05,966] {dag.py:2273} INFO - Setting next_dagrun for example_python_operator to None
[2021-03-09 19:51:06,002] {scheduler_job.py:190} INFO - Processing /home/airflow/.local/lib/python3.6/site-packages/airflow/example_dags/example_python_operator.py took 0.150 seconds
[2021-03-09 19:51:36,298] {scheduler_job.py:182} INFO - Started process (PID=58) to work on /home/airflow/.local/lib/python3.6/site-packages/airflow/example_dags/example_python_operator.py
[2021-03-09 19:51:36,299] {scheduler_job.py:629} INFO - Processing file /home/airflow/.local/lib/python3.6/site-packages/airflow/example_dags/example_python_operator.py for tasks to queue
[2021-03-09 19:51:36,300] {logging_mixin.py:104} INFO - [2021-03-09 19:51:36,300] {dagbag.py:448} INFO - Filling up the DagBag from /home/airflow/.local/lib/python3.6/site-packages/airflow/example_dags/example_python_operator.py
[2021-03-09 19:51:36,316] {scheduler_job.py:639} INFO - DAG(s) dict_keys(['example_python_operator']) retrieved from /home/airflow/.local/lib/python3.6/site-packages/airflow/example_dags/example_python_operator.py
[2021-03-09 19:51:36,342] {logging_mixin.py:104} INFO - [2021-03-09 19:51:36,342] {dag.py:1818} INFO - Sync 1 DAGs
[2021-03-09 19:51:36,360] {logging_mixin.py:104} INFO - [2021-03-09 19:51:36,359] {dag.py:2273} INFO - Setting next_dagrun for example_python_operator to None
[2021-03-09 19:51:36,370] {scheduler_job.py:190} INFO - Processing /home/airflow/.local/lib/python3.6/site-packages/airflow/example_dags/example_python_operator.py took 0.076 seconds
[2021-03-09 19:52:07,154] {scheduler_job.py:182} INFO - Started process (PID=86) to work on /home/airflow/.local/lib/python3.6/site-packages/airflow/example_dags/example_python_operator.py
[2021-03-09 19:52:07,156] {scheduler_job.py:629} INFO - Processing file /home/airflow/.local/lib/python3.6/site-packages/airflow/example_dags/example_python_operator.py for tasks to queue
[2021-03-09 19:52:07,158] {logging_mixin.py:104} INFO - [2021-03-09 19:52:07,157] {dagbag.py:448} INFO - Filling up the DagBag from /home/airflow/.local/lib/python3.6/site-packages/airflow/example_dags/example_python_operator.py
[2021-03-09 19:52:07,179] {scheduler_job.py:639} INFO - DAG(s) dict_keys(['example_python_operator']) retrieved from /home/airflow/.local/lib/python3.6/site-packages/airflow/example_dags/example_python_operator.py
[2021-03-09 19:52:07,214] {logging_mixin.py:104} INFO - [2021-03-09 19:52:07,214] {dag.py:1818} INFO - Sync 1 DAGs
[2021-03-09 19:52:07,238] {logging_mixin.py:104} INFO - [2021-03-09 19:52:07,238] {dag.py:2273} INFO - Setting next_dagrun for example_python_operator to None
[2021-03-09 19:52:07,251] {scheduler_job.py:190} INFO - Processing /home/airflow/.local/lib/python3.6/site-packages/airflow/example_dags/example_python_operator.py took 0.101 seconds
[2021-03-09 19:52:37,989] {scheduler_job.py:182} INFO - Started process (PID=114) to work on /home/airflow/.local/lib/python3.6/site-packages/airflow/example_dags/example_python_operator.py
[2021-03-09 19:52:37,990] {scheduler_job.py:629} INFO - Processing file /home/airflow/.local/lib/python3.6/site-packages/airflow/example_dags/example_python_operator.py for tasks to queue
[2021-03-09 19:52:37,991] {logging_mixin.py:104} INFO - [2021-03-09 19:52:37,991] {dagbag.py:448} INFO - Filling up the DagBag from /home/airflow/.local/lib/python3.6/site-packages/airflow/example_dags/example_python_operator.py
[2021-03-09 19:52:38,007] {scheduler_job.py:639} INFO - DAG(s) dict_keys(['example_python_operator']) retrieved from /home/airflow/.local/lib/python3.6/site-packages/airflow/example_dags/example_python_operator.py
[2021-03-09 19:52:38,033] {logging_mixin.py:104} INFO - [2021-03-09 19:52:38,033] {dag.py:1818} INFO - Sync 1 DAGs
[2021-03-09 19:52:38,053] {logging_mixin.py:104} INFO - [2021-03-09 19:52:38,053] {dag.py:2273} INFO - Setting next_dagrun for example_python_operator to None
[2021-03-09 19:52:38,065] {scheduler_job.py:190} INFO - Processing /home/airflow/.local/lib/python3.6/site-packages/airflow/example_dags/example_python_operator.py took 0.080 seconds
[2021-03-09 19:53:08,496] {scheduler_job.py:182} INFO - Started process (PID=142) to work on /home/airflow/.local/lib/python3.6/site-packages/airflow/example_dags/example_python_operator.py
[2021-03-09 19:53:08,498] {scheduler_job.py:629} INFO - Processing file /home/airflow/.local/lib/python3.6/site-packages/airflow/example_dags/example_python_operator.py for tasks to queue
[2021-03-09 19:53:08,499] {logging_mixin.py:104} INFO - [2021-03-09 19:53:08,498] {dagbag.py:448} INFO - Filling up the DagBag from /home/airflow/.local/lib/python3.6/site-packages/airflow/example_dags/example_python_operator.py
[2021-03-09 19:53:08,516] {scheduler_job.py:639} INFO - DAG(s) dict_keys(['example_python_operator']) retrieved from /home/airflow/.local/lib/python3.6/site-packages/airflow/example_dags/example_python_operator.py
[2021-03-09 19:53:08,542] {logging_mixin.py:104} INFO - [2021-03-09 19:53:08,542] {dag.py:1818} INFO - Sync 1 DAGs
[2021-03-09 19:53:08,563] {logging_mixin.py:104} INFO - [2021-03-09 19:53:08,563] {dag.py:2273} INFO - Setting next_dagrun for example_python_operator to None
[2021-03-09 19:53:08,574] {scheduler_job.py:190} INFO - Processing /home/airflow/.local/lib/python3.6/site-packages/airflow/example_dags/example_python_operator.py took 0.082 seconds
[2021-03-09 19:53:39,204] {scheduler_job.py:182} INFO - Started process (PID=170) to work on /home/airflow/.local/lib/python3.6/site-packages/airflow/example_dags/example_python_operator.py
[2021-03-09 19:53:39,207] {scheduler_job.py:629} INFO - Processing file /home/airflow/.local/lib/python3.6/site-packages/airflow/example_dags/example_python_operator.py for tasks to queue
[2021-03-09 19:53:39,208] {logging_mixin.py:104} INFO - [2021-03-09 19:53:39,208] {dagbag.py:448} INFO - Filling up the DagBag from /home/airflow/.local/lib/python3.6/site-packages/airflow/example_dags/example_python_operator.py
[2021-03-09 19:53:39,227] {scheduler_job.py:639} INFO - DAG(s) dict_keys(['example_python_operator']) retrieved from /home/airflow/.local/lib/python3.6/site-packages/airflow/example_dags/example_python_operator.py
[2021-03-09 19:53:39,253] {logging_mixin.py:104} INFO - [2021-03-09 19:53:39,253] {dag.py:1818} INFO - Sync 1 DAGs
[2021-03-09 19:53:39,272] {logging_mixin.py:104} INFO - [2021-03-09 19:53:39,271] {dag.py:2273} INFO - Setting next_dagrun for example_python_operator to None
[2021-03-09 19:53:39,284] {scheduler_job.py:190} INFO - Processing /home/airflow/.local/lib/python3.6/site-packages/airflow/example_dags/example_python_operator.py took 0.083 seconds
[2021-03-09 19:54:09,762] {scheduler_job.py:182} INFO - Started process (PID=198) to work on /home/airflow/.local/lib/python3.6/site-packages/airflow/example_dags/example_python_operator.py
[2021-03-09 19:54:09,764] {scheduler_job.py:629} INFO - Processing file /home/airflow/.local/lib/python3.6/site-packages/airflow/example_dags/example_python_operator.py for tasks to queue
[2021-03-09 19:54:09,765] {logging_mixin.py:104} INFO - [2021-03-09 19:54:09,765] {dagbag.py:448} INFO - Filling up the DagBag from /home/airflow/.local/lib/python3.6/site-packages/airflow/example_dags/example_python_operator.py
[2021-03-09 19:54:09,784] {scheduler_job.py:639} INFO - DAG(s) dict_keys(['example_python_operator']) retrieved from /home/airflow/.local/lib/python3.6/site-packages/airflow/example_dags/example_python_operator.py
[2021-03-09 19:54:09,811] {logging_mixin.py:104} INFO - [2021-03-09 19:54:09,811] {dag.py:1818} INFO - Sync 1 DAGs
[2021-03-09 19:54:09,831] {logging_mixin.py:104} INFO - [2021-03-09 19:54:09,831] {dag.py:2273} INFO - Setting next_dagrun for example_python_operator to None
[2021-03-09 19:54:09,854] {scheduler_job.py:190} INFO - Processing /home/airflow/.local/lib/python3.6/site-packages/airflow/example_dags/example_python_operator.py took 0.095 seconds
[2021-03-09 19:54:40,473] {scheduler_job.py:182} INFO - Started process (PID=226) to work on /home/airflow/.local/lib/python3.6/site-packages/airflow/example_dags/example_python_operator.py
[2021-03-09 19:54:40,475] {scheduler_job.py:629} INFO - Processing file /home/airflow/.local/lib/python3.6/site-packages/airflow/example_dags/example_python_operator.py for tasks to queue
[2021-03-09 19:54:40,475] {logging_mixin.py:104} INFO - [2021-03-09 19:54:40,475] {dagbag.py:448} INFO - Filling up the DagBag from /home/airflow/.local/lib/python3.6/site-packages/airflow/example_dags/example_python_operator.py
[2021-03-09 19:54:40,496] {scheduler_job.py:639} INFO - DAG(s) dict_keys(['example_python_operator']) retrieved from /home/airflow/.local/lib/python3.6/site-packages/airflow/example_dags/example_python_operator.py
[2021-03-09 19:54:40,524] {logging_mixin.py:104} INFO - [2021-03-09 19:54:40,523] {dag.py:1818} INFO - Sync 1 DAGs
[2021-03-09 19:54:40,545] {logging_mixin.py:104} INFO - [2021-03-09 19:54:40,545] {dag.py:2273} INFO - Setting next_dagrun for example_python_operator to None
[2021-03-09 19:54:40,564] {scheduler_job.py:190} INFO - Processing /home/airflow/.local/lib/python3.6/site-packages/airflow/example_dags/example_python_operator.py took 0.095 seconds
[2021-03-09 19:55:11,113] {scheduler_job.py:182} INFO - Started process (PID=254) to work on /home/airflow/.local/lib/python3.6/site-packages/airflow/example_dags/example_python_operator.py
[2021-03-09 19:55:11,115] {scheduler_job.py:629} INFO - Processing file /home/airflow/.local/lib/python3.6/site-packages/airflow/example_dags/example_python_operator.py for tasks to queue
[2021-03-09 19:55:11,117] {logging_mixin.py:104} INFO - [2021-03-09 19:55:11,116] {dagbag.py:448} INFO - Filling up the DagBag from /home/airflow/.local/lib/python3.6/site-packages/airflow/example_dags/example_python_operator.py
[2021-03-09 19:55:11,142] {scheduler_job.py:639} INFO - DAG(s) dict_keys(['example_python_operator']) retrieved from /home/airflow/.local/lib/python3.6/site-packages/airflow/example_dags/example_python_operator.py
[2021-03-09 19:55:11,176] {logging_mixin.py:104} INFO - [2021-03-09 19:55:11,176] {dag.py:1818} INFO - Sync 1 DAGs
[2021-03-09 19:55:11,213] {logging_mixin.py:104} INFO - [2021-03-09 19:55:11,213] {dag.py:2273} INFO - Setting next_dagrun for example_python_operator to None
[2021-03-09 19:55:11,236] {scheduler_job.py:190} INFO - Processing /home/airflow/.local/lib/python3.6/site-packages/airflow/example_dags/example_python_operator.py took 0.128 seconds
[2021-03-09 19:57:56,616] {scheduler_job.py:182} INFO - Started process (PID=45) to work on /home/airflow/.local/lib/python3.6/site-packages/airflow/example_dags/example_python_operator.py
[2021-03-09 19:57:56,617] {scheduler_job.py:629} INFO - Processing file /home/airflow/.local/lib/python3.6/site-packages/airflow/example_dags/example_python_operator.py for tasks to queue
[2021-03-09 19:57:56,618] {logging_mixin.py:104} INFO - [2021-03-09 19:57:56,618] {dagbag.py:448} INFO - Filling up the DagBag from /home/airflow/.local/lib/python3.6/site-packages/airflow/example_dags/example_python_operator.py
[2021-03-09 19:57:56,635] {scheduler_job.py:639} INFO - DAG(s) dict_keys(['example_python_operator']) retrieved from /home/airflow/.local/lib/python3.6/site-packages/airflow/example_dags/example_python_operator.py
[2021-03-09 19:57:56,666] {logging_mixin.py:104} INFO - [2021-03-09 19:57:56,666] {dag.py:1818} INFO - Sync 1 DAGs
[2021-03-09 19:57:56,681] {logging_mixin.py:104} INFO - [2021-03-09 19:57:56,681] {dag.py:1837} INFO - Creating ORM DAG for example_python_operator
[2021-03-09 19:57:56,689] {logging_mixin.py:104} INFO - [2021-03-09 19:57:56,688] {dag.py:2273} INFO - Setting next_dagrun for example_python_operator to None
[2021-03-09 19:57:56,707] {scheduler_job.py:190} INFO - Processing /home/airflow/.local/lib/python3.6/site-packages/airflow/example_dags/example_python_operator.py took 0.099 seconds
[2021-03-09 19:58:27,011] {scheduler_job.py:182} INFO - Started process (PID=71) to work on /home/airflow/.local/lib/python3.6/site-packages/airflow/example_dags/example_python_operator.py
[2021-03-09 19:58:27,013] {scheduler_job.py:629} INFO - Processing file /home/airflow/.local/lib/python3.6/site-packages/airflow/example_dags/example_python_operator.py for tasks to queue
[2021-03-09 19:58:27,014] {logging_mixin.py:104} INFO - [2021-03-09 19:58:27,013] {dagbag.py:448} INFO - Filling up the DagBag from /home/airflow/.local/lib/python3.6/site-packages/airflow/example_dags/example_python_operator.py
[2021-03-09 19:58:27,030] {scheduler_job.py:639} INFO - DAG(s) dict_keys(['example_python_operator']) retrieved from /home/airflow/.local/lib/python3.6/site-packages/airflow/example_dags/example_python_operator.py
[2021-03-09 19:58:27,055] {logging_mixin.py:104} INFO - [2021-03-09 19:58:27,055] {dag.py:1818} INFO - Sync 1 DAGs
[2021-03-09 19:58:27,073] {logging_mixin.py:104} INFO - [2021-03-09 19:58:27,073] {dag.py:2273} INFO - Setting next_dagrun for example_python_operator to None
[2021-03-09 19:58:27,082] {scheduler_job.py:190} INFO - Processing /home/airflow/.local/lib/python3.6/site-packages/airflow/example_dags/example_python_operator.py took 0.077 seconds
[2021-03-09 19:58:57,428] {scheduler_job.py:182} INFO - Started process (PID=99) to work on /home/airflow/.local/lib/python3.6/site-packages/airflow/example_dags/example_python_operator.py
[2021-03-09 19:58:57,430] {scheduler_job.py:629} INFO - Processing file /home/airflow/.local/lib/python3.6/site-packages/airflow/example_dags/example_python_operator.py for tasks to queue
[2021-03-09 19:58:57,431] {logging_mixin.py:104} INFO - [2021-03-09 19:58:57,430] {dagbag.py:448} INFO - Filling up the DagBag from /home/airflow/.local/lib/python3.6/site-packages/airflow/example_dags/example_python_operator.py
[2021-03-09 19:58:57,446] {scheduler_job.py:639} INFO - DAG(s) dict_keys(['example_python_operator']) retrieved from /home/airflow/.local/lib/python3.6/site-packages/airflow/example_dags/example_python_operator.py
[2021-03-09 19:58:57,470] {logging_mixin.py:104} INFO - [2021-03-09 19:58:57,470] {dag.py:1818} INFO - Sync 1 DAGs
[2021-03-09 19:58:57,487] {logging_mixin.py:104} INFO - [2021-03-09 19:58:57,487] {dag.py:2273} INFO - Setting next_dagrun for example_python_operator to None
[2021-03-09 19:58:57,498] {scheduler_job.py:190} INFO - Processing /home/airflow/.local/lib/python3.6/site-packages/airflow/example_dags/example_python_operator.py took 0.075 seconds
[2021-03-09 19:59:27,740] {scheduler_job.py:182} INFO - Started process (PID=127) to work on /home/airflow/.local/lib/python3.6/site-packages/airflow/example_dags/example_python_operator.py
[2021-03-09 19:59:27,742] {scheduler_job.py:629} INFO - Processing file /home/airflow/.local/lib/python3.6/site-packages/airflow/example_dags/example_python_operator.py for tasks to queue
[2021-03-09 19:59:27,742] {logging_mixin.py:104} INFO - [2021-03-09 19:59:27,742] {dagbag.py:448} INFO - Filling up the DagBag from /home/airflow/.local/lib/python3.6/site-packages/airflow/example_dags/example_python_operator.py
[2021-03-09 19:59:27,756] {scheduler_job.py:639} INFO - DAG(s) dict_keys(['example_python_operator']) retrieved from /home/airflow/.local/lib/python3.6/site-packages/airflow/example_dags/example_python_operator.py
[2021-03-09 19:59:27,779] {logging_mixin.py:104} INFO - [2021-03-09 19:59:27,778] {dag.py:1818} INFO - Sync 1 DAGs
[2021-03-09 19:59:27,795] {logging_mixin.py:104} INFO - [2021-03-09 19:59:27,795] {dag.py:2273} INFO - Setting next_dagrun for example_python_operator to None
[2021-03-09 19:59:27,805] {scheduler_job.py:190} INFO - Processing /home/airflow/.local/lib/python3.6/site-packages/airflow/example_dags/example_python_operator.py took 0.069 seconds
[2021-03-09 19:59:58,068] {scheduler_job.py:182} INFO - Started process (PID=155) to work on /home/airflow/.local/lib/python3.6/site-packages/airflow/example_dags/example_python_operator.py
[2021-03-09 19:59:58,070] {scheduler_job.py:629} INFO - Processing file /home/airflow/.local/lib/python3.6/site-packages/airflow/example_dags/example_python_operator.py for tasks to queue
[2021-03-09 19:59:58,071] {logging_mixin.py:104} INFO - [2021-03-09 19:59:58,071] {dagbag.py:448} INFO - Filling up the DagBag from /home/airflow/.local/lib/python3.6/site-packages/airflow/example_dags/example_python_operator.py
[2021-03-09 19:59:58,093] {scheduler_job.py:639} INFO - DAG(s) dict_keys(['example_python_operator']) retrieved from /home/airflow/.local/lib/python3.6/site-packages/airflow/example_dags/example_python_operator.py
[2021-03-09 19:59:58,128] {logging_mixin.py:104} INFO - [2021-03-09 19:59:58,128] {dag.py:1818} INFO - Sync 1 DAGs
[2021-03-09 19:59:58,152] {logging_mixin.py:104} INFO - [2021-03-09 19:59:58,152] {dag.py:2273} INFO - Setting next_dagrun for example_python_operator to None
[2021-03-09 19:59:58,164] {scheduler_job.py:190} INFO - Processing /home/airflow/.local/lib/python3.6/site-packages/airflow/example_dags/example_python_operator.py took 0.101 seconds
[2021-03-09 20:00:28,458] {scheduler_job.py:182} INFO - Started process (PID=180) to work on /home/airflow/.local/lib/python3.6/site-packages/airflow/example_dags/example_python_operator.py
[2021-03-09 20:00:28,461] {scheduler_job.py:629} INFO - Processing file /home/airflow/.local/lib/python3.6/site-packages/airflow/example_dags/example_python_operator.py for tasks to queue
[2021-03-09 20:00:28,462] {logging_mixin.py:104} INFO - [2021-03-09 20:00:28,462] {dagbag.py:448} INFO - Filling up the DagBag from /home/airflow/.local/lib/python3.6/site-packages/airflow/example_dags/example_python_operator.py
[2021-03-09 20:00:28,482] {scheduler_job.py:639} INFO - DAG(s) dict_keys(['example_python_operator']) retrieved from /home/airflow/.local/lib/python3.6/site-packages/airflow/example_dags/example_python_operator.py
[2021-03-09 20:00:28,508] {logging_mixin.py:104} INFO - [2021-03-09 20:00:28,508] {dag.py:1818} INFO - Sync 1 DAGs
[2021-03-09 20:00:28,526] {logging_mixin.py:104} INFO - [2021-03-09 20:00:28,526] {dag.py:2273} INFO - Setting next_dagrun for example_python_operator to None
[2021-03-09 20:00:28,537] {scheduler_job.py:190} INFO - Processing /home/airflow/.local/lib/python3.6/site-packages/airflow/example_dags/example_python_operator.py took 0.082 seconds
[2021-03-09 20:00:58,918] {scheduler_job.py:182} INFO - Started process (PID=206) to work on /home/airflow/.local/lib/python3.6/site-packages/airflow/example_dags/example_python_operator.py
[2021-03-09 20:00:58,920] {scheduler_job.py:629} INFO - Processing file /home/airflow/.local/lib/python3.6/site-packages/airflow/example_dags/example_python_operator.py for tasks to queue
[2021-03-09 20:00:58,921] {logging_mixin.py:104} INFO - [2021-03-09 20:00:58,921] {dagbag.py:448} INFO - Filling up the DagBag from /home/airflow/.local/lib/python3.6/site-packages/airflow/example_dags/example_python_operator.py
[2021-03-09 20:00:58,942] {scheduler_job.py:639} INFO - DAG(s) dict_keys(['example_python_operator']) retrieved from /home/airflow/.local/lib/python3.6/site-packages/airflow/example_dags/example_python_operator.py
[2021-03-09 20:00:58,970] {logging_mixin.py:104} INFO - [2021-03-09 20:00:58,970] {dag.py:1818} INFO - Sync 1 DAGs
[2021-03-09 20:00:58,990] {logging_mixin.py:104} INFO - [2021-03-09 20:00:58,990] {dag.py:2273} INFO - Setting next_dagrun for example_python_operator to None
[2021-03-09 20:00:59,000] {scheduler_job.py:190} INFO - Processing /home/airflow/.local/lib/python3.6/site-packages/airflow/example_dags/example_python_operator.py took 0.086 seconds
[2021-03-09 20:01:29,472] {scheduler_job.py:182} INFO - Started process (PID=234) to work on /home/airflow/.local/lib/python3.6/site-packages/airflow/example_dags/example_python_operator.py
[2021-03-09 20:01:29,474] {scheduler_job.py:629} INFO - Processing file /home/airflow/.local/lib/python3.6/site-packages/airflow/example_dags/example_python_operator.py for tasks to queue
[2021-03-09 20:01:29,475] {logging_mixin.py:104} INFO - [2021-03-09 20:01:29,475] {dagbag.py:448} INFO - Filling up the DagBag from /home/airflow/.local/lib/python3.6/site-packages/airflow/example_dags/example_python_operator.py
[2021-03-09 20:01:29,497] {scheduler_job.py:639} INFO - DAG(s) dict_keys(['example_python_operator']) retrieved from /home/airflow/.local/lib/python3.6/site-packages/airflow/example_dags/example_python_operator.py
[2021-03-09 20:01:29,529] {logging_mixin.py:104} INFO - [2021-03-09 20:01:29,529] {dag.py:1818} INFO - Sync 1 DAGs
[2021-03-09 20:01:29,554] {logging_mixin.py:104} INFO - [2021-03-09 20:01:29,554] {dag.py:2273} INFO - Setting next_dagrun for example_python_operator to None
[2021-03-09 20:01:29,567] {scheduler_job.py:190} INFO - Processing /home/airflow/.local/lib/python3.6/site-packages/airflow/example_dags/example_python_operator.py took 0.098 seconds
[2021-03-09 20:01:59,974] {scheduler_job.py:182} INFO - Started process (PID=262) to work on /home/airflow/.local/lib/python3.6/site-packages/airflow/example_dags/example_python_operator.py
[2021-03-09 20:01:59,976] {scheduler_job.py:629} INFO - Processing file /home/airflow/.local/lib/python3.6/site-packages/airflow/example_dags/example_python_operator.py for tasks to queue
[2021-03-09 20:01:59,977] {logging_mixin.py:104} INFO - [2021-03-09 20:01:59,976] {dagbag.py:448} INFO - Filling up the DagBag from /home/airflow/.local/lib/python3.6/site-packages/airflow/example_dags/example_python_operator.py
[2021-03-09 20:01:59,998] {scheduler_job.py:639} INFO - DAG(s) dict_keys(['example_python_operator']) retrieved from /home/airflow/.local/lib/python3.6/site-packages/airflow/example_dags/example_python_operator.py
[2021-03-09 20:02:00,035] {logging_mixin.py:104} INFO - [2021-03-09 20:02:00,035] {dag.py:1818} INFO - Sync 1 DAGs
[2021-03-09 20:02:00,068] {logging_mixin.py:104} INFO - [2021-03-09 20:02:00,068] {dag.py:2273} INFO - Setting next_dagrun for example_python_operator to None
[2021-03-09 20:02:00,084] {scheduler_job.py:190} INFO - Processing /home/airflow/.local/lib/python3.6/site-packages/airflow/example_dags/example_python_operator.py took 0.115 seconds
[2021-03-09 20:02:30,702] {scheduler_job.py:182} INFO - Started process (PID=288) to work on /home/airflow/.local/lib/python3.6/site-packages/airflow/example_dags/example_python_operator.py
[2021-03-09 20:02:30,704] {scheduler_job.py:629} INFO - Processing file /home/airflow/.local/lib/python3.6/site-packages/airflow/example_dags/example_python_operator.py for tasks to queue
[2021-03-09 20:02:30,705] {logging_mixin.py:104} INFO - [2021-03-09 20:02:30,705] {dagbag.py:448} INFO - Filling up the DagBag from /home/airflow/.local/lib/python3.6/site-packages/airflow/example_dags/example_python_operator.py
[2021-03-09 20:02:30,721] {scheduler_job.py:639} INFO - DAG(s) dict_keys(['example_python_operator']) retrieved from /home/airflow/.local/lib/python3.6/site-packages/airflow/example_dags/example_python_operator.py
[2021-03-09 20:02:30,750] {logging_mixin.py:104} INFO - [2021-03-09 20:02:30,750] {dag.py:1818} INFO - Sync 1 DAGs
[2021-03-09 20:02:30,772] {logging_mixin.py:104} INFO - [2021-03-09 20:02:30,771] {dag.py:2273} INFO - Setting next_dagrun for example_python_operator to None
[2021-03-09 20:02:30,782] {scheduler_job.py:190} INFO - Processing /home/airflow/.local/lib/python3.6/site-packages/airflow/example_dags/example_python_operator.py took 0.085 seconds
[2021-03-09 20:03:01,538] {scheduler_job.py:182} INFO - Started process (PID=316) to work on /home/airflow/.local/lib/python3.6/site-packages/airflow/example_dags/example_python_operator.py
[2021-03-09 20:03:01,540] {scheduler_job.py:629} INFO - Processing file /home/airflow/.local/lib/python3.6/site-packages/airflow/example_dags/example_python_operator.py for tasks to queue
[2021-03-09 20:03:01,540] {logging_mixin.py:104} INFO - [2021-03-09 20:03:01,540] {dagbag.py:448} INFO - Filling up the DagBag from /home/airflow/.local/lib/python3.6/site-packages/airflow/example_dags/example_python_operator.py
[2021-03-09 20:03:01,555] {scheduler_job.py:639} INFO - DAG(s) dict_keys(['example_python_operator']) retrieved from /home/airflow/.local/lib/python3.6/site-packages/airflow/example_dags/example_python_operator.py
[2021-03-09 20:03:01,579] {logging_mixin.py:104} INFO - [2021-03-09 20:03:01,579] {dag.py:1818} INFO - Sync 1 DAGs
[2021-03-09 20:03:01,597] {logging_mixin.py:104} INFO - [2021-03-09 20:03:01,597] {dag.py:2273} INFO - Setting next_dagrun for example_python_operator to None
[2021-03-09 20:03:01,610] {scheduler_job.py:190} INFO - Processing /home/airflow/.local/lib/python3.6/site-packages/airflow/example_dags/example_python_operator.py took 0.075 seconds
[2021-03-09 20:03:32,137] {scheduler_job.py:182} INFO - Started process (PID=347) to work on /home/airflow/.local/lib/python3.6/site-packages/airflow/example_dags/example_python_operator.py
[2021-03-09 20:03:32,138] {scheduler_job.py:629} INFO - Processing file /home/airflow/.local/lib/python3.6/site-packages/airflow/example_dags/example_python_operator.py for tasks to queue
[2021-03-09 20:03:32,139] {logging_mixin.py:104} INFO - [2021-03-09 20:03:32,139] {dagbag.py:448} INFO - Filling up the DagBag from /home/airflow/.local/lib/python3.6/site-packages/airflow/example_dags/example_python_operator.py
[2021-03-09 20:03:32,156] {scheduler_job.py:639} INFO - DAG(s) dict_keys(['example_python_operator']) retrieved from /home/airflow/.local/lib/python3.6/site-packages/airflow/example_dags/example_python_operator.py
[2021-03-09 20:03:32,184] {logging_mixin.py:104} INFO - [2021-03-09 20:03:32,184] {dag.py:1818} INFO - Sync 1 DAGs
[2021-03-09 20:03:32,201] {logging_mixin.py:104} INFO - [2021-03-09 20:03:32,201] {dag.py:2273} INFO - Setting next_dagrun for example_python_operator to None
[2021-03-09 20:03:32,213] {scheduler_job.py:190} INFO - Processing /home/airflow/.local/lib/python3.6/site-packages/airflow/example_dags/example_python_operator.py took 0.080 seconds
[2021-03-09 20:04:02,671] {scheduler_job.py:182} INFO - Started process (PID=373) to work on /home/airflow/.local/lib/python3.6/site-packages/airflow/example_dags/example_python_operator.py
[2021-03-09 20:04:02,673] {scheduler_job.py:629} INFO - Processing file /home/airflow/.local/lib/python3.6/site-packages/airflow/example_dags/example_python_operator.py for tasks to queue
[2021-03-09 20:04:02,674] {logging_mixin.py:104} INFO - [2021-03-09 20:04:02,673] {dagbag.py:448} INFO - Filling up the DagBag from /home/airflow/.local/lib/python3.6/site-packages/airflow/example_dags/example_python_operator.py
[2021-03-09 20:04:02,688] {scheduler_job.py:639} INFO - DAG(s) dict_keys(['example_python_operator']) retrieved from /home/airflow/.local/lib/python3.6/site-packages/airflow/example_dags/example_python_operator.py
[2021-03-09 20:04:02,716] {logging_mixin.py:104} INFO - [2021-03-09 20:04:02,716] {dag.py:1818} INFO - Sync 1 DAGs
[2021-03-09 20:04:02,735] {logging_mixin.py:104} INFO - [2021-03-09 20:04:02,734] {dag.py:2273} INFO - Setting next_dagrun for example_python_operator to None
[2021-03-09 20:04:02,745] {scheduler_job.py:190} INFO - Processing /home/airflow/.local/lib/python3.6/site-packages/airflow/example_dags/example_python_operator.py took 0.077 seconds
[2021-03-09 20:04:33,150] {scheduler_job.py:182} INFO - Started process (PID=400) to work on /home/airflow/.local/lib/python3.6/site-packages/airflow/example_dags/example_python_operator.py
[2021-03-09 20:04:33,152] {scheduler_job.py:629} INFO - Processing file /home/airflow/.local/lib/python3.6/site-packages/airflow/example_dags/example_python_operator.py for tasks to queue
[2021-03-09 20:04:33,153] {logging_mixin.py:104} INFO - [2021-03-09 20:04:33,153] {dagbag.py:448} INFO - Filling up the DagBag from /home/airflow/.local/lib/python3.6/site-packages/airflow/example_dags/example_python_operator.py
[2021-03-09 20:04:33,168] {scheduler_job.py:639} INFO - DAG(s) dict_keys(['example_python_operator']) retrieved from /home/airflow/.local/lib/python3.6/site-packages/airflow/example_dags/example_python_operator.py
[2021-03-09 20:04:33,194] {logging_mixin.py:104} INFO - [2021-03-09 20:04:33,194] {dag.py:1818} INFO - Sync 1 DAGs
[2021-03-09 20:04:33,216] {logging_mixin.py:104} INFO - [2021-03-09 20:04:33,216] {dag.py:2273} INFO - Setting next_dagrun for example_python_operator to None
[2021-03-09 20:04:33,229] {scheduler_job.py:190} INFO - Processing /home/airflow/.local/lib/python3.6/site-packages/airflow/example_dags/example_python_operator.py took 0.083 seconds
[2021-03-09 20:05:04,006] {scheduler_job.py:182} INFO - Started process (PID=429) to work on /home/airflow/.local/lib/python3.6/site-packages/airflow/example_dags/example_python_operator.py
[2021-03-09 20:05:04,009] {scheduler_job.py:629} INFO - Processing file /home/airflow/.local/lib/python3.6/site-packages/airflow/example_dags/example_python_operator.py for tasks to queue
[2021-03-09 20:05:04,010] {logging_mixin.py:104} INFO - [2021-03-09 20:05:04,009] {dagbag.py:448} INFO - Filling up the DagBag from /home/airflow/.local/lib/python3.6/site-packages/airflow/example_dags/example_python_operator.py
[2021-03-09 20:05:04,046] {scheduler_job.py:639} INFO - DAG(s) dict_keys(['example_python_operator']) retrieved from /home/airflow/.local/lib/python3.6/site-packages/airflow/example_dags/example_python_operator.py
[2021-03-09 20:05:04,084] {logging_mixin.py:104} INFO - [2021-03-09 20:05:04,084] {dag.py:1818} INFO - Sync 1 DAGs
[2021-03-09 20:05:04,112] {logging_mixin.py:104} INFO - [2021-03-09 20:05:04,112] {dag.py:2273} INFO - Setting next_dagrun for example_python_operator to None
[2021-03-09 20:05:04,128] {scheduler_job.py:190} INFO - Processing /home/airflow/.local/lib/python3.6/site-packages/airflow/example_dags/example_python_operator.py took 0.128 seconds
[2021-03-09 20:05:34,978] {scheduler_job.py:182} INFO - Started process (PID=457) to work on /home/airflow/.local/lib/python3.6/site-packages/airflow/example_dags/example_python_operator.py
[2021-03-09 20:05:34,979] {scheduler_job.py:629} INFO - Processing file /home/airflow/.local/lib/python3.6/site-packages/airflow/example_dags/example_python_operator.py for tasks to queue
[2021-03-09 20:05:34,980] {logging_mixin.py:104} INFO - [2021-03-09 20:05:34,980] {dagbag.py:448} INFO - Filling up the DagBag from /home/airflow/.local/lib/python3.6/site-packages/airflow/example_dags/example_python_operator.py
[2021-03-09 20:05:35,000] {scheduler_job.py:639} INFO - DAG(s) dict_keys(['example_python_operator']) retrieved from /home/airflow/.local/lib/python3.6/site-packages/airflow/example_dags/example_python_operator.py
[2021-03-09 20:05:35,024] {logging_mixin.py:104} INFO - [2021-03-09 20:05:35,024] {dag.py:1818} INFO - Sync 1 DAGs
[2021-03-09 20:05:35,041] {logging_mixin.py:104} INFO - [2021-03-09 20:05:35,041] {dag.py:2273} INFO - Setting next_dagrun for example_python_operator to None
[2021-03-09 20:05:35,051] {scheduler_job.py:190} INFO - Processing /home/airflow/.local/lib/python3.6/site-packages/airflow/example_dags/example_python_operator.py took 0.077 seconds
