[2021-03-09 19:51:08,256] {scheduler_job.py:182} INFO - Started process (PID=53) to work on /home/airflow/.local/lib/python3.6/site-packages/airflow/example_dags/example_latest_only.py
[2021-03-09 19:51:08,260] {scheduler_job.py:629} INFO - Processing file /home/airflow/.local/lib/python3.6/site-packages/airflow/example_dags/example_latest_only.py for tasks to queue
[2021-03-09 19:51:08,261] {logging_mixin.py:104} INFO - [2021-03-09 19:51:08,261] {dagbag.py:448} INFO - Filling up the DagBag from /home/airflow/.local/lib/python3.6/site-packages/airflow/example_dags/example_latest_only.py
[2021-03-09 19:51:08,379] {scheduler_job.py:639} INFO - DAG(s) dict_keys(['latest_only']) retrieved from /home/airflow/.local/lib/python3.6/site-packages/airflow/example_dags/example_latest_only.py
[2021-03-09 19:51:08,538] {logging_mixin.py:104} INFO - [2021-03-09 19:51:08,537] {dag.py:1818} INFO - Sync 1 DAGs
[2021-03-09 19:51:08,568] {logging_mixin.py:104} INFO - [2021-03-09 19:51:08,567] {dag.py:1837} INFO - Creating ORM DAG for latest_only
[2021-03-09 19:51:08,589] {logging_mixin.py:104} INFO - [2021-03-09 19:51:08,589] {dag.py:2273} INFO - Setting next_dagrun for latest_only to 2021-03-07 00:00:00+00:00
[2021-03-09 19:51:08,640] {scheduler_job.py:190} INFO - Processing /home/airflow/.local/lib/python3.6/site-packages/airflow/example_dags/example_latest_only.py took 0.410 seconds
[2021-03-09 19:51:38,782] {scheduler_job.py:182} INFO - Started process (PID=80) to work on /home/airflow/.local/lib/python3.6/site-packages/airflow/example_dags/example_latest_only.py
[2021-03-09 19:51:38,784] {scheduler_job.py:629} INFO - Processing file /home/airflow/.local/lib/python3.6/site-packages/airflow/example_dags/example_latest_only.py for tasks to queue
[2021-03-09 19:51:38,784] {logging_mixin.py:104} INFO - [2021-03-09 19:51:38,784] {dagbag.py:448} INFO - Filling up the DagBag from /home/airflow/.local/lib/python3.6/site-packages/airflow/example_dags/example_latest_only.py
[2021-03-09 19:51:38,798] {scheduler_job.py:639} INFO - DAG(s) dict_keys(['latest_only']) retrieved from /home/airflow/.local/lib/python3.6/site-packages/airflow/example_dags/example_latest_only.py
[2021-03-09 19:51:38,837] {logging_mixin.py:104} INFO - [2021-03-09 19:51:38,837] {dag.py:1818} INFO - Sync 1 DAGs
[2021-03-09 19:51:38,859] {logging_mixin.py:104} INFO - [2021-03-09 19:51:38,859] {dag.py:2273} INFO - Setting next_dagrun for latest_only to 2021-03-07 00:00:00+00:00
[2021-03-09 19:51:38,872] {scheduler_job.py:190} INFO - Processing /home/airflow/.local/lib/python3.6/site-packages/airflow/example_dags/example_latest_only.py took 0.095 seconds
[2021-03-09 19:52:09,477] {scheduler_job.py:182} INFO - Started process (PID=107) to work on /home/airflow/.local/lib/python3.6/site-packages/airflow/example_dags/example_latest_only.py
[2021-03-09 19:52:09,479] {scheduler_job.py:629} INFO - Processing file /home/airflow/.local/lib/python3.6/site-packages/airflow/example_dags/example_latest_only.py for tasks to queue
[2021-03-09 19:52:09,480] {logging_mixin.py:104} INFO - [2021-03-09 19:52:09,480] {dagbag.py:448} INFO - Filling up the DagBag from /home/airflow/.local/lib/python3.6/site-packages/airflow/example_dags/example_latest_only.py
[2021-03-09 19:52:09,493] {scheduler_job.py:639} INFO - DAG(s) dict_keys(['latest_only']) retrieved from /home/airflow/.local/lib/python3.6/site-packages/airflow/example_dags/example_latest_only.py
[2021-03-09 19:52:09,516] {logging_mixin.py:104} INFO - [2021-03-09 19:52:09,516] {dag.py:1818} INFO - Sync 1 DAGs
[2021-03-09 19:52:09,542] {logging_mixin.py:104} INFO - [2021-03-09 19:52:09,542] {dag.py:2273} INFO - Setting next_dagrun for latest_only to 2021-03-07 00:00:00+00:00
[2021-03-09 19:52:09,555] {scheduler_job.py:190} INFO - Processing /home/airflow/.local/lib/python3.6/site-packages/airflow/example_dags/example_latest_only.py took 0.081 seconds
[2021-03-09 19:52:39,987] {scheduler_job.py:182} INFO - Started process (PID=135) to work on /home/airflow/.local/lib/python3.6/site-packages/airflow/example_dags/example_latest_only.py
[2021-03-09 19:52:39,989] {scheduler_job.py:629} INFO - Processing file /home/airflow/.local/lib/python3.6/site-packages/airflow/example_dags/example_latest_only.py for tasks to queue
[2021-03-09 19:52:39,990] {logging_mixin.py:104} INFO - [2021-03-09 19:52:39,990] {dagbag.py:448} INFO - Filling up the DagBag from /home/airflow/.local/lib/python3.6/site-packages/airflow/example_dags/example_latest_only.py
[2021-03-09 19:52:40,005] {scheduler_job.py:639} INFO - DAG(s) dict_keys(['latest_only']) retrieved from /home/airflow/.local/lib/python3.6/site-packages/airflow/example_dags/example_latest_only.py
[2021-03-09 19:52:40,051] {logging_mixin.py:104} INFO - [2021-03-09 19:52:40,050] {dag.py:1818} INFO - Sync 1 DAGs
[2021-03-09 19:52:40,093] {logging_mixin.py:104} INFO - [2021-03-09 19:52:40,092] {dag.py:2273} INFO - Setting next_dagrun for latest_only to 2021-03-07 00:00:00+00:00
[2021-03-09 19:52:40,113] {scheduler_job.py:190} INFO - Processing /home/airflow/.local/lib/python3.6/site-packages/airflow/example_dags/example_latest_only.py took 0.131 seconds
[2021-03-09 19:53:10,669] {scheduler_job.py:182} INFO - Started process (PID=163) to work on /home/airflow/.local/lib/python3.6/site-packages/airflow/example_dags/example_latest_only.py
[2021-03-09 19:53:10,671] {scheduler_job.py:629} INFO - Processing file /home/airflow/.local/lib/python3.6/site-packages/airflow/example_dags/example_latest_only.py for tasks to queue
[2021-03-09 19:53:10,672] {logging_mixin.py:104} INFO - [2021-03-09 19:53:10,672] {dagbag.py:448} INFO - Filling up the DagBag from /home/airflow/.local/lib/python3.6/site-packages/airflow/example_dags/example_latest_only.py
[2021-03-09 19:53:10,691] {scheduler_job.py:639} INFO - DAG(s) dict_keys(['latest_only']) retrieved from /home/airflow/.local/lib/python3.6/site-packages/airflow/example_dags/example_latest_only.py
[2021-03-09 19:53:10,730] {logging_mixin.py:104} INFO - [2021-03-09 19:53:10,729] {dag.py:1818} INFO - Sync 1 DAGs
[2021-03-09 19:53:10,757] {logging_mixin.py:104} INFO - [2021-03-09 19:53:10,757] {dag.py:2273} INFO - Setting next_dagrun for latest_only to 2021-03-07 00:00:00+00:00
[2021-03-09 19:53:10,776] {scheduler_job.py:190} INFO - Processing /home/airflow/.local/lib/python3.6/site-packages/airflow/example_dags/example_latest_only.py took 0.113 seconds
[2021-03-09 19:53:41,312] {scheduler_job.py:182} INFO - Started process (PID=191) to work on /home/airflow/.local/lib/python3.6/site-packages/airflow/example_dags/example_latest_only.py
[2021-03-09 19:53:41,317] {scheduler_job.py:629} INFO - Processing file /home/airflow/.local/lib/python3.6/site-packages/airflow/example_dags/example_latest_only.py for tasks to queue
[2021-03-09 19:53:41,318] {logging_mixin.py:104} INFO - [2021-03-09 19:53:41,318] {dagbag.py:448} INFO - Filling up the DagBag from /home/airflow/.local/lib/python3.6/site-packages/airflow/example_dags/example_latest_only.py
[2021-03-09 19:53:41,332] {scheduler_job.py:639} INFO - DAG(s) dict_keys(['latest_only']) retrieved from /home/airflow/.local/lib/python3.6/site-packages/airflow/example_dags/example_latest_only.py
[2021-03-09 19:53:41,357] {logging_mixin.py:104} INFO - [2021-03-09 19:53:41,357] {dag.py:1818} INFO - Sync 1 DAGs
[2021-03-09 19:53:41,379] {logging_mixin.py:104} INFO - [2021-03-09 19:53:41,379] {dag.py:2273} INFO - Setting next_dagrun for latest_only to 2021-03-07 00:00:00+00:00
[2021-03-09 19:53:41,393] {scheduler_job.py:190} INFO - Processing /home/airflow/.local/lib/python3.6/site-packages/airflow/example_dags/example_latest_only.py took 0.085 seconds
[2021-03-09 19:54:11,922] {scheduler_job.py:182} INFO - Started process (PID=217) to work on /home/airflow/.local/lib/python3.6/site-packages/airflow/example_dags/example_latest_only.py
[2021-03-09 19:54:11,926] {scheduler_job.py:629} INFO - Processing file /home/airflow/.local/lib/python3.6/site-packages/airflow/example_dags/example_latest_only.py for tasks to queue
[2021-03-09 19:54:11,928] {logging_mixin.py:104} INFO - [2021-03-09 19:54:11,927] {dagbag.py:448} INFO - Filling up the DagBag from /home/airflow/.local/lib/python3.6/site-packages/airflow/example_dags/example_latest_only.py
[2021-03-09 19:54:11,950] {scheduler_job.py:639} INFO - DAG(s) dict_keys(['latest_only']) retrieved from /home/airflow/.local/lib/python3.6/site-packages/airflow/example_dags/example_latest_only.py
[2021-03-09 19:54:11,986] {logging_mixin.py:104} INFO - [2021-03-09 19:54:11,986] {dag.py:1818} INFO - Sync 1 DAGs
[2021-03-09 19:54:12,016] {logging_mixin.py:104} INFO - [2021-03-09 19:54:12,016] {dag.py:2273} INFO - Setting next_dagrun for latest_only to 2021-03-07 00:00:00+00:00
[2021-03-09 19:54:12,032] {scheduler_job.py:190} INFO - Processing /home/airflow/.local/lib/python3.6/site-packages/airflow/example_dags/example_latest_only.py took 0.118 seconds
[2021-03-09 19:54:42,503] {scheduler_job.py:182} INFO - Started process (PID=245) to work on /home/airflow/.local/lib/python3.6/site-packages/airflow/example_dags/example_latest_only.py
[2021-03-09 19:54:42,504] {scheduler_job.py:629} INFO - Processing file /home/airflow/.local/lib/python3.6/site-packages/airflow/example_dags/example_latest_only.py for tasks to queue
[2021-03-09 19:54:42,506] {logging_mixin.py:104} INFO - [2021-03-09 19:54:42,506] {dagbag.py:448} INFO - Filling up the DagBag from /home/airflow/.local/lib/python3.6/site-packages/airflow/example_dags/example_latest_only.py
[2021-03-09 19:54:42,524] {scheduler_job.py:639} INFO - DAG(s) dict_keys(['latest_only']) retrieved from /home/airflow/.local/lib/python3.6/site-packages/airflow/example_dags/example_latest_only.py
[2021-03-09 19:54:42,562] {logging_mixin.py:104} INFO - [2021-03-09 19:54:42,562] {dag.py:1818} INFO - Sync 1 DAGs
[2021-03-09 19:54:42,591] {logging_mixin.py:104} INFO - [2021-03-09 19:54:42,591] {dag.py:2273} INFO - Setting next_dagrun for latest_only to 2021-03-07 00:00:00+00:00
[2021-03-09 19:54:42,607] {scheduler_job.py:190} INFO - Processing /home/airflow/.local/lib/python3.6/site-packages/airflow/example_dags/example_latest_only.py took 0.109 seconds
[2021-03-09 19:55:13,677] {scheduler_job.py:182} INFO - Started process (PID=275) to work on /home/airflow/.local/lib/python3.6/site-packages/airflow/example_dags/example_latest_only.py
[2021-03-09 19:55:13,679] {scheduler_job.py:629} INFO - Processing file /home/airflow/.local/lib/python3.6/site-packages/airflow/example_dags/example_latest_only.py for tasks to queue
[2021-03-09 19:55:13,680] {logging_mixin.py:104} INFO - [2021-03-09 19:55:13,679] {dagbag.py:448} INFO - Filling up the DagBag from /home/airflow/.local/lib/python3.6/site-packages/airflow/example_dags/example_latest_only.py
[2021-03-09 19:55:13,692] {scheduler_job.py:639} INFO - DAG(s) dict_keys(['latest_only']) retrieved from /home/airflow/.local/lib/python3.6/site-packages/airflow/example_dags/example_latest_only.py
[2021-03-09 19:55:13,726] {logging_mixin.py:104} INFO - [2021-03-09 19:55:13,725] {dag.py:1818} INFO - Sync 1 DAGs
[2021-03-09 19:55:13,754] {logging_mixin.py:104} INFO - [2021-03-09 19:55:13,753] {dag.py:2273} INFO - Setting next_dagrun for latest_only to 2021-03-07 00:00:00+00:00
[2021-03-09 19:55:13,770] {scheduler_job.py:190} INFO - Processing /home/airflow/.local/lib/python3.6/site-packages/airflow/example_dags/example_latest_only.py took 0.097 seconds
[2021-03-09 19:57:55,969] {scheduler_job.py:182} INFO - Started process (PID=33) to work on /home/airflow/.local/lib/python3.6/site-packages/airflow/example_dags/example_latest_only.py
[2021-03-09 19:57:55,971] {scheduler_job.py:629} INFO - Processing file /home/airflow/.local/lib/python3.6/site-packages/airflow/example_dags/example_latest_only.py for tasks to queue
[2021-03-09 19:57:55,972] {logging_mixin.py:104} INFO - [2021-03-09 19:57:55,972] {dagbag.py:448} INFO - Filling up the DagBag from /home/airflow/.local/lib/python3.6/site-packages/airflow/example_dags/example_latest_only.py
[2021-03-09 19:57:55,989] {scheduler_job.py:639} INFO - DAG(s) dict_keys(['latest_only']) retrieved from /home/airflow/.local/lib/python3.6/site-packages/airflow/example_dags/example_latest_only.py
[2021-03-09 19:57:56,020] {logging_mixin.py:104} INFO - [2021-03-09 19:57:56,020] {dag.py:1818} INFO - Sync 1 DAGs
[2021-03-09 19:57:56,035] {logging_mixin.py:104} INFO - [2021-03-09 19:57:56,035] {dag.py:1837} INFO - Creating ORM DAG for latest_only
[2021-03-09 19:57:56,042] {logging_mixin.py:104} INFO - [2021-03-09 19:57:56,042] {dag.py:2273} INFO - Setting next_dagrun for latest_only to 2021-03-07 00:00:00+00:00
[2021-03-09 19:57:56,061] {scheduler_job.py:190} INFO - Processing /home/airflow/.local/lib/python3.6/site-packages/airflow/example_dags/example_latest_only.py took 0.098 seconds
[2021-03-09 19:58:26,599] {scheduler_job.py:182} INFO - Started process (PID=61) to work on /home/airflow/.local/lib/python3.6/site-packages/airflow/example_dags/example_latest_only.py
[2021-03-09 19:58:26,600] {scheduler_job.py:629} INFO - Processing file /home/airflow/.local/lib/python3.6/site-packages/airflow/example_dags/example_latest_only.py for tasks to queue
[2021-03-09 19:58:26,601] {logging_mixin.py:104} INFO - [2021-03-09 19:58:26,601] {dagbag.py:448} INFO - Filling up the DagBag from /home/airflow/.local/lib/python3.6/site-packages/airflow/example_dags/example_latest_only.py
[2021-03-09 19:58:26,614] {scheduler_job.py:639} INFO - DAG(s) dict_keys(['latest_only']) retrieved from /home/airflow/.local/lib/python3.6/site-packages/airflow/example_dags/example_latest_only.py
[2021-03-09 19:58:26,636] {logging_mixin.py:104} INFO - [2021-03-09 19:58:26,636] {dag.py:1818} INFO - Sync 1 DAGs
[2021-03-09 19:58:26,654] {logging_mixin.py:104} INFO - [2021-03-09 19:58:26,654] {dag.py:2273} INFO - Setting next_dagrun for latest_only to 2021-03-07 00:00:00+00:00
[2021-03-09 19:58:26,662] {scheduler_job.py:190} INFO - Processing /home/airflow/.local/lib/python3.6/site-packages/airflow/example_dags/example_latest_only.py took 0.066 seconds
[2021-03-09 19:58:56,859] {scheduler_job.py:182} INFO - Started process (PID=88) to work on /home/airflow/.local/lib/python3.6/site-packages/airflow/example_dags/example_latest_only.py
[2021-03-09 19:58:56,860] {scheduler_job.py:629} INFO - Processing file /home/airflow/.local/lib/python3.6/site-packages/airflow/example_dags/example_latest_only.py for tasks to queue
[2021-03-09 19:58:56,861] {logging_mixin.py:104} INFO - [2021-03-09 19:58:56,860] {dagbag.py:448} INFO - Filling up the DagBag from /home/airflow/.local/lib/python3.6/site-packages/airflow/example_dags/example_latest_only.py
[2021-03-09 19:58:56,871] {scheduler_job.py:639} INFO - DAG(s) dict_keys(['latest_only']) retrieved from /home/airflow/.local/lib/python3.6/site-packages/airflow/example_dags/example_latest_only.py
[2021-03-09 19:58:56,898] {logging_mixin.py:104} INFO - [2021-03-09 19:58:56,898] {dag.py:1818} INFO - Sync 1 DAGs
[2021-03-09 19:58:56,916] {logging_mixin.py:104} INFO - [2021-03-09 19:58:56,916] {dag.py:2273} INFO - Setting next_dagrun for latest_only to 2021-03-07 00:00:00+00:00
[2021-03-09 19:58:56,927] {scheduler_job.py:190} INFO - Processing /home/airflow/.local/lib/python3.6/site-packages/airflow/example_dags/example_latest_only.py took 0.072 seconds
[2021-03-09 19:59:27,308] {scheduler_job.py:182} INFO - Started process (PID=116) to work on /home/airflow/.local/lib/python3.6/site-packages/airflow/example_dags/example_latest_only.py
[2021-03-09 19:59:27,309] {scheduler_job.py:629} INFO - Processing file /home/airflow/.local/lib/python3.6/site-packages/airflow/example_dags/example_latest_only.py for tasks to queue
[2021-03-09 19:59:27,310] {logging_mixin.py:104} INFO - [2021-03-09 19:59:27,310] {dagbag.py:448} INFO - Filling up the DagBag from /home/airflow/.local/lib/python3.6/site-packages/airflow/example_dags/example_latest_only.py
[2021-03-09 19:59:27,322] {scheduler_job.py:639} INFO - DAG(s) dict_keys(['latest_only']) retrieved from /home/airflow/.local/lib/python3.6/site-packages/airflow/example_dags/example_latest_only.py
[2021-03-09 19:59:27,346] {logging_mixin.py:104} INFO - [2021-03-09 19:59:27,346] {dag.py:1818} INFO - Sync 1 DAGs
[2021-03-09 19:59:27,366] {logging_mixin.py:104} INFO - [2021-03-09 19:59:27,366] {dag.py:2273} INFO - Setting next_dagrun for latest_only to 2021-03-07 00:00:00+00:00
[2021-03-09 19:59:27,377] {scheduler_job.py:190} INFO - Processing /home/airflow/.local/lib/python3.6/site-packages/airflow/example_dags/example_latest_only.py took 0.072 seconds
[2021-03-09 19:59:57,613] {scheduler_job.py:182} INFO - Started process (PID=145) to work on /home/airflow/.local/lib/python3.6/site-packages/airflow/example_dags/example_latest_only.py
[2021-03-09 19:59:57,615] {scheduler_job.py:629} INFO - Processing file /home/airflow/.local/lib/python3.6/site-packages/airflow/example_dags/example_latest_only.py for tasks to queue
[2021-03-09 19:59:57,616] {logging_mixin.py:104} INFO - [2021-03-09 19:59:57,615] {dagbag.py:448} INFO - Filling up the DagBag from /home/airflow/.local/lib/python3.6/site-packages/airflow/example_dags/example_latest_only.py
[2021-03-09 19:59:57,629] {scheduler_job.py:639} INFO - DAG(s) dict_keys(['latest_only']) retrieved from /home/airflow/.local/lib/python3.6/site-packages/airflow/example_dags/example_latest_only.py
[2021-03-09 19:59:57,654] {logging_mixin.py:104} INFO - [2021-03-09 19:59:57,654] {dag.py:1818} INFO - Sync 1 DAGs
[2021-03-09 19:59:57,672] {logging_mixin.py:104} INFO - [2021-03-09 19:59:57,672] {dag.py:2273} INFO - Setting next_dagrun for latest_only to 2021-03-07 00:00:00+00:00
[2021-03-09 19:59:57,684] {scheduler_job.py:190} INFO - Processing /home/airflow/.local/lib/python3.6/site-packages/airflow/example_dags/example_latest_only.py took 0.074 seconds
[2021-03-09 20:00:28,133] {scheduler_job.py:182} INFO - Started process (PID=173) to work on /home/airflow/.local/lib/python3.6/site-packages/airflow/example_dags/example_latest_only.py
[2021-03-09 20:00:28,135] {scheduler_job.py:629} INFO - Processing file /home/airflow/.local/lib/python3.6/site-packages/airflow/example_dags/example_latest_only.py for tasks to queue
[2021-03-09 20:00:28,136] {logging_mixin.py:104} INFO - [2021-03-09 20:00:28,135] {dagbag.py:448} INFO - Filling up the DagBag from /home/airflow/.local/lib/python3.6/site-packages/airflow/example_dags/example_latest_only.py
[2021-03-09 20:00:28,148] {scheduler_job.py:639} INFO - DAG(s) dict_keys(['latest_only']) retrieved from /home/airflow/.local/lib/python3.6/site-packages/airflow/example_dags/example_latest_only.py
[2021-03-09 20:00:28,171] {logging_mixin.py:104} INFO - [2021-03-09 20:00:28,171] {dag.py:1818} INFO - Sync 1 DAGs
[2021-03-09 20:00:28,195] {logging_mixin.py:104} INFO - [2021-03-09 20:00:28,195] {dag.py:2273} INFO - Setting next_dagrun for latest_only to 2021-03-07 00:00:00+00:00
[2021-03-09 20:00:28,209] {scheduler_job.py:190} INFO - Processing /home/airflow/.local/lib/python3.6/site-packages/airflow/example_dags/example_latest_only.py took 0.079 seconds
[2021-03-09 20:00:58,650] {scheduler_job.py:182} INFO - Started process (PID=201) to work on /home/airflow/.local/lib/python3.6/site-packages/airflow/example_dags/example_latest_only.py
[2021-03-09 20:00:58,652] {scheduler_job.py:629} INFO - Processing file /home/airflow/.local/lib/python3.6/site-packages/airflow/example_dags/example_latest_only.py for tasks to queue
[2021-03-09 20:00:58,653] {logging_mixin.py:104} INFO - [2021-03-09 20:00:58,653] {dagbag.py:448} INFO - Filling up the DagBag from /home/airflow/.local/lib/python3.6/site-packages/airflow/example_dags/example_latest_only.py
[2021-03-09 20:00:58,666] {scheduler_job.py:639} INFO - DAG(s) dict_keys(['latest_only']) retrieved from /home/airflow/.local/lib/python3.6/site-packages/airflow/example_dags/example_latest_only.py
[2021-03-09 20:00:58,695] {logging_mixin.py:104} INFO - [2021-03-09 20:00:58,695] {dag.py:1818} INFO - Sync 1 DAGs
[2021-03-09 20:00:58,714] {logging_mixin.py:104} INFO - [2021-03-09 20:00:58,714] {dag.py:2273} INFO - Setting next_dagrun for latest_only to 2021-03-07 00:00:00+00:00
[2021-03-09 20:00:58,725] {scheduler_job.py:190} INFO - Processing /home/airflow/.local/lib/python3.6/site-packages/airflow/example_dags/example_latest_only.py took 0.079 seconds
[2021-03-09 20:01:29,130] {scheduler_job.py:182} INFO - Started process (PID=229) to work on /home/airflow/.local/lib/python3.6/site-packages/airflow/example_dags/example_latest_only.py
[2021-03-09 20:01:29,131] {scheduler_job.py:629} INFO - Processing file /home/airflow/.local/lib/python3.6/site-packages/airflow/example_dags/example_latest_only.py for tasks to queue
[2021-03-09 20:01:29,132] {logging_mixin.py:104} INFO - [2021-03-09 20:01:29,132] {dagbag.py:448} INFO - Filling up the DagBag from /home/airflow/.local/lib/python3.6/site-packages/airflow/example_dags/example_latest_only.py
[2021-03-09 20:01:29,151] {scheduler_job.py:639} INFO - DAG(s) dict_keys(['latest_only']) retrieved from /home/airflow/.local/lib/python3.6/site-packages/airflow/example_dags/example_latest_only.py
[2021-03-09 20:01:29,182] {logging_mixin.py:104} INFO - [2021-03-09 20:01:29,182] {dag.py:1818} INFO - Sync 1 DAGs
[2021-03-09 20:01:29,211] {logging_mixin.py:104} INFO - [2021-03-09 20:01:29,211] {dag.py:2273} INFO - Setting next_dagrun for latest_only to 2021-03-07 00:00:00+00:00
[2021-03-09 20:01:29,226] {scheduler_job.py:190} INFO - Processing /home/airflow/.local/lib/python3.6/site-packages/airflow/example_dags/example_latest_only.py took 0.100 seconds
[2021-03-09 20:01:59,722] {scheduler_job.py:182} INFO - Started process (PID=258) to work on /home/airflow/.local/lib/python3.6/site-packages/airflow/example_dags/example_latest_only.py
[2021-03-09 20:01:59,724] {scheduler_job.py:629} INFO - Processing file /home/airflow/.local/lib/python3.6/site-packages/airflow/example_dags/example_latest_only.py for tasks to queue
[2021-03-09 20:01:59,726] {logging_mixin.py:104} INFO - [2021-03-09 20:01:59,725] {dagbag.py:448} INFO - Filling up the DagBag from /home/airflow/.local/lib/python3.6/site-packages/airflow/example_dags/example_latest_only.py
[2021-03-09 20:01:59,739] {scheduler_job.py:639} INFO - DAG(s) dict_keys(['latest_only']) retrieved from /home/airflow/.local/lib/python3.6/site-packages/airflow/example_dags/example_latest_only.py
[2021-03-09 20:01:59,765] {logging_mixin.py:104} INFO - [2021-03-09 20:01:59,765] {dag.py:1818} INFO - Sync 1 DAGs
[2021-03-09 20:01:59,782] {logging_mixin.py:104} INFO - [2021-03-09 20:01:59,782] {dag.py:2273} INFO - Setting next_dagrun for latest_only to 2021-03-07 00:00:00+00:00
[2021-03-09 20:01:59,801] {scheduler_job.py:190} INFO - Processing /home/airflow/.local/lib/python3.6/site-packages/airflow/example_dags/example_latest_only.py took 0.083 seconds
[2021-03-09 20:02:30,803] {scheduler_job.py:182} INFO - Started process (PID=290) to work on /home/airflow/.local/lib/python3.6/site-packages/airflow/example_dags/example_latest_only.py
[2021-03-09 20:02:30,805] {scheduler_job.py:629} INFO - Processing file /home/airflow/.local/lib/python3.6/site-packages/airflow/example_dags/example_latest_only.py for tasks to queue
[2021-03-09 20:02:30,806] {logging_mixin.py:104} INFO - [2021-03-09 20:02:30,806] {dagbag.py:448} INFO - Filling up the DagBag from /home/airflow/.local/lib/python3.6/site-packages/airflow/example_dags/example_latest_only.py
[2021-03-09 20:02:30,824] {scheduler_job.py:639} INFO - DAG(s) dict_keys(['latest_only']) retrieved from /home/airflow/.local/lib/python3.6/site-packages/airflow/example_dags/example_latest_only.py
[2021-03-09 20:02:30,854] {logging_mixin.py:104} INFO - [2021-03-09 20:02:30,854] {dag.py:1818} INFO - Sync 1 DAGs
[2021-03-09 20:02:30,881] {logging_mixin.py:104} INFO - [2021-03-09 20:02:30,881] {dag.py:2273} INFO - Setting next_dagrun for latest_only to 2021-03-07 00:00:00+00:00
[2021-03-09 20:02:30,894] {scheduler_job.py:190} INFO - Processing /home/airflow/.local/lib/python3.6/site-packages/airflow/example_dags/example_latest_only.py took 0.095 seconds
[2021-03-09 20:03:01,626] {scheduler_job.py:182} INFO - Started process (PID=318) to work on /home/airflow/.local/lib/python3.6/site-packages/airflow/example_dags/example_latest_only.py
[2021-03-09 20:03:01,628] {scheduler_job.py:629} INFO - Processing file /home/airflow/.local/lib/python3.6/site-packages/airflow/example_dags/example_latest_only.py for tasks to queue
[2021-03-09 20:03:01,629] {logging_mixin.py:104} INFO - [2021-03-09 20:03:01,629] {dagbag.py:448} INFO - Filling up the DagBag from /home/airflow/.local/lib/python3.6/site-packages/airflow/example_dags/example_latest_only.py
[2021-03-09 20:03:01,641] {scheduler_job.py:639} INFO - DAG(s) dict_keys(['latest_only']) retrieved from /home/airflow/.local/lib/python3.6/site-packages/airflow/example_dags/example_latest_only.py
[2021-03-09 20:03:01,668] {logging_mixin.py:104} INFO - [2021-03-09 20:03:01,668] {dag.py:1818} INFO - Sync 1 DAGs
[2021-03-09 20:03:01,685] {logging_mixin.py:104} INFO - [2021-03-09 20:03:01,685] {dag.py:2273} INFO - Setting next_dagrun for latest_only to 2021-03-07 00:00:00+00:00
[2021-03-09 20:03:01,697] {scheduler_job.py:190} INFO - Processing /home/airflow/.local/lib/python3.6/site-packages/airflow/example_dags/example_latest_only.py took 0.074 seconds
[2021-03-09 20:03:32,073] {scheduler_job.py:182} INFO - Started process (PID=346) to work on /home/airflow/.local/lib/python3.6/site-packages/airflow/example_dags/example_latest_only.py
[2021-03-09 20:03:32,075] {scheduler_job.py:629} INFO - Processing file /home/airflow/.local/lib/python3.6/site-packages/airflow/example_dags/example_latest_only.py for tasks to queue
[2021-03-09 20:03:32,076] {logging_mixin.py:104} INFO - [2021-03-09 20:03:32,076] {dagbag.py:448} INFO - Filling up the DagBag from /home/airflow/.local/lib/python3.6/site-packages/airflow/example_dags/example_latest_only.py
[2021-03-09 20:03:32,089] {scheduler_job.py:639} INFO - DAG(s) dict_keys(['latest_only']) retrieved from /home/airflow/.local/lib/python3.6/site-packages/airflow/example_dags/example_latest_only.py
[2021-03-09 20:03:32,114] {logging_mixin.py:104} INFO - [2021-03-09 20:03:32,114] {dag.py:1818} INFO - Sync 1 DAGs
[2021-03-09 20:03:32,133] {logging_mixin.py:104} INFO - [2021-03-09 20:03:32,133] {dag.py:2273} INFO - Setting next_dagrun for latest_only to 2021-03-07 00:00:00+00:00
[2021-03-09 20:03:32,146] {scheduler_job.py:190} INFO - Processing /home/airflow/.local/lib/python3.6/site-packages/airflow/example_dags/example_latest_only.py took 0.077 seconds
[2021-03-09 20:04:02,918] {scheduler_job.py:182} INFO - Started process (PID=378) to work on /home/airflow/.local/lib/python3.6/site-packages/airflow/example_dags/example_latest_only.py
[2021-03-09 20:04:02,922] {scheduler_job.py:629} INFO - Processing file /home/airflow/.local/lib/python3.6/site-packages/airflow/example_dags/example_latest_only.py for tasks to queue
[2021-03-09 20:04:02,924] {logging_mixin.py:104} INFO - [2021-03-09 20:04:02,924] {dagbag.py:448} INFO - Filling up the DagBag from /home/airflow/.local/lib/python3.6/site-packages/airflow/example_dags/example_latest_only.py
[2021-03-09 20:04:02,943] {scheduler_job.py:639} INFO - DAG(s) dict_keys(['latest_only']) retrieved from /home/airflow/.local/lib/python3.6/site-packages/airflow/example_dags/example_latest_only.py
[2021-03-09 20:04:02,978] {logging_mixin.py:104} INFO - [2021-03-09 20:04:02,978] {dag.py:1818} INFO - Sync 1 DAGs
[2021-03-09 20:04:03,003] {logging_mixin.py:104} INFO - [2021-03-09 20:04:03,003] {dag.py:2273} INFO - Setting next_dagrun for latest_only to 2021-03-07 00:00:00+00:00
[2021-03-09 20:04:03,016] {scheduler_job.py:190} INFO - Processing /home/airflow/.local/lib/python3.6/site-packages/airflow/example_dags/example_latest_only.py took 0.104 seconds
[2021-03-09 20:04:33,524] {scheduler_job.py:182} INFO - Started process (PID=406) to work on /home/airflow/.local/lib/python3.6/site-packages/airflow/example_dags/example_latest_only.py
[2021-03-09 20:04:33,525] {scheduler_job.py:629} INFO - Processing file /home/airflow/.local/lib/python3.6/site-packages/airflow/example_dags/example_latest_only.py for tasks to queue
[2021-03-09 20:04:33,526] {logging_mixin.py:104} INFO - [2021-03-09 20:04:33,526] {dagbag.py:448} INFO - Filling up the DagBag from /home/airflow/.local/lib/python3.6/site-packages/airflow/example_dags/example_latest_only.py
[2021-03-09 20:04:33,539] {scheduler_job.py:639} INFO - DAG(s) dict_keys(['latest_only']) retrieved from /home/airflow/.local/lib/python3.6/site-packages/airflow/example_dags/example_latest_only.py
[2021-03-09 20:04:33,564] {logging_mixin.py:104} INFO - [2021-03-09 20:04:33,564] {dag.py:1818} INFO - Sync 1 DAGs
[2021-03-09 20:04:33,582] {logging_mixin.py:104} INFO - [2021-03-09 20:04:33,582] {dag.py:2273} INFO - Setting next_dagrun for latest_only to 2021-03-07 00:00:00+00:00
[2021-03-09 20:04:33,594] {scheduler_job.py:190} INFO - Processing /home/airflow/.local/lib/python3.6/site-packages/airflow/example_dags/example_latest_only.py took 0.074 seconds
[2021-03-09 20:05:04,312] {scheduler_job.py:182} INFO - Started process (PID=433) to work on /home/airflow/.local/lib/python3.6/site-packages/airflow/example_dags/example_latest_only.py
[2021-03-09 20:05:04,314] {scheduler_job.py:629} INFO - Processing file /home/airflow/.local/lib/python3.6/site-packages/airflow/example_dags/example_latest_only.py for tasks to queue
[2021-03-09 20:05:04,315] {logging_mixin.py:104} INFO - [2021-03-09 20:05:04,315] {dagbag.py:448} INFO - Filling up the DagBag from /home/airflow/.local/lib/python3.6/site-packages/airflow/example_dags/example_latest_only.py
[2021-03-09 20:05:04,334] {scheduler_job.py:639} INFO - DAG(s) dict_keys(['latest_only']) retrieved from /home/airflow/.local/lib/python3.6/site-packages/airflow/example_dags/example_latest_only.py
[2021-03-09 20:05:04,363] {logging_mixin.py:104} INFO - [2021-03-09 20:05:04,363] {dag.py:1818} INFO - Sync 1 DAGs
[2021-03-09 20:05:04,392] {logging_mixin.py:104} INFO - [2021-03-09 20:05:04,392] {dag.py:2273} INFO - Setting next_dagrun for latest_only to 2021-03-07 00:00:00+00:00
[2021-03-09 20:05:04,406] {scheduler_job.py:190} INFO - Processing /home/airflow/.local/lib/python3.6/site-packages/airflow/example_dags/example_latest_only.py took 0.100 seconds
[2021-03-09 20:05:35,168] {scheduler_job.py:182} INFO - Started process (PID=461) to work on /home/airflow/.local/lib/python3.6/site-packages/airflow/example_dags/example_latest_only.py
[2021-03-09 20:05:35,169] {scheduler_job.py:629} INFO - Processing file /home/airflow/.local/lib/python3.6/site-packages/airflow/example_dags/example_latest_only.py for tasks to queue
[2021-03-09 20:05:35,170] {logging_mixin.py:104} INFO - [2021-03-09 20:05:35,170] {dagbag.py:448} INFO - Filling up the DagBag from /home/airflow/.local/lib/python3.6/site-packages/airflow/example_dags/example_latest_only.py
[2021-03-09 20:05:35,182] {scheduler_job.py:639} INFO - DAG(s) dict_keys(['latest_only']) retrieved from /home/airflow/.local/lib/python3.6/site-packages/airflow/example_dags/example_latest_only.py
[2021-03-09 20:05:35,208] {logging_mixin.py:104} INFO - [2021-03-09 20:05:35,208] {dag.py:1818} INFO - Sync 1 DAGs
[2021-03-09 20:05:35,227] {logging_mixin.py:104} INFO - [2021-03-09 20:05:35,227] {dag.py:2273} INFO - Setting next_dagrun for latest_only to 2021-03-07 00:00:00+00:00
[2021-03-09 20:05:35,239] {scheduler_job.py:190} INFO - Processing /home/airflow/.local/lib/python3.6/site-packages/airflow/example_dags/example_latest_only.py took 0.076 seconds
