[2021-03-09 19:51:07,015] {scheduler_job.py:182} INFO - Started process (PID=44) to work on /home/airflow/.local/lib/python3.6/site-packages/airflow/example_dags/example_xcom.py
[2021-03-09 19:51:07,017] {scheduler_job.py:629} INFO - Processing file /home/airflow/.local/lib/python3.6/site-packages/airflow/example_dags/example_xcom.py for tasks to queue
[2021-03-09 19:51:07,018] {logging_mixin.py:104} INFO - [2021-03-09 19:51:07,018] {dagbag.py:448} INFO - Filling up the DagBag from /home/airflow/.local/lib/python3.6/site-packages/airflow/example_dags/example_xcom.py
[2021-03-09 19:51:07,041] {scheduler_job.py:639} INFO - DAG(s) dict_keys(['example_xcom']) retrieved from /home/airflow/.local/lib/python3.6/site-packages/airflow/example_dags/example_xcom.py
[2021-03-09 19:51:07,101] {logging_mixin.py:104} INFO - [2021-03-09 19:51:07,101] {dag.py:1818} INFO - Sync 1 DAGs
[2021-03-09 19:51:07,119] {logging_mixin.py:104} INFO - [2021-03-09 19:51:07,119] {dag.py:1837} INFO - Creating ORM DAG for example_xcom
[2021-03-09 19:51:07,129] {logging_mixin.py:104} INFO - [2021-03-09 19:51:07,129] {dag.py:2273} INFO - Setting next_dagrun for example_xcom to 2021-03-07 00:00:00+00:00
[2021-03-09 19:51:07,180] {scheduler_job.py:190} INFO - Processing /home/airflow/.local/lib/python3.6/site-packages/airflow/example_dags/example_xcom.py took 0.171 seconds
[2021-03-09 19:51:37,908] {scheduler_job.py:182} INFO - Started process (PID=70) to work on /home/airflow/.local/lib/python3.6/site-packages/airflow/example_dags/example_xcom.py
[2021-03-09 19:51:37,909] {scheduler_job.py:629} INFO - Processing file /home/airflow/.local/lib/python3.6/site-packages/airflow/example_dags/example_xcom.py for tasks to queue
[2021-03-09 19:51:37,911] {logging_mixin.py:104} INFO - [2021-03-09 19:51:37,910] {dagbag.py:448} INFO - Filling up the DagBag from /home/airflow/.local/lib/python3.6/site-packages/airflow/example_dags/example_xcom.py
[2021-03-09 19:51:37,939] {scheduler_job.py:639} INFO - DAG(s) dict_keys(['example_xcom']) retrieved from /home/airflow/.local/lib/python3.6/site-packages/airflow/example_dags/example_xcom.py
[2021-03-09 19:51:37,974] {logging_mixin.py:104} INFO - [2021-03-09 19:51:37,974] {dag.py:1818} INFO - Sync 1 DAGs
[2021-03-09 19:51:38,000] {logging_mixin.py:104} INFO - [2021-03-09 19:51:38,000] {dag.py:2273} INFO - Setting next_dagrun for example_xcom to 2021-03-07 00:00:00+00:00
[2021-03-09 19:51:38,028] {scheduler_job.py:190} INFO - Processing /home/airflow/.local/lib/python3.6/site-packages/airflow/example_dags/example_xcom.py took 0.125 seconds
[2021-03-09 19:52:08,823] {scheduler_job.py:182} INFO - Started process (PID=98) to work on /home/airflow/.local/lib/python3.6/site-packages/airflow/example_dags/example_xcom.py
[2021-03-09 19:52:08,825] {scheduler_job.py:629} INFO - Processing file /home/airflow/.local/lib/python3.6/site-packages/airflow/example_dags/example_xcom.py for tasks to queue
[2021-03-09 19:52:08,826] {logging_mixin.py:104} INFO - [2021-03-09 19:52:08,826] {dagbag.py:448} INFO - Filling up the DagBag from /home/airflow/.local/lib/python3.6/site-packages/airflow/example_dags/example_xcom.py
[2021-03-09 19:52:08,855] {scheduler_job.py:639} INFO - DAG(s) dict_keys(['example_xcom']) retrieved from /home/airflow/.local/lib/python3.6/site-packages/airflow/example_dags/example_xcom.py
[2021-03-09 19:52:08,894] {logging_mixin.py:104} INFO - [2021-03-09 19:52:08,894] {dag.py:1818} INFO - Sync 1 DAGs
[2021-03-09 19:52:08,919] {logging_mixin.py:104} INFO - [2021-03-09 19:52:08,919] {dag.py:2273} INFO - Setting next_dagrun for example_xcom to 2021-03-07 00:00:00+00:00
[2021-03-09 19:52:08,948] {scheduler_job.py:190} INFO - Processing /home/airflow/.local/lib/python3.6/site-packages/airflow/example_dags/example_xcom.py took 0.130 seconds
[2021-03-09 19:52:39,503] {scheduler_job.py:182} INFO - Started process (PID=126) to work on /home/airflow/.local/lib/python3.6/site-packages/airflow/example_dags/example_xcom.py
[2021-03-09 19:52:39,528] {scheduler_job.py:629} INFO - Processing file /home/airflow/.local/lib/python3.6/site-packages/airflow/example_dags/example_xcom.py for tasks to queue
[2021-03-09 19:52:39,529] {logging_mixin.py:104} INFO - [2021-03-09 19:52:39,529] {dagbag.py:448} INFO - Filling up the DagBag from /home/airflow/.local/lib/python3.6/site-packages/airflow/example_dags/example_xcom.py
[2021-03-09 19:52:39,564] {scheduler_job.py:639} INFO - DAG(s) dict_keys(['example_xcom']) retrieved from /home/airflow/.local/lib/python3.6/site-packages/airflow/example_dags/example_xcom.py
[2021-03-09 19:52:39,589] {logging_mixin.py:104} INFO - [2021-03-09 19:52:39,589] {dag.py:1818} INFO - Sync 1 DAGs
[2021-03-09 19:52:39,613] {logging_mixin.py:104} INFO - [2021-03-09 19:52:39,613] {dag.py:2273} INFO - Setting next_dagrun for example_xcom to 2021-03-07 00:00:00+00:00
[2021-03-09 19:52:39,627] {scheduler_job.py:190} INFO - Processing /home/airflow/.local/lib/python3.6/site-packages/airflow/example_dags/example_xcom.py took 0.130 seconds
[2021-03-09 19:53:10,082] {scheduler_job.py:182} INFO - Started process (PID=154) to work on /home/airflow/.local/lib/python3.6/site-packages/airflow/example_dags/example_xcom.py
[2021-03-09 19:53:10,083] {scheduler_job.py:629} INFO - Processing file /home/airflow/.local/lib/python3.6/site-packages/airflow/example_dags/example_xcom.py for tasks to queue
[2021-03-09 19:53:10,090] {logging_mixin.py:104} INFO - [2021-03-09 19:53:10,090] {dagbag.py:448} INFO - Filling up the DagBag from /home/airflow/.local/lib/python3.6/site-packages/airflow/example_dags/example_xcom.py
[2021-03-09 19:53:10,118] {scheduler_job.py:639} INFO - DAG(s) dict_keys(['example_xcom']) retrieved from /home/airflow/.local/lib/python3.6/site-packages/airflow/example_dags/example_xcom.py
[2021-03-09 19:53:10,149] {logging_mixin.py:104} INFO - [2021-03-09 19:53:10,149] {dag.py:1818} INFO - Sync 1 DAGs
[2021-03-09 19:53:10,169] {logging_mixin.py:104} INFO - [2021-03-09 19:53:10,169] {dag.py:2273} INFO - Setting next_dagrun for example_xcom to 2021-03-07 00:00:00+00:00
[2021-03-09 19:53:10,182] {scheduler_job.py:190} INFO - Processing /home/airflow/.local/lib/python3.6/site-packages/airflow/example_dags/example_xcom.py took 0.109 seconds
[2021-03-09 19:53:40,732] {scheduler_job.py:182} INFO - Started process (PID=182) to work on /home/airflow/.local/lib/python3.6/site-packages/airflow/example_dags/example_xcom.py
[2021-03-09 19:53:40,734] {scheduler_job.py:629} INFO - Processing file /home/airflow/.local/lib/python3.6/site-packages/airflow/example_dags/example_xcom.py for tasks to queue
[2021-03-09 19:53:40,735] {logging_mixin.py:104} INFO - [2021-03-09 19:53:40,735] {dagbag.py:448} INFO - Filling up the DagBag from /home/airflow/.local/lib/python3.6/site-packages/airflow/example_dags/example_xcom.py
[2021-03-09 19:53:40,757] {scheduler_job.py:639} INFO - DAG(s) dict_keys(['example_xcom']) retrieved from /home/airflow/.local/lib/python3.6/site-packages/airflow/example_dags/example_xcom.py
[2021-03-09 19:53:40,791] {logging_mixin.py:104} INFO - [2021-03-09 19:53:40,791] {dag.py:1818} INFO - Sync 1 DAGs
[2021-03-09 19:53:40,819] {logging_mixin.py:104} INFO - [2021-03-09 19:53:40,819] {dag.py:2273} INFO - Setting next_dagrun for example_xcom to 2021-03-07 00:00:00+00:00
[2021-03-09 19:53:40,836] {scheduler_job.py:190} INFO - Processing /home/airflow/.local/lib/python3.6/site-packages/airflow/example_dags/example_xcom.py took 0.110 seconds
[2021-03-09 19:54:11,440] {scheduler_job.py:182} INFO - Started process (PID=210) to work on /home/airflow/.local/lib/python3.6/site-packages/airflow/example_dags/example_xcom.py
[2021-03-09 19:54:11,442] {scheduler_job.py:629} INFO - Processing file /home/airflow/.local/lib/python3.6/site-packages/airflow/example_dags/example_xcom.py for tasks to queue
[2021-03-09 19:54:11,443] {logging_mixin.py:104} INFO - [2021-03-09 19:54:11,443] {dagbag.py:448} INFO - Filling up the DagBag from /home/airflow/.local/lib/python3.6/site-packages/airflow/example_dags/example_xcom.py
[2021-03-09 19:54:11,464] {scheduler_job.py:639} INFO - DAG(s) dict_keys(['example_xcom']) retrieved from /home/airflow/.local/lib/python3.6/site-packages/airflow/example_dags/example_xcom.py
[2021-03-09 19:54:11,491] {logging_mixin.py:104} INFO - [2021-03-09 19:54:11,491] {dag.py:1818} INFO - Sync 1 DAGs
[2021-03-09 19:54:11,511] {logging_mixin.py:104} INFO - [2021-03-09 19:54:11,511] {dag.py:2273} INFO - Setting next_dagrun for example_xcom to 2021-03-07 00:00:00+00:00
[2021-03-09 19:54:11,525] {scheduler_job.py:190} INFO - Processing /home/airflow/.local/lib/python3.6/site-packages/airflow/example_dags/example_xcom.py took 0.090 seconds
[2021-03-09 19:54:42,068] {scheduler_job.py:182} INFO - Started process (PID=238) to work on /home/airflow/.local/lib/python3.6/site-packages/airflow/example_dags/example_xcom.py
[2021-03-09 19:54:42,070] {scheduler_job.py:629} INFO - Processing file /home/airflow/.local/lib/python3.6/site-packages/airflow/example_dags/example_xcom.py for tasks to queue
[2021-03-09 19:54:42,070] {logging_mixin.py:104} INFO - [2021-03-09 19:54:42,070] {dagbag.py:448} INFO - Filling up the DagBag from /home/airflow/.local/lib/python3.6/site-packages/airflow/example_dags/example_xcom.py
[2021-03-09 19:54:42,085] {scheduler_job.py:639} INFO - DAG(s) dict_keys(['example_xcom']) retrieved from /home/airflow/.local/lib/python3.6/site-packages/airflow/example_dags/example_xcom.py
[2021-03-09 19:54:42,120] {logging_mixin.py:104} INFO - [2021-03-09 19:54:42,119] {dag.py:1818} INFO - Sync 1 DAGs
[2021-03-09 19:54:42,142] {logging_mixin.py:104} INFO - [2021-03-09 19:54:42,142] {dag.py:2273} INFO - Setting next_dagrun for example_xcom to 2021-03-07 00:00:00+00:00
[2021-03-09 19:54:42,157] {scheduler_job.py:190} INFO - Processing /home/airflow/.local/lib/python3.6/site-packages/airflow/example_dags/example_xcom.py took 0.093 seconds
[2021-03-09 19:55:12,912] {scheduler_job.py:182} INFO - Started process (PID=266) to work on /home/airflow/.local/lib/python3.6/site-packages/airflow/example_dags/example_xcom.py
[2021-03-09 19:55:12,915] {scheduler_job.py:629} INFO - Processing file /home/airflow/.local/lib/python3.6/site-packages/airflow/example_dags/example_xcom.py for tasks to queue
[2021-03-09 19:55:12,916] {logging_mixin.py:104} INFO - [2021-03-09 19:55:12,916] {dagbag.py:448} INFO - Filling up the DagBag from /home/airflow/.local/lib/python3.6/site-packages/airflow/example_dags/example_xcom.py
[2021-03-09 19:55:12,955] {scheduler_job.py:639} INFO - DAG(s) dict_keys(['example_xcom']) retrieved from /home/airflow/.local/lib/python3.6/site-packages/airflow/example_dags/example_xcom.py
[2021-03-09 19:55:13,007] {logging_mixin.py:104} INFO - [2021-03-09 19:55:13,007] {dag.py:1818} INFO - Sync 1 DAGs
[2021-03-09 19:55:13,047] {logging_mixin.py:104} INFO - [2021-03-09 19:55:13,046] {dag.py:2273} INFO - Setting next_dagrun for example_xcom to 2021-03-07 00:00:00+00:00
[2021-03-09 19:55:13,067] {scheduler_job.py:190} INFO - Processing /home/airflow/.local/lib/python3.6/site-packages/airflow/example_dags/example_xcom.py took 0.161 seconds
[2021-03-09 19:57:57,077] {scheduler_job.py:182} INFO - Started process (PID=52) to work on /home/airflow/.local/lib/python3.6/site-packages/airflow/example_dags/example_xcom.py
[2021-03-09 19:57:57,079] {scheduler_job.py:629} INFO - Processing file /home/airflow/.local/lib/python3.6/site-packages/airflow/example_dags/example_xcom.py for tasks to queue
[2021-03-09 19:57:57,080] {logging_mixin.py:104} INFO - [2021-03-09 19:57:57,079] {dagbag.py:448} INFO - Filling up the DagBag from /home/airflow/.local/lib/python3.6/site-packages/airflow/example_dags/example_xcom.py
[2021-03-09 19:57:57,094] {scheduler_job.py:639} INFO - DAG(s) dict_keys(['example_xcom']) retrieved from /home/airflow/.local/lib/python3.6/site-packages/airflow/example_dags/example_xcom.py
[2021-03-09 19:57:57,121] {logging_mixin.py:104} INFO - [2021-03-09 19:57:57,121] {dag.py:1818} INFO - Sync 1 DAGs
[2021-03-09 19:57:57,132] {logging_mixin.py:104} INFO - [2021-03-09 19:57:57,132] {dag.py:1837} INFO - Creating ORM DAG for example_xcom
[2021-03-09 19:57:57,139] {logging_mixin.py:104} INFO - [2021-03-09 19:57:57,139] {dag.py:2273} INFO - Setting next_dagrun for example_xcom to 2021-03-07 00:00:00+00:00
[2021-03-09 19:57:57,154] {scheduler_job.py:190} INFO - Processing /home/airflow/.local/lib/python3.6/site-packages/airflow/example_dags/example_xcom.py took 0.081 seconds
[2021-03-09 19:58:27,410] {scheduler_job.py:182} INFO - Started process (PID=80) to work on /home/airflow/.local/lib/python3.6/site-packages/airflow/example_dags/example_xcom.py
[2021-03-09 19:58:27,412] {scheduler_job.py:629} INFO - Processing file /home/airflow/.local/lib/python3.6/site-packages/airflow/example_dags/example_xcom.py for tasks to queue
[2021-03-09 19:58:27,413] {logging_mixin.py:104} INFO - [2021-03-09 19:58:27,413] {dagbag.py:448} INFO - Filling up the DagBag from /home/airflow/.local/lib/python3.6/site-packages/airflow/example_dags/example_xcom.py
[2021-03-09 19:58:27,430] {scheduler_job.py:639} INFO - DAG(s) dict_keys(['example_xcom']) retrieved from /home/airflow/.local/lib/python3.6/site-packages/airflow/example_dags/example_xcom.py
[2021-03-09 19:58:27,456] {logging_mixin.py:104} INFO - [2021-03-09 19:58:27,456] {dag.py:1818} INFO - Sync 1 DAGs
[2021-03-09 19:58:27,473] {logging_mixin.py:104} INFO - [2021-03-09 19:58:27,473] {dag.py:2273} INFO - Setting next_dagrun for example_xcom to 2021-03-07 00:00:00+00:00
[2021-03-09 19:58:27,483] {scheduler_job.py:190} INFO - Processing /home/airflow/.local/lib/python3.6/site-packages/airflow/example_dags/example_xcom.py took 0.078 seconds
[2021-03-09 19:58:57,844] {scheduler_job.py:182} INFO - Started process (PID=108) to work on /home/airflow/.local/lib/python3.6/site-packages/airflow/example_dags/example_xcom.py
[2021-03-09 19:58:57,846] {scheduler_job.py:629} INFO - Processing file /home/airflow/.local/lib/python3.6/site-packages/airflow/example_dags/example_xcom.py for tasks to queue
[2021-03-09 19:58:57,847] {logging_mixin.py:104} INFO - [2021-03-09 19:58:57,847] {dagbag.py:448} INFO - Filling up the DagBag from /home/airflow/.local/lib/python3.6/site-packages/airflow/example_dags/example_xcom.py
[2021-03-09 19:58:57,863] {scheduler_job.py:639} INFO - DAG(s) dict_keys(['example_xcom']) retrieved from /home/airflow/.local/lib/python3.6/site-packages/airflow/example_dags/example_xcom.py
[2021-03-09 19:58:57,888] {logging_mixin.py:104} INFO - [2021-03-09 19:58:57,888] {dag.py:1818} INFO - Sync 1 DAGs
[2021-03-09 19:58:57,906] {logging_mixin.py:104} INFO - [2021-03-09 19:58:57,905] {dag.py:2273} INFO - Setting next_dagrun for example_xcom to 2021-03-07 00:00:00+00:00
[2021-03-09 19:58:57,916] {scheduler_job.py:190} INFO - Processing /home/airflow/.local/lib/python3.6/site-packages/airflow/example_dags/example_xcom.py took 0.076 seconds
[2021-03-09 19:59:28,149] {scheduler_job.py:182} INFO - Started process (PID=136) to work on /home/airflow/.local/lib/python3.6/site-packages/airflow/example_dags/example_xcom.py
[2021-03-09 19:59:28,151] {scheduler_job.py:629} INFO - Processing file /home/airflow/.local/lib/python3.6/site-packages/airflow/example_dags/example_xcom.py for tasks to queue
[2021-03-09 19:59:28,151] {logging_mixin.py:104} INFO - [2021-03-09 19:59:28,151] {dagbag.py:448} INFO - Filling up the DagBag from /home/airflow/.local/lib/python3.6/site-packages/airflow/example_dags/example_xcom.py
[2021-03-09 19:59:28,165] {scheduler_job.py:639} INFO - DAG(s) dict_keys(['example_xcom']) retrieved from /home/airflow/.local/lib/python3.6/site-packages/airflow/example_dags/example_xcom.py
[2021-03-09 19:59:28,189] {logging_mixin.py:104} INFO - [2021-03-09 19:59:28,189] {dag.py:1818} INFO - Sync 1 DAGs
[2021-03-09 19:59:28,207] {logging_mixin.py:104} INFO - [2021-03-09 19:59:28,207] {dag.py:2273} INFO - Setting next_dagrun for example_xcom to 2021-03-07 00:00:00+00:00
[2021-03-09 19:59:28,219] {scheduler_job.py:190} INFO - Processing /home/airflow/.local/lib/python3.6/site-packages/airflow/example_dags/example_xcom.py took 0.073 seconds
[2021-03-09 19:59:58,621] {scheduler_job.py:182} INFO - Started process (PID=163) to work on /home/airflow/.local/lib/python3.6/site-packages/airflow/example_dags/example_xcom.py
[2021-03-09 19:59:58,622] {scheduler_job.py:629} INFO - Processing file /home/airflow/.local/lib/python3.6/site-packages/airflow/example_dags/example_xcom.py for tasks to queue
[2021-03-09 19:59:58,623] {logging_mixin.py:104} INFO - [2021-03-09 19:59:58,623] {dagbag.py:448} INFO - Filling up the DagBag from /home/airflow/.local/lib/python3.6/site-packages/airflow/example_dags/example_xcom.py
[2021-03-09 19:59:58,638] {scheduler_job.py:639} INFO - DAG(s) dict_keys(['example_xcom']) retrieved from /home/airflow/.local/lib/python3.6/site-packages/airflow/example_dags/example_xcom.py
[2021-03-09 19:59:58,663] {logging_mixin.py:104} INFO - [2021-03-09 19:59:58,662] {dag.py:1818} INFO - Sync 1 DAGs
[2021-03-09 19:59:58,681] {logging_mixin.py:104} INFO - [2021-03-09 19:59:58,681] {dag.py:2273} INFO - Setting next_dagrun for example_xcom to 2021-03-07 00:00:00+00:00
[2021-03-09 19:59:58,692] {scheduler_job.py:190} INFO - Processing /home/airflow/.local/lib/python3.6/site-packages/airflow/example_dags/example_xcom.py took 0.074 seconds
[2021-03-09 20:00:28,922] {scheduler_job.py:182} INFO - Started process (PID=191) to work on /home/airflow/.local/lib/python3.6/site-packages/airflow/example_dags/example_xcom.py
[2021-03-09 20:00:28,924] {scheduler_job.py:629} INFO - Processing file /home/airflow/.local/lib/python3.6/site-packages/airflow/example_dags/example_xcom.py for tasks to queue
[2021-03-09 20:00:28,925] {logging_mixin.py:104} INFO - [2021-03-09 20:00:28,925] {dagbag.py:448} INFO - Filling up the DagBag from /home/airflow/.local/lib/python3.6/site-packages/airflow/example_dags/example_xcom.py
[2021-03-09 20:00:28,948] {scheduler_job.py:639} INFO - DAG(s) dict_keys(['example_xcom']) retrieved from /home/airflow/.local/lib/python3.6/site-packages/airflow/example_dags/example_xcom.py
[2021-03-09 20:00:28,986] {logging_mixin.py:104} INFO - [2021-03-09 20:00:28,986] {dag.py:1818} INFO - Sync 1 DAGs
[2021-03-09 20:00:29,006] {logging_mixin.py:104} INFO - [2021-03-09 20:00:29,006] {dag.py:2273} INFO - Setting next_dagrun for example_xcom to 2021-03-07 00:00:00+00:00
[2021-03-09 20:00:29,019] {scheduler_job.py:190} INFO - Processing /home/airflow/.local/lib/python3.6/site-packages/airflow/example_dags/example_xcom.py took 0.101 seconds
[2021-03-09 20:00:59,535] {scheduler_job.py:182} INFO - Started process (PID=218) to work on /home/airflow/.local/lib/python3.6/site-packages/airflow/example_dags/example_xcom.py
[2021-03-09 20:00:59,537] {scheduler_job.py:629} INFO - Processing file /home/airflow/.local/lib/python3.6/site-packages/airflow/example_dags/example_xcom.py for tasks to queue
[2021-03-09 20:00:59,538] {logging_mixin.py:104} INFO - [2021-03-09 20:00:59,537] {dagbag.py:448} INFO - Filling up the DagBag from /home/airflow/.local/lib/python3.6/site-packages/airflow/example_dags/example_xcom.py
[2021-03-09 20:00:59,553] {scheduler_job.py:639} INFO - DAG(s) dict_keys(['example_xcom']) retrieved from /home/airflow/.local/lib/python3.6/site-packages/airflow/example_dags/example_xcom.py
[2021-03-09 20:00:59,577] {logging_mixin.py:104} INFO - [2021-03-09 20:00:59,577] {dag.py:1818} INFO - Sync 1 DAGs
[2021-03-09 20:00:59,597] {logging_mixin.py:104} INFO - [2021-03-09 20:00:59,597] {dag.py:2273} INFO - Setting next_dagrun for example_xcom to 2021-03-07 00:00:00+00:00
[2021-03-09 20:00:59,608] {scheduler_job.py:190} INFO - Processing /home/airflow/.local/lib/python3.6/site-packages/airflow/example_dags/example_xcom.py took 0.078 seconds
[2021-03-09 20:01:30,097] {scheduler_job.py:182} INFO - Started process (PID=246) to work on /home/airflow/.local/lib/python3.6/site-packages/airflow/example_dags/example_xcom.py
[2021-03-09 20:01:30,099] {scheduler_job.py:629} INFO - Processing file /home/airflow/.local/lib/python3.6/site-packages/airflow/example_dags/example_xcom.py for tasks to queue
[2021-03-09 20:01:30,100] {logging_mixin.py:104} INFO - [2021-03-09 20:01:30,099] {dagbag.py:448} INFO - Filling up the DagBag from /home/airflow/.local/lib/python3.6/site-packages/airflow/example_dags/example_xcom.py
[2021-03-09 20:01:30,114] {scheduler_job.py:639} INFO - DAG(s) dict_keys(['example_xcom']) retrieved from /home/airflow/.local/lib/python3.6/site-packages/airflow/example_dags/example_xcom.py
[2021-03-09 20:01:30,142] {logging_mixin.py:104} INFO - [2021-03-09 20:01:30,142] {dag.py:1818} INFO - Sync 1 DAGs
[2021-03-09 20:01:30,165] {logging_mixin.py:104} INFO - [2021-03-09 20:01:30,164] {dag.py:2273} INFO - Setting next_dagrun for example_xcom to 2021-03-07 00:00:00+00:00
[2021-03-09 20:01:30,175] {scheduler_job.py:190} INFO - Processing /home/airflow/.local/lib/python3.6/site-packages/airflow/example_dags/example_xcom.py took 0.082 seconds
[2021-03-09 20:02:00,900] {scheduler_job.py:182} INFO - Started process (PID=275) to work on /home/airflow/.local/lib/python3.6/site-packages/airflow/example_dags/example_xcom.py
[2021-03-09 20:02:00,902] {scheduler_job.py:629} INFO - Processing file /home/airflow/.local/lib/python3.6/site-packages/airflow/example_dags/example_xcom.py for tasks to queue
[2021-03-09 20:02:00,903] {logging_mixin.py:104} INFO - [2021-03-09 20:02:00,903] {dagbag.py:448} INFO - Filling up the DagBag from /home/airflow/.local/lib/python3.6/site-packages/airflow/example_dags/example_xcom.py
[2021-03-09 20:02:00,924] {scheduler_job.py:639} INFO - DAG(s) dict_keys(['example_xcom']) retrieved from /home/airflow/.local/lib/python3.6/site-packages/airflow/example_dags/example_xcom.py
[2021-03-09 20:02:00,982] {logging_mixin.py:104} INFO - [2021-03-09 20:02:00,982] {dag.py:1818} INFO - Sync 1 DAGs
[2021-03-09 20:02:01,013] {logging_mixin.py:104} INFO - [2021-03-09 20:02:01,013] {dag.py:2273} INFO - Setting next_dagrun for example_xcom to 2021-03-07 00:00:00+00:00
[2021-03-09 20:02:01,027] {scheduler_job.py:190} INFO - Processing /home/airflow/.local/lib/python3.6/site-packages/airflow/example_dags/example_xcom.py took 0.132 seconds
[2021-03-09 20:02:31,781] {scheduler_job.py:182} INFO - Started process (PID=303) to work on /home/airflow/.local/lib/python3.6/site-packages/airflow/example_dags/example_xcom.py
[2021-03-09 20:02:31,783] {scheduler_job.py:629} INFO - Processing file /home/airflow/.local/lib/python3.6/site-packages/airflow/example_dags/example_xcom.py for tasks to queue
[2021-03-09 20:02:31,784] {logging_mixin.py:104} INFO - [2021-03-09 20:02:31,784] {dagbag.py:448} INFO - Filling up the DagBag from /home/airflow/.local/lib/python3.6/site-packages/airflow/example_dags/example_xcom.py
[2021-03-09 20:02:31,803] {scheduler_job.py:639} INFO - DAG(s) dict_keys(['example_xcom']) retrieved from /home/airflow/.local/lib/python3.6/site-packages/airflow/example_dags/example_xcom.py
[2021-03-09 20:02:31,835] {logging_mixin.py:104} INFO - [2021-03-09 20:02:31,834] {dag.py:1818} INFO - Sync 1 DAGs
[2021-03-09 20:02:31,858] {logging_mixin.py:104} INFO - [2021-03-09 20:02:31,858] {dag.py:2273} INFO - Setting next_dagrun for example_xcom to 2021-03-07 00:00:00+00:00
[2021-03-09 20:02:31,868] {scheduler_job.py:190} INFO - Processing /home/airflow/.local/lib/python3.6/site-packages/airflow/example_dags/example_xcom.py took 0.092 seconds
[2021-03-09 20:03:02,310] {scheduler_job.py:182} INFO - Started process (PID=331) to work on /home/airflow/.local/lib/python3.6/site-packages/airflow/example_dags/example_xcom.py
[2021-03-09 20:03:02,311] {scheduler_job.py:629} INFO - Processing file /home/airflow/.local/lib/python3.6/site-packages/airflow/example_dags/example_xcom.py for tasks to queue
[2021-03-09 20:03:02,313] {logging_mixin.py:104} INFO - [2021-03-09 20:03:02,312] {dagbag.py:448} INFO - Filling up the DagBag from /home/airflow/.local/lib/python3.6/site-packages/airflow/example_dags/example_xcom.py
[2021-03-09 20:03:02,329] {scheduler_job.py:639} INFO - DAG(s) dict_keys(['example_xcom']) retrieved from /home/airflow/.local/lib/python3.6/site-packages/airflow/example_dags/example_xcom.py
[2021-03-09 20:03:02,352] {logging_mixin.py:104} INFO - [2021-03-09 20:03:02,352] {dag.py:1818} INFO - Sync 1 DAGs
[2021-03-09 20:03:02,370] {logging_mixin.py:104} INFO - [2021-03-09 20:03:02,369] {dag.py:2273} INFO - Setting next_dagrun for example_xcom to 2021-03-07 00:00:00+00:00
[2021-03-09 20:03:02,380] {scheduler_job.py:190} INFO - Processing /home/airflow/.local/lib/python3.6/site-packages/airflow/example_dags/example_xcom.py took 0.074 seconds
[2021-03-09 20:03:32,758] {scheduler_job.py:182} INFO - Started process (PID=359) to work on /home/airflow/.local/lib/python3.6/site-packages/airflow/example_dags/example_xcom.py
[2021-03-09 20:03:32,759] {scheduler_job.py:629} INFO - Processing file /home/airflow/.local/lib/python3.6/site-packages/airflow/example_dags/example_xcom.py for tasks to queue
[2021-03-09 20:03:32,760] {logging_mixin.py:104} INFO - [2021-03-09 20:03:32,760] {dagbag.py:448} INFO - Filling up the DagBag from /home/airflow/.local/lib/python3.6/site-packages/airflow/example_dags/example_xcom.py
[2021-03-09 20:03:32,778] {scheduler_job.py:639} INFO - DAG(s) dict_keys(['example_xcom']) retrieved from /home/airflow/.local/lib/python3.6/site-packages/airflow/example_dags/example_xcom.py
[2021-03-09 20:03:32,811] {logging_mixin.py:104} INFO - [2021-03-09 20:03:32,810] {dag.py:1818} INFO - Sync 1 DAGs
[2021-03-09 20:03:32,848] {logging_mixin.py:104} INFO - [2021-03-09 20:03:32,848] {dag.py:2273} INFO - Setting next_dagrun for example_xcom to 2021-03-07 00:00:00+00:00
[2021-03-09 20:03:32,866] {scheduler_job.py:190} INFO - Processing /home/airflow/.local/lib/python3.6/site-packages/airflow/example_dags/example_xcom.py took 0.113 seconds
[2021-03-09 20:04:03,344] {scheduler_job.py:182} INFO - Started process (PID=387) to work on /home/airflow/.local/lib/python3.6/site-packages/airflow/example_dags/example_xcom.py
[2021-03-09 20:04:03,345] {scheduler_job.py:629} INFO - Processing file /home/airflow/.local/lib/python3.6/site-packages/airflow/example_dags/example_xcom.py for tasks to queue
[2021-03-09 20:04:03,346] {logging_mixin.py:104} INFO - [2021-03-09 20:04:03,346] {dagbag.py:448} INFO - Filling up the DagBag from /home/airflow/.local/lib/python3.6/site-packages/airflow/example_dags/example_xcom.py
[2021-03-09 20:04:03,361] {scheduler_job.py:639} INFO - DAG(s) dict_keys(['example_xcom']) retrieved from /home/airflow/.local/lib/python3.6/site-packages/airflow/example_dags/example_xcom.py
[2021-03-09 20:04:03,384] {logging_mixin.py:104} INFO - [2021-03-09 20:04:03,384] {dag.py:1818} INFO - Sync 1 DAGs
[2021-03-09 20:04:03,425] {logging_mixin.py:104} INFO - [2021-03-09 20:04:03,425] {dag.py:2273} INFO - Setting next_dagrun for example_xcom to 2021-03-07 00:00:00+00:00
[2021-03-09 20:04:03,461] {scheduler_job.py:190} INFO - Processing /home/airflow/.local/lib/python3.6/site-packages/airflow/example_dags/example_xcom.py took 0.121 seconds
[2021-03-09 20:04:33,857] {scheduler_job.py:182} INFO - Started process (PID=415) to work on /home/airflow/.local/lib/python3.6/site-packages/airflow/example_dags/example_xcom.py
[2021-03-09 20:04:33,858] {scheduler_job.py:629} INFO - Processing file /home/airflow/.local/lib/python3.6/site-packages/airflow/example_dags/example_xcom.py for tasks to queue
[2021-03-09 20:04:33,859] {logging_mixin.py:104} INFO - [2021-03-09 20:04:33,859] {dagbag.py:448} INFO - Filling up the DagBag from /home/airflow/.local/lib/python3.6/site-packages/airflow/example_dags/example_xcom.py
[2021-03-09 20:04:33,875] {scheduler_job.py:639} INFO - DAG(s) dict_keys(['example_xcom']) retrieved from /home/airflow/.local/lib/python3.6/site-packages/airflow/example_dags/example_xcom.py
[2021-03-09 20:04:33,904] {logging_mixin.py:104} INFO - [2021-03-09 20:04:33,904] {dag.py:1818} INFO - Sync 1 DAGs
[2021-03-09 20:04:33,924] {logging_mixin.py:104} INFO - [2021-03-09 20:04:33,924] {dag.py:2273} INFO - Setting next_dagrun for example_xcom to 2021-03-07 00:00:00+00:00
[2021-03-09 20:04:33,940] {scheduler_job.py:190} INFO - Processing /home/airflow/.local/lib/python3.6/site-packages/airflow/example_dags/example_xcom.py took 0.088 seconds
[2021-03-09 20:05:05,079] {scheduler_job.py:182} INFO - Started process (PID=443) to work on /home/airflow/.local/lib/python3.6/site-packages/airflow/example_dags/example_xcom.py
[2021-03-09 20:05:05,082] {scheduler_job.py:629} INFO - Processing file /home/airflow/.local/lib/python3.6/site-packages/airflow/example_dags/example_xcom.py for tasks to queue
[2021-03-09 20:05:05,083] {logging_mixin.py:104} INFO - [2021-03-09 20:05:05,082] {dagbag.py:448} INFO - Filling up the DagBag from /home/airflow/.local/lib/python3.6/site-packages/airflow/example_dags/example_xcom.py
[2021-03-09 20:05:05,100] {scheduler_job.py:639} INFO - DAG(s) dict_keys(['example_xcom']) retrieved from /home/airflow/.local/lib/python3.6/site-packages/airflow/example_dags/example_xcom.py
[2021-03-09 20:05:05,128] {logging_mixin.py:104} INFO - [2021-03-09 20:05:05,128] {dag.py:1818} INFO - Sync 1 DAGs
[2021-03-09 20:05:05,161] {logging_mixin.py:104} INFO - [2021-03-09 20:05:05,161] {dag.py:2273} INFO - Setting next_dagrun for example_xcom to 2021-03-07 00:00:00+00:00
[2021-03-09 20:05:05,177] {scheduler_job.py:190} INFO - Processing /home/airflow/.local/lib/python3.6/site-packages/airflow/example_dags/example_xcom.py took 0.109 seconds
[2021-03-09 20:05:35,545] {scheduler_job.py:182} INFO - Started process (PID=471) to work on /home/airflow/.local/lib/python3.6/site-packages/airflow/example_dags/example_xcom.py
[2021-03-09 20:05:35,546] {scheduler_job.py:629} INFO - Processing file /home/airflow/.local/lib/python3.6/site-packages/airflow/example_dags/example_xcom.py for tasks to queue
[2021-03-09 20:05:35,547] {logging_mixin.py:104} INFO - [2021-03-09 20:05:35,547] {dagbag.py:448} INFO - Filling up the DagBag from /home/airflow/.local/lib/python3.6/site-packages/airflow/example_dags/example_xcom.py
[2021-03-09 20:05:35,565] {scheduler_job.py:639} INFO - DAG(s) dict_keys(['example_xcom']) retrieved from /home/airflow/.local/lib/python3.6/site-packages/airflow/example_dags/example_xcom.py
[2021-03-09 20:05:35,587] {logging_mixin.py:104} INFO - [2021-03-09 20:05:35,587] {dag.py:1818} INFO - Sync 1 DAGs
[2021-03-09 20:05:35,608] {logging_mixin.py:104} INFO - [2021-03-09 20:05:35,608] {dag.py:2273} INFO - Setting next_dagrun for example_xcom to 2021-03-07 00:00:00+00:00
[2021-03-09 20:05:35,618] {scheduler_job.py:190} INFO - Processing /home/airflow/.local/lib/python3.6/site-packages/airflow/example_dags/example_xcom.py took 0.076 seconds
