[2021-03-09 19:51:06,757] {scheduler_job.py:182} INFO - Started process (PID=41) to work on /home/airflow/.local/lib/python3.6/site-packages/airflow/example_dags/example_task_group.py
[2021-03-09 19:51:06,759] {scheduler_job.py:629} INFO - Processing file /home/airflow/.local/lib/python3.6/site-packages/airflow/example_dags/example_task_group.py for tasks to queue
[2021-03-09 19:51:06,760] {logging_mixin.py:104} INFO - [2021-03-09 19:51:06,760] {dagbag.py:448} INFO - Filling up the DagBag from /home/airflow/.local/lib/python3.6/site-packages/airflow/example_dags/example_task_group.py
[2021-03-09 19:51:06,789] {scheduler_job.py:639} INFO - DAG(s) dict_keys(['example_task_group']) retrieved from /home/airflow/.local/lib/python3.6/site-packages/airflow/example_dags/example_task_group.py
[2021-03-09 19:51:06,837] {logging_mixin.py:104} INFO - [2021-03-09 19:51:06,837] {dag.py:1818} INFO - Sync 1 DAGs
[2021-03-09 19:51:06,860] {logging_mixin.py:104} INFO - [2021-03-09 19:51:06,860] {dag.py:1837} INFO - Creating ORM DAG for example_task_group
[2021-03-09 19:51:06,871] {logging_mixin.py:104} INFO - [2021-03-09 19:51:06,871] {dag.py:2273} INFO - Setting next_dagrun for example_task_group to 2021-03-07 00:00:00+00:00
[2021-03-09 19:51:06,896] {scheduler_job.py:190} INFO - Processing /home/airflow/.local/lib/python3.6/site-packages/airflow/example_dags/example_task_group.py took 0.144 seconds
[2021-03-09 19:51:38,426] {scheduler_job.py:182} INFO - Started process (PID=76) to work on /home/airflow/.local/lib/python3.6/site-packages/airflow/example_dags/example_task_group.py
[2021-03-09 19:51:38,428] {scheduler_job.py:629} INFO - Processing file /home/airflow/.local/lib/python3.6/site-packages/airflow/example_dags/example_task_group.py for tasks to queue
[2021-03-09 19:51:38,429] {logging_mixin.py:104} INFO - [2021-03-09 19:51:38,429] {dagbag.py:448} INFO - Filling up the DagBag from /home/airflow/.local/lib/python3.6/site-packages/airflow/example_dags/example_task_group.py
[2021-03-09 19:51:38,457] {scheduler_job.py:639} INFO - DAG(s) dict_keys(['example_task_group']) retrieved from /home/airflow/.local/lib/python3.6/site-packages/airflow/example_dags/example_task_group.py
[2021-03-09 19:51:38,496] {logging_mixin.py:104} INFO - [2021-03-09 19:51:38,496] {dag.py:1818} INFO - Sync 1 DAGs
[2021-03-09 19:51:38,524] {logging_mixin.py:104} INFO - [2021-03-09 19:51:38,524] {dag.py:2273} INFO - Setting next_dagrun for example_task_group to 2021-03-07 00:00:00+00:00
[2021-03-09 19:51:38,543] {scheduler_job.py:190} INFO - Processing /home/airflow/.local/lib/python3.6/site-packages/airflow/example_dags/example_task_group.py took 0.124 seconds
[2021-03-09 19:52:09,346] {scheduler_job.py:182} INFO - Started process (PID=105) to work on /home/airflow/.local/lib/python3.6/site-packages/airflow/example_dags/example_task_group.py
[2021-03-09 19:52:09,348] {scheduler_job.py:629} INFO - Processing file /home/airflow/.local/lib/python3.6/site-packages/airflow/example_dags/example_task_group.py for tasks to queue
[2021-03-09 19:52:09,349] {logging_mixin.py:104} INFO - [2021-03-09 19:52:09,349] {dagbag.py:448} INFO - Filling up the DagBag from /home/airflow/.local/lib/python3.6/site-packages/airflow/example_dags/example_task_group.py
[2021-03-09 19:52:09,370] {scheduler_job.py:639} INFO - DAG(s) dict_keys(['example_task_group']) retrieved from /home/airflow/.local/lib/python3.6/site-packages/airflow/example_dags/example_task_group.py
[2021-03-09 19:52:09,406] {logging_mixin.py:104} INFO - [2021-03-09 19:52:09,405] {dag.py:1818} INFO - Sync 1 DAGs
[2021-03-09 19:52:09,434] {logging_mixin.py:104} INFO - [2021-03-09 19:52:09,434] {dag.py:2273} INFO - Setting next_dagrun for example_task_group to 2021-03-07 00:00:00+00:00
[2021-03-09 19:52:09,448] {scheduler_job.py:190} INFO - Processing /home/airflow/.local/lib/python3.6/site-packages/airflow/example_dags/example_task_group.py took 0.107 seconds
[2021-03-09 19:52:39,868] {scheduler_job.py:182} INFO - Started process (PID=133) to work on /home/airflow/.local/lib/python3.6/site-packages/airflow/example_dags/example_task_group.py
[2021-03-09 19:52:39,870] {scheduler_job.py:629} INFO - Processing file /home/airflow/.local/lib/python3.6/site-packages/airflow/example_dags/example_task_group.py for tasks to queue
[2021-03-09 19:52:39,870] {logging_mixin.py:104} INFO - [2021-03-09 19:52:39,870] {dagbag.py:448} INFO - Filling up the DagBag from /home/airflow/.local/lib/python3.6/site-packages/airflow/example_dags/example_task_group.py
[2021-03-09 19:52:39,885] {scheduler_job.py:639} INFO - DAG(s) dict_keys(['example_task_group']) retrieved from /home/airflow/.local/lib/python3.6/site-packages/airflow/example_dags/example_task_group.py
[2021-03-09 19:52:39,914] {logging_mixin.py:104} INFO - [2021-03-09 19:52:39,914] {dag.py:1818} INFO - Sync 1 DAGs
[2021-03-09 19:52:39,943] {logging_mixin.py:104} INFO - [2021-03-09 19:52:39,943] {dag.py:2273} INFO - Setting next_dagrun for example_task_group to 2021-03-07 00:00:00+00:00
[2021-03-09 19:52:39,962] {scheduler_job.py:190} INFO - Processing /home/airflow/.local/lib/python3.6/site-packages/airflow/example_dags/example_task_group.py took 0.097 seconds
[2021-03-09 19:53:10,520] {scheduler_job.py:182} INFO - Started process (PID=161) to work on /home/airflow/.local/lib/python3.6/site-packages/airflow/example_dags/example_task_group.py
[2021-03-09 19:53:10,523] {scheduler_job.py:629} INFO - Processing file /home/airflow/.local/lib/python3.6/site-packages/airflow/example_dags/example_task_group.py for tasks to queue
[2021-03-09 19:53:10,524] {logging_mixin.py:104} INFO - [2021-03-09 19:53:10,524] {dagbag.py:448} INFO - Filling up the DagBag from /home/airflow/.local/lib/python3.6/site-packages/airflow/example_dags/example_task_group.py
[2021-03-09 19:53:10,551] {scheduler_job.py:639} INFO - DAG(s) dict_keys(['example_task_group']) retrieved from /home/airflow/.local/lib/python3.6/site-packages/airflow/example_dags/example_task_group.py
[2021-03-09 19:53:10,596] {logging_mixin.py:104} INFO - [2021-03-09 19:53:10,596] {dag.py:1818} INFO - Sync 1 DAGs
[2021-03-09 19:53:10,627] {logging_mixin.py:104} INFO - [2021-03-09 19:53:10,627] {dag.py:2273} INFO - Setting next_dagrun for example_task_group to 2021-03-07 00:00:00+00:00
[2021-03-09 19:53:10,643] {scheduler_job.py:190} INFO - Processing /home/airflow/.local/lib/python3.6/site-packages/airflow/example_dags/example_task_group.py took 0.128 seconds
[2021-03-09 19:53:41,206] {scheduler_job.py:182} INFO - Started process (PID=189) to work on /home/airflow/.local/lib/python3.6/site-packages/airflow/example_dags/example_task_group.py
[2021-03-09 19:53:41,209] {scheduler_job.py:629} INFO - Processing file /home/airflow/.local/lib/python3.6/site-packages/airflow/example_dags/example_task_group.py for tasks to queue
[2021-03-09 19:53:41,210] {logging_mixin.py:104} INFO - [2021-03-09 19:53:41,210] {dagbag.py:448} INFO - Filling up the DagBag from /home/airflow/.local/lib/python3.6/site-packages/airflow/example_dags/example_task_group.py
[2021-03-09 19:53:41,228] {scheduler_job.py:639} INFO - DAG(s) dict_keys(['example_task_group']) retrieved from /home/airflow/.local/lib/python3.6/site-packages/airflow/example_dags/example_task_group.py
[2021-03-09 19:53:41,262] {logging_mixin.py:104} INFO - [2021-03-09 19:53:41,262] {dag.py:1818} INFO - Sync 1 DAGs
[2021-03-09 19:53:41,282] {logging_mixin.py:104} INFO - [2021-03-09 19:53:41,282] {dag.py:2273} INFO - Setting next_dagrun for example_task_group to 2021-03-07 00:00:00+00:00
[2021-03-09 19:53:41,295] {scheduler_job.py:190} INFO - Processing /home/airflow/.local/lib/python3.6/site-packages/airflow/example_dags/example_task_group.py took 0.097 seconds
[2021-03-09 19:54:11,929] {scheduler_job.py:182} INFO - Started process (PID=218) to work on /home/airflow/.local/lib/python3.6/site-packages/airflow/example_dags/example_task_group.py
[2021-03-09 19:54:11,931] {scheduler_job.py:629} INFO - Processing file /home/airflow/.local/lib/python3.6/site-packages/airflow/example_dags/example_task_group.py for tasks to queue
[2021-03-09 19:54:11,934] {logging_mixin.py:104} INFO - [2021-03-09 19:54:11,934] {dagbag.py:448} INFO - Filling up the DagBag from /home/airflow/.local/lib/python3.6/site-packages/airflow/example_dags/example_task_group.py
[2021-03-09 19:54:11,960] {scheduler_job.py:639} INFO - DAG(s) dict_keys(['example_task_group']) retrieved from /home/airflow/.local/lib/python3.6/site-packages/airflow/example_dags/example_task_group.py
[2021-03-09 19:54:11,995] {logging_mixin.py:104} INFO - [2021-03-09 19:54:11,995] {dag.py:1818} INFO - Sync 1 DAGs
[2021-03-09 19:54:12,026] {logging_mixin.py:104} INFO - [2021-03-09 19:54:12,026] {dag.py:2273} INFO - Setting next_dagrun for example_task_group to 2021-03-07 00:00:00+00:00
[2021-03-09 19:54:12,040] {scheduler_job.py:190} INFO - Processing /home/airflow/.local/lib/python3.6/site-packages/airflow/example_dags/example_task_group.py took 0.119 seconds
[2021-03-09 19:54:42,637] {scheduler_job.py:182} INFO - Started process (PID=246) to work on /home/airflow/.local/lib/python3.6/site-packages/airflow/example_dags/example_task_group.py
[2021-03-09 19:54:42,639] {scheduler_job.py:629} INFO - Processing file /home/airflow/.local/lib/python3.6/site-packages/airflow/example_dags/example_task_group.py for tasks to queue
[2021-03-09 19:54:42,640] {logging_mixin.py:104} INFO - [2021-03-09 19:54:42,640] {dagbag.py:448} INFO - Filling up the DagBag from /home/airflow/.local/lib/python3.6/site-packages/airflow/example_dags/example_task_group.py
[2021-03-09 19:54:42,656] {scheduler_job.py:639} INFO - DAG(s) dict_keys(['example_task_group']) retrieved from /home/airflow/.local/lib/python3.6/site-packages/airflow/example_dags/example_task_group.py
[2021-03-09 19:54:42,687] {logging_mixin.py:104} INFO - [2021-03-09 19:54:42,687] {dag.py:1818} INFO - Sync 1 DAGs
[2021-03-09 19:54:42,707] {logging_mixin.py:104} INFO - [2021-03-09 19:54:42,707] {dag.py:2273} INFO - Setting next_dagrun for example_task_group to 2021-03-07 00:00:00+00:00
[2021-03-09 19:54:42,718] {scheduler_job.py:190} INFO - Processing /home/airflow/.local/lib/python3.6/site-packages/airflow/example_dags/example_task_group.py took 0.086 seconds
[2021-03-09 19:55:13,616] {scheduler_job.py:182} INFO - Started process (PID=274) to work on /home/airflow/.local/lib/python3.6/site-packages/airflow/example_dags/example_task_group.py
[2021-03-09 19:55:13,621] {scheduler_job.py:629} INFO - Processing file /home/airflow/.local/lib/python3.6/site-packages/airflow/example_dags/example_task_group.py for tasks to queue
[2021-03-09 19:55:13,622] {logging_mixin.py:104} INFO - [2021-03-09 19:55:13,622] {dagbag.py:448} INFO - Filling up the DagBag from /home/airflow/.local/lib/python3.6/site-packages/airflow/example_dags/example_task_group.py
[2021-03-09 19:55:13,643] {scheduler_job.py:639} INFO - DAG(s) dict_keys(['example_task_group']) retrieved from /home/airflow/.local/lib/python3.6/site-packages/airflow/example_dags/example_task_group.py
[2021-03-09 19:55:13,679] {logging_mixin.py:104} INFO - [2021-03-09 19:55:13,679] {dag.py:1818} INFO - Sync 1 DAGs
[2021-03-09 19:55:13,700] {logging_mixin.py:104} INFO - [2021-03-09 19:55:13,700] {dag.py:2273} INFO - Setting next_dagrun for example_task_group to 2021-03-07 00:00:00+00:00
[2021-03-09 19:55:13,715] {scheduler_job.py:190} INFO - Processing /home/airflow/.local/lib/python3.6/site-packages/airflow/example_dags/example_task_group.py took 0.109 seconds
[2021-03-09 19:57:56,813] {scheduler_job.py:182} INFO - Started process (PID=48) to work on /home/airflow/.local/lib/python3.6/site-packages/airflow/example_dags/example_task_group.py
[2021-03-09 19:57:56,816] {scheduler_job.py:629} INFO - Processing file /home/airflow/.local/lib/python3.6/site-packages/airflow/example_dags/example_task_group.py for tasks to queue
[2021-03-09 19:57:56,818] {logging_mixin.py:104} INFO - [2021-03-09 19:57:56,818] {dagbag.py:448} INFO - Filling up the DagBag from /home/airflow/.local/lib/python3.6/site-packages/airflow/example_dags/example_task_group.py
[2021-03-09 19:57:56,836] {scheduler_job.py:639} INFO - DAG(s) dict_keys(['example_task_group']) retrieved from /home/airflow/.local/lib/python3.6/site-packages/airflow/example_dags/example_task_group.py
[2021-03-09 19:57:56,869] {logging_mixin.py:104} INFO - [2021-03-09 19:57:56,868] {dag.py:1818} INFO - Sync 1 DAGs
[2021-03-09 19:57:56,881] {logging_mixin.py:104} INFO - [2021-03-09 19:57:56,881] {dag.py:1837} INFO - Creating ORM DAG for example_task_group
[2021-03-09 19:57:56,889] {logging_mixin.py:104} INFO - [2021-03-09 19:57:56,889] {dag.py:2273} INFO - Setting next_dagrun for example_task_group to 2021-03-07 00:00:00+00:00
[2021-03-09 19:57:56,911] {scheduler_job.py:190} INFO - Processing /home/airflow/.local/lib/python3.6/site-packages/airflow/example_dags/example_task_group.py took 0.102 seconds
[2021-03-09 19:58:27,145] {scheduler_job.py:182} INFO - Started process (PID=74) to work on /home/airflow/.local/lib/python3.6/site-packages/airflow/example_dags/example_task_group.py
[2021-03-09 19:58:27,146] {scheduler_job.py:629} INFO - Processing file /home/airflow/.local/lib/python3.6/site-packages/airflow/example_dags/example_task_group.py for tasks to queue
[2021-03-09 19:58:27,147] {logging_mixin.py:104} INFO - [2021-03-09 19:58:27,147] {dagbag.py:448} INFO - Filling up the DagBag from /home/airflow/.local/lib/python3.6/site-packages/airflow/example_dags/example_task_group.py
[2021-03-09 19:58:27,160] {scheduler_job.py:639} INFO - DAG(s) dict_keys(['example_task_group']) retrieved from /home/airflow/.local/lib/python3.6/site-packages/airflow/example_dags/example_task_group.py
[2021-03-09 19:58:27,185] {logging_mixin.py:104} INFO - [2021-03-09 19:58:27,185] {dag.py:1818} INFO - Sync 1 DAGs
[2021-03-09 19:58:27,201] {logging_mixin.py:104} INFO - [2021-03-09 19:58:27,201] {dag.py:2273} INFO - Setting next_dagrun for example_task_group to 2021-03-07 00:00:00+00:00
[2021-03-09 19:58:27,210] {scheduler_job.py:190} INFO - Processing /home/airflow/.local/lib/python3.6/site-packages/airflow/example_dags/example_task_group.py took 0.068 seconds
[2021-03-09 19:58:57,556] {scheduler_job.py:182} INFO - Started process (PID=102) to work on /home/airflow/.local/lib/python3.6/site-packages/airflow/example_dags/example_task_group.py
[2021-03-09 19:58:57,558] {scheduler_job.py:629} INFO - Processing file /home/airflow/.local/lib/python3.6/site-packages/airflow/example_dags/example_task_group.py for tasks to queue
[2021-03-09 19:58:57,559] {logging_mixin.py:104} INFO - [2021-03-09 19:58:57,559] {dagbag.py:448} INFO - Filling up the DagBag from /home/airflow/.local/lib/python3.6/site-packages/airflow/example_dags/example_task_group.py
[2021-03-09 19:58:57,575] {scheduler_job.py:639} INFO - DAG(s) dict_keys(['example_task_group']) retrieved from /home/airflow/.local/lib/python3.6/site-packages/airflow/example_dags/example_task_group.py
[2021-03-09 19:58:57,600] {logging_mixin.py:104} INFO - [2021-03-09 19:58:57,600] {dag.py:1818} INFO - Sync 1 DAGs
[2021-03-09 19:58:57,621] {logging_mixin.py:104} INFO - [2021-03-09 19:58:57,621] {dag.py:2273} INFO - Setting next_dagrun for example_task_group to 2021-03-07 00:00:00+00:00
[2021-03-09 19:58:57,634] {scheduler_job.py:190} INFO - Processing /home/airflow/.local/lib/python3.6/site-packages/airflow/example_dags/example_task_group.py took 0.082 seconds
[2021-03-09 19:59:27,889] {scheduler_job.py:182} INFO - Started process (PID=130) to work on /home/airflow/.local/lib/python3.6/site-packages/airflow/example_dags/example_task_group.py
[2021-03-09 19:59:27,890] {scheduler_job.py:629} INFO - Processing file /home/airflow/.local/lib/python3.6/site-packages/airflow/example_dags/example_task_group.py for tasks to queue
[2021-03-09 19:59:27,890] {logging_mixin.py:104} INFO - [2021-03-09 19:59:27,890] {dagbag.py:448} INFO - Filling up the DagBag from /home/airflow/.local/lib/python3.6/site-packages/airflow/example_dags/example_task_group.py
[2021-03-09 19:59:27,903] {scheduler_job.py:639} INFO - DAG(s) dict_keys(['example_task_group']) retrieved from /home/airflow/.local/lib/python3.6/site-packages/airflow/example_dags/example_task_group.py
[2021-03-09 19:59:27,929] {logging_mixin.py:104} INFO - [2021-03-09 19:59:27,929] {dag.py:1818} INFO - Sync 1 DAGs
[2021-03-09 19:59:27,946] {logging_mixin.py:104} INFO - [2021-03-09 19:59:27,946] {dag.py:2273} INFO - Setting next_dagrun for example_task_group to 2021-03-07 00:00:00+00:00
[2021-03-09 19:59:27,956] {scheduler_job.py:190} INFO - Processing /home/airflow/.local/lib/python3.6/site-packages/airflow/example_dags/example_task_group.py took 0.071 seconds
[2021-03-09 19:59:58,351] {scheduler_job.py:182} INFO - Started process (PID=158) to work on /home/airflow/.local/lib/python3.6/site-packages/airflow/example_dags/example_task_group.py
[2021-03-09 19:59:58,353] {scheduler_job.py:629} INFO - Processing file /home/airflow/.local/lib/python3.6/site-packages/airflow/example_dags/example_task_group.py for tasks to queue
[2021-03-09 19:59:58,354] {logging_mixin.py:104} INFO - [2021-03-09 19:59:58,353] {dagbag.py:448} INFO - Filling up the DagBag from /home/airflow/.local/lib/python3.6/site-packages/airflow/example_dags/example_task_group.py
[2021-03-09 19:59:58,368] {scheduler_job.py:639} INFO - DAG(s) dict_keys(['example_task_group']) retrieved from /home/airflow/.local/lib/python3.6/site-packages/airflow/example_dags/example_task_group.py
[2021-03-09 19:59:58,394] {logging_mixin.py:104} INFO - [2021-03-09 19:59:58,394] {dag.py:1818} INFO - Sync 1 DAGs
[2021-03-09 19:59:58,411] {logging_mixin.py:104} INFO - [2021-03-09 19:59:58,411] {dag.py:2273} INFO - Setting next_dagrun for example_task_group to 2021-03-07 00:00:00+00:00
[2021-03-09 19:59:58,422] {scheduler_job.py:190} INFO - Processing /home/airflow/.local/lib/python3.6/site-packages/airflow/example_dags/example_task_group.py took 0.074 seconds
[2021-03-09 20:00:28,641] {scheduler_job.py:182} INFO - Started process (PID=184) to work on /home/airflow/.local/lib/python3.6/site-packages/airflow/example_dags/example_task_group.py
[2021-03-09 20:00:28,642] {scheduler_job.py:629} INFO - Processing file /home/airflow/.local/lib/python3.6/site-packages/airflow/example_dags/example_task_group.py for tasks to queue
[2021-03-09 20:00:28,643] {logging_mixin.py:104} INFO - [2021-03-09 20:00:28,643] {dagbag.py:448} INFO - Filling up the DagBag from /home/airflow/.local/lib/python3.6/site-packages/airflow/example_dags/example_task_group.py
[2021-03-09 20:00:28,657] {scheduler_job.py:639} INFO - DAG(s) dict_keys(['example_task_group']) retrieved from /home/airflow/.local/lib/python3.6/site-packages/airflow/example_dags/example_task_group.py
[2021-03-09 20:00:28,681] {logging_mixin.py:104} INFO - [2021-03-09 20:00:28,681] {dag.py:1818} INFO - Sync 1 DAGs
[2021-03-09 20:00:28,699] {logging_mixin.py:104} INFO - [2021-03-09 20:00:28,699] {dag.py:2273} INFO - Setting next_dagrun for example_task_group to 2021-03-07 00:00:00+00:00
[2021-03-09 20:00:28,710] {scheduler_job.py:190} INFO - Processing /home/airflow/.local/lib/python3.6/site-packages/airflow/example_dags/example_task_group.py took 0.073 seconds
[2021-03-09 20:00:59,352] {scheduler_job.py:182} INFO - Started process (PID=214) to work on /home/airflow/.local/lib/python3.6/site-packages/airflow/example_dags/example_task_group.py
[2021-03-09 20:00:59,354] {scheduler_job.py:629} INFO - Processing file /home/airflow/.local/lib/python3.6/site-packages/airflow/example_dags/example_task_group.py for tasks to queue
[2021-03-09 20:00:59,355] {logging_mixin.py:104} INFO - [2021-03-09 20:00:59,354] {dagbag.py:448} INFO - Filling up the DagBag from /home/airflow/.local/lib/python3.6/site-packages/airflow/example_dags/example_task_group.py
[2021-03-09 20:00:59,370] {scheduler_job.py:639} INFO - DAG(s) dict_keys(['example_task_group']) retrieved from /home/airflow/.local/lib/python3.6/site-packages/airflow/example_dags/example_task_group.py
[2021-03-09 20:00:59,393] {logging_mixin.py:104} INFO - [2021-03-09 20:00:59,393] {dag.py:1818} INFO - Sync 1 DAGs
[2021-03-09 20:00:59,413] {logging_mixin.py:104} INFO - [2021-03-09 20:00:59,413] {dag.py:2273} INFO - Setting next_dagrun for example_task_group to 2021-03-07 00:00:00+00:00
[2021-03-09 20:00:59,423] {scheduler_job.py:190} INFO - Processing /home/airflow/.local/lib/python3.6/site-packages/airflow/example_dags/example_task_group.py took 0.074 seconds
[2021-03-09 20:01:29,768] {scheduler_job.py:182} INFO - Started process (PID=240) to work on /home/airflow/.local/lib/python3.6/site-packages/airflow/example_dags/example_task_group.py
[2021-03-09 20:01:29,770] {scheduler_job.py:629} INFO - Processing file /home/airflow/.local/lib/python3.6/site-packages/airflow/example_dags/example_task_group.py for tasks to queue
[2021-03-09 20:01:29,771] {logging_mixin.py:104} INFO - [2021-03-09 20:01:29,771] {dagbag.py:448} INFO - Filling up the DagBag from /home/airflow/.local/lib/python3.6/site-packages/airflow/example_dags/example_task_group.py
[2021-03-09 20:01:29,786] {scheduler_job.py:639} INFO - DAG(s) dict_keys(['example_task_group']) retrieved from /home/airflow/.local/lib/python3.6/site-packages/airflow/example_dags/example_task_group.py
[2021-03-09 20:01:29,811] {logging_mixin.py:104} INFO - [2021-03-09 20:01:29,811] {dag.py:1818} INFO - Sync 1 DAGs
[2021-03-09 20:01:29,831] {logging_mixin.py:104} INFO - [2021-03-09 20:01:29,831] {dag.py:2273} INFO - Setting next_dagrun for example_task_group to 2021-03-07 00:00:00+00:00
[2021-03-09 20:01:29,843] {scheduler_job.py:190} INFO - Processing /home/airflow/.local/lib/python3.6/site-packages/airflow/example_dags/example_task_group.py took 0.080 seconds
[2021-03-09 20:02:00,508] {scheduler_job.py:182} INFO - Started process (PID=268) to work on /home/airflow/.local/lib/python3.6/site-packages/airflow/example_dags/example_task_group.py
[2021-03-09 20:02:00,512] {scheduler_job.py:629} INFO - Processing file /home/airflow/.local/lib/python3.6/site-packages/airflow/example_dags/example_task_group.py for tasks to queue
[2021-03-09 20:02:00,514] {logging_mixin.py:104} INFO - [2021-03-09 20:02:00,514] {dagbag.py:448} INFO - Filling up the DagBag from /home/airflow/.local/lib/python3.6/site-packages/airflow/example_dags/example_task_group.py
[2021-03-09 20:02:00,537] {scheduler_job.py:639} INFO - DAG(s) dict_keys(['example_task_group']) retrieved from /home/airflow/.local/lib/python3.6/site-packages/airflow/example_dags/example_task_group.py
[2021-03-09 20:02:00,572] {logging_mixin.py:104} INFO - [2021-03-09 20:02:00,572] {dag.py:1818} INFO - Sync 1 DAGs
[2021-03-09 20:02:00,606] {logging_mixin.py:104} INFO - [2021-03-09 20:02:00,606] {dag.py:2273} INFO - Setting next_dagrun for example_task_group to 2021-03-07 00:00:00+00:00
[2021-03-09 20:02:00,623] {scheduler_job.py:190} INFO - Processing /home/airflow/.local/lib/python3.6/site-packages/airflow/example_dags/example_task_group.py took 0.120 seconds
[2021-03-09 20:02:31,172] {scheduler_job.py:182} INFO - Started process (PID=294) to work on /home/airflow/.local/lib/python3.6/site-packages/airflow/example_dags/example_task_group.py
[2021-03-09 20:02:31,175] {scheduler_job.py:629} INFO - Processing file /home/airflow/.local/lib/python3.6/site-packages/airflow/example_dags/example_task_group.py for tasks to queue
[2021-03-09 20:02:31,177] {logging_mixin.py:104} INFO - [2021-03-09 20:02:31,176] {dagbag.py:448} INFO - Filling up the DagBag from /home/airflow/.local/lib/python3.6/site-packages/airflow/example_dags/example_task_group.py
[2021-03-09 20:02:31,195] {scheduler_job.py:639} INFO - DAG(s) dict_keys(['example_task_group']) retrieved from /home/airflow/.local/lib/python3.6/site-packages/airflow/example_dags/example_task_group.py
[2021-03-09 20:02:31,233] {logging_mixin.py:104} INFO - [2021-03-09 20:02:31,233] {dag.py:1818} INFO - Sync 1 DAGs
[2021-03-09 20:02:31,274] {logging_mixin.py:104} INFO - [2021-03-09 20:02:31,274] {dag.py:2273} INFO - Setting next_dagrun for example_task_group to 2021-03-07 00:00:00+00:00
[2021-03-09 20:02:31,290] {scheduler_job.py:190} INFO - Processing /home/airflow/.local/lib/python3.6/site-packages/airflow/example_dags/example_task_group.py took 0.127 seconds
[2021-03-09 20:03:01,831] {scheduler_job.py:182} INFO - Started process (PID=322) to work on /home/airflow/.local/lib/python3.6/site-packages/airflow/example_dags/example_task_group.py
[2021-03-09 20:03:01,835] {scheduler_job.py:629} INFO - Processing file /home/airflow/.local/lib/python3.6/site-packages/airflow/example_dags/example_task_group.py for tasks to queue
[2021-03-09 20:03:01,837] {logging_mixin.py:104} INFO - [2021-03-09 20:03:01,836] {dagbag.py:448} INFO - Filling up the DagBag from /home/airflow/.local/lib/python3.6/site-packages/airflow/example_dags/example_task_group.py
[2021-03-09 20:03:01,858] {scheduler_job.py:639} INFO - DAG(s) dict_keys(['example_task_group']) retrieved from /home/airflow/.local/lib/python3.6/site-packages/airflow/example_dags/example_task_group.py
[2021-03-09 20:03:01,893] {logging_mixin.py:104} INFO - [2021-03-09 20:03:01,893] {dag.py:1818} INFO - Sync 1 DAGs
[2021-03-09 20:03:01,916] {logging_mixin.py:104} INFO - [2021-03-09 20:03:01,916] {dag.py:2273} INFO - Setting next_dagrun for example_task_group to 2021-03-07 00:00:00+00:00
[2021-03-09 20:03:01,931] {scheduler_job.py:190} INFO - Processing /home/airflow/.local/lib/python3.6/site-packages/airflow/example_dags/example_task_group.py took 0.105 seconds
[2021-03-09 20:03:32,045] {scheduler_job.py:182} INFO - Started process (PID=345) to work on /home/airflow/.local/lib/python3.6/site-packages/airflow/example_dags/example_task_group.py
[2021-03-09 20:03:32,046] {scheduler_job.py:629} INFO - Processing file /home/airflow/.local/lib/python3.6/site-packages/airflow/example_dags/example_task_group.py for tasks to queue
[2021-03-09 20:03:32,047] {logging_mixin.py:104} INFO - [2021-03-09 20:03:32,047] {dagbag.py:448} INFO - Filling up the DagBag from /home/airflow/.local/lib/python3.6/site-packages/airflow/example_dags/example_task_group.py
[2021-03-09 20:03:32,062] {scheduler_job.py:639} INFO - DAG(s) dict_keys(['example_task_group']) retrieved from /home/airflow/.local/lib/python3.6/site-packages/airflow/example_dags/example_task_group.py
[2021-03-09 20:03:32,091] {logging_mixin.py:104} INFO - [2021-03-09 20:03:32,091] {dag.py:1818} INFO - Sync 1 DAGs
[2021-03-09 20:03:32,109] {logging_mixin.py:104} INFO - [2021-03-09 20:03:32,109] {dag.py:2273} INFO - Setting next_dagrun for example_task_group to 2021-03-07 00:00:00+00:00
[2021-03-09 20:03:32,119] {scheduler_job.py:190} INFO - Processing /home/airflow/.local/lib/python3.6/site-packages/airflow/example_dags/example_task_group.py took 0.078 seconds
[2021-03-09 20:04:02,860] {scheduler_job.py:182} INFO - Started process (PID=377) to work on /home/airflow/.local/lib/python3.6/site-packages/airflow/example_dags/example_task_group.py
[2021-03-09 20:04:02,861] {scheduler_job.py:629} INFO - Processing file /home/airflow/.local/lib/python3.6/site-packages/airflow/example_dags/example_task_group.py for tasks to queue
[2021-03-09 20:04:02,863] {logging_mixin.py:104} INFO - [2021-03-09 20:04:02,862] {dagbag.py:448} INFO - Filling up the DagBag from /home/airflow/.local/lib/python3.6/site-packages/airflow/example_dags/example_task_group.py
[2021-03-09 20:04:02,879] {scheduler_job.py:639} INFO - DAG(s) dict_keys(['example_task_group']) retrieved from /home/airflow/.local/lib/python3.6/site-packages/airflow/example_dags/example_task_group.py
[2021-03-09 20:04:02,912] {logging_mixin.py:104} INFO - [2021-03-09 20:04:02,912] {dag.py:1818} INFO - Sync 1 DAGs
[2021-03-09 20:04:02,943] {logging_mixin.py:104} INFO - [2021-03-09 20:04:02,943] {dag.py:2273} INFO - Setting next_dagrun for example_task_group to 2021-03-07 00:00:00+00:00
[2021-03-09 20:04:02,959] {scheduler_job.py:190} INFO - Processing /home/airflow/.local/lib/python3.6/site-packages/airflow/example_dags/example_task_group.py took 0.103 seconds
[2021-03-09 20:04:33,433] {scheduler_job.py:182} INFO - Started process (PID=405) to work on /home/airflow/.local/lib/python3.6/site-packages/airflow/example_dags/example_task_group.py
[2021-03-09 20:04:33,434] {scheduler_job.py:629} INFO - Processing file /home/airflow/.local/lib/python3.6/site-packages/airflow/example_dags/example_task_group.py for tasks to queue
[2021-03-09 20:04:33,435] {logging_mixin.py:104} INFO - [2021-03-09 20:04:33,435] {dagbag.py:448} INFO - Filling up the DagBag from /home/airflow/.local/lib/python3.6/site-packages/airflow/example_dags/example_task_group.py
[2021-03-09 20:04:33,452] {scheduler_job.py:639} INFO - DAG(s) dict_keys(['example_task_group']) retrieved from /home/airflow/.local/lib/python3.6/site-packages/airflow/example_dags/example_task_group.py
[2021-03-09 20:04:33,478] {logging_mixin.py:104} INFO - [2021-03-09 20:04:33,478] {dag.py:1818} INFO - Sync 1 DAGs
[2021-03-09 20:04:33,496] {logging_mixin.py:104} INFO - [2021-03-09 20:04:33,495] {dag.py:2273} INFO - Setting next_dagrun for example_task_group to 2021-03-07 00:00:00+00:00
[2021-03-09 20:04:33,507] {scheduler_job.py:190} INFO - Processing /home/airflow/.local/lib/python3.6/site-packages/airflow/example_dags/example_task_group.py took 0.079 seconds
[2021-03-09 20:05:04,452] {scheduler_job.py:182} INFO - Started process (PID=436) to work on /home/airflow/.local/lib/python3.6/site-packages/airflow/example_dags/example_task_group.py
[2021-03-09 20:05:04,457] {scheduler_job.py:629} INFO - Processing file /home/airflow/.local/lib/python3.6/site-packages/airflow/example_dags/example_task_group.py for tasks to queue
[2021-03-09 20:05:04,459] {logging_mixin.py:104} INFO - [2021-03-09 20:05:04,458] {dagbag.py:448} INFO - Filling up the DagBag from /home/airflow/.local/lib/python3.6/site-packages/airflow/example_dags/example_task_group.py
[2021-03-09 20:05:04,475] {scheduler_job.py:639} INFO - DAG(s) dict_keys(['example_task_group']) retrieved from /home/airflow/.local/lib/python3.6/site-packages/airflow/example_dags/example_task_group.py
[2021-03-09 20:05:04,500] {logging_mixin.py:104} INFO - [2021-03-09 20:05:04,500] {dag.py:1818} INFO - Sync 1 DAGs
[2021-03-09 20:05:04,523] {logging_mixin.py:104} INFO - [2021-03-09 20:05:04,522] {dag.py:2273} INFO - Setting next_dagrun for example_task_group to 2021-03-07 00:00:00+00:00
[2021-03-09 20:05:04,539] {scheduler_job.py:190} INFO - Processing /home/airflow/.local/lib/python3.6/site-packages/airflow/example_dags/example_task_group.py took 0.090 seconds
[2021-03-09 20:05:35,281] {scheduler_job.py:182} INFO - Started process (PID=464) to work on /home/airflow/.local/lib/python3.6/site-packages/airflow/example_dags/example_task_group.py
[2021-03-09 20:05:35,282] {scheduler_job.py:629} INFO - Processing file /home/airflow/.local/lib/python3.6/site-packages/airflow/example_dags/example_task_group.py for tasks to queue
[2021-03-09 20:05:35,283] {logging_mixin.py:104} INFO - [2021-03-09 20:05:35,283] {dagbag.py:448} INFO - Filling up the DagBag from /home/airflow/.local/lib/python3.6/site-packages/airflow/example_dags/example_task_group.py
[2021-03-09 20:05:35,299] {scheduler_job.py:639} INFO - DAG(s) dict_keys(['example_task_group']) retrieved from /home/airflow/.local/lib/python3.6/site-packages/airflow/example_dags/example_task_group.py
[2021-03-09 20:05:35,322] {logging_mixin.py:104} INFO - [2021-03-09 20:05:35,322] {dag.py:1818} INFO - Sync 1 DAGs
[2021-03-09 20:05:35,341] {logging_mixin.py:104} INFO - [2021-03-09 20:05:35,340] {dag.py:2273} INFO - Setting next_dagrun for example_task_group to 2021-03-07 00:00:00+00:00
[2021-03-09 20:05:35,351] {scheduler_job.py:190} INFO - Processing /home/airflow/.local/lib/python3.6/site-packages/airflow/example_dags/example_task_group.py took 0.074 seconds
