[2021-03-09 19:51:06,601] {scheduler_job.py:182} INFO - Started process (PID=40) to work on /home/airflow/.local/lib/python3.6/site-packages/airflow/example_dags/example_external_task_marker_dag.py
[2021-03-09 19:51:06,603] {scheduler_job.py:629} INFO - Processing file /home/airflow/.local/lib/python3.6/site-packages/airflow/example_dags/example_external_task_marker_dag.py for tasks to queue
[2021-03-09 19:51:06,604] {logging_mixin.py:104} INFO - [2021-03-09 19:51:06,604] {dagbag.py:448} INFO - Filling up the DagBag from /home/airflow/.local/lib/python3.6/site-packages/airflow/example_dags/example_external_task_marker_dag.py
[2021-03-09 19:51:06,626] {scheduler_job.py:639} INFO - DAG(s) dict_keys(['example_external_task_marker_parent', 'example_external_task_marker_child']) retrieved from /home/airflow/.local/lib/python3.6/site-packages/airflow/example_dags/example_external_task_marker_dag.py
[2021-03-09 19:51:06,697] {logging_mixin.py:104} INFO - [2021-03-09 19:51:06,696] {dag.py:1818} INFO - Sync 2 DAGs
[2021-03-09 19:51:06,720] {logging_mixin.py:104} INFO - [2021-03-09 19:51:06,720] {dag.py:1837} INFO - Creating ORM DAG for example_external_task_marker_child
[2021-03-09 19:51:06,721] {logging_mixin.py:104} INFO - [2021-03-09 19:51:06,721] {dag.py:1837} INFO - Creating ORM DAG for example_external_task_marker_parent
[2021-03-09 19:51:06,730] {logging_mixin.py:104} INFO - [2021-03-09 19:51:06,730] {dag.py:2273} INFO - Setting next_dagrun for example_external_task_marker_child to None
[2021-03-09 19:51:06,731] {logging_mixin.py:104} INFO - [2021-03-09 19:51:06,731] {dag.py:2273} INFO - Setting next_dagrun for example_external_task_marker_parent to None
[2021-03-09 19:51:06,759] {scheduler_job.py:190} INFO - Processing /home/airflow/.local/lib/python3.6/site-packages/airflow/example_dags/example_external_task_marker_dag.py took 0.163 seconds
[2021-03-09 19:51:36,805] {scheduler_job.py:182} INFO - Started process (PID=68) to work on /home/airflow/.local/lib/python3.6/site-packages/airflow/example_dags/example_external_task_marker_dag.py
[2021-03-09 19:51:36,807] {scheduler_job.py:629} INFO - Processing file /home/airflow/.local/lib/python3.6/site-packages/airflow/example_dags/example_external_task_marker_dag.py for tasks to queue
[2021-03-09 19:51:36,808] {logging_mixin.py:104} INFO - [2021-03-09 19:51:36,808] {dagbag.py:448} INFO - Filling up the DagBag from /home/airflow/.local/lib/python3.6/site-packages/airflow/example_dags/example_external_task_marker_dag.py
[2021-03-09 19:51:36,827] {scheduler_job.py:639} INFO - DAG(s) dict_keys(['example_external_task_marker_parent', 'example_external_task_marker_child']) retrieved from /home/airflow/.local/lib/python3.6/site-packages/airflow/example_dags/example_external_task_marker_dag.py
[2021-03-09 19:51:36,853] {logging_mixin.py:104} INFO - [2021-03-09 19:51:36,853] {dag.py:1818} INFO - Sync 2 DAGs
[2021-03-09 19:51:36,871] {logging_mixin.py:104} INFO - [2021-03-09 19:51:36,871] {dag.py:2273} INFO - Setting next_dagrun for example_external_task_marker_child to None
[2021-03-09 19:51:36,872] {logging_mixin.py:104} INFO - [2021-03-09 19:51:36,872] {dag.py:2273} INFO - Setting next_dagrun for example_external_task_marker_parent to None
[2021-03-09 19:51:36,883] {scheduler_job.py:190} INFO - Processing /home/airflow/.local/lib/python3.6/site-packages/airflow/example_dags/example_external_task_marker_dag.py took 0.082 seconds
[2021-03-09 19:52:07,718] {scheduler_job.py:182} INFO - Started process (PID=96) to work on /home/airflow/.local/lib/python3.6/site-packages/airflow/example_dags/example_external_task_marker_dag.py
[2021-03-09 19:52:07,719] {scheduler_job.py:629} INFO - Processing file /home/airflow/.local/lib/python3.6/site-packages/airflow/example_dags/example_external_task_marker_dag.py for tasks to queue
[2021-03-09 19:52:07,721] {logging_mixin.py:104} INFO - [2021-03-09 19:52:07,720] {dagbag.py:448} INFO - Filling up the DagBag from /home/airflow/.local/lib/python3.6/site-packages/airflow/example_dags/example_external_task_marker_dag.py
[2021-03-09 19:52:07,736] {scheduler_job.py:639} INFO - DAG(s) dict_keys(['example_external_task_marker_parent', 'example_external_task_marker_child']) retrieved from /home/airflow/.local/lib/python3.6/site-packages/airflow/example_dags/example_external_task_marker_dag.py
[2021-03-09 19:52:07,767] {logging_mixin.py:104} INFO - [2021-03-09 19:52:07,767] {dag.py:1818} INFO - Sync 2 DAGs
[2021-03-09 19:52:07,785] {logging_mixin.py:104} INFO - [2021-03-09 19:52:07,785] {dag.py:2273} INFO - Setting next_dagrun for example_external_task_marker_child to None
[2021-03-09 19:52:07,786] {logging_mixin.py:104} INFO - [2021-03-09 19:52:07,786] {dag.py:2273} INFO - Setting next_dagrun for example_external_task_marker_parent to None
[2021-03-09 19:52:07,798] {scheduler_job.py:190} INFO - Processing /home/airflow/.local/lib/python3.6/site-packages/airflow/example_dags/example_external_task_marker_dag.py took 0.085 seconds
[2021-03-09 19:52:38,454] {scheduler_job.py:182} INFO - Started process (PID=124) to work on /home/airflow/.local/lib/python3.6/site-packages/airflow/example_dags/example_external_task_marker_dag.py
[2021-03-09 19:52:38,455] {scheduler_job.py:629} INFO - Processing file /home/airflow/.local/lib/python3.6/site-packages/airflow/example_dags/example_external_task_marker_dag.py for tasks to queue
[2021-03-09 19:52:38,457] {logging_mixin.py:104} INFO - [2021-03-09 19:52:38,456] {dagbag.py:448} INFO - Filling up the DagBag from /home/airflow/.local/lib/python3.6/site-packages/airflow/example_dags/example_external_task_marker_dag.py
[2021-03-09 19:52:38,471] {scheduler_job.py:639} INFO - DAG(s) dict_keys(['example_external_task_marker_parent', 'example_external_task_marker_child']) retrieved from /home/airflow/.local/lib/python3.6/site-packages/airflow/example_dags/example_external_task_marker_dag.py
[2021-03-09 19:52:38,500] {logging_mixin.py:104} INFO - [2021-03-09 19:52:38,500] {dag.py:1818} INFO - Sync 2 DAGs
[2021-03-09 19:52:38,515] {logging_mixin.py:104} INFO - [2021-03-09 19:52:38,515] {dag.py:2273} INFO - Setting next_dagrun for example_external_task_marker_child to None
[2021-03-09 19:52:38,517] {logging_mixin.py:104} INFO - [2021-03-09 19:52:38,516] {dag.py:2273} INFO - Setting next_dagrun for example_external_task_marker_parent to None
[2021-03-09 19:52:38,528] {scheduler_job.py:190} INFO - Processing /home/airflow/.local/lib/python3.6/site-packages/airflow/example_dags/example_external_task_marker_dag.py took 0.078 seconds
[2021-03-09 19:53:09,008] {scheduler_job.py:182} INFO - Started process (PID=152) to work on /home/airflow/.local/lib/python3.6/site-packages/airflow/example_dags/example_external_task_marker_dag.py
[2021-03-09 19:53:09,010] {scheduler_job.py:629} INFO - Processing file /home/airflow/.local/lib/python3.6/site-packages/airflow/example_dags/example_external_task_marker_dag.py for tasks to queue
[2021-03-09 19:53:09,011] {logging_mixin.py:104} INFO - [2021-03-09 19:53:09,011] {dagbag.py:448} INFO - Filling up the DagBag from /home/airflow/.local/lib/python3.6/site-packages/airflow/example_dags/example_external_task_marker_dag.py
[2021-03-09 19:53:09,025] {scheduler_job.py:639} INFO - DAG(s) dict_keys(['example_external_task_marker_parent', 'example_external_task_marker_child']) retrieved from /home/airflow/.local/lib/python3.6/site-packages/airflow/example_dags/example_external_task_marker_dag.py
[2021-03-09 19:53:09,053] {logging_mixin.py:104} INFO - [2021-03-09 19:53:09,052] {dag.py:1818} INFO - Sync 2 DAGs
[2021-03-09 19:53:09,071] {logging_mixin.py:104} INFO - [2021-03-09 19:53:09,071] {dag.py:2273} INFO - Setting next_dagrun for example_external_task_marker_child to None
[2021-03-09 19:53:09,072] {logging_mixin.py:104} INFO - [2021-03-09 19:53:09,072] {dag.py:2273} INFO - Setting next_dagrun for example_external_task_marker_parent to None
[2021-03-09 19:53:09,081] {scheduler_job.py:190} INFO - Processing /home/airflow/.local/lib/python3.6/site-packages/airflow/example_dags/example_external_task_marker_dag.py took 0.077 seconds
[2021-03-09 19:53:39,688] {scheduler_job.py:182} INFO - Started process (PID=180) to work on /home/airflow/.local/lib/python3.6/site-packages/airflow/example_dags/example_external_task_marker_dag.py
[2021-03-09 19:53:39,691] {scheduler_job.py:629} INFO - Processing file /home/airflow/.local/lib/python3.6/site-packages/airflow/example_dags/example_external_task_marker_dag.py for tasks to queue
[2021-03-09 19:53:39,692] {logging_mixin.py:104} INFO - [2021-03-09 19:53:39,692] {dagbag.py:448} INFO - Filling up the DagBag from /home/airflow/.local/lib/python3.6/site-packages/airflow/example_dags/example_external_task_marker_dag.py
[2021-03-09 19:53:39,706] {scheduler_job.py:639} INFO - DAG(s) dict_keys(['example_external_task_marker_parent', 'example_external_task_marker_child']) retrieved from /home/airflow/.local/lib/python3.6/site-packages/airflow/example_dags/example_external_task_marker_dag.py
[2021-03-09 19:53:39,732] {logging_mixin.py:104} INFO - [2021-03-09 19:53:39,732] {dag.py:1818} INFO - Sync 2 DAGs
[2021-03-09 19:53:39,750] {logging_mixin.py:104} INFO - [2021-03-09 19:53:39,750] {dag.py:2273} INFO - Setting next_dagrun for example_external_task_marker_child to None
[2021-03-09 19:53:39,751] {logging_mixin.py:104} INFO - [2021-03-09 19:53:39,751] {dag.py:2273} INFO - Setting next_dagrun for example_external_task_marker_parent to None
[2021-03-09 19:53:39,762] {scheduler_job.py:190} INFO - Processing /home/airflow/.local/lib/python3.6/site-packages/airflow/example_dags/example_external_task_marker_dag.py took 0.078 seconds
[2021-03-09 19:54:10,358] {scheduler_job.py:182} INFO - Started process (PID=208) to work on /home/airflow/.local/lib/python3.6/site-packages/airflow/example_dags/example_external_task_marker_dag.py
[2021-03-09 19:54:10,360] {scheduler_job.py:629} INFO - Processing file /home/airflow/.local/lib/python3.6/site-packages/airflow/example_dags/example_external_task_marker_dag.py for tasks to queue
[2021-03-09 19:54:10,361] {logging_mixin.py:104} INFO - [2021-03-09 19:54:10,361] {dagbag.py:448} INFO - Filling up the DagBag from /home/airflow/.local/lib/python3.6/site-packages/airflow/example_dags/example_external_task_marker_dag.py
[2021-03-09 19:54:10,377] {scheduler_job.py:639} INFO - DAG(s) dict_keys(['example_external_task_marker_parent', 'example_external_task_marker_child']) retrieved from /home/airflow/.local/lib/python3.6/site-packages/airflow/example_dags/example_external_task_marker_dag.py
[2021-03-09 19:54:10,429] {logging_mixin.py:104} INFO - [2021-03-09 19:54:10,429] {dag.py:1818} INFO - Sync 2 DAGs
[2021-03-09 19:54:10,447] {logging_mixin.py:104} INFO - [2021-03-09 19:54:10,447] {dag.py:2273} INFO - Setting next_dagrun for example_external_task_marker_child to None
[2021-03-09 19:54:10,448] {logging_mixin.py:104} INFO - [2021-03-09 19:54:10,448] {dag.py:2273} INFO - Setting next_dagrun for example_external_task_marker_parent to None
[2021-03-09 19:54:10,465] {scheduler_job.py:190} INFO - Processing /home/airflow/.local/lib/python3.6/site-packages/airflow/example_dags/example_external_task_marker_dag.py took 0.112 seconds
[2021-03-09 19:54:41,001] {scheduler_job.py:182} INFO - Started process (PID=236) to work on /home/airflow/.local/lib/python3.6/site-packages/airflow/example_dags/example_external_task_marker_dag.py
[2021-03-09 19:54:41,003] {scheduler_job.py:629} INFO - Processing file /home/airflow/.local/lib/python3.6/site-packages/airflow/example_dags/example_external_task_marker_dag.py for tasks to queue
[2021-03-09 19:54:41,005] {logging_mixin.py:104} INFO - [2021-03-09 19:54:41,004] {dagbag.py:448} INFO - Filling up the DagBag from /home/airflow/.local/lib/python3.6/site-packages/airflow/example_dags/example_external_task_marker_dag.py
[2021-03-09 19:54:41,022] {scheduler_job.py:639} INFO - DAG(s) dict_keys(['example_external_task_marker_parent', 'example_external_task_marker_child']) retrieved from /home/airflow/.local/lib/python3.6/site-packages/airflow/example_dags/example_external_task_marker_dag.py
[2021-03-09 19:54:41,062] {logging_mixin.py:104} INFO - [2021-03-09 19:54:41,062] {dag.py:1818} INFO - Sync 2 DAGs
[2021-03-09 19:54:41,085] {logging_mixin.py:104} INFO - [2021-03-09 19:54:41,085] {dag.py:2273} INFO - Setting next_dagrun for example_external_task_marker_child to None
[2021-03-09 19:54:41,087] {logging_mixin.py:104} INFO - [2021-03-09 19:54:41,087] {dag.py:2273} INFO - Setting next_dagrun for example_external_task_marker_parent to None
[2021-03-09 19:54:41,101] {scheduler_job.py:190} INFO - Processing /home/airflow/.local/lib/python3.6/site-packages/airflow/example_dags/example_external_task_marker_dag.py took 0.105 seconds
[2021-03-09 19:55:11,811] {scheduler_job.py:182} INFO - Started process (PID=264) to work on /home/airflow/.local/lib/python3.6/site-packages/airflow/example_dags/example_external_task_marker_dag.py
[2021-03-09 19:55:11,813] {scheduler_job.py:629} INFO - Processing file /home/airflow/.local/lib/python3.6/site-packages/airflow/example_dags/example_external_task_marker_dag.py for tasks to queue
[2021-03-09 19:55:11,814] {logging_mixin.py:104} INFO - [2021-03-09 19:55:11,814] {dagbag.py:448} INFO - Filling up the DagBag from /home/airflow/.local/lib/python3.6/site-packages/airflow/example_dags/example_external_task_marker_dag.py
[2021-03-09 19:55:11,839] {scheduler_job.py:639} INFO - DAG(s) dict_keys(['example_external_task_marker_parent', 'example_external_task_marker_child']) retrieved from /home/airflow/.local/lib/python3.6/site-packages/airflow/example_dags/example_external_task_marker_dag.py
[2021-03-09 19:55:11,891] {logging_mixin.py:104} INFO - [2021-03-09 19:55:11,891] {dag.py:1818} INFO - Sync 2 DAGs
[2021-03-09 19:55:11,921] {logging_mixin.py:104} INFO - [2021-03-09 19:55:11,920] {dag.py:2273} INFO - Setting next_dagrun for example_external_task_marker_child to None
[2021-03-09 19:55:11,923] {logging_mixin.py:104} INFO - [2021-03-09 19:55:11,923] {dag.py:2273} INFO - Setting next_dagrun for example_external_task_marker_parent to None
[2021-03-09 19:55:11,943] {scheduler_job.py:190} INFO - Processing /home/airflow/.local/lib/python3.6/site-packages/airflow/example_dags/example_external_task_marker_dag.py took 0.136 seconds
[2021-03-09 19:57:56,413] {scheduler_job.py:182} INFO - Started process (PID=42) to work on /home/airflow/.local/lib/python3.6/site-packages/airflow/example_dags/example_external_task_marker_dag.py
[2021-03-09 19:57:56,414] {scheduler_job.py:629} INFO - Processing file /home/airflow/.local/lib/python3.6/site-packages/airflow/example_dags/example_external_task_marker_dag.py for tasks to queue
[2021-03-09 19:57:56,415] {logging_mixin.py:104} INFO - [2021-03-09 19:57:56,415] {dagbag.py:448} INFO - Filling up the DagBag from /home/airflow/.local/lib/python3.6/site-packages/airflow/example_dags/example_external_task_marker_dag.py
[2021-03-09 19:57:56,436] {scheduler_job.py:639} INFO - DAG(s) dict_keys(['example_external_task_marker_parent', 'example_external_task_marker_child']) retrieved from /home/airflow/.local/lib/python3.6/site-packages/airflow/example_dags/example_external_task_marker_dag.py
[2021-03-09 19:57:56,477] {logging_mixin.py:104} INFO - [2021-03-09 19:57:56,477] {dag.py:1818} INFO - Sync 2 DAGs
[2021-03-09 19:57:56,491] {logging_mixin.py:104} INFO - [2021-03-09 19:57:56,491] {dag.py:1837} INFO - Creating ORM DAG for example_external_task_marker_child
[2021-03-09 19:57:56,492] {logging_mixin.py:104} INFO - [2021-03-09 19:57:56,492] {dag.py:1837} INFO - Creating ORM DAG for example_external_task_marker_parent
[2021-03-09 19:57:56,500] {logging_mixin.py:104} INFO - [2021-03-09 19:57:56,500] {dag.py:2273} INFO - Setting next_dagrun for example_external_task_marker_child to None
[2021-03-09 19:57:56,502] {logging_mixin.py:104} INFO - [2021-03-09 19:57:56,501] {dag.py:2273} INFO - Setting next_dagrun for example_external_task_marker_parent to None
[2021-03-09 19:57:56,524] {scheduler_job.py:190} INFO - Processing /home/airflow/.local/lib/python3.6/site-packages/airflow/example_dags/example_external_task_marker_dag.py took 0.116 seconds
[2021-03-09 19:58:26,812] {scheduler_job.py:182} INFO - Started process (PID=67) to work on /home/airflow/.local/lib/python3.6/site-packages/airflow/example_dags/example_external_task_marker_dag.py
[2021-03-09 19:58:26,813] {scheduler_job.py:629} INFO - Processing file /home/airflow/.local/lib/python3.6/site-packages/airflow/example_dags/example_external_task_marker_dag.py for tasks to queue
[2021-03-09 19:58:26,814] {logging_mixin.py:104} INFO - [2021-03-09 19:58:26,814] {dagbag.py:448} INFO - Filling up the DagBag from /home/airflow/.local/lib/python3.6/site-packages/airflow/example_dags/example_external_task_marker_dag.py
[2021-03-09 19:58:26,829] {scheduler_job.py:639} INFO - DAG(s) dict_keys(['example_external_task_marker_parent', 'example_external_task_marker_child']) retrieved from /home/airflow/.local/lib/python3.6/site-packages/airflow/example_dags/example_external_task_marker_dag.py
[2021-03-09 19:58:26,860] {logging_mixin.py:104} INFO - [2021-03-09 19:58:26,860] {dag.py:1818} INFO - Sync 2 DAGs
[2021-03-09 19:58:26,877] {logging_mixin.py:104} INFO - [2021-03-09 19:58:26,876] {dag.py:2273} INFO - Setting next_dagrun for example_external_task_marker_child to None
[2021-03-09 19:58:26,877] {logging_mixin.py:104} INFO - [2021-03-09 19:58:26,877] {dag.py:2273} INFO - Setting next_dagrun for example_external_task_marker_parent to None
[2021-03-09 19:58:26,890] {scheduler_job.py:190} INFO - Processing /home/airflow/.local/lib/python3.6/site-packages/airflow/example_dags/example_external_task_marker_dag.py took 0.081 seconds
[2021-03-09 19:58:57,150] {scheduler_job.py:182} INFO - Started process (PID=94) to work on /home/airflow/.local/lib/python3.6/site-packages/airflow/example_dags/example_external_task_marker_dag.py
[2021-03-09 19:58:57,151] {scheduler_job.py:629} INFO - Processing file /home/airflow/.local/lib/python3.6/site-packages/airflow/example_dags/example_external_task_marker_dag.py for tasks to queue
[2021-03-09 19:58:57,152] {logging_mixin.py:104} INFO - [2021-03-09 19:58:57,152] {dagbag.py:448} INFO - Filling up the DagBag from /home/airflow/.local/lib/python3.6/site-packages/airflow/example_dags/example_external_task_marker_dag.py
[2021-03-09 19:58:57,167] {scheduler_job.py:639} INFO - DAG(s) dict_keys(['example_external_task_marker_parent', 'example_external_task_marker_child']) retrieved from /home/airflow/.local/lib/python3.6/site-packages/airflow/example_dags/example_external_task_marker_dag.py
[2021-03-09 19:58:57,198] {logging_mixin.py:104} INFO - [2021-03-09 19:58:57,198] {dag.py:1818} INFO - Sync 2 DAGs
[2021-03-09 19:58:57,217] {logging_mixin.py:104} INFO - [2021-03-09 19:58:57,217] {dag.py:2273} INFO - Setting next_dagrun for example_external_task_marker_child to None
[2021-03-09 19:58:57,219] {logging_mixin.py:104} INFO - [2021-03-09 19:58:57,219] {dag.py:2273} INFO - Setting next_dagrun for example_external_task_marker_parent to None
[2021-03-09 19:58:57,234] {scheduler_job.py:190} INFO - Processing /home/airflow/.local/lib/python3.6/site-packages/airflow/example_dags/example_external_task_marker_dag.py took 0.087 seconds
[2021-03-09 19:59:27,434] {scheduler_job.py:182} INFO - Started process (PID=120) to work on /home/airflow/.local/lib/python3.6/site-packages/airflow/example_dags/example_external_task_marker_dag.py
[2021-03-09 19:59:27,435] {scheduler_job.py:629} INFO - Processing file /home/airflow/.local/lib/python3.6/site-packages/airflow/example_dags/example_external_task_marker_dag.py for tasks to queue
[2021-03-09 19:59:27,436] {logging_mixin.py:104} INFO - [2021-03-09 19:59:27,436] {dagbag.py:448} INFO - Filling up the DagBag from /home/airflow/.local/lib/python3.6/site-packages/airflow/example_dags/example_external_task_marker_dag.py
[2021-03-09 19:59:27,449] {scheduler_job.py:639} INFO - DAG(s) dict_keys(['example_external_task_marker_parent', 'example_external_task_marker_child']) retrieved from /home/airflow/.local/lib/python3.6/site-packages/airflow/example_dags/example_external_task_marker_dag.py
[2021-03-09 19:59:27,476] {logging_mixin.py:104} INFO - [2021-03-09 19:59:27,476] {dag.py:1818} INFO - Sync 2 DAGs
[2021-03-09 19:59:27,493] {logging_mixin.py:104} INFO - [2021-03-09 19:59:27,493] {dag.py:2273} INFO - Setting next_dagrun for example_external_task_marker_child to None
[2021-03-09 19:59:27,495] {logging_mixin.py:104} INFO - [2021-03-09 19:59:27,495] {dag.py:2273} INFO - Setting next_dagrun for example_external_task_marker_parent to None
[2021-03-09 19:59:27,508] {scheduler_job.py:190} INFO - Processing /home/airflow/.local/lib/python3.6/site-packages/airflow/example_dags/example_external_task_marker_dag.py took 0.077 seconds
[2021-03-09 19:59:57,740] {scheduler_job.py:182} INFO - Started process (PID=148) to work on /home/airflow/.local/lib/python3.6/site-packages/airflow/example_dags/example_external_task_marker_dag.py
[2021-03-09 19:59:57,741] {scheduler_job.py:629} INFO - Processing file /home/airflow/.local/lib/python3.6/site-packages/airflow/example_dags/example_external_task_marker_dag.py for tasks to queue
[2021-03-09 19:59:57,742] {logging_mixin.py:104} INFO - [2021-03-09 19:59:57,742] {dagbag.py:448} INFO - Filling up the DagBag from /home/airflow/.local/lib/python3.6/site-packages/airflow/example_dags/example_external_task_marker_dag.py
[2021-03-09 19:59:57,755] {scheduler_job.py:639} INFO - DAG(s) dict_keys(['example_external_task_marker_parent', 'example_external_task_marker_child']) retrieved from /home/airflow/.local/lib/python3.6/site-packages/airflow/example_dags/example_external_task_marker_dag.py
[2021-03-09 19:59:57,788] {logging_mixin.py:104} INFO - [2021-03-09 19:59:57,788] {dag.py:1818} INFO - Sync 2 DAGs
[2021-03-09 19:59:57,805] {logging_mixin.py:104} INFO - [2021-03-09 19:59:57,805] {dag.py:2273} INFO - Setting next_dagrun for example_external_task_marker_child to None
[2021-03-09 19:59:57,806] {logging_mixin.py:104} INFO - [2021-03-09 19:59:57,806] {dag.py:2273} INFO - Setting next_dagrun for example_external_task_marker_parent to None
[2021-03-09 19:59:57,818] {scheduler_job.py:190} INFO - Processing /home/airflow/.local/lib/python3.6/site-packages/airflow/example_dags/example_external_task_marker_dag.py took 0.081 seconds
[2021-03-09 20:00:28,264] {scheduler_job.py:182} INFO - Started process (PID=176) to work on /home/airflow/.local/lib/python3.6/site-packages/airflow/example_dags/example_external_task_marker_dag.py
[2021-03-09 20:00:28,266] {scheduler_job.py:629} INFO - Processing file /home/airflow/.local/lib/python3.6/site-packages/airflow/example_dags/example_external_task_marker_dag.py for tasks to queue
[2021-03-09 20:00:28,267] {logging_mixin.py:104} INFO - [2021-03-09 20:00:28,267] {dagbag.py:448} INFO - Filling up the DagBag from /home/airflow/.local/lib/python3.6/site-packages/airflow/example_dags/example_external_task_marker_dag.py
[2021-03-09 20:00:28,282] {scheduler_job.py:639} INFO - DAG(s) dict_keys(['example_external_task_marker_parent', 'example_external_task_marker_child']) retrieved from /home/airflow/.local/lib/python3.6/site-packages/airflow/example_dags/example_external_task_marker_dag.py
[2021-03-09 20:00:28,312] {logging_mixin.py:104} INFO - [2021-03-09 20:00:28,312] {dag.py:1818} INFO - Sync 2 DAGs
[2021-03-09 20:00:28,331] {logging_mixin.py:104} INFO - [2021-03-09 20:00:28,331] {dag.py:2273} INFO - Setting next_dagrun for example_external_task_marker_child to None
[2021-03-09 20:00:28,333] {logging_mixin.py:104} INFO - [2021-03-09 20:00:28,333] {dag.py:2273} INFO - Setting next_dagrun for example_external_task_marker_parent to None
[2021-03-09 20:00:28,346] {scheduler_job.py:190} INFO - Processing /home/airflow/.local/lib/python3.6/site-packages/airflow/example_dags/example_external_task_marker_dag.py took 0.086 seconds
[2021-03-09 20:00:58,697] {scheduler_job.py:182} INFO - Started process (PID=202) to work on /home/airflow/.local/lib/python3.6/site-packages/airflow/example_dags/example_external_task_marker_dag.py
[2021-03-09 20:00:58,699] {scheduler_job.py:629} INFO - Processing file /home/airflow/.local/lib/python3.6/site-packages/airflow/example_dags/example_external_task_marker_dag.py for tasks to queue
[2021-03-09 20:00:58,699] {logging_mixin.py:104} INFO - [2021-03-09 20:00:58,699] {dagbag.py:448} INFO - Filling up the DagBag from /home/airflow/.local/lib/python3.6/site-packages/airflow/example_dags/example_external_task_marker_dag.py
[2021-03-09 20:00:58,714] {scheduler_job.py:639} INFO - DAG(s) dict_keys(['example_external_task_marker_parent', 'example_external_task_marker_child']) retrieved from /home/airflow/.local/lib/python3.6/site-packages/airflow/example_dags/example_external_task_marker_dag.py
[2021-03-09 20:00:58,749] {logging_mixin.py:104} INFO - [2021-03-09 20:00:58,749] {dag.py:1818} INFO - Sync 2 DAGs
[2021-03-09 20:00:58,772] {logging_mixin.py:104} INFO - [2021-03-09 20:00:58,772] {dag.py:2273} INFO - Setting next_dagrun for example_external_task_marker_child to None
[2021-03-09 20:00:58,775] {logging_mixin.py:104} INFO - [2021-03-09 20:00:58,774] {dag.py:2273} INFO - Setting next_dagrun for example_external_task_marker_parent to None
[2021-03-09 20:00:58,798] {scheduler_job.py:190} INFO - Processing /home/airflow/.local/lib/python3.6/site-packages/airflow/example_dags/example_external_task_marker_dag.py took 0.105 seconds
[2021-03-09 20:01:29,193] {scheduler_job.py:182} INFO - Started process (PID=230) to work on /home/airflow/.local/lib/python3.6/site-packages/airflow/example_dags/example_external_task_marker_dag.py
[2021-03-09 20:01:29,197] {scheduler_job.py:629} INFO - Processing file /home/airflow/.local/lib/python3.6/site-packages/airflow/example_dags/example_external_task_marker_dag.py for tasks to queue
[2021-03-09 20:01:29,200] {logging_mixin.py:104} INFO - [2021-03-09 20:01:29,200] {dagbag.py:448} INFO - Filling up the DagBag from /home/airflow/.local/lib/python3.6/site-packages/airflow/example_dags/example_external_task_marker_dag.py
[2021-03-09 20:01:29,219] {scheduler_job.py:639} INFO - DAG(s) dict_keys(['example_external_task_marker_parent', 'example_external_task_marker_child']) retrieved from /home/airflow/.local/lib/python3.6/site-packages/airflow/example_dags/example_external_task_marker_dag.py
[2021-03-09 20:01:29,258] {logging_mixin.py:104} INFO - [2021-03-09 20:01:29,258] {dag.py:1818} INFO - Sync 2 DAGs
[2021-03-09 20:01:29,285] {logging_mixin.py:104} INFO - [2021-03-09 20:01:29,284] {dag.py:2273} INFO - Setting next_dagrun for example_external_task_marker_child to None
[2021-03-09 20:01:29,286] {logging_mixin.py:104} INFO - [2021-03-09 20:01:29,286] {dag.py:2273} INFO - Setting next_dagrun for example_external_task_marker_parent to None
[2021-03-09 20:01:29,302] {scheduler_job.py:190} INFO - Processing /home/airflow/.local/lib/python3.6/site-packages/airflow/example_dags/example_external_task_marker_dag.py took 0.114 seconds
[2021-03-09 20:01:59,522] {scheduler_job.py:182} INFO - Started process (PID=254) to work on /home/airflow/.local/lib/python3.6/site-packages/airflow/example_dags/example_external_task_marker_dag.py
[2021-03-09 20:01:59,524] {scheduler_job.py:629} INFO - Processing file /home/airflow/.local/lib/python3.6/site-packages/airflow/example_dags/example_external_task_marker_dag.py for tasks to queue
[2021-03-09 20:01:59,525] {logging_mixin.py:104} INFO - [2021-03-09 20:01:59,525] {dagbag.py:448} INFO - Filling up the DagBag from /home/airflow/.local/lib/python3.6/site-packages/airflow/example_dags/example_external_task_marker_dag.py
[2021-03-09 20:01:59,541] {scheduler_job.py:639} INFO - DAG(s) dict_keys(['example_external_task_marker_parent', 'example_external_task_marker_child']) retrieved from /home/airflow/.local/lib/python3.6/site-packages/airflow/example_dags/example_external_task_marker_dag.py
[2021-03-09 20:01:59,575] {logging_mixin.py:104} INFO - [2021-03-09 20:01:59,574] {dag.py:1818} INFO - Sync 2 DAGs
[2021-03-09 20:01:59,599] {logging_mixin.py:104} INFO - [2021-03-09 20:01:59,599] {dag.py:2273} INFO - Setting next_dagrun for example_external_task_marker_child to None
[2021-03-09 20:01:59,600] {logging_mixin.py:104} INFO - [2021-03-09 20:01:59,600] {dag.py:2273} INFO - Setting next_dagrun for example_external_task_marker_parent to None
[2021-03-09 20:01:59,614] {scheduler_job.py:190} INFO - Processing /home/airflow/.local/lib/python3.6/site-packages/airflow/example_dags/example_external_task_marker_dag.py took 0.096 seconds
[2021-03-09 20:02:30,471] {scheduler_job.py:182} INFO - Started process (PID=283) to work on /home/airflow/.local/lib/python3.6/site-packages/airflow/example_dags/example_external_task_marker_dag.py
[2021-03-09 20:02:30,473] {scheduler_job.py:629} INFO - Processing file /home/airflow/.local/lib/python3.6/site-packages/airflow/example_dags/example_external_task_marker_dag.py for tasks to queue
[2021-03-09 20:02:30,474] {logging_mixin.py:104} INFO - [2021-03-09 20:02:30,473] {dagbag.py:448} INFO - Filling up the DagBag from /home/airflow/.local/lib/python3.6/site-packages/airflow/example_dags/example_external_task_marker_dag.py
[2021-03-09 20:02:30,488] {scheduler_job.py:639} INFO - DAG(s) dict_keys(['example_external_task_marker_parent', 'example_external_task_marker_child']) retrieved from /home/airflow/.local/lib/python3.6/site-packages/airflow/example_dags/example_external_task_marker_dag.py
[2021-03-09 20:02:30,522] {logging_mixin.py:104} INFO - [2021-03-09 20:02:30,522] {dag.py:1818} INFO - Sync 2 DAGs
[2021-03-09 20:02:30,538] {logging_mixin.py:104} INFO - [2021-03-09 20:02:30,538] {dag.py:2273} INFO - Setting next_dagrun for example_external_task_marker_child to None
[2021-03-09 20:02:30,539] {logging_mixin.py:104} INFO - [2021-03-09 20:02:30,539] {dag.py:2273} INFO - Setting next_dagrun for example_external_task_marker_parent to None
[2021-03-09 20:02:30,552] {scheduler_job.py:190} INFO - Processing /home/airflow/.local/lib/python3.6/site-packages/airflow/example_dags/example_external_task_marker_dag.py took 0.084 seconds
[2021-03-09 20:03:01,264] {scheduler_job.py:182} INFO - Started process (PID=311) to work on /home/airflow/.local/lib/python3.6/site-packages/airflow/example_dags/example_external_task_marker_dag.py
[2021-03-09 20:03:01,266] {scheduler_job.py:629} INFO - Processing file /home/airflow/.local/lib/python3.6/site-packages/airflow/example_dags/example_external_task_marker_dag.py for tasks to queue
[2021-03-09 20:03:01,267] {logging_mixin.py:104} INFO - [2021-03-09 20:03:01,267] {dagbag.py:448} INFO - Filling up the DagBag from /home/airflow/.local/lib/python3.6/site-packages/airflow/example_dags/example_external_task_marker_dag.py
[2021-03-09 20:03:01,280] {scheduler_job.py:639} INFO - DAG(s) dict_keys(['example_external_task_marker_parent', 'example_external_task_marker_child']) retrieved from /home/airflow/.local/lib/python3.6/site-packages/airflow/example_dags/example_external_task_marker_dag.py
[2021-03-09 20:03:01,313] {logging_mixin.py:104} INFO - [2021-03-09 20:03:01,313] {dag.py:1818} INFO - Sync 2 DAGs
[2021-03-09 20:03:01,332] {logging_mixin.py:104} INFO - [2021-03-09 20:03:01,331] {dag.py:2273} INFO - Setting next_dagrun for example_external_task_marker_child to None
[2021-03-09 20:03:01,333] {logging_mixin.py:104} INFO - [2021-03-09 20:03:01,333] {dag.py:2273} INFO - Setting next_dagrun for example_external_task_marker_parent to None
[2021-03-09 20:03:01,345] {scheduler_job.py:190} INFO - Processing /home/airflow/.local/lib/python3.6/site-packages/airflow/example_dags/example_external_task_marker_dag.py took 0.085 seconds
[2021-03-09 20:03:31,760] {scheduler_job.py:182} INFO - Started process (PID=339) to work on /home/airflow/.local/lib/python3.6/site-packages/airflow/example_dags/example_external_task_marker_dag.py
[2021-03-09 20:03:31,761] {scheduler_job.py:629} INFO - Processing file /home/airflow/.local/lib/python3.6/site-packages/airflow/example_dags/example_external_task_marker_dag.py for tasks to queue
[2021-03-09 20:03:31,762] {logging_mixin.py:104} INFO - [2021-03-09 20:03:31,762] {dagbag.py:448} INFO - Filling up the DagBag from /home/airflow/.local/lib/python3.6/site-packages/airflow/example_dags/example_external_task_marker_dag.py
[2021-03-09 20:03:31,777] {scheduler_job.py:639} INFO - DAG(s) dict_keys(['example_external_task_marker_parent', 'example_external_task_marker_child']) retrieved from /home/airflow/.local/lib/python3.6/site-packages/airflow/example_dags/example_external_task_marker_dag.py
[2021-03-09 20:03:31,807] {logging_mixin.py:104} INFO - [2021-03-09 20:03:31,807] {dag.py:1818} INFO - Sync 2 DAGs
[2021-03-09 20:03:31,823] {logging_mixin.py:104} INFO - [2021-03-09 20:03:31,823] {dag.py:2273} INFO - Setting next_dagrun for example_external_task_marker_child to None
[2021-03-09 20:03:31,824] {logging_mixin.py:104} INFO - [2021-03-09 20:03:31,824] {dag.py:2273} INFO - Setting next_dagrun for example_external_task_marker_parent to None
[2021-03-09 20:03:31,837] {scheduler_job.py:190} INFO - Processing /home/airflow/.local/lib/python3.6/site-packages/airflow/example_dags/example_external_task_marker_dag.py took 0.081 seconds
[2021-03-09 20:04:02,371] {scheduler_job.py:182} INFO - Started process (PID=367) to work on /home/airflow/.local/lib/python3.6/site-packages/airflow/example_dags/example_external_task_marker_dag.py
[2021-03-09 20:04:02,372] {scheduler_job.py:629} INFO - Processing file /home/airflow/.local/lib/python3.6/site-packages/airflow/example_dags/example_external_task_marker_dag.py for tasks to queue
[2021-03-09 20:04:02,372] {logging_mixin.py:104} INFO - [2021-03-09 20:04:02,372] {dagbag.py:448} INFO - Filling up the DagBag from /home/airflow/.local/lib/python3.6/site-packages/airflow/example_dags/example_external_task_marker_dag.py
[2021-03-09 20:04:02,385] {scheduler_job.py:639} INFO - DAG(s) dict_keys(['example_external_task_marker_parent', 'example_external_task_marker_child']) retrieved from /home/airflow/.local/lib/python3.6/site-packages/airflow/example_dags/example_external_task_marker_dag.py
[2021-03-09 20:04:02,411] {logging_mixin.py:104} INFO - [2021-03-09 20:04:02,411] {dag.py:1818} INFO - Sync 2 DAGs
[2021-03-09 20:04:02,427] {logging_mixin.py:104} INFO - [2021-03-09 20:04:02,427] {dag.py:2273} INFO - Setting next_dagrun for example_external_task_marker_child to None
[2021-03-09 20:04:02,428] {logging_mixin.py:104} INFO - [2021-03-09 20:04:02,427] {dag.py:2273} INFO - Setting next_dagrun for example_external_task_marker_parent to None
[2021-03-09 20:04:02,438] {scheduler_job.py:190} INFO - Processing /home/airflow/.local/lib/python3.6/site-packages/airflow/example_dags/example_external_task_marker_dag.py took 0.071 seconds
[2021-03-09 20:04:32,907] {scheduler_job.py:182} INFO - Started process (PID=395) to work on /home/airflow/.local/lib/python3.6/site-packages/airflow/example_dags/example_external_task_marker_dag.py
[2021-03-09 20:04:32,908] {scheduler_job.py:629} INFO - Processing file /home/airflow/.local/lib/python3.6/site-packages/airflow/example_dags/example_external_task_marker_dag.py for tasks to queue
[2021-03-09 20:04:32,909] {logging_mixin.py:104} INFO - [2021-03-09 20:04:32,909] {dagbag.py:448} INFO - Filling up the DagBag from /home/airflow/.local/lib/python3.6/site-packages/airflow/example_dags/example_external_task_marker_dag.py
[2021-03-09 20:04:32,923] {scheduler_job.py:639} INFO - DAG(s) dict_keys(['example_external_task_marker_parent', 'example_external_task_marker_child']) retrieved from /home/airflow/.local/lib/python3.6/site-packages/airflow/example_dags/example_external_task_marker_dag.py
[2021-03-09 20:04:32,956] {logging_mixin.py:104} INFO - [2021-03-09 20:04:32,956] {dag.py:1818} INFO - Sync 2 DAGs
[2021-03-09 20:04:32,978] {logging_mixin.py:104} INFO - [2021-03-09 20:04:32,978] {dag.py:2273} INFO - Setting next_dagrun for example_external_task_marker_child to None
[2021-03-09 20:04:32,979] {logging_mixin.py:104} INFO - [2021-03-09 20:04:32,979] {dag.py:2273} INFO - Setting next_dagrun for example_external_task_marker_parent to None
[2021-03-09 20:04:32,991] {scheduler_job.py:190} INFO - Processing /home/airflow/.local/lib/python3.6/site-packages/airflow/example_dags/example_external_task_marker_dag.py took 0.088 seconds
[2021-03-09 20:05:03,452] {scheduler_job.py:182} INFO - Started process (PID=423) to work on /home/airflow/.local/lib/python3.6/site-packages/airflow/example_dags/example_external_task_marker_dag.py
[2021-03-09 20:05:03,458] {scheduler_job.py:629} INFO - Processing file /home/airflow/.local/lib/python3.6/site-packages/airflow/example_dags/example_external_task_marker_dag.py for tasks to queue
[2021-03-09 20:05:03,459] {logging_mixin.py:104} INFO - [2021-03-09 20:05:03,459] {dagbag.py:448} INFO - Filling up the DagBag from /home/airflow/.local/lib/python3.6/site-packages/airflow/example_dags/example_external_task_marker_dag.py
[2021-03-09 20:05:03,485] {scheduler_job.py:639} INFO - DAG(s) dict_keys(['example_external_task_marker_parent', 'example_external_task_marker_child']) retrieved from /home/airflow/.local/lib/python3.6/site-packages/airflow/example_dags/example_external_task_marker_dag.py
[2021-03-09 20:05:03,540] {logging_mixin.py:104} INFO - [2021-03-09 20:05:03,539] {dag.py:1818} INFO - Sync 2 DAGs
[2021-03-09 20:05:03,566] {logging_mixin.py:104} INFO - [2021-03-09 20:05:03,566] {dag.py:2273} INFO - Setting next_dagrun for example_external_task_marker_child to None
[2021-03-09 20:05:03,568] {logging_mixin.py:104} INFO - [2021-03-09 20:05:03,568] {dag.py:2273} INFO - Setting next_dagrun for example_external_task_marker_parent to None
[2021-03-09 20:05:03,593] {scheduler_job.py:190} INFO - Processing /home/airflow/.local/lib/python3.6/site-packages/airflow/example_dags/example_external_task_marker_dag.py took 0.147 seconds
[2021-03-09 20:05:33,666] {scheduler_job.py:182} INFO - Started process (PID=451) to work on /home/airflow/.local/lib/python3.6/site-packages/airflow/example_dags/example_external_task_marker_dag.py
[2021-03-09 20:05:33,668] {scheduler_job.py:629} INFO - Processing file /home/airflow/.local/lib/python3.6/site-packages/airflow/example_dags/example_external_task_marker_dag.py for tasks to queue
[2021-03-09 20:05:33,669] {logging_mixin.py:104} INFO - [2021-03-09 20:05:33,669] {dagbag.py:448} INFO - Filling up the DagBag from /home/airflow/.local/lib/python3.6/site-packages/airflow/example_dags/example_external_task_marker_dag.py
[2021-03-09 20:05:33,681] {scheduler_job.py:639} INFO - DAG(s) dict_keys(['example_external_task_marker_parent', 'example_external_task_marker_child']) retrieved from /home/airflow/.local/lib/python3.6/site-packages/airflow/example_dags/example_external_task_marker_dag.py
[2021-03-09 20:05:33,710] {logging_mixin.py:104} INFO - [2021-03-09 20:05:33,710] {dag.py:1818} INFO - Sync 2 DAGs
[2021-03-09 20:05:33,731] {logging_mixin.py:104} INFO - [2021-03-09 20:05:33,731] {dag.py:2273} INFO - Setting next_dagrun for example_external_task_marker_child to None
[2021-03-09 20:05:33,732] {logging_mixin.py:104} INFO - [2021-03-09 20:05:33,732] {dag.py:2273} INFO - Setting next_dagrun for example_external_task_marker_parent to None
[2021-03-09 20:05:33,742] {scheduler_job.py:190} INFO - Processing /home/airflow/.local/lib/python3.6/site-packages/airflow/example_dags/example_external_task_marker_dag.py took 0.080 seconds
