[2021-03-09 19:51:05,863] {scheduler_job.py:182} INFO - Started process (PID=30) to work on /home/airflow/.local/lib/python3.6/site-packages/airflow/example_dags/tutorial_etl_dag.py
[2021-03-09 19:51:05,867] {scheduler_job.py:629} INFO - Processing file /home/airflow/.local/lib/python3.6/site-packages/airflow/example_dags/tutorial_etl_dag.py for tasks to queue
[2021-03-09 19:51:05,869] {logging_mixin.py:104} INFO - [2021-03-09 19:51:05,868] {dagbag.py:448} INFO - Filling up the DagBag from /home/airflow/.local/lib/python3.6/site-packages/airflow/example_dags/tutorial_etl_dag.py
[2021-03-09 19:51:05,911] {scheduler_job.py:639} INFO - DAG(s) dict_keys(['tutorial_etl_dag']) retrieved from /home/airflow/.local/lib/python3.6/site-packages/airflow/example_dags/tutorial_etl_dag.py
[2021-03-09 19:51:05,944] {logging_mixin.py:104} INFO - [2021-03-09 19:51:05,944] {dag.py:1818} INFO - Sync 1 DAGs
[2021-03-09 19:51:05,958] {logging_mixin.py:104} INFO - [2021-03-09 19:51:05,958] {dag.py:1837} INFO - Creating ORM DAG for tutorial_etl_dag
[2021-03-09 19:51:05,967] {logging_mixin.py:104} INFO - [2021-03-09 19:51:05,967] {dag.py:2273} INFO - Setting next_dagrun for tutorial_etl_dag to None
[2021-03-09 19:51:05,998] {scheduler_job.py:190} INFO - Processing /home/airflow/.local/lib/python3.6/site-packages/airflow/example_dags/tutorial_etl_dag.py took 0.140 seconds
[2021-03-09 19:51:36,381] {scheduler_job.py:182} INFO - Started process (PID=59) to work on /home/airflow/.local/lib/python3.6/site-packages/airflow/example_dags/tutorial_etl_dag.py
[2021-03-09 19:51:36,383] {scheduler_job.py:629} INFO - Processing file /home/airflow/.local/lib/python3.6/site-packages/airflow/example_dags/tutorial_etl_dag.py for tasks to queue
[2021-03-09 19:51:36,384] {logging_mixin.py:104} INFO - [2021-03-09 19:51:36,384] {dagbag.py:448} INFO - Filling up the DagBag from /home/airflow/.local/lib/python3.6/site-packages/airflow/example_dags/tutorial_etl_dag.py
[2021-03-09 19:51:36,399] {scheduler_job.py:639} INFO - DAG(s) dict_keys(['tutorial_etl_dag']) retrieved from /home/airflow/.local/lib/python3.6/site-packages/airflow/example_dags/tutorial_etl_dag.py
[2021-03-09 19:51:36,424] {logging_mixin.py:104} INFO - [2021-03-09 19:51:36,424] {dag.py:1818} INFO - Sync 1 DAGs
[2021-03-09 19:51:36,445] {logging_mixin.py:104} INFO - [2021-03-09 19:51:36,445] {dag.py:2273} INFO - Setting next_dagrun for tutorial_etl_dag to None
[2021-03-09 19:51:36,459] {scheduler_job.py:190} INFO - Processing /home/airflow/.local/lib/python3.6/site-packages/airflow/example_dags/tutorial_etl_dag.py took 0.082 seconds
[2021-03-09 19:52:07,266] {scheduler_job.py:182} INFO - Started process (PID=87) to work on /home/airflow/.local/lib/python3.6/site-packages/airflow/example_dags/tutorial_etl_dag.py
[2021-03-09 19:52:07,267] {scheduler_job.py:629} INFO - Processing file /home/airflow/.local/lib/python3.6/site-packages/airflow/example_dags/tutorial_etl_dag.py for tasks to queue
[2021-03-09 19:52:07,268] {logging_mixin.py:104} INFO - [2021-03-09 19:52:07,268] {dagbag.py:448} INFO - Filling up the DagBag from /home/airflow/.local/lib/python3.6/site-packages/airflow/example_dags/tutorial_etl_dag.py
[2021-03-09 19:52:07,280] {scheduler_job.py:639} INFO - DAG(s) dict_keys(['tutorial_etl_dag']) retrieved from /home/airflow/.local/lib/python3.6/site-packages/airflow/example_dags/tutorial_etl_dag.py
[2021-03-09 19:52:07,300] {logging_mixin.py:104} INFO - [2021-03-09 19:52:07,300] {dag.py:1818} INFO - Sync 1 DAGs
[2021-03-09 19:52:07,319] {logging_mixin.py:104} INFO - [2021-03-09 19:52:07,319] {dag.py:2273} INFO - Setting next_dagrun for tutorial_etl_dag to None
[2021-03-09 19:52:07,329] {scheduler_job.py:190} INFO - Processing /home/airflow/.local/lib/python3.6/site-packages/airflow/example_dags/tutorial_etl_dag.py took 0.067 seconds
[2021-03-09 19:52:38,077] {scheduler_job.py:182} INFO - Started process (PID=115) to work on /home/airflow/.local/lib/python3.6/site-packages/airflow/example_dags/tutorial_etl_dag.py
[2021-03-09 19:52:38,079] {scheduler_job.py:629} INFO - Processing file /home/airflow/.local/lib/python3.6/site-packages/airflow/example_dags/tutorial_etl_dag.py for tasks to queue
[2021-03-09 19:52:38,080] {logging_mixin.py:104} INFO - [2021-03-09 19:52:38,079] {dagbag.py:448} INFO - Filling up the DagBag from /home/airflow/.local/lib/python3.6/site-packages/airflow/example_dags/tutorial_etl_dag.py
[2021-03-09 19:52:38,095] {scheduler_job.py:639} INFO - DAG(s) dict_keys(['tutorial_etl_dag']) retrieved from /home/airflow/.local/lib/python3.6/site-packages/airflow/example_dags/tutorial_etl_dag.py
[2021-03-09 19:52:38,124] {logging_mixin.py:104} INFO - [2021-03-09 19:52:38,124] {dag.py:1818} INFO - Sync 1 DAGs
[2021-03-09 19:52:38,147] {logging_mixin.py:104} INFO - [2021-03-09 19:52:38,146] {dag.py:2273} INFO - Setting next_dagrun for tutorial_etl_dag to None
[2021-03-09 19:52:38,158] {scheduler_job.py:190} INFO - Processing /home/airflow/.local/lib/python3.6/site-packages/airflow/example_dags/tutorial_etl_dag.py took 0.085 seconds
[2021-03-09 19:53:08,589] {scheduler_job.py:182} INFO - Started process (PID=143) to work on /home/airflow/.local/lib/python3.6/site-packages/airflow/example_dags/tutorial_etl_dag.py
[2021-03-09 19:53:08,591] {scheduler_job.py:629} INFO - Processing file /home/airflow/.local/lib/python3.6/site-packages/airflow/example_dags/tutorial_etl_dag.py for tasks to queue
[2021-03-09 19:53:08,592] {logging_mixin.py:104} INFO - [2021-03-09 19:53:08,592] {dagbag.py:448} INFO - Filling up the DagBag from /home/airflow/.local/lib/python3.6/site-packages/airflow/example_dags/tutorial_etl_dag.py
[2021-03-09 19:53:08,613] {scheduler_job.py:639} INFO - DAG(s) dict_keys(['tutorial_etl_dag']) retrieved from /home/airflow/.local/lib/python3.6/site-packages/airflow/example_dags/tutorial_etl_dag.py
[2021-03-09 19:53:08,639] {logging_mixin.py:104} INFO - [2021-03-09 19:53:08,638] {dag.py:1818} INFO - Sync 1 DAGs
[2021-03-09 19:53:08,658] {logging_mixin.py:104} INFO - [2021-03-09 19:53:08,658] {dag.py:2273} INFO - Setting next_dagrun for tutorial_etl_dag to None
[2021-03-09 19:53:08,668] {scheduler_job.py:190} INFO - Processing /home/airflow/.local/lib/python3.6/site-packages/airflow/example_dags/tutorial_etl_dag.py took 0.082 seconds
[2021-03-09 19:53:39,296] {scheduler_job.py:182} INFO - Started process (PID=171) to work on /home/airflow/.local/lib/python3.6/site-packages/airflow/example_dags/tutorial_etl_dag.py
[2021-03-09 19:53:39,298] {scheduler_job.py:629} INFO - Processing file /home/airflow/.local/lib/python3.6/site-packages/airflow/example_dags/tutorial_etl_dag.py for tasks to queue
[2021-03-09 19:53:39,299] {logging_mixin.py:104} INFO - [2021-03-09 19:53:39,299] {dagbag.py:448} INFO - Filling up the DagBag from /home/airflow/.local/lib/python3.6/site-packages/airflow/example_dags/tutorial_etl_dag.py
[2021-03-09 19:53:39,318] {scheduler_job.py:639} INFO - DAG(s) dict_keys(['tutorial_etl_dag']) retrieved from /home/airflow/.local/lib/python3.6/site-packages/airflow/example_dags/tutorial_etl_dag.py
[2021-03-09 19:53:39,349] {logging_mixin.py:104} INFO - [2021-03-09 19:53:39,349] {dag.py:1818} INFO - Sync 1 DAGs
[2021-03-09 19:53:39,372] {logging_mixin.py:104} INFO - [2021-03-09 19:53:39,372] {dag.py:2273} INFO - Setting next_dagrun for tutorial_etl_dag to None
[2021-03-09 19:53:39,383] {scheduler_job.py:190} INFO - Processing /home/airflow/.local/lib/python3.6/site-packages/airflow/example_dags/tutorial_etl_dag.py took 0.092 seconds
[2021-03-09 19:54:09,873] {scheduler_job.py:182} INFO - Started process (PID=199) to work on /home/airflow/.local/lib/python3.6/site-packages/airflow/example_dags/tutorial_etl_dag.py
[2021-03-09 19:54:09,875] {scheduler_job.py:629} INFO - Processing file /home/airflow/.local/lib/python3.6/site-packages/airflow/example_dags/tutorial_etl_dag.py for tasks to queue
[2021-03-09 19:54:09,876] {logging_mixin.py:104} INFO - [2021-03-09 19:54:09,876] {dagbag.py:448} INFO - Filling up the DagBag from /home/airflow/.local/lib/python3.6/site-packages/airflow/example_dags/tutorial_etl_dag.py
[2021-03-09 19:54:09,892] {scheduler_job.py:639} INFO - DAG(s) dict_keys(['tutorial_etl_dag']) retrieved from /home/airflow/.local/lib/python3.6/site-packages/airflow/example_dags/tutorial_etl_dag.py
[2021-03-09 19:54:09,917] {logging_mixin.py:104} INFO - [2021-03-09 19:54:09,917] {dag.py:1818} INFO - Sync 1 DAGs
[2021-03-09 19:54:09,936] {logging_mixin.py:104} INFO - [2021-03-09 19:54:09,936] {dag.py:2273} INFO - Setting next_dagrun for tutorial_etl_dag to None
[2021-03-09 19:54:09,947] {scheduler_job.py:190} INFO - Processing /home/airflow/.local/lib/python3.6/site-packages/airflow/example_dags/tutorial_etl_dag.py took 0.079 seconds
[2021-03-09 19:54:40,584] {scheduler_job.py:182} INFO - Started process (PID=227) to work on /home/airflow/.local/lib/python3.6/site-packages/airflow/example_dags/tutorial_etl_dag.py
[2021-03-09 19:54:40,585] {scheduler_job.py:629} INFO - Processing file /home/airflow/.local/lib/python3.6/site-packages/airflow/example_dags/tutorial_etl_dag.py for tasks to queue
[2021-03-09 19:54:40,586] {logging_mixin.py:104} INFO - [2021-03-09 19:54:40,586] {dagbag.py:448} INFO - Filling up the DagBag from /home/airflow/.local/lib/python3.6/site-packages/airflow/example_dags/tutorial_etl_dag.py
[2021-03-09 19:54:40,603] {scheduler_job.py:639} INFO - DAG(s) dict_keys(['tutorial_etl_dag']) retrieved from /home/airflow/.local/lib/python3.6/site-packages/airflow/example_dags/tutorial_etl_dag.py
[2021-03-09 19:54:40,629] {logging_mixin.py:104} INFO - [2021-03-09 19:54:40,629] {dag.py:1818} INFO - Sync 1 DAGs
[2021-03-09 19:54:40,651] {logging_mixin.py:104} INFO - [2021-03-09 19:54:40,650] {dag.py:2273} INFO - Setting next_dagrun for tutorial_etl_dag to None
[2021-03-09 19:54:40,662] {scheduler_job.py:190} INFO - Processing /home/airflow/.local/lib/python3.6/site-packages/airflow/example_dags/tutorial_etl_dag.py took 0.084 seconds
[2021-03-09 19:55:11,258] {scheduler_job.py:182} INFO - Started process (PID=255) to work on /home/airflow/.local/lib/python3.6/site-packages/airflow/example_dags/tutorial_etl_dag.py
[2021-03-09 19:55:11,259] {scheduler_job.py:629} INFO - Processing file /home/airflow/.local/lib/python3.6/site-packages/airflow/example_dags/tutorial_etl_dag.py for tasks to queue
[2021-03-09 19:55:11,260] {logging_mixin.py:104} INFO - [2021-03-09 19:55:11,260] {dagbag.py:448} INFO - Filling up the DagBag from /home/airflow/.local/lib/python3.6/site-packages/airflow/example_dags/tutorial_etl_dag.py
[2021-03-09 19:55:11,275] {scheduler_job.py:639} INFO - DAG(s) dict_keys(['tutorial_etl_dag']) retrieved from /home/airflow/.local/lib/python3.6/site-packages/airflow/example_dags/tutorial_etl_dag.py
[2021-03-09 19:55:11,297] {logging_mixin.py:104} INFO - [2021-03-09 19:55:11,297] {dag.py:1818} INFO - Sync 1 DAGs
[2021-03-09 19:55:11,314] {logging_mixin.py:104} INFO - [2021-03-09 19:55:11,314] {dag.py:2273} INFO - Setting next_dagrun for tutorial_etl_dag to None
[2021-03-09 19:55:11,326] {scheduler_job.py:190} INFO - Processing /home/airflow/.local/lib/python3.6/site-packages/airflow/example_dags/tutorial_etl_dag.py took 0.074 seconds
[2021-03-09 19:57:56,186] {scheduler_job.py:182} INFO - Started process (PID=38) to work on /home/airflow/.local/lib/python3.6/site-packages/airflow/example_dags/tutorial_etl_dag.py
[2021-03-09 19:57:56,189] {scheduler_job.py:629} INFO - Processing file /home/airflow/.local/lib/python3.6/site-packages/airflow/example_dags/tutorial_etl_dag.py for tasks to queue
[2021-03-09 19:57:56,190] {logging_mixin.py:104} INFO - [2021-03-09 19:57:56,190] {dagbag.py:448} INFO - Filling up the DagBag from /home/airflow/.local/lib/python3.6/site-packages/airflow/example_dags/tutorial_etl_dag.py
[2021-03-09 19:57:56,211] {scheduler_job.py:639} INFO - DAG(s) dict_keys(['tutorial_etl_dag']) retrieved from /home/airflow/.local/lib/python3.6/site-packages/airflow/example_dags/tutorial_etl_dag.py
[2021-03-09 19:57:56,249] {logging_mixin.py:104} INFO - [2021-03-09 19:57:56,249] {dag.py:1818} INFO - Sync 1 DAGs
[2021-03-09 19:57:56,262] {logging_mixin.py:104} INFO - [2021-03-09 19:57:56,261] {dag.py:1837} INFO - Creating ORM DAG for tutorial_etl_dag
[2021-03-09 19:57:56,269] {logging_mixin.py:104} INFO - [2021-03-09 19:57:56,269] {dag.py:2273} INFO - Setting next_dagrun for tutorial_etl_dag to None
[2021-03-09 19:57:56,286] {scheduler_job.py:190} INFO - Processing /home/airflow/.local/lib/python3.6/site-packages/airflow/example_dags/tutorial_etl_dag.py took 0.105 seconds
[2021-03-09 19:58:27,064] {scheduler_job.py:182} INFO - Started process (PID=72) to work on /home/airflow/.local/lib/python3.6/site-packages/airflow/example_dags/tutorial_etl_dag.py
[2021-03-09 19:58:27,066] {scheduler_job.py:629} INFO - Processing file /home/airflow/.local/lib/python3.6/site-packages/airflow/example_dags/tutorial_etl_dag.py for tasks to queue
[2021-03-09 19:58:27,066] {logging_mixin.py:104} INFO - [2021-03-09 19:58:27,066] {dagbag.py:448} INFO - Filling up the DagBag from /home/airflow/.local/lib/python3.6/site-packages/airflow/example_dags/tutorial_etl_dag.py
[2021-03-09 19:58:27,080] {scheduler_job.py:639} INFO - DAG(s) dict_keys(['tutorial_etl_dag']) retrieved from /home/airflow/.local/lib/python3.6/site-packages/airflow/example_dags/tutorial_etl_dag.py
[2021-03-09 19:58:27,103] {logging_mixin.py:104} INFO - [2021-03-09 19:58:27,103] {dag.py:1818} INFO - Sync 1 DAGs
[2021-03-09 19:58:27,120] {logging_mixin.py:104} INFO - [2021-03-09 19:58:27,120] {dag.py:2273} INFO - Setting next_dagrun for tutorial_etl_dag to None
[2021-03-09 19:58:27,131] {scheduler_job.py:190} INFO - Processing /home/airflow/.local/lib/python3.6/site-packages/airflow/example_dags/tutorial_etl_dag.py took 0.070 seconds
[2021-03-09 19:58:57,689] {scheduler_job.py:182} INFO - Started process (PID=105) to work on /home/airflow/.local/lib/python3.6/site-packages/airflow/example_dags/tutorial_etl_dag.py
[2021-03-09 19:58:57,690] {scheduler_job.py:629} INFO - Processing file /home/airflow/.local/lib/python3.6/site-packages/airflow/example_dags/tutorial_etl_dag.py for tasks to queue
[2021-03-09 19:58:57,691] {logging_mixin.py:104} INFO - [2021-03-09 19:58:57,691] {dagbag.py:448} INFO - Filling up the DagBag from /home/airflow/.local/lib/python3.6/site-packages/airflow/example_dags/tutorial_etl_dag.py
[2021-03-09 19:58:57,704] {scheduler_job.py:639} INFO - DAG(s) dict_keys(['tutorial_etl_dag']) retrieved from /home/airflow/.local/lib/python3.6/site-packages/airflow/example_dags/tutorial_etl_dag.py
[2021-03-09 19:58:57,728] {logging_mixin.py:104} INFO - [2021-03-09 19:58:57,728] {dag.py:1818} INFO - Sync 1 DAGs
[2021-03-09 19:58:57,745] {logging_mixin.py:104} INFO - [2021-03-09 19:58:57,745] {dag.py:2273} INFO - Setting next_dagrun for tutorial_etl_dag to None
[2021-03-09 19:58:57,758] {scheduler_job.py:190} INFO - Processing /home/airflow/.local/lib/python3.6/site-packages/airflow/example_dags/tutorial_etl_dag.py took 0.072 seconds
[2021-03-09 19:59:28,077] {scheduler_job.py:182} INFO - Started process (PID=135) to work on /home/airflow/.local/lib/python3.6/site-packages/airflow/example_dags/tutorial_etl_dag.py
[2021-03-09 19:59:28,079] {scheduler_job.py:629} INFO - Processing file /home/airflow/.local/lib/python3.6/site-packages/airflow/example_dags/tutorial_etl_dag.py for tasks to queue
[2021-03-09 19:59:28,080] {logging_mixin.py:104} INFO - [2021-03-09 19:59:28,079] {dagbag.py:448} INFO - Filling up the DagBag from /home/airflow/.local/lib/python3.6/site-packages/airflow/example_dags/tutorial_etl_dag.py
[2021-03-09 19:59:28,094] {scheduler_job.py:639} INFO - DAG(s) dict_keys(['tutorial_etl_dag']) retrieved from /home/airflow/.local/lib/python3.6/site-packages/airflow/example_dags/tutorial_etl_dag.py
[2021-03-09 19:59:28,115] {logging_mixin.py:104} INFO - [2021-03-09 19:59:28,114] {dag.py:1818} INFO - Sync 1 DAGs
[2021-03-09 19:59:28,131] {logging_mixin.py:104} INFO - [2021-03-09 19:59:28,131] {dag.py:2273} INFO - Setting next_dagrun for tutorial_etl_dag to None
[2021-03-09 19:59:28,140] {scheduler_job.py:190} INFO - Processing /home/airflow/.local/lib/python3.6/site-packages/airflow/example_dags/tutorial_etl_dag.py took 0.069 seconds
[2021-03-09 19:59:58,532] {scheduler_job.py:182} INFO - Started process (PID=161) to work on /home/airflow/.local/lib/python3.6/site-packages/airflow/example_dags/tutorial_etl_dag.py
[2021-03-09 19:59:58,535] {scheduler_job.py:629} INFO - Processing file /home/airflow/.local/lib/python3.6/site-packages/airflow/example_dags/tutorial_etl_dag.py for tasks to queue
[2021-03-09 19:59:58,536] {logging_mixin.py:104} INFO - [2021-03-09 19:59:58,536] {dagbag.py:448} INFO - Filling up the DagBag from /home/airflow/.local/lib/python3.6/site-packages/airflow/example_dags/tutorial_etl_dag.py
[2021-03-09 19:59:58,551] {scheduler_job.py:639} INFO - DAG(s) dict_keys(['tutorial_etl_dag']) retrieved from /home/airflow/.local/lib/python3.6/site-packages/airflow/example_dags/tutorial_etl_dag.py
[2021-03-09 19:59:58,577] {logging_mixin.py:104} INFO - [2021-03-09 19:59:58,576] {dag.py:1818} INFO - Sync 1 DAGs
[2021-03-09 19:59:58,595] {logging_mixin.py:104} INFO - [2021-03-09 19:59:58,595] {dag.py:2273} INFO - Setting next_dagrun for tutorial_etl_dag to None
[2021-03-09 19:59:58,605] {scheduler_job.py:190} INFO - Processing /home/airflow/.local/lib/python3.6/site-packages/airflow/example_dags/tutorial_etl_dag.py took 0.076 seconds
[2021-03-09 20:00:28,735] {scheduler_job.py:182} INFO - Started process (PID=187) to work on /home/airflow/.local/lib/python3.6/site-packages/airflow/example_dags/tutorial_etl_dag.py
[2021-03-09 20:00:28,737] {scheduler_job.py:629} INFO - Processing file /home/airflow/.local/lib/python3.6/site-packages/airflow/example_dags/tutorial_etl_dag.py for tasks to queue
[2021-03-09 20:00:28,738] {logging_mixin.py:104} INFO - [2021-03-09 20:00:28,738] {dagbag.py:448} INFO - Filling up the DagBag from /home/airflow/.local/lib/python3.6/site-packages/airflow/example_dags/tutorial_etl_dag.py
[2021-03-09 20:00:28,754] {scheduler_job.py:639} INFO - DAG(s) dict_keys(['tutorial_etl_dag']) retrieved from /home/airflow/.local/lib/python3.6/site-packages/airflow/example_dags/tutorial_etl_dag.py
[2021-03-09 20:00:28,777] {logging_mixin.py:104} INFO - [2021-03-09 20:00:28,777] {dag.py:1818} INFO - Sync 1 DAGs
[2021-03-09 20:00:28,793] {logging_mixin.py:104} INFO - [2021-03-09 20:00:28,793] {dag.py:2273} INFO - Setting next_dagrun for tutorial_etl_dag to None
[2021-03-09 20:00:28,805] {scheduler_job.py:190} INFO - Processing /home/airflow/.local/lib/python3.6/site-packages/airflow/example_dags/tutorial_etl_dag.py took 0.074 seconds
[2021-03-09 20:00:59,624] {scheduler_job.py:182} INFO - Started process (PID=220) to work on /home/airflow/.local/lib/python3.6/site-packages/airflow/example_dags/tutorial_etl_dag.py
[2021-03-09 20:00:59,625] {scheduler_job.py:629} INFO - Processing file /home/airflow/.local/lib/python3.6/site-packages/airflow/example_dags/tutorial_etl_dag.py for tasks to queue
[2021-03-09 20:00:59,627] {logging_mixin.py:104} INFO - [2021-03-09 20:00:59,626] {dagbag.py:448} INFO - Filling up the DagBag from /home/airflow/.local/lib/python3.6/site-packages/airflow/example_dags/tutorial_etl_dag.py
[2021-03-09 20:00:59,642] {scheduler_job.py:639} INFO - DAG(s) dict_keys(['tutorial_etl_dag']) retrieved from /home/airflow/.local/lib/python3.6/site-packages/airflow/example_dags/tutorial_etl_dag.py
[2021-03-09 20:00:59,670] {logging_mixin.py:104} INFO - [2021-03-09 20:00:59,670] {dag.py:1818} INFO - Sync 1 DAGs
[2021-03-09 20:00:59,687] {logging_mixin.py:104} INFO - [2021-03-09 20:00:59,687] {dag.py:2273} INFO - Setting next_dagrun for tutorial_etl_dag to None
[2021-03-09 20:00:59,697] {scheduler_job.py:190} INFO - Processing /home/airflow/.local/lib/python3.6/site-packages/airflow/example_dags/tutorial_etl_dag.py took 0.077 seconds
[2021-03-09 20:01:30,194] {scheduler_job.py:182} INFO - Started process (PID=248) to work on /home/airflow/.local/lib/python3.6/site-packages/airflow/example_dags/tutorial_etl_dag.py
[2021-03-09 20:01:30,198] {scheduler_job.py:629} INFO - Processing file /home/airflow/.local/lib/python3.6/site-packages/airflow/example_dags/tutorial_etl_dag.py for tasks to queue
[2021-03-09 20:01:30,200] {logging_mixin.py:104} INFO - [2021-03-09 20:01:30,199] {dagbag.py:448} INFO - Filling up the DagBag from /home/airflow/.local/lib/python3.6/site-packages/airflow/example_dags/tutorial_etl_dag.py
[2021-03-09 20:01:30,217] {scheduler_job.py:639} INFO - DAG(s) dict_keys(['tutorial_etl_dag']) retrieved from /home/airflow/.local/lib/python3.6/site-packages/airflow/example_dags/tutorial_etl_dag.py
[2021-03-09 20:01:30,238] {logging_mixin.py:104} INFO - [2021-03-09 20:01:30,237] {dag.py:1818} INFO - Sync 1 DAGs
[2021-03-09 20:01:30,253] {logging_mixin.py:104} INFO - [2021-03-09 20:01:30,253] {dag.py:2273} INFO - Setting next_dagrun for tutorial_etl_dag to None
[2021-03-09 20:01:30,263] {scheduler_job.py:190} INFO - Processing /home/airflow/.local/lib/python3.6/site-packages/airflow/example_dags/tutorial_etl_dag.py took 0.074 seconds
[2021-03-09 20:02:00,793] {scheduler_job.py:182} INFO - Started process (PID=273) to work on /home/airflow/.local/lib/python3.6/site-packages/airflow/example_dags/tutorial_etl_dag.py
[2021-03-09 20:02:00,795] {scheduler_job.py:629} INFO - Processing file /home/airflow/.local/lib/python3.6/site-packages/airflow/example_dags/tutorial_etl_dag.py for tasks to queue
[2021-03-09 20:02:00,796] {logging_mixin.py:104} INFO - [2021-03-09 20:02:00,795] {dagbag.py:448} INFO - Filling up the DagBag from /home/airflow/.local/lib/python3.6/site-packages/airflow/example_dags/tutorial_etl_dag.py
[2021-03-09 20:02:00,811] {scheduler_job.py:639} INFO - DAG(s) dict_keys(['tutorial_etl_dag']) retrieved from /home/airflow/.local/lib/python3.6/site-packages/airflow/example_dags/tutorial_etl_dag.py
[2021-03-09 20:02:00,836] {logging_mixin.py:104} INFO - [2021-03-09 20:02:00,836] {dag.py:1818} INFO - Sync 1 DAGs
[2021-03-09 20:02:00,858] {logging_mixin.py:104} INFO - [2021-03-09 20:02:00,858] {dag.py:2273} INFO - Setting next_dagrun for tutorial_etl_dag to None
[2021-03-09 20:02:00,869] {scheduler_job.py:190} INFO - Processing /home/airflow/.local/lib/python3.6/site-packages/airflow/example_dags/tutorial_etl_dag.py took 0.080 seconds
[2021-03-09 20:02:31,547] {scheduler_job.py:182} INFO - Started process (PID=301) to work on /home/airflow/.local/lib/python3.6/site-packages/airflow/example_dags/tutorial_etl_dag.py
[2021-03-09 20:02:31,548] {scheduler_job.py:629} INFO - Processing file /home/airflow/.local/lib/python3.6/site-packages/airflow/example_dags/tutorial_etl_dag.py for tasks to queue
[2021-03-09 20:02:31,549] {logging_mixin.py:104} INFO - [2021-03-09 20:02:31,549] {dagbag.py:448} INFO - Filling up the DagBag from /home/airflow/.local/lib/python3.6/site-packages/airflow/example_dags/tutorial_etl_dag.py
[2021-03-09 20:02:31,569] {scheduler_job.py:639} INFO - DAG(s) dict_keys(['tutorial_etl_dag']) retrieved from /home/airflow/.local/lib/python3.6/site-packages/airflow/example_dags/tutorial_etl_dag.py
[2021-03-09 20:02:31,595] {logging_mixin.py:104} INFO - [2021-03-09 20:02:31,595] {dag.py:1818} INFO - Sync 1 DAGs
[2021-03-09 20:02:31,625] {logging_mixin.py:104} INFO - [2021-03-09 20:02:31,625] {dag.py:2273} INFO - Setting next_dagrun for tutorial_etl_dag to None
[2021-03-09 20:02:31,641] {scheduler_job.py:190} INFO - Processing /home/airflow/.local/lib/python3.6/site-packages/airflow/example_dags/tutorial_etl_dag.py took 0.098 seconds
[2021-03-09 20:03:02,395] {scheduler_job.py:182} INFO - Started process (PID=333) to work on /home/airflow/.local/lib/python3.6/site-packages/airflow/example_dags/tutorial_etl_dag.py
[2021-03-09 20:03:02,396] {scheduler_job.py:629} INFO - Processing file /home/airflow/.local/lib/python3.6/site-packages/airflow/example_dags/tutorial_etl_dag.py for tasks to queue
[2021-03-09 20:03:02,397] {logging_mixin.py:104} INFO - [2021-03-09 20:03:02,397] {dagbag.py:448} INFO - Filling up the DagBag from /home/airflow/.local/lib/python3.6/site-packages/airflow/example_dags/tutorial_etl_dag.py
[2021-03-09 20:03:02,411] {scheduler_job.py:639} INFO - DAG(s) dict_keys(['tutorial_etl_dag']) retrieved from /home/airflow/.local/lib/python3.6/site-packages/airflow/example_dags/tutorial_etl_dag.py
[2021-03-09 20:03:02,433] {logging_mixin.py:104} INFO - [2021-03-09 20:03:02,432] {dag.py:1818} INFO - Sync 1 DAGs
[2021-03-09 20:03:02,450] {logging_mixin.py:104} INFO - [2021-03-09 20:03:02,449] {dag.py:2273} INFO - Setting next_dagrun for tutorial_etl_dag to None
[2021-03-09 20:03:02,460] {scheduler_job.py:190} INFO - Processing /home/airflow/.local/lib/python3.6/site-packages/airflow/example_dags/tutorial_etl_dag.py took 0.069 seconds
[2021-03-09 20:03:32,893] {scheduler_job.py:182} INFO - Started process (PID=361) to work on /home/airflow/.local/lib/python3.6/site-packages/airflow/example_dags/tutorial_etl_dag.py
[2021-03-09 20:03:32,896] {scheduler_job.py:629} INFO - Processing file /home/airflow/.local/lib/python3.6/site-packages/airflow/example_dags/tutorial_etl_dag.py for tasks to queue
[2021-03-09 20:03:32,898] {logging_mixin.py:104} INFO - [2021-03-09 20:03:32,897] {dagbag.py:448} INFO - Filling up the DagBag from /home/airflow/.local/lib/python3.6/site-packages/airflow/example_dags/tutorial_etl_dag.py
[2021-03-09 20:03:32,917] {scheduler_job.py:639} INFO - DAG(s) dict_keys(['tutorial_etl_dag']) retrieved from /home/airflow/.local/lib/python3.6/site-packages/airflow/example_dags/tutorial_etl_dag.py
[2021-03-09 20:03:32,964] {logging_mixin.py:104} INFO - [2021-03-09 20:03:32,963] {dag.py:1818} INFO - Sync 1 DAGs
[2021-03-09 20:03:32,996] {logging_mixin.py:104} INFO - [2021-03-09 20:03:32,996] {dag.py:2273} INFO - Setting next_dagrun for tutorial_etl_dag to None
[2021-03-09 20:03:33,018] {scheduler_job.py:190} INFO - Processing /home/airflow/.local/lib/python3.6/site-packages/airflow/example_dags/tutorial_etl_dag.py took 0.132 seconds
[2021-03-09 20:04:03,486] {scheduler_job.py:182} INFO - Started process (PID=389) to work on /home/airflow/.local/lib/python3.6/site-packages/airflow/example_dags/tutorial_etl_dag.py
[2021-03-09 20:04:03,488] {scheduler_job.py:629} INFO - Processing file /home/airflow/.local/lib/python3.6/site-packages/airflow/example_dags/tutorial_etl_dag.py for tasks to queue
[2021-03-09 20:04:03,490] {logging_mixin.py:104} INFO - [2021-03-09 20:04:03,489] {dagbag.py:448} INFO - Filling up the DagBag from /home/airflow/.local/lib/python3.6/site-packages/airflow/example_dags/tutorial_etl_dag.py
[2021-03-09 20:04:03,515] {scheduler_job.py:639} INFO - DAG(s) dict_keys(['tutorial_etl_dag']) retrieved from /home/airflow/.local/lib/python3.6/site-packages/airflow/example_dags/tutorial_etl_dag.py
[2021-03-09 20:04:03,554] {logging_mixin.py:104} INFO - [2021-03-09 20:04:03,554] {dag.py:1818} INFO - Sync 1 DAGs
[2021-03-09 20:04:03,581] {logging_mixin.py:104} INFO - [2021-03-09 20:04:03,581] {dag.py:2273} INFO - Setting next_dagrun for tutorial_etl_dag to None
[2021-03-09 20:04:03,598] {scheduler_job.py:190} INFO - Processing /home/airflow/.local/lib/python3.6/site-packages/airflow/example_dags/tutorial_etl_dag.py took 0.119 seconds
[2021-03-09 20:04:33,761] {scheduler_job.py:182} INFO - Started process (PID=413) to work on /home/airflow/.local/lib/python3.6/site-packages/airflow/example_dags/tutorial_etl_dag.py
[2021-03-09 20:04:33,763] {scheduler_job.py:629} INFO - Processing file /home/airflow/.local/lib/python3.6/site-packages/airflow/example_dags/tutorial_etl_dag.py for tasks to queue
[2021-03-09 20:04:33,764] {logging_mixin.py:104} INFO - [2021-03-09 20:04:33,764] {dagbag.py:448} INFO - Filling up the DagBag from /home/airflow/.local/lib/python3.6/site-packages/airflow/example_dags/tutorial_etl_dag.py
[2021-03-09 20:04:33,779] {scheduler_job.py:639} INFO - DAG(s) dict_keys(['tutorial_etl_dag']) retrieved from /home/airflow/.local/lib/python3.6/site-packages/airflow/example_dags/tutorial_etl_dag.py
[2021-03-09 20:04:33,802] {logging_mixin.py:104} INFO - [2021-03-09 20:04:33,802] {dag.py:1818} INFO - Sync 1 DAGs
[2021-03-09 20:04:33,821] {logging_mixin.py:104} INFO - [2021-03-09 20:04:33,821] {dag.py:2273} INFO - Setting next_dagrun for tutorial_etl_dag to None
[2021-03-09 20:04:33,831] {scheduler_job.py:190} INFO - Processing /home/airflow/.local/lib/python3.6/site-packages/airflow/example_dags/tutorial_etl_dag.py took 0.074 seconds
[2021-03-09 20:05:04,776] {scheduler_job.py:182} INFO - Started process (PID=441) to work on /home/airflow/.local/lib/python3.6/site-packages/airflow/example_dags/tutorial_etl_dag.py
[2021-03-09 20:05:04,779] {scheduler_job.py:629} INFO - Processing file /home/airflow/.local/lib/python3.6/site-packages/airflow/example_dags/tutorial_etl_dag.py for tasks to queue
[2021-03-09 20:05:04,780] {logging_mixin.py:104} INFO - [2021-03-09 20:05:04,779] {dagbag.py:448} INFO - Filling up the DagBag from /home/airflow/.local/lib/python3.6/site-packages/airflow/example_dags/tutorial_etl_dag.py
[2021-03-09 20:05:04,817] {scheduler_job.py:639} INFO - DAG(s) dict_keys(['tutorial_etl_dag']) retrieved from /home/airflow/.local/lib/python3.6/site-packages/airflow/example_dags/tutorial_etl_dag.py
[2021-03-09 20:05:04,863] {logging_mixin.py:104} INFO - [2021-03-09 20:05:04,863] {dag.py:1818} INFO - Sync 1 DAGs
[2021-03-09 20:05:04,909] {logging_mixin.py:104} INFO - [2021-03-09 20:05:04,909] {dag.py:2273} INFO - Setting next_dagrun for tutorial_etl_dag to None
[2021-03-09 20:05:04,936] {scheduler_job.py:190} INFO - Processing /home/airflow/.local/lib/python3.6/site-packages/airflow/example_dags/tutorial_etl_dag.py took 0.165 seconds
[2021-03-09 20:05:35,637] {scheduler_job.py:182} INFO - Started process (PID=473) to work on /home/airflow/.local/lib/python3.6/site-packages/airflow/example_dags/tutorial_etl_dag.py
[2021-03-09 20:05:35,638] {scheduler_job.py:629} INFO - Processing file /home/airflow/.local/lib/python3.6/site-packages/airflow/example_dags/tutorial_etl_dag.py for tasks to queue
[2021-03-09 20:05:35,639] {logging_mixin.py:104} INFO - [2021-03-09 20:05:35,639] {dagbag.py:448} INFO - Filling up the DagBag from /home/airflow/.local/lib/python3.6/site-packages/airflow/example_dags/tutorial_etl_dag.py
[2021-03-09 20:05:35,656] {scheduler_job.py:639} INFO - DAG(s) dict_keys(['tutorial_etl_dag']) retrieved from /home/airflow/.local/lib/python3.6/site-packages/airflow/example_dags/tutorial_etl_dag.py
[2021-03-09 20:05:35,678] {logging_mixin.py:104} INFO - [2021-03-09 20:05:35,678] {dag.py:1818} INFO - Sync 1 DAGs
[2021-03-09 20:05:35,698] {logging_mixin.py:104} INFO - [2021-03-09 20:05:35,698] {dag.py:2273} INFO - Setting next_dagrun for tutorial_etl_dag to None
[2021-03-09 20:05:35,709] {scheduler_job.py:190} INFO - Processing /home/airflow/.local/lib/python3.6/site-packages/airflow/example_dags/tutorial_etl_dag.py took 0.076 seconds
