[2021-03-09 19:51:06,403] {scheduler_job.py:182} INFO - Started process (PID=37) to work on /home/airflow/.local/lib/python3.6/site-packages/airflow/example_dags/tutorial_taskflow_api_etl.py
[2021-03-09 19:51:06,405] {scheduler_job.py:629} INFO - Processing file /home/airflow/.local/lib/python3.6/site-packages/airflow/example_dags/tutorial_taskflow_api_etl.py for tasks to queue
[2021-03-09 19:51:06,407] {logging_mixin.py:104} INFO - [2021-03-09 19:51:06,406] {dagbag.py:448} INFO - Filling up the DagBag from /home/airflow/.local/lib/python3.6/site-packages/airflow/example_dags/tutorial_taskflow_api_etl.py
[2021-03-09 19:51:06,427] {scheduler_job.py:639} INFO - DAG(s) dict_keys(['tutorial_taskflow_api_etl']) retrieved from /home/airflow/.local/lib/python3.6/site-packages/airflow/example_dags/tutorial_taskflow_api_etl.py
[2021-03-09 19:51:06,471] {logging_mixin.py:104} INFO - [2021-03-09 19:51:06,471] {dag.py:1818} INFO - Sync 1 DAGs
[2021-03-09 19:51:06,490] {logging_mixin.py:104} INFO - [2021-03-09 19:51:06,490] {dag.py:1837} INFO - Creating ORM DAG for tutorial_taskflow_api_etl
[2021-03-09 19:51:06,499] {logging_mixin.py:104} INFO - [2021-03-09 19:51:06,499] {dag.py:2273} INFO - Setting next_dagrun for tutorial_taskflow_api_etl to None
[2021-03-09 19:51:06,533] {scheduler_job.py:190} INFO - Processing /home/airflow/.local/lib/python3.6/site-packages/airflow/example_dags/tutorial_taskflow_api_etl.py took 0.134 seconds
[2021-03-09 19:51:36,713] {scheduler_job.py:182} INFO - Started process (PID=66) to work on /home/airflow/.local/lib/python3.6/site-packages/airflow/example_dags/tutorial_taskflow_api_etl.py
[2021-03-09 19:51:36,715] {scheduler_job.py:629} INFO - Processing file /home/airflow/.local/lib/python3.6/site-packages/airflow/example_dags/tutorial_taskflow_api_etl.py for tasks to queue
[2021-03-09 19:51:36,716] {logging_mixin.py:104} INFO - [2021-03-09 19:51:36,716] {dagbag.py:448} INFO - Filling up the DagBag from /home/airflow/.local/lib/python3.6/site-packages/airflow/example_dags/tutorial_taskflow_api_etl.py
[2021-03-09 19:51:36,729] {scheduler_job.py:639} INFO - DAG(s) dict_keys(['tutorial_taskflow_api_etl']) retrieved from /home/airflow/.local/lib/python3.6/site-packages/airflow/example_dags/tutorial_taskflow_api_etl.py
[2021-03-09 19:51:36,754] {logging_mixin.py:104} INFO - [2021-03-09 19:51:36,754] {dag.py:1818} INFO - Sync 1 DAGs
[2021-03-09 19:51:36,775] {logging_mixin.py:104} INFO - [2021-03-09 19:51:36,775] {dag.py:2273} INFO - Setting next_dagrun for tutorial_taskflow_api_etl to None
[2021-03-09 19:51:36,787] {scheduler_job.py:190} INFO - Processing /home/airflow/.local/lib/python3.6/site-packages/airflow/example_dags/tutorial_taskflow_api_etl.py took 0.077 seconds
[2021-03-09 19:52:07,518] {scheduler_job.py:182} INFO - Started process (PID=93) to work on /home/airflow/.local/lib/python3.6/site-packages/airflow/example_dags/tutorial_taskflow_api_etl.py
[2021-03-09 19:52:07,519] {scheduler_job.py:629} INFO - Processing file /home/airflow/.local/lib/python3.6/site-packages/airflow/example_dags/tutorial_taskflow_api_etl.py for tasks to queue
[2021-03-09 19:52:07,520] {logging_mixin.py:104} INFO - [2021-03-09 19:52:07,520] {dagbag.py:448} INFO - Filling up the DagBag from /home/airflow/.local/lib/python3.6/site-packages/airflow/example_dags/tutorial_taskflow_api_etl.py
[2021-03-09 19:52:07,536] {scheduler_job.py:639} INFO - DAG(s) dict_keys(['tutorial_taskflow_api_etl']) retrieved from /home/airflow/.local/lib/python3.6/site-packages/airflow/example_dags/tutorial_taskflow_api_etl.py
[2021-03-09 19:52:07,567] {logging_mixin.py:104} INFO - [2021-03-09 19:52:07,567] {dag.py:1818} INFO - Sync 1 DAGs
[2021-03-09 19:52:07,586] {logging_mixin.py:104} INFO - [2021-03-09 19:52:07,585] {dag.py:2273} INFO - Setting next_dagrun for tutorial_taskflow_api_etl to None
[2021-03-09 19:52:07,599] {scheduler_job.py:190} INFO - Processing /home/airflow/.local/lib/python3.6/site-packages/airflow/example_dags/tutorial_taskflow_api_etl.py took 0.085 seconds
[2021-03-09 19:52:38,301] {scheduler_job.py:182} INFO - Started process (PID=121) to work on /home/airflow/.local/lib/python3.6/site-packages/airflow/example_dags/tutorial_taskflow_api_etl.py
[2021-03-09 19:52:38,303] {scheduler_job.py:629} INFO - Processing file /home/airflow/.local/lib/python3.6/site-packages/airflow/example_dags/tutorial_taskflow_api_etl.py for tasks to queue
[2021-03-09 19:52:38,303] {logging_mixin.py:104} INFO - [2021-03-09 19:52:38,303] {dagbag.py:448} INFO - Filling up the DagBag from /home/airflow/.local/lib/python3.6/site-packages/airflow/example_dags/tutorial_taskflow_api_etl.py
[2021-03-09 19:52:38,318] {scheduler_job.py:639} INFO - DAG(s) dict_keys(['tutorial_taskflow_api_etl']) retrieved from /home/airflow/.local/lib/python3.6/site-packages/airflow/example_dags/tutorial_taskflow_api_etl.py
[2021-03-09 19:52:38,346] {logging_mixin.py:104} INFO - [2021-03-09 19:52:38,346] {dag.py:1818} INFO - Sync 1 DAGs
[2021-03-09 19:52:38,364] {logging_mixin.py:104} INFO - [2021-03-09 19:52:38,364] {dag.py:2273} INFO - Setting next_dagrun for tutorial_taskflow_api_etl to None
[2021-03-09 19:52:38,376] {scheduler_job.py:190} INFO - Processing /home/airflow/.local/lib/python3.6/site-packages/airflow/example_dags/tutorial_taskflow_api_etl.py took 0.078 seconds
[2021-03-09 19:53:08,859] {scheduler_job.py:182} INFO - Started process (PID=149) to work on /home/airflow/.local/lib/python3.6/site-packages/airflow/example_dags/tutorial_taskflow_api_etl.py
[2021-03-09 19:53:08,861] {scheduler_job.py:629} INFO - Processing file /home/airflow/.local/lib/python3.6/site-packages/airflow/example_dags/tutorial_taskflow_api_etl.py for tasks to queue
[2021-03-09 19:53:08,862] {logging_mixin.py:104} INFO - [2021-03-09 19:53:08,862] {dagbag.py:448} INFO - Filling up the DagBag from /home/airflow/.local/lib/python3.6/site-packages/airflow/example_dags/tutorial_taskflow_api_etl.py
[2021-03-09 19:53:08,880] {scheduler_job.py:639} INFO - DAG(s) dict_keys(['tutorial_taskflow_api_etl']) retrieved from /home/airflow/.local/lib/python3.6/site-packages/airflow/example_dags/tutorial_taskflow_api_etl.py
[2021-03-09 19:53:08,908] {logging_mixin.py:104} INFO - [2021-03-09 19:53:08,908] {dag.py:1818} INFO - Sync 1 DAGs
[2021-03-09 19:53:08,927] {logging_mixin.py:104} INFO - [2021-03-09 19:53:08,926] {dag.py:2273} INFO - Setting next_dagrun for tutorial_taskflow_api_etl to None
[2021-03-09 19:53:08,940] {scheduler_job.py:190} INFO - Processing /home/airflow/.local/lib/python3.6/site-packages/airflow/example_dags/tutorial_taskflow_api_etl.py took 0.085 seconds
[2021-03-09 19:53:39,532] {scheduler_job.py:182} INFO - Started process (PID=177) to work on /home/airflow/.local/lib/python3.6/site-packages/airflow/example_dags/tutorial_taskflow_api_etl.py
[2021-03-09 19:53:39,535] {scheduler_job.py:629} INFO - Processing file /home/airflow/.local/lib/python3.6/site-packages/airflow/example_dags/tutorial_taskflow_api_etl.py for tasks to queue
[2021-03-09 19:53:39,536] {logging_mixin.py:104} INFO - [2021-03-09 19:53:39,535] {dagbag.py:448} INFO - Filling up the DagBag from /home/airflow/.local/lib/python3.6/site-packages/airflow/example_dags/tutorial_taskflow_api_etl.py
[2021-03-09 19:53:39,552] {scheduler_job.py:639} INFO - DAG(s) dict_keys(['tutorial_taskflow_api_etl']) retrieved from /home/airflow/.local/lib/python3.6/site-packages/airflow/example_dags/tutorial_taskflow_api_etl.py
[2021-03-09 19:53:39,580] {logging_mixin.py:104} INFO - [2021-03-09 19:53:39,580] {dag.py:1818} INFO - Sync 1 DAGs
[2021-03-09 19:53:39,598] {logging_mixin.py:104} INFO - [2021-03-09 19:53:39,598] {dag.py:2273} INFO - Setting next_dagrun for tutorial_taskflow_api_etl to None
[2021-03-09 19:53:39,611] {scheduler_job.py:190} INFO - Processing /home/airflow/.local/lib/python3.6/site-packages/airflow/example_dags/tutorial_taskflow_api_etl.py took 0.082 seconds
[2021-03-09 19:54:10,153] {scheduler_job.py:182} INFO - Started process (PID=205) to work on /home/airflow/.local/lib/python3.6/site-packages/airflow/example_dags/tutorial_taskflow_api_etl.py
[2021-03-09 19:54:10,154] {scheduler_job.py:629} INFO - Processing file /home/airflow/.local/lib/python3.6/site-packages/airflow/example_dags/tutorial_taskflow_api_etl.py for tasks to queue
[2021-03-09 19:54:10,156] {logging_mixin.py:104} INFO - [2021-03-09 19:54:10,155] {dagbag.py:448} INFO - Filling up the DagBag from /home/airflow/.local/lib/python3.6/site-packages/airflow/example_dags/tutorial_taskflow_api_etl.py
[2021-03-09 19:54:10,172] {scheduler_job.py:639} INFO - DAG(s) dict_keys(['tutorial_taskflow_api_etl']) retrieved from /home/airflow/.local/lib/python3.6/site-packages/airflow/example_dags/tutorial_taskflow_api_etl.py
[2021-03-09 19:54:10,208] {logging_mixin.py:104} INFO - [2021-03-09 19:54:10,207] {dag.py:1818} INFO - Sync 1 DAGs
[2021-03-09 19:54:10,235] {logging_mixin.py:104} INFO - [2021-03-09 19:54:10,235] {dag.py:2273} INFO - Setting next_dagrun for tutorial_taskflow_api_etl to None
[2021-03-09 19:54:10,254] {scheduler_job.py:190} INFO - Processing /home/airflow/.local/lib/python3.6/site-packages/airflow/example_dags/tutorial_taskflow_api_etl.py took 0.107 seconds
[2021-03-09 19:54:40,807] {scheduler_job.py:182} INFO - Started process (PID=233) to work on /home/airflow/.local/lib/python3.6/site-packages/airflow/example_dags/tutorial_taskflow_api_etl.py
[2021-03-09 19:54:40,809] {scheduler_job.py:629} INFO - Processing file /home/airflow/.local/lib/python3.6/site-packages/airflow/example_dags/tutorial_taskflow_api_etl.py for tasks to queue
[2021-03-09 19:54:40,810] {logging_mixin.py:104} INFO - [2021-03-09 19:54:40,810] {dagbag.py:448} INFO - Filling up the DagBag from /home/airflow/.local/lib/python3.6/site-packages/airflow/example_dags/tutorial_taskflow_api_etl.py
[2021-03-09 19:54:40,825] {scheduler_job.py:639} INFO - DAG(s) dict_keys(['tutorial_taskflow_api_etl']) retrieved from /home/airflow/.local/lib/python3.6/site-packages/airflow/example_dags/tutorial_taskflow_api_etl.py
[2021-03-09 19:54:40,859] {logging_mixin.py:104} INFO - [2021-03-09 19:54:40,859] {dag.py:1818} INFO - Sync 1 DAGs
[2021-03-09 19:54:40,884] {logging_mixin.py:104} INFO - [2021-03-09 19:54:40,884] {dag.py:2273} INFO - Setting next_dagrun for tutorial_taskflow_api_etl to None
[2021-03-09 19:54:40,898] {scheduler_job.py:190} INFO - Processing /home/airflow/.local/lib/python3.6/site-packages/airflow/example_dags/tutorial_taskflow_api_etl.py took 0.095 seconds
[2021-03-09 19:55:11,551] {scheduler_job.py:182} INFO - Started process (PID=261) to work on /home/airflow/.local/lib/python3.6/site-packages/airflow/example_dags/tutorial_taskflow_api_etl.py
[2021-03-09 19:55:11,553] {scheduler_job.py:629} INFO - Processing file /home/airflow/.local/lib/python3.6/site-packages/airflow/example_dags/tutorial_taskflow_api_etl.py for tasks to queue
[2021-03-09 19:55:11,557] {logging_mixin.py:104} INFO - [2021-03-09 19:55:11,555] {dagbag.py:448} INFO - Filling up the DagBag from /home/airflow/.local/lib/python3.6/site-packages/airflow/example_dags/tutorial_taskflow_api_etl.py
[2021-03-09 19:55:11,584] {scheduler_job.py:639} INFO - DAG(s) dict_keys(['tutorial_taskflow_api_etl']) retrieved from /home/airflow/.local/lib/python3.6/site-packages/airflow/example_dags/tutorial_taskflow_api_etl.py
[2021-03-09 19:55:11,630] {logging_mixin.py:104} INFO - [2021-03-09 19:55:11,630] {dag.py:1818} INFO - Sync 1 DAGs
[2021-03-09 19:55:11,669] {logging_mixin.py:104} INFO - [2021-03-09 19:55:11,669] {dag.py:2273} INFO - Setting next_dagrun for tutorial_taskflow_api_etl to None
[2021-03-09 19:55:11,707] {scheduler_job.py:190} INFO - Processing /home/airflow/.local/lib/python3.6/site-packages/airflow/example_dags/tutorial_taskflow_api_etl.py took 0.161 seconds
[2021-03-09 19:57:56,354] {scheduler_job.py:182} INFO - Started process (PID=41) to work on /home/airflow/.local/lib/python3.6/site-packages/airflow/example_dags/tutorial_taskflow_api_etl.py
[2021-03-09 19:57:56,356] {scheduler_job.py:629} INFO - Processing file /home/airflow/.local/lib/python3.6/site-packages/airflow/example_dags/tutorial_taskflow_api_etl.py for tasks to queue
[2021-03-09 19:57:56,357] {logging_mixin.py:104} INFO - [2021-03-09 19:57:56,357] {dagbag.py:448} INFO - Filling up the DagBag from /home/airflow/.local/lib/python3.6/site-packages/airflow/example_dags/tutorial_taskflow_api_etl.py
[2021-03-09 19:57:56,377] {scheduler_job.py:639} INFO - DAG(s) dict_keys(['tutorial_taskflow_api_etl']) retrieved from /home/airflow/.local/lib/python3.6/site-packages/airflow/example_dags/tutorial_taskflow_api_etl.py
[2021-03-09 19:57:56,407] {logging_mixin.py:104} INFO - [2021-03-09 19:57:56,407] {dag.py:1818} INFO - Sync 1 DAGs
[2021-03-09 19:57:56,423] {logging_mixin.py:104} INFO - [2021-03-09 19:57:56,423] {dag.py:1837} INFO - Creating ORM DAG for tutorial_taskflow_api_etl
[2021-03-09 19:57:56,431] {logging_mixin.py:104} INFO - [2021-03-09 19:57:56,431] {dag.py:2273} INFO - Setting next_dagrun for tutorial_taskflow_api_etl to None
[2021-03-09 19:57:56,449] {scheduler_job.py:190} INFO - Processing /home/airflow/.local/lib/python3.6/site-packages/airflow/example_dags/tutorial_taskflow_api_etl.py took 0.100 seconds
[2021-03-09 19:58:26,867] {scheduler_job.py:182} INFO - Started process (PID=68) to work on /home/airflow/.local/lib/python3.6/site-packages/airflow/example_dags/tutorial_taskflow_api_etl.py
[2021-03-09 19:58:26,868] {scheduler_job.py:629} INFO - Processing file /home/airflow/.local/lib/python3.6/site-packages/airflow/example_dags/tutorial_taskflow_api_etl.py for tasks to queue
[2021-03-09 19:58:26,869] {logging_mixin.py:104} INFO - [2021-03-09 19:58:26,869] {dagbag.py:448} INFO - Filling up the DagBag from /home/airflow/.local/lib/python3.6/site-packages/airflow/example_dags/tutorial_taskflow_api_etl.py
[2021-03-09 19:58:26,882] {scheduler_job.py:639} INFO - DAG(s) dict_keys(['tutorial_taskflow_api_etl']) retrieved from /home/airflow/.local/lib/python3.6/site-packages/airflow/example_dags/tutorial_taskflow_api_etl.py
[2021-03-09 19:58:26,910] {logging_mixin.py:104} INFO - [2021-03-09 19:58:26,910] {dag.py:1818} INFO - Sync 1 DAGs
[2021-03-09 19:58:26,926] {logging_mixin.py:104} INFO - [2021-03-09 19:58:26,926] {dag.py:2273} INFO - Setting next_dagrun for tutorial_taskflow_api_etl to None
[2021-03-09 19:58:26,941] {scheduler_job.py:190} INFO - Processing /home/airflow/.local/lib/python3.6/site-packages/airflow/example_dags/tutorial_taskflow_api_etl.py took 0.077 seconds
[2021-03-09 19:58:57,231] {scheduler_job.py:182} INFO - Started process (PID=95) to work on /home/airflow/.local/lib/python3.6/site-packages/airflow/example_dags/tutorial_taskflow_api_etl.py
[2021-03-09 19:58:57,233] {scheduler_job.py:629} INFO - Processing file /home/airflow/.local/lib/python3.6/site-packages/airflow/example_dags/tutorial_taskflow_api_etl.py for tasks to queue
[2021-03-09 19:58:57,234] {logging_mixin.py:104} INFO - [2021-03-09 19:58:57,234] {dagbag.py:448} INFO - Filling up the DagBag from /home/airflow/.local/lib/python3.6/site-packages/airflow/example_dags/tutorial_taskflow_api_etl.py
[2021-03-09 19:58:57,250] {scheduler_job.py:639} INFO - DAG(s) dict_keys(['tutorial_taskflow_api_etl']) retrieved from /home/airflow/.local/lib/python3.6/site-packages/airflow/example_dags/tutorial_taskflow_api_etl.py
[2021-03-09 19:58:57,279] {logging_mixin.py:104} INFO - [2021-03-09 19:58:57,279] {dag.py:1818} INFO - Sync 1 DAGs
[2021-03-09 19:58:57,299] {logging_mixin.py:104} INFO - [2021-03-09 19:58:57,299] {dag.py:2273} INFO - Setting next_dagrun for tutorial_taskflow_api_etl to None
[2021-03-09 19:58:57,310] {scheduler_job.py:190} INFO - Processing /home/airflow/.local/lib/python3.6/site-packages/airflow/example_dags/tutorial_taskflow_api_etl.py took 0.082 seconds
[2021-03-09 19:59:27,504] {scheduler_job.py:182} INFO - Started process (PID=121) to work on /home/airflow/.local/lib/python3.6/site-packages/airflow/example_dags/tutorial_taskflow_api_etl.py
[2021-03-09 19:59:27,505] {scheduler_job.py:629} INFO - Processing file /home/airflow/.local/lib/python3.6/site-packages/airflow/example_dags/tutorial_taskflow_api_etl.py for tasks to queue
[2021-03-09 19:59:27,506] {logging_mixin.py:104} INFO - [2021-03-09 19:59:27,506] {dagbag.py:448} INFO - Filling up the DagBag from /home/airflow/.local/lib/python3.6/site-packages/airflow/example_dags/tutorial_taskflow_api_etl.py
[2021-03-09 19:59:27,519] {scheduler_job.py:639} INFO - DAG(s) dict_keys(['tutorial_taskflow_api_etl']) retrieved from /home/airflow/.local/lib/python3.6/site-packages/airflow/example_dags/tutorial_taskflow_api_etl.py
[2021-03-09 19:59:27,547] {logging_mixin.py:104} INFO - [2021-03-09 19:59:27,546] {dag.py:1818} INFO - Sync 1 DAGs
[2021-03-09 19:59:27,562] {logging_mixin.py:104} INFO - [2021-03-09 19:59:27,562] {dag.py:2273} INFO - Setting next_dagrun for tutorial_taskflow_api_etl to None
[2021-03-09 19:59:27,573] {scheduler_job.py:190} INFO - Processing /home/airflow/.local/lib/python3.6/site-packages/airflow/example_dags/tutorial_taskflow_api_etl.py took 0.074 seconds
[2021-03-09 19:59:57,765] {scheduler_job.py:182} INFO - Started process (PID=149) to work on /home/airflow/.local/lib/python3.6/site-packages/airflow/example_dags/tutorial_taskflow_api_etl.py
[2021-03-09 19:59:57,767] {scheduler_job.py:629} INFO - Processing file /home/airflow/.local/lib/python3.6/site-packages/airflow/example_dags/tutorial_taskflow_api_etl.py for tasks to queue
[2021-03-09 19:59:57,767] {logging_mixin.py:104} INFO - [2021-03-09 19:59:57,767] {dagbag.py:448} INFO - Filling up the DagBag from /home/airflow/.local/lib/python3.6/site-packages/airflow/example_dags/tutorial_taskflow_api_etl.py
[2021-03-09 19:59:57,782] {scheduler_job.py:639} INFO - DAG(s) dict_keys(['tutorial_taskflow_api_etl']) retrieved from /home/airflow/.local/lib/python3.6/site-packages/airflow/example_dags/tutorial_taskflow_api_etl.py
[2021-03-09 19:59:57,809] {logging_mixin.py:104} INFO - [2021-03-09 19:59:57,809] {dag.py:1818} INFO - Sync 1 DAGs
[2021-03-09 19:59:57,827] {logging_mixin.py:104} INFO - [2021-03-09 19:59:57,826] {dag.py:2273} INFO - Setting next_dagrun for tutorial_taskflow_api_etl to None
[2021-03-09 19:59:57,839] {scheduler_job.py:190} INFO - Processing /home/airflow/.local/lib/python3.6/site-packages/airflow/example_dags/tutorial_taskflow_api_etl.py took 0.078 seconds
[2021-03-09 20:00:28,278] {scheduler_job.py:182} INFO - Started process (PID=177) to work on /home/airflow/.local/lib/python3.6/site-packages/airflow/example_dags/tutorial_taskflow_api_etl.py
[2021-03-09 20:00:28,280] {scheduler_job.py:629} INFO - Processing file /home/airflow/.local/lib/python3.6/site-packages/airflow/example_dags/tutorial_taskflow_api_etl.py for tasks to queue
[2021-03-09 20:00:28,281] {logging_mixin.py:104} INFO - [2021-03-09 20:00:28,281] {dagbag.py:448} INFO - Filling up the DagBag from /home/airflow/.local/lib/python3.6/site-packages/airflow/example_dags/tutorial_taskflow_api_etl.py
[2021-03-09 20:00:28,300] {scheduler_job.py:639} INFO - DAG(s) dict_keys(['tutorial_taskflow_api_etl']) retrieved from /home/airflow/.local/lib/python3.6/site-packages/airflow/example_dags/tutorial_taskflow_api_etl.py
[2021-03-09 20:00:28,325] {logging_mixin.py:104} INFO - [2021-03-09 20:00:28,325] {dag.py:1818} INFO - Sync 1 DAGs
[2021-03-09 20:00:28,343] {logging_mixin.py:104} INFO - [2021-03-09 20:00:28,343] {dag.py:2273} INFO - Setting next_dagrun for tutorial_taskflow_api_etl to None
[2021-03-09 20:00:28,355] {scheduler_job.py:190} INFO - Processing /home/airflow/.local/lib/python3.6/site-packages/airflow/example_dags/tutorial_taskflow_api_etl.py took 0.081 seconds
[2021-03-09 20:00:58,742] {scheduler_job.py:182} INFO - Started process (PID=203) to work on /home/airflow/.local/lib/python3.6/site-packages/airflow/example_dags/tutorial_taskflow_api_etl.py
[2021-03-09 20:00:58,744] {scheduler_job.py:629} INFO - Processing file /home/airflow/.local/lib/python3.6/site-packages/airflow/example_dags/tutorial_taskflow_api_etl.py for tasks to queue
[2021-03-09 20:00:58,745] {logging_mixin.py:104} INFO - [2021-03-09 20:00:58,745] {dagbag.py:448} INFO - Filling up the DagBag from /home/airflow/.local/lib/python3.6/site-packages/airflow/example_dags/tutorial_taskflow_api_etl.py
[2021-03-09 20:00:58,762] {scheduler_job.py:639} INFO - DAG(s) dict_keys(['tutorial_taskflow_api_etl']) retrieved from /home/airflow/.local/lib/python3.6/site-packages/airflow/example_dags/tutorial_taskflow_api_etl.py
[2021-03-09 20:00:58,809] {logging_mixin.py:104} INFO - [2021-03-09 20:00:58,808] {dag.py:1818} INFO - Sync 1 DAGs
[2021-03-09 20:00:58,834] {logging_mixin.py:104} INFO - [2021-03-09 20:00:58,833] {dag.py:2273} INFO - Setting next_dagrun for tutorial_taskflow_api_etl to None
[2021-03-09 20:00:58,846] {scheduler_job.py:190} INFO - Processing /home/airflow/.local/lib/python3.6/site-packages/airflow/example_dags/tutorial_taskflow_api_etl.py took 0.108 seconds
[2021-03-09 20:01:29,247] {scheduler_job.py:182} INFO - Started process (PID=231) to work on /home/airflow/.local/lib/python3.6/site-packages/airflow/example_dags/tutorial_taskflow_api_etl.py
[2021-03-09 20:01:29,248] {scheduler_job.py:629} INFO - Processing file /home/airflow/.local/lib/python3.6/site-packages/airflow/example_dags/tutorial_taskflow_api_etl.py for tasks to queue
[2021-03-09 20:01:29,249] {logging_mixin.py:104} INFO - [2021-03-09 20:01:29,249] {dagbag.py:448} INFO - Filling up the DagBag from /home/airflow/.local/lib/python3.6/site-packages/airflow/example_dags/tutorial_taskflow_api_etl.py
[2021-03-09 20:01:29,268] {scheduler_job.py:639} INFO - DAG(s) dict_keys(['tutorial_taskflow_api_etl']) retrieved from /home/airflow/.local/lib/python3.6/site-packages/airflow/example_dags/tutorial_taskflow_api_etl.py
[2021-03-09 20:01:29,306] {logging_mixin.py:104} INFO - [2021-03-09 20:01:29,306] {dag.py:1818} INFO - Sync 1 DAGs
[2021-03-09 20:01:29,332] {logging_mixin.py:104} INFO - [2021-03-09 20:01:29,331] {dag.py:2273} INFO - Setting next_dagrun for tutorial_taskflow_api_etl to None
[2021-03-09 20:01:29,349] {scheduler_job.py:190} INFO - Processing /home/airflow/.local/lib/python3.6/site-packages/airflow/example_dags/tutorial_taskflow_api_etl.py took 0.107 seconds
[2021-03-09 20:01:59,814] {scheduler_job.py:182} INFO - Started process (PID=259) to work on /home/airflow/.local/lib/python3.6/site-packages/airflow/example_dags/tutorial_taskflow_api_etl.py
[2021-03-09 20:01:59,815] {scheduler_job.py:629} INFO - Processing file /home/airflow/.local/lib/python3.6/site-packages/airflow/example_dags/tutorial_taskflow_api_etl.py for tasks to queue
[2021-03-09 20:01:59,817] {logging_mixin.py:104} INFO - [2021-03-09 20:01:59,816] {dagbag.py:448} INFO - Filling up the DagBag from /home/airflow/.local/lib/python3.6/site-packages/airflow/example_dags/tutorial_taskflow_api_etl.py
[2021-03-09 20:01:59,842] {scheduler_job.py:639} INFO - DAG(s) dict_keys(['tutorial_taskflow_api_etl']) retrieved from /home/airflow/.local/lib/python3.6/site-packages/airflow/example_dags/tutorial_taskflow_api_etl.py
[2021-03-09 20:01:59,872] {logging_mixin.py:104} INFO - [2021-03-09 20:01:59,871] {dag.py:1818} INFO - Sync 1 DAGs
[2021-03-09 20:01:59,892] {logging_mixin.py:104} INFO - [2021-03-09 20:01:59,892] {dag.py:2273} INFO - Setting next_dagrun for tutorial_taskflow_api_etl to None
[2021-03-09 20:01:59,910] {scheduler_job.py:190} INFO - Processing /home/airflow/.local/lib/python3.6/site-packages/airflow/example_dags/tutorial_taskflow_api_etl.py took 0.101 seconds
[2021-03-09 20:02:30,395] {scheduler_job.py:182} INFO - Started process (PID=282) to work on /home/airflow/.local/lib/python3.6/site-packages/airflow/example_dags/tutorial_taskflow_api_etl.py
[2021-03-09 20:02:30,396] {scheduler_job.py:629} INFO - Processing file /home/airflow/.local/lib/python3.6/site-packages/airflow/example_dags/tutorial_taskflow_api_etl.py for tasks to queue
[2021-03-09 20:02:30,397] {logging_mixin.py:104} INFO - [2021-03-09 20:02:30,397] {dagbag.py:448} INFO - Filling up the DagBag from /home/airflow/.local/lib/python3.6/site-packages/airflow/example_dags/tutorial_taskflow_api_etl.py
[2021-03-09 20:02:30,412] {scheduler_job.py:639} INFO - DAG(s) dict_keys(['tutorial_taskflow_api_etl']) retrieved from /home/airflow/.local/lib/python3.6/site-packages/airflow/example_dags/tutorial_taskflow_api_etl.py
[2021-03-09 20:02:30,441] {logging_mixin.py:104} INFO - [2021-03-09 20:02:30,441] {dag.py:1818} INFO - Sync 1 DAGs
[2021-03-09 20:02:30,461] {logging_mixin.py:104} INFO - [2021-03-09 20:02:30,460] {dag.py:2273} INFO - Setting next_dagrun for tutorial_taskflow_api_etl to None
[2021-03-09 20:02:30,475] {scheduler_job.py:190} INFO - Processing /home/airflow/.local/lib/python3.6/site-packages/airflow/example_dags/tutorial_taskflow_api_etl.py took 0.088 seconds
[2021-03-09 20:03:01,187] {scheduler_job.py:182} INFO - Started process (PID=310) to work on /home/airflow/.local/lib/python3.6/site-packages/airflow/example_dags/tutorial_taskflow_api_etl.py
[2021-03-09 20:03:01,189] {scheduler_job.py:629} INFO - Processing file /home/airflow/.local/lib/python3.6/site-packages/airflow/example_dags/tutorial_taskflow_api_etl.py for tasks to queue
[2021-03-09 20:03:01,190] {logging_mixin.py:104} INFO - [2021-03-09 20:03:01,189] {dagbag.py:448} INFO - Filling up the DagBag from /home/airflow/.local/lib/python3.6/site-packages/airflow/example_dags/tutorial_taskflow_api_etl.py
[2021-03-09 20:03:01,207] {scheduler_job.py:639} INFO - DAG(s) dict_keys(['tutorial_taskflow_api_etl']) retrieved from /home/airflow/.local/lib/python3.6/site-packages/airflow/example_dags/tutorial_taskflow_api_etl.py
[2021-03-09 20:03:01,235] {logging_mixin.py:104} INFO - [2021-03-09 20:03:01,235] {dag.py:1818} INFO - Sync 1 DAGs
[2021-03-09 20:03:01,256] {logging_mixin.py:104} INFO - [2021-03-09 20:03:01,255] {dag.py:2273} INFO - Setting next_dagrun for tutorial_taskflow_api_etl to None
[2021-03-09 20:03:01,269] {scheduler_job.py:190} INFO - Processing /home/airflow/.local/lib/python3.6/site-packages/airflow/example_dags/tutorial_taskflow_api_etl.py took 0.085 seconds
[2021-03-09 20:03:31,683] {scheduler_job.py:182} INFO - Started process (PID=338) to work on /home/airflow/.local/lib/python3.6/site-packages/airflow/example_dags/tutorial_taskflow_api_etl.py
[2021-03-09 20:03:31,684] {scheduler_job.py:629} INFO - Processing file /home/airflow/.local/lib/python3.6/site-packages/airflow/example_dags/tutorial_taskflow_api_etl.py for tasks to queue
[2021-03-09 20:03:31,685] {logging_mixin.py:104} INFO - [2021-03-09 20:03:31,685] {dagbag.py:448} INFO - Filling up the DagBag from /home/airflow/.local/lib/python3.6/site-packages/airflow/example_dags/tutorial_taskflow_api_etl.py
[2021-03-09 20:03:31,704] {scheduler_job.py:639} INFO - DAG(s) dict_keys(['tutorial_taskflow_api_etl']) retrieved from /home/airflow/.local/lib/python3.6/site-packages/airflow/example_dags/tutorial_taskflow_api_etl.py
[2021-03-09 20:03:31,729] {logging_mixin.py:104} INFO - [2021-03-09 20:03:31,728] {dag.py:1818} INFO - Sync 1 DAGs
[2021-03-09 20:03:31,747] {logging_mixin.py:104} INFO - [2021-03-09 20:03:31,747] {dag.py:2273} INFO - Setting next_dagrun for tutorial_taskflow_api_etl to None
[2021-03-09 20:03:31,760] {scheduler_job.py:190} INFO - Processing /home/airflow/.local/lib/python3.6/site-packages/airflow/example_dags/tutorial_taskflow_api_etl.py took 0.081 seconds
[2021-03-09 20:04:02,295] {scheduler_job.py:182} INFO - Started process (PID=366) to work on /home/airflow/.local/lib/python3.6/site-packages/airflow/example_dags/tutorial_taskflow_api_etl.py
[2021-03-09 20:04:02,296] {scheduler_job.py:629} INFO - Processing file /home/airflow/.local/lib/python3.6/site-packages/airflow/example_dags/tutorial_taskflow_api_etl.py for tasks to queue
[2021-03-09 20:04:02,297] {logging_mixin.py:104} INFO - [2021-03-09 20:04:02,297] {dagbag.py:448} INFO - Filling up the DagBag from /home/airflow/.local/lib/python3.6/site-packages/airflow/example_dags/tutorial_taskflow_api_etl.py
[2021-03-09 20:04:02,312] {scheduler_job.py:639} INFO - DAG(s) dict_keys(['tutorial_taskflow_api_etl']) retrieved from /home/airflow/.local/lib/python3.6/site-packages/airflow/example_dags/tutorial_taskflow_api_etl.py
[2021-03-09 20:04:02,335] {logging_mixin.py:104} INFO - [2021-03-09 20:04:02,335] {dag.py:1818} INFO - Sync 1 DAGs
[2021-03-09 20:04:02,352] {logging_mixin.py:104} INFO - [2021-03-09 20:04:02,352] {dag.py:2273} INFO - Setting next_dagrun for tutorial_taskflow_api_etl to None
[2021-03-09 20:04:02,365] {scheduler_job.py:190} INFO - Processing /home/airflow/.local/lib/python3.6/site-packages/airflow/example_dags/tutorial_taskflow_api_etl.py took 0.074 seconds
[2021-03-09 20:04:32,838] {scheduler_job.py:182} INFO - Started process (PID=394) to work on /home/airflow/.local/lib/python3.6/site-packages/airflow/example_dags/tutorial_taskflow_api_etl.py
[2021-03-09 20:04:32,839] {scheduler_job.py:629} INFO - Processing file /home/airflow/.local/lib/python3.6/site-packages/airflow/example_dags/tutorial_taskflow_api_etl.py for tasks to queue
[2021-03-09 20:04:32,840] {logging_mixin.py:104} INFO - [2021-03-09 20:04:32,840] {dagbag.py:448} INFO - Filling up the DagBag from /home/airflow/.local/lib/python3.6/site-packages/airflow/example_dags/tutorial_taskflow_api_etl.py
[2021-03-09 20:04:32,856] {scheduler_job.py:639} INFO - DAG(s) dict_keys(['tutorial_taskflow_api_etl']) retrieved from /home/airflow/.local/lib/python3.6/site-packages/airflow/example_dags/tutorial_taskflow_api_etl.py
[2021-03-09 20:04:32,884] {logging_mixin.py:104} INFO - [2021-03-09 20:04:32,884] {dag.py:1818} INFO - Sync 1 DAGs
[2021-03-09 20:04:32,907] {logging_mixin.py:104} INFO - [2021-03-09 20:04:32,906] {dag.py:2273} INFO - Setting next_dagrun for tutorial_taskflow_api_etl to None
[2021-03-09 20:04:32,920] {scheduler_job.py:190} INFO - Processing /home/airflow/.local/lib/python3.6/site-packages/airflow/example_dags/tutorial_taskflow_api_etl.py took 0.086 seconds
[2021-03-09 20:05:03,231] {scheduler_job.py:182} INFO - Started process (PID=420) to work on /home/airflow/.local/lib/python3.6/site-packages/airflow/example_dags/tutorial_taskflow_api_etl.py
[2021-03-09 20:05:03,234] {scheduler_job.py:629} INFO - Processing file /home/airflow/.local/lib/python3.6/site-packages/airflow/example_dags/tutorial_taskflow_api_etl.py for tasks to queue
[2021-03-09 20:05:03,235] {logging_mixin.py:104} INFO - [2021-03-09 20:05:03,235] {dagbag.py:448} INFO - Filling up the DagBag from /home/airflow/.local/lib/python3.6/site-packages/airflow/example_dags/tutorial_taskflow_api_etl.py
[2021-03-09 20:05:03,260] {scheduler_job.py:639} INFO - DAG(s) dict_keys(['tutorial_taskflow_api_etl']) retrieved from /home/airflow/.local/lib/python3.6/site-packages/airflow/example_dags/tutorial_taskflow_api_etl.py
[2021-03-09 20:05:03,306] {logging_mixin.py:104} INFO - [2021-03-09 20:05:03,306] {dag.py:1818} INFO - Sync 1 DAGs
[2021-03-09 20:05:03,329] {logging_mixin.py:104} INFO - [2021-03-09 20:05:03,329] {dag.py:2273} INFO - Setting next_dagrun for tutorial_taskflow_api_etl to None
[2021-03-09 20:05:03,345] {scheduler_job.py:190} INFO - Processing /home/airflow/.local/lib/python3.6/site-packages/airflow/example_dags/tutorial_taskflow_api_etl.py took 0.121 seconds
[2021-03-09 20:05:33,372] {scheduler_job.py:182} INFO - Started process (PID=448) to work on /home/airflow/.local/lib/python3.6/site-packages/airflow/example_dags/tutorial_taskflow_api_etl.py
[2021-03-09 20:05:33,374] {scheduler_job.py:629} INFO - Processing file /home/airflow/.local/lib/python3.6/site-packages/airflow/example_dags/tutorial_taskflow_api_etl.py for tasks to queue
[2021-03-09 20:05:33,376] {logging_mixin.py:104} INFO - [2021-03-09 20:05:33,375] {dagbag.py:448} INFO - Filling up the DagBag from /home/airflow/.local/lib/python3.6/site-packages/airflow/example_dags/tutorial_taskflow_api_etl.py
[2021-03-09 20:05:33,391] {scheduler_job.py:639} INFO - DAG(s) dict_keys(['tutorial_taskflow_api_etl']) retrieved from /home/airflow/.local/lib/python3.6/site-packages/airflow/example_dags/tutorial_taskflow_api_etl.py
[2021-03-09 20:05:33,421] {logging_mixin.py:104} INFO - [2021-03-09 20:05:33,421] {dag.py:1818} INFO - Sync 1 DAGs
[2021-03-09 20:05:33,445] {logging_mixin.py:104} INFO - [2021-03-09 20:05:33,445] {dag.py:2273} INFO - Setting next_dagrun for tutorial_taskflow_api_etl to None
[2021-03-09 20:05:33,458] {scheduler_job.py:190} INFO - Processing /home/airflow/.local/lib/python3.6/site-packages/airflow/example_dags/tutorial_taskflow_api_etl.py took 0.090 seconds
